<html>
<head>
<title>TestNG:  Default test</title>
<link href="../testng.css" rel="stylesheet" type="text/css" />
<link href="../my-testng.css" rel="stylesheet" type="text/css" />

<style type="text/css">
.log { display: none;} 
.stack-trace { display: none;} 
</style>
<script type="text/javascript">
<!--
function flip(e) {
  current = e.style.display;
  if (current == 'block') {
    e.style.display = 'none';
    return 0;
  }
  else {
    e.style.display = 'block';
    return 1;
  }
}

function toggleBox(szDivId, elem, msg1, msg2)
{
  var res = -1;  if (document.getElementById) {
    res = flip(document.getElementById(szDivId));
  }
  else if (document.all) {
    // this is the way old msie versions work
    res = flip(document.all[szDivId]);
  }
  if(elem) {
    if(res == 0) elem.innerHTML = msg1; else elem.innerHTML = msg2;
  }

}

function toggleAllBoxes() {
  if (document.getElementsByTagName) {
    d = document.getElementsByTagName('div');
    for (i = 0; i < d.length; i++) {
      if (d[i].className == 'log') {
        flip(d[i]);
      }
    }
  }
}

// -->
</script>

</head>
<body>
<h2 align='center'>Default test</h2><table border='1' align="center">
<tr>
<td>Tests passed/Failed/Skipped:</td><td>0/0/10</td>
</tr><tr>
<td>Started on:</td><td>Tue Mar 22 18:21:33 IST 2022</td>
</tr>
<tr><td>Total time:</td><td>49 seconds (49216 ms)</td>
</tr><tr>
<td>Included groups:</td><td></td>
</tr><tr>
<td>Excluded groups:</td><td></td>
</tr>
</table><p/>
<small><i>(Hover the method name to see the test class name)</i></small><p/>
<table width='100%' border='1' class='invocation-failed'>
<tr><td colspan='4' align='center'><b>FAILED CONFIGURATIONS</b></td></tr>
<tr><td><b>Test method</b></td>
<td width="30%"><b>Exception</b></td>
<td width="10%"><b>Time (seconds)</b></td>
<td><b>Instance</b></td>
</tr>
<tr>
<td title='testcase.Case1.setup()'><b>setup</b><br>Test class: testcase.Case1</td>
<td><div><pre>io.testproject.sdk.internal.exceptions.AgentConnectException: Agent responded with status 500: [org.openqa.selenium.SessionNotCreatedException: Unable to create a new remote session. Please check the server log for more details. Original error: All non-standard capabilities should have a vendor prefix. The following capabilities did not have one: applicationName
Build info: version: &apos;3.141.59&apos;, revision: &apos;e82be7d358&apos;, time: &apos;2018-11-14T08:17:03&apos;
System info: host: &apos;KARNAN-LENOVO&apos;, ip: &apos;192.168.137.1&apos;, os.name: &apos;Windows 10&apos;, os.arch: &apos;amd64&apos;, os.version: &apos;10.0&apos;, java.version: &apos;13.0.1&apos;
Driver info: driver.version: IOSDriver
remote stacktrace: InvalidArgumentError: All non-standard capabilities should have a vendor prefix. The following capabilities did not have one: applicationName
    at parseCaps (C:\snapshot\appium\node_modules\@appium\base-driver\lib\basedriver\capabilities.js:155:11)
    at processCapabilities (C:\snapshot\appium\node_modules\@appium\base-driver\lib\basedriver\capabilities.js:212:43)
    at parseCapsForInnerDriver (C:\snapshot\appium\lib\utils.js:161:21)
    at AppiumDriver.createSession (C:\snapshot\appium\lib\appium.js:161:26)
    at commandExecutor (C:\snapshot\appium\node_modules\@appium\base-driver\lib\basedriver\driver.js:361:7)
    at AppiumDriver.executeCommand (C:\snapshot\appium\node_modules\@appium\base-driver\lib\basedriver\driver.js:375:15)
    at wrappedCmd (C:\snapshot\appium\lib\appium.js:504:28)
    at AppiumDriver.executeWrappedCommand (C:\snapshot\appium\lib\appium.js:571:22)
    at AppiumDriver.executeCommand (C:\snapshot\appium\lib\appium.js:515:28)
    at asyncHandler (C:\snapshot\appium\node_modules\@appium\base-driver\lib\protocol\protocol.js:287:34)
    at C:\snapshot\appium\node_modules\@appium\base-driver\lib\protocol\protocol.js:413:15
    at Layer.handle [as handle_request] (C:\snapshot\appium\node_modules\@appium\base-driver\node_modules\express\lib\router\layer.js:95:5)
    at next (C:\snapshot\appium\node_modules\@appium\base-driver\node_modules\express\lib\router\route.js:137:13)
    at Route.dispatch (C:\snapshot\appium\node_modules\@appium\base-driver\node_modules\express\lib\router\route.js:112:3)
    at Layer.handle [as handle_request] (C:\snapshot\appium\node_modules\@appium\base-driver\node_modules\express\lib\router\layer.js:95:5)
    at C:\snapshot\appium\node_modules\@appium\base-driver\node_modules\express\lib\router\index.js:281:22
    at Function.process_params (C:\snapshot\appium\node_modules\@appium\base-driver\node_modules\express\lib\router\index.js:335:12)
    at next (C:\snapshot\appium\node_modules\@appium\base-driver\node_modules\express\lib\router\index.js:275:10)
    at logger (C:\snapshot\appium\node_modules\@appium\base-driver\node_modules\morgan\index.js:144:5)
    at Layer.handle [as handle_request] (C:\snapshot\appium\node_modules\@appium\base-driver\node_modules\express\lib\router\layer.js:95:5)
    at trim_prefix (C:\snapshot\appium\node_modules\@appium\base-driver\node_modules\express\lib\router\index.js:317:13)
    at C:\snapshot\appium\node_modules\@appium\base-driver\node_modules\express\lib\router\index.js:284:7
    at Function.process_params (C:\snapshot\appium\node_modules\@appium\base-driver\node_modules\express\lib\router\index.js:335:12)
    at next (C:\snapshot\appium\node_modules\@appium\base-driver\node_modules\express\lib\router\index.js:275:10)
    at C:\snapshot\appium\node_modules\@appium\base-driver\node_modules\body-parser\lib\read.js:130:5
    at invokeCallback (C:\snapshot\appium\node_modules\@appium\base-driver\node_modules\raw-body\index.js:224:16)
    at done (C:\snapshot\appium\node_modules\@appium\base-driver\node_modules\raw-body\index.js:213:7)
    at IncomingMessage.onEnd (C:\snapshot\appium\node_modules\@appium\base-driver\node_modules\raw-body\index.js:273:7)
    at IncomingMessage.emit (events.js:412:35)
    at endReadableNT (internal/streams/readable.js:1334:12)
    at processTicksAndRejections (internal/process/task_queues.js:82:21)
Build info: version: &apos;3.141.59&apos;, revision: &apos;e82be7d358&apos;, time: &apos;2018-11-14T08:17:03&apos;
System info: host: &apos;KARNAN-LENOVO&apos;, ip: &apos;192.168.137.1&apos;, os.name: &apos;Windows 10&apos;, os.arch: &apos;amd64&apos;, os.version: &apos;10.0&apos;, java.version: &apos;13.0.1&apos;
Driver info: driver.version: IOSDriver]
	at io.testproject.sdk.internal.rest.AgentClient.handleSessionStartFailure(AgentClient.java:896)
	at io.testproject.sdk.internal.rest.AgentClient.startSession(AgentClient.java:695)
	at io.testproject.sdk.internal.rest.AgentClient.&lt;init&gt;(AgentClient.java:275)
	at io.testproject.sdk.internal.rest.AgentClient.getClient(AgentClient.java:547)
	at io.testproject.sdk.drivers.ios.IOSDriver.&lt;init&gt;(IOSDriver.java:727)
	at io.testproject.sdk.drivers.ios.IOSDriver.&lt;init&gt;(IOSDriver.java:692)
	at io.testproject.sdk.drivers.ios.IOSDriver.&lt;init&gt;(IOSDriver.java:339)
	at action.iOS_Test_Report.setup(iOS_Test_Report.java:68)
	at java.base/jdk.internal.reflect.NativeMethodAccessorImpl.invoke0(Native Method)
	at java.base/jdk.internal.reflect.NativeMethodAccessorImpl.invoke(NativeMethodAccessorImpl.java:62)
	at java.base/jdk.internal.reflect.DelegatingMethodAccessorImpl.invoke(DelegatingMethodAccessorImpl.java:43)
	at java.base/java.lang.reflect.Method.invoke(Method.java:567)
	at org.testng.internal.MethodInvocationHelper.invokeMethod(MethodInvocationHelper.java:133)
	at org.testng.internal.MethodInvocationHelper.invokeMethodConsideringTimeout(MethodInvocationHelper.java:62)
	at org.testng.internal.ConfigInvoker.invokeConfigurationMethod(ConfigInvoker.java:385)
	at org.testng.internal.ConfigInvoker.invokeConfigurations(ConfigInvoker.java:321)
	at org.testng.TestRunner.invokeTestConfigurations(TestRunner.java:637)
	at org.testng.TestRunner.beforeRun(TestRunner.java:627)
	at org.testng.TestRunner.run(TestRunner.java:589)
	at org.testng.SuiteRunner.runTest(SuiteRunner.java:377)
	at org.testng.SuiteRunner.runSequentially(SuiteRunner.java:371)
	at org.testng.SuiteRunner.privateRun(SuiteRunner.java:332)
	at org.testng.SuiteRunner.run(SuiteRunner.java:276)
	at org.testng.SuiteRunnerWorker.runSuite(SuiteRunnerWorker.java:53)
	at org.testng.SuiteRunnerWorker.run(SuiteRunnerWorker.java:96)
	at org.testng.TestNG.runSuitesSequentially(TestNG.java:1212)
	at org.testng.TestNG.runSuitesLocally(TestNG.java:1134)
	at org.testng.TestNG.runSuites(TestNG.java:1063)
	at org.testng.TestNG.run(TestNG.java:1031)
	at org.testng.remote.AbstractRemoteTestNG.run(AbstractRemoteTestNG.java:115)
	at org.testng.remote.RemoteTestNG.initAndRun(RemoteTestNG.java:251)
	at org.testng.remote.RemoteTestNG.main(RemoteTestNG.java:77)
</pre></div><a href='#' onClick='toggleBox("stack-trace1052195003", this, "Click to show all stack frames", "Click to hide stack frames")'>Click to show all stack frames</a>
<div class='stack-trace' id='stack-trace1052195003'><pre>io.testproject.sdk.internal.exceptions.AgentConnectException: Agent responded with status 500: [org.openqa.selenium.SessionNotCreatedException: Unable to create a new remote session. Please check the server log for more details. Original error: All non-standard capabilities should have a vendor prefix. The following capabilities did not have one: applicationName
Build info: version: &apos;3.141.59&apos;, revision: &apos;e82be7d358&apos;, time: &apos;2018-11-14T08:17:03&apos;
System info: host: &apos;KARNAN-LENOVO&apos;, ip: &apos;192.168.137.1&apos;, os.name: &apos;Windows 10&apos;, os.arch: &apos;amd64&apos;, os.version: &apos;10.0&apos;, java.version: &apos;13.0.1&apos;
Driver info: driver.version: IOSDriver
remote stacktrace: InvalidArgumentError: All non-standard capabilities should have a vendor prefix. The following capabilities did not have one: applicationName
    at parseCaps (C:\snapshot\appium\node_modules\@appium\base-driver\lib\basedriver\capabilities.js:155:11)
    at processCapabilities (C:\snapshot\appium\node_modules\@appium\base-driver\lib\basedriver\capabilities.js:212:43)
    at parseCapsForInnerDriver (C:\snapshot\appium\lib\utils.js:161:21)
    at AppiumDriver.createSession (C:\snapshot\appium\lib\appium.js:161:26)
    at commandExecutor (C:\snapshot\appium\node_modules\@appium\base-driver\lib\basedriver\driver.js:361:7)
    at AppiumDriver.executeCommand (C:\snapshot\appium\node_modules\@appium\base-driver\lib\basedriver\driver.js:375:15)
    at wrappedCmd (C:\snapshot\appium\lib\appium.js:504:28)
    at AppiumDriver.executeWrappedCommand (C:\snapshot\appium\lib\appium.js:571:22)
    at AppiumDriver.executeCommand (C:\snapshot\appium\lib\appium.js:515:28)
    at asyncHandler (C:\snapshot\appium\node_modules\@appium\base-driver\lib\protocol\protocol.js:287:34)
    at C:\snapshot\appium\node_modules\@appium\base-driver\lib\protocol\protocol.js:413:15
    at Layer.handle [as handle_request] (C:\snapshot\appium\node_modules\@appium\base-driver\node_modules\express\lib\router\layer.js:95:5)
    at next (C:\snapshot\appium\node_modules\@appium\base-driver\node_modules\express\lib\router\route.js:137:13)
    at Route.dispatch (C:\snapshot\appium\node_modules\@appium\base-driver\node_modules\express\lib\router\route.js:112:3)
    at Layer.handle [as handle_request] (C:\snapshot\appium\node_modules\@appium\base-driver\node_modules\express\lib\router\layer.js:95:5)
    at C:\snapshot\appium\node_modules\@appium\base-driver\node_modules\express\lib\router\index.js:281:22
    at Function.process_params (C:\snapshot\appium\node_modules\@appium\base-driver\node_modules\express\lib\router\index.js:335:12)
    at next (C:\snapshot\appium\node_modules\@appium\base-driver\node_modules\express\lib\router\index.js:275:10)
    at logger (C:\snapshot\appium\node_modules\@appium\base-driver\node_modules\morgan\index.js:144:5)
    at Layer.handle [as handle_request] (C:\snapshot\appium\node_modules\@appium\base-driver\node_modules\express\lib\router\layer.js:95:5)
    at trim_prefix (C:\snapshot\appium\node_modules\@appium\base-driver\node_modules\express\lib\router\index.js:317:13)
    at C:\snapshot\appium\node_modules\@appium\base-driver\node_modules\express\lib\router\index.js:284:7
    at Function.process_params (C:\snapshot\appium\node_modules\@appium\base-driver\node_modules\express\lib\router\index.js:335:12)
    at next (C:\snapshot\appium\node_modules\@appium\base-driver\node_modules\express\lib\router\index.js:275:10)
    at C:\snapshot\appium\node_modules\@appium\base-driver\node_modules\body-parser\lib\read.js:130:5
    at invokeCallback (C:\snapshot\appium\node_modules\@appium\base-driver\node_modules\raw-body\index.js:224:16)
    at done (C:\snapshot\appium\node_modules\@appium\base-driver\node_modules\raw-body\index.js:213:7)
    at IncomingMessage.onEnd (C:\snapshot\appium\node_modules\@appium\base-driver\node_modules\raw-body\index.js:273:7)
    at IncomingMessage.emit (events.js:412:35)
    at endReadableNT (internal/streams/readable.js:1334:12)
    at processTicksAndRejections (internal/process/task_queues.js:82:21)
Build info: version: &apos;3.141.59&apos;, revision: &apos;e82be7d358&apos;, time: &apos;2018-11-14T08:17:03&apos;
System info: host: &apos;KARNAN-LENOVO&apos;, ip: &apos;192.168.137.1&apos;, os.name: &apos;Windows 10&apos;, os.arch: &apos;amd64&apos;, os.version: &apos;10.0&apos;, java.version: &apos;13.0.1&apos;
Driver info: driver.version: IOSDriver]
	at io.testproject.sdk.internal.rest.AgentClient.handleSessionStartFailure(AgentClient.java:896)
	at io.testproject.sdk.internal.rest.AgentClient.startSession(AgentClient.java:695)
	at io.testproject.sdk.internal.rest.AgentClient.&lt;init&gt;(AgentClient.java:275)
	at io.testproject.sdk.internal.rest.AgentClient.getClient(AgentClient.java:547)
	at io.testproject.sdk.drivers.ios.IOSDriver.&lt;init&gt;(IOSDriver.java:727)
	at io.testproject.sdk.drivers.ios.IOSDriver.&lt;init&gt;(IOSDriver.java:692)
	at io.testproject.sdk.drivers.ios.IOSDriver.&lt;init&gt;(IOSDriver.java:339)
	at action.iOS_Test_Report.setup(iOS_Test_Report.java:68)
	at java.base/jdk.internal.reflect.NativeMethodAccessorImpl.invoke0(Native Method)
	at java.base/jdk.internal.reflect.NativeMethodAccessorImpl.invoke(NativeMethodAccessorImpl.java:62)
	at java.base/jdk.internal.reflect.DelegatingMethodAccessorImpl.invoke(DelegatingMethodAccessorImpl.java:43)
	at java.base/java.lang.reflect.Method.invoke(Method.java:567)
	at org.testng.internal.MethodInvocationHelper.invokeMethod(MethodInvocationHelper.java:133)
	at org.testng.internal.MethodInvocationHelper.invokeMethodConsideringTimeout(MethodInvocationHelper.java:62)
	at org.testng.internal.ConfigInvoker.invokeConfigurationMethod(ConfigInvoker.java:385)
	at org.testng.internal.ConfigInvoker.invokeConfigurations(ConfigInvoker.java:321)
	at org.testng.TestRunner.invokeTestConfigurations(TestRunner.java:637)
	at org.testng.TestRunner.beforeRun(TestRunner.java:627)
	at org.testng.TestRunner.run(TestRunner.java:589)
	at org.testng.SuiteRunner.runTest(SuiteRunner.java:377)
	at org.testng.SuiteRunner.runSequentially(SuiteRunner.java:371)
	at org.testng.SuiteRunner.privateRun(SuiteRunner.java:332)
	at org.testng.SuiteRunner.run(SuiteRunner.java:276)
	at org.testng.SuiteRunnerWorker.runSuite(SuiteRunnerWorker.java:53)
	at org.testng.SuiteRunnerWorker.run(SuiteRunnerWorker.java:96)
	at org.testng.TestNG.runSuitesSequentially(TestNG.java:1212)
	at org.testng.TestNG.runSuitesLocally(TestNG.java:1134)
	at org.testng.TestNG.runSuites(TestNG.java:1063)
	at org.testng.TestNG.run(TestNG.java:1031)
	at org.testng.remote.AbstractRemoteTestNG.run(AbstractRemoteTestNG.java:115)
	at org.testng.remote.RemoteTestNG.initAndRun(RemoteTestNG.java:251)
	at org.testng.remote.RemoteTestNG.main(RemoteTestNG.java:77)
</pre></div></td>
<td>49</td>
<td>testcase.Case1@4efbca5a</td></tr>
</table><p>
<table width='100%' border='1' class='invocation-skipped'>
<tr><td colspan='4' align='center'><b>SKIPPED TESTS</b></td></tr>
<tr><td><b>Test method</b></td>
<td width="30%"><b>Exception</b></td>
<td width="10%"><b>Time (seconds)</b></td>
<td><b>Instance</b></td>
</tr>
<tr>
<td title='testcase.Case1.Create_Customer()'><b>Create_Customer</b><br>Test class: testcase.Case1</td>
<td><div><pre>io.testproject.sdk.internal.exceptions.AgentConnectException: Agent responded with status 500: [org.openqa.selenium.SessionNotCreatedException: Unable to create a new remote session. Please check the server log for more details. Original error: All non-standard capabilities should have a vendor prefix. The following capabilities did not have one: applicationName
Build info: version: &apos;3.141.59&apos;, revision: &apos;e82be7d358&apos;, time: &apos;2018-11-14T08:17:03&apos;
System info: host: &apos;KARNAN-LENOVO&apos;, ip: &apos;192.168.137.1&apos;, os.name: &apos;Windows 10&apos;, os.arch: &apos;amd64&apos;, os.version: &apos;10.0&apos;, java.version: &apos;13.0.1&apos;
Driver info: driver.version: IOSDriver
remote stacktrace: InvalidArgumentError: All non-standard capabilities should have a vendor prefix. The following capabilities did not have one: applicationName
    at parseCaps (C:\snapshot\appium\node_modules\@appium\base-driver\lib\basedriver\capabilities.js:155:11)
    at processCapabilities (C:\snapshot\appium\node_modules\@appium\base-driver\lib\basedriver\capabilities.js:212:43)
    at parseCapsForInnerDriver (C:\snapshot\appium\lib\utils.js:161:21)
    at AppiumDriver.createSession (C:\snapshot\appium\lib\appium.js:161:26)
    at commandExecutor (C:\snapshot\appium\node_modules\@appium\base-driver\lib\basedriver\driver.js:361:7)
    at AppiumDriver.executeCommand (C:\snapshot\appium\node_modules\@appium\base-driver\lib\basedriver\driver.js:375:15)
    at wrappedCmd (C:\snapshot\appium\lib\appium.js:504:28)
    at AppiumDriver.executeWrappedCommand (C:\snapshot\appium\lib\appium.js:571:22)
    at AppiumDriver.executeCommand (C:\snapshot\appium\lib\appium.js:515:28)
    at asyncHandler (C:\snapshot\appium\node_modules\@appium\base-driver\lib\protocol\protocol.js:287:34)
    at C:\snapshot\appium\node_modules\@appium\base-driver\lib\protocol\protocol.js:413:15
    at Layer.handle [as handle_request] (C:\snapshot\appium\node_modules\@appium\base-driver\node_modules\express\lib\router\layer.js:95:5)
    at next (C:\snapshot\appium\node_modules\@appium\base-driver\node_modules\express\lib\router\route.js:137:13)
    at Route.dispatch (C:\snapshot\appium\node_modules\@appium\base-driver\node_modules\express\lib\router\route.js:112:3)
    at Layer.handle [as handle_request] (C:\snapshot\appium\node_modules\@appium\base-driver\node_modules\express\lib\router\layer.js:95:5)
    at C:\snapshot\appium\node_modules\@appium\base-driver\node_modules\express\lib\router\index.js:281:22
    at Function.process_params (C:\snapshot\appium\node_modules\@appium\base-driver\node_modules\express\lib\router\index.js:335:12)
    at next (C:\snapshot\appium\node_modules\@appium\base-driver\node_modules\express\lib\router\index.js:275:10)
    at logger (C:\snapshot\appium\node_modules\@appium\base-driver\node_modules\morgan\index.js:144:5)
    at Layer.handle [as handle_request] (C:\snapshot\appium\node_modules\@appium\base-driver\node_modules\express\lib\router\layer.js:95:5)
    at trim_prefix (C:\snapshot\appium\node_modules\@appium\base-driver\node_modules\express\lib\router\index.js:317:13)
    at C:\snapshot\appium\node_modules\@appium\base-driver\node_modules\express\lib\router\index.js:284:7
    at Function.process_params (C:\snapshot\appium\node_modules\@appium\base-driver\node_modules\express\lib\router\index.js:335:12)
    at next (C:\snapshot\appium\node_modules\@appium\base-driver\node_modules\express\lib\router\index.js:275:10)
    at C:\snapshot\appium\node_modules\@appium\base-driver\node_modules\body-parser\lib\read.js:130:5
    at invokeCallback (C:\snapshot\appium\node_modules\@appium\base-driver\node_modules\raw-body\index.js:224:16)
    at done (C:\snapshot\appium\node_modules\@appium\base-driver\node_modules\raw-body\index.js:213:7)
    at IncomingMessage.onEnd (C:\snapshot\appium\node_modules\@appium\base-driver\node_modules\raw-body\index.js:273:7)
    at IncomingMessage.emit (events.js:412:35)
    at endReadableNT (internal/streams/readable.js:1334:12)
    at processTicksAndRejections (internal/process/task_queues.js:82:21)
Build info: version: &apos;3.141.59&apos;, revision: &apos;e82be7d358&apos;, time: &apos;2018-11-14T08:17:03&apos;
System info: host: &apos;KARNAN-LENOVO&apos;, ip: &apos;192.168.137.1&apos;, os.name: &apos;Windows 10&apos;, os.arch: &apos;amd64&apos;, os.version: &apos;10.0&apos;, java.version: &apos;13.0.1&apos;
Driver info: driver.version: IOSDriver]
	at io.testproject.sdk.internal.rest.AgentClient.handleSessionStartFailure(AgentClient.java:896)
	at io.testproject.sdk.internal.rest.AgentClient.startSession(AgentClient.java:695)
	at io.testproject.sdk.internal.rest.AgentClient.&lt;init&gt;(AgentClient.java:275)
	at io.testproject.sdk.internal.rest.AgentClient.getClient(AgentClient.java:547)
	at io.testproject.sdk.drivers.ios.IOSDriver.&lt;init&gt;(IOSDriver.java:727)
	at io.testproject.sdk.drivers.ios.IOSDriver.&lt;init&gt;(IOSDriver.java:692)
	at io.testproject.sdk.drivers.ios.IOSDriver.&lt;init&gt;(IOSDriver.java:339)
	at action.iOS_Test_Report.setup(iOS_Test_Report.java:68)
	at java.base/jdk.internal.reflect.NativeMethodAccessorImpl.invoke0(Native Method)
	at java.base/jdk.internal.reflect.NativeMethodAccessorImpl.invoke(NativeMethodAccessorImpl.java:62)
	at java.base/jdk.internal.reflect.DelegatingMethodAccessorImpl.invoke(DelegatingMethodAccessorImpl.java:43)
	at java.base/java.lang.reflect.Method.invoke(Method.java:567)
	at org.testng.internal.MethodInvocationHelper.invokeMethod(MethodInvocationHelper.java:133)
	at org.testng.internal.MethodInvocationHelper.invokeMethodConsideringTimeout(MethodInvocationHelper.java:62)
	at org.testng.internal.ConfigInvoker.invokeConfigurationMethod(ConfigInvoker.java:385)
	at org.testng.internal.ConfigInvoker.invokeConfigurations(ConfigInvoker.java:321)
	at org.testng.TestRunner.invokeTestConfigurations(TestRunner.java:637)
	at org.testng.TestRunner.beforeRun(TestRunner.java:627)
	at org.testng.TestRunner.run(TestRunner.java:589)
	at org.testng.SuiteRunner.runTest(SuiteRunner.java:377)
	at org.testng.SuiteRunner.runSequentially(SuiteRunner.java:371)
	at org.testng.SuiteRunner.privateRun(SuiteRunner.java:332)
	at org.testng.SuiteRunner.run(SuiteRunner.java:276)
	at org.testng.SuiteRunnerWorker.runSuite(SuiteRunnerWorker.java:53)
	at org.testng.SuiteRunnerWorker.run(SuiteRunnerWorker.java:96)
	at org.testng.TestNG.runSuitesSequentially(TestNG.java:1212)
	at org.testng.TestNG.runSuitesLocally(TestNG.java:1134)
	at org.testng.TestNG.runSuites(TestNG.java:1063)
	at org.testng.TestNG.run(TestNG.java:1031)
	at org.testng.remote.AbstractRemoteTestNG.run(AbstractRemoteTestNG.java:115)
	at org.testng.remote.RemoteTestNG.initAndRun(RemoteTestNG.java:251)
	at org.testng.remote.RemoteTestNG.main(RemoteTestNG.java:77)
</pre></div><a href='#' onClick='toggleBox("stack-trace835773569", this, "Click to show all stack frames", "Click to hide stack frames")'>Click to show all stack frames</a>
<div class='stack-trace' id='stack-trace835773569'><pre>io.testproject.sdk.internal.exceptions.AgentConnectException: Agent responded with status 500: [org.openqa.selenium.SessionNotCreatedException: Unable to create a new remote session. Please check the server log for more details. Original error: All non-standard capabilities should have a vendor prefix. The following capabilities did not have one: applicationName
Build info: version: &apos;3.141.59&apos;, revision: &apos;e82be7d358&apos;, time: &apos;2018-11-14T08:17:03&apos;
System info: host: &apos;KARNAN-LENOVO&apos;, ip: &apos;192.168.137.1&apos;, os.name: &apos;Windows 10&apos;, os.arch: &apos;amd64&apos;, os.version: &apos;10.0&apos;, java.version: &apos;13.0.1&apos;
Driver info: driver.version: IOSDriver
remote stacktrace: InvalidArgumentError: All non-standard capabilities should have a vendor prefix. The following capabilities did not have one: applicationName
    at parseCaps (C:\snapshot\appium\node_modules\@appium\base-driver\lib\basedriver\capabilities.js:155:11)
    at processCapabilities (C:\snapshot\appium\node_modules\@appium\base-driver\lib\basedriver\capabilities.js:212:43)
    at parseCapsForInnerDriver (C:\snapshot\appium\lib\utils.js:161:21)
    at AppiumDriver.createSession (C:\snapshot\appium\lib\appium.js:161:26)
    at commandExecutor (C:\snapshot\appium\node_modules\@appium\base-driver\lib\basedriver\driver.js:361:7)
    at AppiumDriver.executeCommand (C:\snapshot\appium\node_modules\@appium\base-driver\lib\basedriver\driver.js:375:15)
    at wrappedCmd (C:\snapshot\appium\lib\appium.js:504:28)
    at AppiumDriver.executeWrappedCommand (C:\snapshot\appium\lib\appium.js:571:22)
    at AppiumDriver.executeCommand (C:\snapshot\appium\lib\appium.js:515:28)
    at asyncHandler (C:\snapshot\appium\node_modules\@appium\base-driver\lib\protocol\protocol.js:287:34)
    at C:\snapshot\appium\node_modules\@appium\base-driver\lib\protocol\protocol.js:413:15
    at Layer.handle [as handle_request] (C:\snapshot\appium\node_modules\@appium\base-driver\node_modules\express\lib\router\layer.js:95:5)
    at next (C:\snapshot\appium\node_modules\@appium\base-driver\node_modules\express\lib\router\route.js:137:13)
    at Route.dispatch (C:\snapshot\appium\node_modules\@appium\base-driver\node_modules\express\lib\router\route.js:112:3)
    at Layer.handle [as handle_request] (C:\snapshot\appium\node_modules\@appium\base-driver\node_modules\express\lib\router\layer.js:95:5)
    at C:\snapshot\appium\node_modules\@appium\base-driver\node_modules\express\lib\router\index.js:281:22
    at Function.process_params (C:\snapshot\appium\node_modules\@appium\base-driver\node_modules\express\lib\router\index.js:335:12)
    at next (C:\snapshot\appium\node_modules\@appium\base-driver\node_modules\express\lib\router\index.js:275:10)
    at logger (C:\snapshot\appium\node_modules\@appium\base-driver\node_modules\morgan\index.js:144:5)
    at Layer.handle [as handle_request] (C:\snapshot\appium\node_modules\@appium\base-driver\node_modules\express\lib\router\layer.js:95:5)
    at trim_prefix (C:\snapshot\appium\node_modules\@appium\base-driver\node_modules\express\lib\router\index.js:317:13)
    at C:\snapshot\appium\node_modules\@appium\base-driver\node_modules\express\lib\router\index.js:284:7
    at Function.process_params (C:\snapshot\appium\node_modules\@appium\base-driver\node_modules\express\lib\router\index.js:335:12)
    at next (C:\snapshot\appium\node_modules\@appium\base-driver\node_modules\express\lib\router\index.js:275:10)
    at C:\snapshot\appium\node_modules\@appium\base-driver\node_modules\body-parser\lib\read.js:130:5
    at invokeCallback (C:\snapshot\appium\node_modules\@appium\base-driver\node_modules\raw-body\index.js:224:16)
    at done (C:\snapshot\appium\node_modules\@appium\base-driver\node_modules\raw-body\index.js:213:7)
    at IncomingMessage.onEnd (C:\snapshot\appium\node_modules\@appium\base-driver\node_modules\raw-body\index.js:273:7)
    at IncomingMessage.emit (events.js:412:35)
    at endReadableNT (internal/streams/readable.js:1334:12)
    at processTicksAndRejections (internal/process/task_queues.js:82:21)
Build info: version: &apos;3.141.59&apos;, revision: &apos;e82be7d358&apos;, time: &apos;2018-11-14T08:17:03&apos;
System info: host: &apos;KARNAN-LENOVO&apos;, ip: &apos;192.168.137.1&apos;, os.name: &apos;Windows 10&apos;, os.arch: &apos;amd64&apos;, os.version: &apos;10.0&apos;, java.version: &apos;13.0.1&apos;
Driver info: driver.version: IOSDriver]
	at io.testproject.sdk.internal.rest.AgentClient.handleSessionStartFailure(AgentClient.java:896)
	at io.testproject.sdk.internal.rest.AgentClient.startSession(AgentClient.java:695)
	at io.testproject.sdk.internal.rest.AgentClient.&lt;init&gt;(AgentClient.java:275)
	at io.testproject.sdk.internal.rest.AgentClient.getClient(AgentClient.java:547)
	at io.testproject.sdk.drivers.ios.IOSDriver.&lt;init&gt;(IOSDriver.java:727)
	at io.testproject.sdk.drivers.ios.IOSDriver.&lt;init&gt;(IOSDriver.java:692)
	at io.testproject.sdk.drivers.ios.IOSDriver.&lt;init&gt;(IOSDriver.java:339)
	at action.iOS_Test_Report.setup(iOS_Test_Report.java:68)
	at java.base/jdk.internal.reflect.NativeMethodAccessorImpl.invoke0(Native Method)
	at java.base/jdk.internal.reflect.NativeMethodAccessorImpl.invoke(NativeMethodAccessorImpl.java:62)
	at java.base/jdk.internal.reflect.DelegatingMethodAccessorImpl.invoke(DelegatingMethodAccessorImpl.java:43)
	at java.base/java.lang.reflect.Method.invoke(Method.java:567)
	at org.testng.internal.MethodInvocationHelper.invokeMethod(MethodInvocationHelper.java:133)
	at org.testng.internal.MethodInvocationHelper.invokeMethodConsideringTimeout(MethodInvocationHelper.java:62)
	at org.testng.internal.ConfigInvoker.invokeConfigurationMethod(ConfigInvoker.java:385)
	at org.testng.internal.ConfigInvoker.invokeConfigurations(ConfigInvoker.java:321)
	at org.testng.TestRunner.invokeTestConfigurations(TestRunner.java:637)
	at org.testng.TestRunner.beforeRun(TestRunner.java:627)
	at org.testng.TestRunner.run(TestRunner.java:589)
	at org.testng.SuiteRunner.runTest(SuiteRunner.java:377)
	at org.testng.SuiteRunner.runSequentially(SuiteRunner.java:371)
	at org.testng.SuiteRunner.privateRun(SuiteRunner.java:332)
	at org.testng.SuiteRunner.run(SuiteRunner.java:276)
	at org.testng.SuiteRunnerWorker.runSuite(SuiteRunnerWorker.java:53)
	at org.testng.SuiteRunnerWorker.run(SuiteRunnerWorker.java:96)
	at org.testng.TestNG.runSuitesSequentially(TestNG.java:1212)
	at org.testng.TestNG.runSuitesLocally(TestNG.java:1134)
	at org.testng.TestNG.runSuites(TestNG.java:1063)
	at org.testng.TestNG.run(TestNG.java:1031)
	at org.testng.remote.AbstractRemoteTestNG.run(AbstractRemoteTestNG.java:115)
	at org.testng.remote.RemoteTestNG.initAndRun(RemoteTestNG.java:251)
	at org.testng.remote.RemoteTestNG.main(RemoteTestNG.java:77)
</pre></div></td>
<td>0</td>
<td>testcase.Case1@4efbca5a</td></tr>
<tr>
<td title='testcase.Case1.Diary_Job_FOC()'><b>Diary_Job_FOC</b><br>Test class: testcase.Case1</td>
<td><div><pre>io.testproject.sdk.internal.exceptions.AgentConnectException: Agent responded with status 500: [org.openqa.selenium.SessionNotCreatedException: Unable to create a new remote session. Please check the server log for more details. Original error: All non-standard capabilities should have a vendor prefix. The following capabilities did not have one: applicationName
Build info: version: &apos;3.141.59&apos;, revision: &apos;e82be7d358&apos;, time: &apos;2018-11-14T08:17:03&apos;
System info: host: &apos;KARNAN-LENOVO&apos;, ip: &apos;192.168.137.1&apos;, os.name: &apos;Windows 10&apos;, os.arch: &apos;amd64&apos;, os.version: &apos;10.0&apos;, java.version: &apos;13.0.1&apos;
Driver info: driver.version: IOSDriver
remote stacktrace: InvalidArgumentError: All non-standard capabilities should have a vendor prefix. The following capabilities did not have one: applicationName
    at parseCaps (C:\snapshot\appium\node_modules\@appium\base-driver\lib\basedriver\capabilities.js:155:11)
    at processCapabilities (C:\snapshot\appium\node_modules\@appium\base-driver\lib\basedriver\capabilities.js:212:43)
    at parseCapsForInnerDriver (C:\snapshot\appium\lib\utils.js:161:21)
    at AppiumDriver.createSession (C:\snapshot\appium\lib\appium.js:161:26)
    at commandExecutor (C:\snapshot\appium\node_modules\@appium\base-driver\lib\basedriver\driver.js:361:7)
    at AppiumDriver.executeCommand (C:\snapshot\appium\node_modules\@appium\base-driver\lib\basedriver\driver.js:375:15)
    at wrappedCmd (C:\snapshot\appium\lib\appium.js:504:28)
    at AppiumDriver.executeWrappedCommand (C:\snapshot\appium\lib\appium.js:571:22)
    at AppiumDriver.executeCommand (C:\snapshot\appium\lib\appium.js:515:28)
    at asyncHandler (C:\snapshot\appium\node_modules\@appium\base-driver\lib\protocol\protocol.js:287:34)
    at C:\snapshot\appium\node_modules\@appium\base-driver\lib\protocol\protocol.js:413:15
    at Layer.handle [as handle_request] (C:\snapshot\appium\node_modules\@appium\base-driver\node_modules\express\lib\router\layer.js:95:5)
    at next (C:\snapshot\appium\node_modules\@appium\base-driver\node_modules\express\lib\router\route.js:137:13)
    at Route.dispatch (C:\snapshot\appium\node_modules\@appium\base-driver\node_modules\express\lib\router\route.js:112:3)
    at Layer.handle [as handle_request] (C:\snapshot\appium\node_modules\@appium\base-driver\node_modules\express\lib\router\layer.js:95:5)
    at C:\snapshot\appium\node_modules\@appium\base-driver\node_modules\express\lib\router\index.js:281:22
    at Function.process_params (C:\snapshot\appium\node_modules\@appium\base-driver\node_modules\express\lib\router\index.js:335:12)
    at next (C:\snapshot\appium\node_modules\@appium\base-driver\node_modules\express\lib\router\index.js:275:10)
    at logger (C:\snapshot\appium\node_modules\@appium\base-driver\node_modules\morgan\index.js:144:5)
    at Layer.handle [as handle_request] (C:\snapshot\appium\node_modules\@appium\base-driver\node_modules\express\lib\router\layer.js:95:5)
    at trim_prefix (C:\snapshot\appium\node_modules\@appium\base-driver\node_modules\express\lib\router\index.js:317:13)
    at C:\snapshot\appium\node_modules\@appium\base-driver\node_modules\express\lib\router\index.js:284:7
    at Function.process_params (C:\snapshot\appium\node_modules\@appium\base-driver\node_modules\express\lib\router\index.js:335:12)
    at next (C:\snapshot\appium\node_modules\@appium\base-driver\node_modules\express\lib\router\index.js:275:10)
    at C:\snapshot\appium\node_modules\@appium\base-driver\node_modules\body-parser\lib\read.js:130:5
    at invokeCallback (C:\snapshot\appium\node_modules\@appium\base-driver\node_modules\raw-body\index.js:224:16)
    at done (C:\snapshot\appium\node_modules\@appium\base-driver\node_modules\raw-body\index.js:213:7)
    at IncomingMessage.onEnd (C:\snapshot\appium\node_modules\@appium\base-driver\node_modules\raw-body\index.js:273:7)
    at IncomingMessage.emit (events.js:412:35)
    at endReadableNT (internal/streams/readable.js:1334:12)
    at processTicksAndRejections (internal/process/task_queues.js:82:21)
Build info: version: &apos;3.141.59&apos;, revision: &apos;e82be7d358&apos;, time: &apos;2018-11-14T08:17:03&apos;
System info: host: &apos;KARNAN-LENOVO&apos;, ip: &apos;192.168.137.1&apos;, os.name: &apos;Windows 10&apos;, os.arch: &apos;amd64&apos;, os.version: &apos;10.0&apos;, java.version: &apos;13.0.1&apos;
Driver info: driver.version: IOSDriver]
	at io.testproject.sdk.internal.rest.AgentClient.handleSessionStartFailure(AgentClient.java:896)
	at io.testproject.sdk.internal.rest.AgentClient.startSession(AgentClient.java:695)
	at io.testproject.sdk.internal.rest.AgentClient.&lt;init&gt;(AgentClient.java:275)
	at io.testproject.sdk.internal.rest.AgentClient.getClient(AgentClient.java:547)
	at io.testproject.sdk.drivers.ios.IOSDriver.&lt;init&gt;(IOSDriver.java:727)
	at io.testproject.sdk.drivers.ios.IOSDriver.&lt;init&gt;(IOSDriver.java:692)
	at io.testproject.sdk.drivers.ios.IOSDriver.&lt;init&gt;(IOSDriver.java:339)
	at action.iOS_Test_Report.setup(iOS_Test_Report.java:68)
	at java.base/jdk.internal.reflect.NativeMethodAccessorImpl.invoke0(Native Method)
	at java.base/jdk.internal.reflect.NativeMethodAccessorImpl.invoke(NativeMethodAccessorImpl.java:62)
	at java.base/jdk.internal.reflect.DelegatingMethodAccessorImpl.invoke(DelegatingMethodAccessorImpl.java:43)
	at java.base/java.lang.reflect.Method.invoke(Method.java:567)
	at org.testng.internal.MethodInvocationHelper.invokeMethod(MethodInvocationHelper.java:133)
	at org.testng.internal.MethodInvocationHelper.invokeMethodConsideringTimeout(MethodInvocationHelper.java:62)
	at org.testng.internal.ConfigInvoker.invokeConfigurationMethod(ConfigInvoker.java:385)
	at org.testng.internal.ConfigInvoker.invokeConfigurations(ConfigInvoker.java:321)
	at org.testng.TestRunner.invokeTestConfigurations(TestRunner.java:637)
	at org.testng.TestRunner.beforeRun(TestRunner.java:627)
	at org.testng.TestRunner.run(TestRunner.java:589)
	at org.testng.SuiteRunner.runTest(SuiteRunner.java:377)
	at org.testng.SuiteRunner.runSequentially(SuiteRunner.java:371)
	at org.testng.SuiteRunner.privateRun(SuiteRunner.java:332)
	at org.testng.SuiteRunner.run(SuiteRunner.java:276)
	at org.testng.SuiteRunnerWorker.runSuite(SuiteRunnerWorker.java:53)
	at org.testng.SuiteRunnerWorker.run(SuiteRunnerWorker.java:96)
	at org.testng.TestNG.runSuitesSequentially(TestNG.java:1212)
	at org.testng.TestNG.runSuitesLocally(TestNG.java:1134)
	at org.testng.TestNG.runSuites(TestNG.java:1063)
	at org.testng.TestNG.run(TestNG.java:1031)
	at org.testng.remote.AbstractRemoteTestNG.run(AbstractRemoteTestNG.java:115)
	at org.testng.remote.RemoteTestNG.initAndRun(RemoteTestNG.java:251)
	at org.testng.remote.RemoteTestNG.main(RemoteTestNG.java:77)
</pre></div><a href='#' onClick='toggleBox("stack-trace1509309988", this, "Click to show all stack frames", "Click to hide stack frames")'>Click to show all stack frames</a>
<div class='stack-trace' id='stack-trace1509309988'><pre>io.testproject.sdk.internal.exceptions.AgentConnectException: Agent responded with status 500: [org.openqa.selenium.SessionNotCreatedException: Unable to create a new remote session. Please check the server log for more details. Original error: All non-standard capabilities should have a vendor prefix. The following capabilities did not have one: applicationName
Build info: version: &apos;3.141.59&apos;, revision: &apos;e82be7d358&apos;, time: &apos;2018-11-14T08:17:03&apos;
System info: host: &apos;KARNAN-LENOVO&apos;, ip: &apos;192.168.137.1&apos;, os.name: &apos;Windows 10&apos;, os.arch: &apos;amd64&apos;, os.version: &apos;10.0&apos;, java.version: &apos;13.0.1&apos;
Driver info: driver.version: IOSDriver
remote stacktrace: InvalidArgumentError: All non-standard capabilities should have a vendor prefix. The following capabilities did not have one: applicationName
    at parseCaps (C:\snapshot\appium\node_modules\@appium\base-driver\lib\basedriver\capabilities.js:155:11)
    at processCapabilities (C:\snapshot\appium\node_modules\@appium\base-driver\lib\basedriver\capabilities.js:212:43)
    at parseCapsForInnerDriver (C:\snapshot\appium\lib\utils.js:161:21)
    at AppiumDriver.createSession (C:\snapshot\appium\lib\appium.js:161:26)
    at commandExecutor (C:\snapshot\appium\node_modules\@appium\base-driver\lib\basedriver\driver.js:361:7)
    at AppiumDriver.executeCommand (C:\snapshot\appium\node_modules\@appium\base-driver\lib\basedriver\driver.js:375:15)
    at wrappedCmd (C:\snapshot\appium\lib\appium.js:504:28)
    at AppiumDriver.executeWrappedCommand (C:\snapshot\appium\lib\appium.js:571:22)
    at AppiumDriver.executeCommand (C:\snapshot\appium\lib\appium.js:515:28)
    at asyncHandler (C:\snapshot\appium\node_modules\@appium\base-driver\lib\protocol\protocol.js:287:34)
    at C:\snapshot\appium\node_modules\@appium\base-driver\lib\protocol\protocol.js:413:15
    at Layer.handle [as handle_request] (C:\snapshot\appium\node_modules\@appium\base-driver\node_modules\express\lib\router\layer.js:95:5)
    at next (C:\snapshot\appium\node_modules\@appium\base-driver\node_modules\express\lib\router\route.js:137:13)
    at Route.dispatch (C:\snapshot\appium\node_modules\@appium\base-driver\node_modules\express\lib\router\route.js:112:3)
    at Layer.handle [as handle_request] (C:\snapshot\appium\node_modules\@appium\base-driver\node_modules\express\lib\router\layer.js:95:5)
    at C:\snapshot\appium\node_modules\@appium\base-driver\node_modules\express\lib\router\index.js:281:22
    at Function.process_params (C:\snapshot\appium\node_modules\@appium\base-driver\node_modules\express\lib\router\index.js:335:12)
    at next (C:\snapshot\appium\node_modules\@appium\base-driver\node_modules\express\lib\router\index.js:275:10)
    at logger (C:\snapshot\appium\node_modules\@appium\base-driver\node_modules\morgan\index.js:144:5)
    at Layer.handle [as handle_request] (C:\snapshot\appium\node_modules\@appium\base-driver\node_modules\express\lib\router\layer.js:95:5)
    at trim_prefix (C:\snapshot\appium\node_modules\@appium\base-driver\node_modules\express\lib\router\index.js:317:13)
    at C:\snapshot\appium\node_modules\@appium\base-driver\node_modules\express\lib\router\index.js:284:7
    at Function.process_params (C:\snapshot\appium\node_modules\@appium\base-driver\node_modules\express\lib\router\index.js:335:12)
    at next (C:\snapshot\appium\node_modules\@appium\base-driver\node_modules\express\lib\router\index.js:275:10)
    at C:\snapshot\appium\node_modules\@appium\base-driver\node_modules\body-parser\lib\read.js:130:5
    at invokeCallback (C:\snapshot\appium\node_modules\@appium\base-driver\node_modules\raw-body\index.js:224:16)
    at done (C:\snapshot\appium\node_modules\@appium\base-driver\node_modules\raw-body\index.js:213:7)
    at IncomingMessage.onEnd (C:\snapshot\appium\node_modules\@appium\base-driver\node_modules\raw-body\index.js:273:7)
    at IncomingMessage.emit (events.js:412:35)
    at endReadableNT (internal/streams/readable.js:1334:12)
    at processTicksAndRejections (internal/process/task_queues.js:82:21)
Build info: version: &apos;3.141.59&apos;, revision: &apos;e82be7d358&apos;, time: &apos;2018-11-14T08:17:03&apos;
System info: host: &apos;KARNAN-LENOVO&apos;, ip: &apos;192.168.137.1&apos;, os.name: &apos;Windows 10&apos;, os.arch: &apos;amd64&apos;, os.version: &apos;10.0&apos;, java.version: &apos;13.0.1&apos;
Driver info: driver.version: IOSDriver]
	at io.testproject.sdk.internal.rest.AgentClient.handleSessionStartFailure(AgentClient.java:896)
	at io.testproject.sdk.internal.rest.AgentClient.startSession(AgentClient.java:695)
	at io.testproject.sdk.internal.rest.AgentClient.&lt;init&gt;(AgentClient.java:275)
	at io.testproject.sdk.internal.rest.AgentClient.getClient(AgentClient.java:547)
	at io.testproject.sdk.drivers.ios.IOSDriver.&lt;init&gt;(IOSDriver.java:727)
	at io.testproject.sdk.drivers.ios.IOSDriver.&lt;init&gt;(IOSDriver.java:692)
	at io.testproject.sdk.drivers.ios.IOSDriver.&lt;init&gt;(IOSDriver.java:339)
	at action.iOS_Test_Report.setup(iOS_Test_Report.java:68)
	at java.base/jdk.internal.reflect.NativeMethodAccessorImpl.invoke0(Native Method)
	at java.base/jdk.internal.reflect.NativeMethodAccessorImpl.invoke(NativeMethodAccessorImpl.java:62)
	at java.base/jdk.internal.reflect.DelegatingMethodAccessorImpl.invoke(DelegatingMethodAccessorImpl.java:43)
	at java.base/java.lang.reflect.Method.invoke(Method.java:567)
	at org.testng.internal.MethodInvocationHelper.invokeMethod(MethodInvocationHelper.java:133)
	at org.testng.internal.MethodInvocationHelper.invokeMethodConsideringTimeout(MethodInvocationHelper.java:62)
	at org.testng.internal.ConfigInvoker.invokeConfigurationMethod(ConfigInvoker.java:385)
	at org.testng.internal.ConfigInvoker.invokeConfigurations(ConfigInvoker.java:321)
	at org.testng.TestRunner.invokeTestConfigurations(TestRunner.java:637)
	at org.testng.TestRunner.beforeRun(TestRunner.java:627)
	at org.testng.TestRunner.run(TestRunner.java:589)
	at org.testng.SuiteRunner.runTest(SuiteRunner.java:377)
	at org.testng.SuiteRunner.runSequentially(SuiteRunner.java:371)
	at org.testng.SuiteRunner.privateRun(SuiteRunner.java:332)
	at org.testng.SuiteRunner.run(SuiteRunner.java:276)
	at org.testng.SuiteRunnerWorker.runSuite(SuiteRunnerWorker.java:53)
	at org.testng.SuiteRunnerWorker.run(SuiteRunnerWorker.java:96)
	at org.testng.TestNG.runSuitesSequentially(TestNG.java:1212)
	at org.testng.TestNG.runSuitesLocally(TestNG.java:1134)
	at org.testng.TestNG.runSuites(TestNG.java:1063)
	at org.testng.TestNG.run(TestNG.java:1031)
	at org.testng.remote.AbstractRemoteTestNG.run(AbstractRemoteTestNG.java:115)
	at org.testng.remote.RemoteTestNG.initAndRun(RemoteTestNG.java:251)
	at org.testng.remote.RemoteTestNG.main(RemoteTestNG.java:77)
</pre></div></td>
<td>0</td>
<td>testcase.Case1@4efbca5a</td></tr>
<tr>
<td title='testcase.Case1.Add_Notes_Section()'><b>Add_Notes_Section</b><br>Test class: testcase.Case1</td>
<td><div><pre>io.testproject.sdk.internal.exceptions.AgentConnectException: Agent responded with status 500: [org.openqa.selenium.SessionNotCreatedException: Unable to create a new remote session. Please check the server log for more details. Original error: All non-standard capabilities should have a vendor prefix. The following capabilities did not have one: applicationName
Build info: version: &apos;3.141.59&apos;, revision: &apos;e82be7d358&apos;, time: &apos;2018-11-14T08:17:03&apos;
System info: host: &apos;KARNAN-LENOVO&apos;, ip: &apos;192.168.137.1&apos;, os.name: &apos;Windows 10&apos;, os.arch: &apos;amd64&apos;, os.version: &apos;10.0&apos;, java.version: &apos;13.0.1&apos;
Driver info: driver.version: IOSDriver
remote stacktrace: InvalidArgumentError: All non-standard capabilities should have a vendor prefix. The following capabilities did not have one: applicationName
    at parseCaps (C:\snapshot\appium\node_modules\@appium\base-driver\lib\basedriver\capabilities.js:155:11)
    at processCapabilities (C:\snapshot\appium\node_modules\@appium\base-driver\lib\basedriver\capabilities.js:212:43)
    at parseCapsForInnerDriver (C:\snapshot\appium\lib\utils.js:161:21)
    at AppiumDriver.createSession (C:\snapshot\appium\lib\appium.js:161:26)
    at commandExecutor (C:\snapshot\appium\node_modules\@appium\base-driver\lib\basedriver\driver.js:361:7)
    at AppiumDriver.executeCommand (C:\snapshot\appium\node_modules\@appium\base-driver\lib\basedriver\driver.js:375:15)
    at wrappedCmd (C:\snapshot\appium\lib\appium.js:504:28)
    at AppiumDriver.executeWrappedCommand (C:\snapshot\appium\lib\appium.js:571:22)
    at AppiumDriver.executeCommand (C:\snapshot\appium\lib\appium.js:515:28)
    at asyncHandler (C:\snapshot\appium\node_modules\@appium\base-driver\lib\protocol\protocol.js:287:34)
    at C:\snapshot\appium\node_modules\@appium\base-driver\lib\protocol\protocol.js:413:15
    at Layer.handle [as handle_request] (C:\snapshot\appium\node_modules\@appium\base-driver\node_modules\express\lib\router\layer.js:95:5)
    at next (C:\snapshot\appium\node_modules\@appium\base-driver\node_modules\express\lib\router\route.js:137:13)
    at Route.dispatch (C:\snapshot\appium\node_modules\@appium\base-driver\node_modules\express\lib\router\route.js:112:3)
    at Layer.handle [as handle_request] (C:\snapshot\appium\node_modules\@appium\base-driver\node_modules\express\lib\router\layer.js:95:5)
    at C:\snapshot\appium\node_modules\@appium\base-driver\node_modules\express\lib\router\index.js:281:22
    at Function.process_params (C:\snapshot\appium\node_modules\@appium\base-driver\node_modules\express\lib\router\index.js:335:12)
    at next (C:\snapshot\appium\node_modules\@appium\base-driver\node_modules\express\lib\router\index.js:275:10)
    at logger (C:\snapshot\appium\node_modules\@appium\base-driver\node_modules\morgan\index.js:144:5)
    at Layer.handle [as handle_request] (C:\snapshot\appium\node_modules\@appium\base-driver\node_modules\express\lib\router\layer.js:95:5)
    at trim_prefix (C:\snapshot\appium\node_modules\@appium\base-driver\node_modules\express\lib\router\index.js:317:13)
    at C:\snapshot\appium\node_modules\@appium\base-driver\node_modules\express\lib\router\index.js:284:7
    at Function.process_params (C:\snapshot\appium\node_modules\@appium\base-driver\node_modules\express\lib\router\index.js:335:12)
    at next (C:\snapshot\appium\node_modules\@appium\base-driver\node_modules\express\lib\router\index.js:275:10)
    at C:\snapshot\appium\node_modules\@appium\base-driver\node_modules\body-parser\lib\read.js:130:5
    at invokeCallback (C:\snapshot\appium\node_modules\@appium\base-driver\node_modules\raw-body\index.js:224:16)
    at done (C:\snapshot\appium\node_modules\@appium\base-driver\node_modules\raw-body\index.js:213:7)
    at IncomingMessage.onEnd (C:\snapshot\appium\node_modules\@appium\base-driver\node_modules\raw-body\index.js:273:7)
    at IncomingMessage.emit (events.js:412:35)
    at endReadableNT (internal/streams/readable.js:1334:12)
    at processTicksAndRejections (internal/process/task_queues.js:82:21)
Build info: version: &apos;3.141.59&apos;, revision: &apos;e82be7d358&apos;, time: &apos;2018-11-14T08:17:03&apos;
System info: host: &apos;KARNAN-LENOVO&apos;, ip: &apos;192.168.137.1&apos;, os.name: &apos;Windows 10&apos;, os.arch: &apos;amd64&apos;, os.version: &apos;10.0&apos;, java.version: &apos;13.0.1&apos;
Driver info: driver.version: IOSDriver]
	at io.testproject.sdk.internal.rest.AgentClient.handleSessionStartFailure(AgentClient.java:896)
	at io.testproject.sdk.internal.rest.AgentClient.startSession(AgentClient.java:695)
	at io.testproject.sdk.internal.rest.AgentClient.&lt;init&gt;(AgentClient.java:275)
	at io.testproject.sdk.internal.rest.AgentClient.getClient(AgentClient.java:547)
	at io.testproject.sdk.drivers.ios.IOSDriver.&lt;init&gt;(IOSDriver.java:727)
	at io.testproject.sdk.drivers.ios.IOSDriver.&lt;init&gt;(IOSDriver.java:692)
	at io.testproject.sdk.drivers.ios.IOSDriver.&lt;init&gt;(IOSDriver.java:339)
	at action.iOS_Test_Report.setup(iOS_Test_Report.java:68)
	at java.base/jdk.internal.reflect.NativeMethodAccessorImpl.invoke0(Native Method)
	at java.base/jdk.internal.reflect.NativeMethodAccessorImpl.invoke(NativeMethodAccessorImpl.java:62)
	at java.base/jdk.internal.reflect.DelegatingMethodAccessorImpl.invoke(DelegatingMethodAccessorImpl.java:43)
	at java.base/java.lang.reflect.Method.invoke(Method.java:567)
	at org.testng.internal.MethodInvocationHelper.invokeMethod(MethodInvocationHelper.java:133)
	at org.testng.internal.MethodInvocationHelper.invokeMethodConsideringTimeout(MethodInvocationHelper.java:62)
	at org.testng.internal.ConfigInvoker.invokeConfigurationMethod(ConfigInvoker.java:385)
	at org.testng.internal.ConfigInvoker.invokeConfigurations(ConfigInvoker.java:321)
	at org.testng.TestRunner.invokeTestConfigurations(TestRunner.java:637)
	at org.testng.TestRunner.beforeRun(TestRunner.java:627)
	at org.testng.TestRunner.run(TestRunner.java:589)
	at org.testng.SuiteRunner.runTest(SuiteRunner.java:377)
	at org.testng.SuiteRunner.runSequentially(SuiteRunner.java:371)
	at org.testng.SuiteRunner.privateRun(SuiteRunner.java:332)
	at org.testng.SuiteRunner.run(SuiteRunner.java:276)
	at org.testng.SuiteRunnerWorker.runSuite(SuiteRunnerWorker.java:53)
	at org.testng.SuiteRunnerWorker.run(SuiteRunnerWorker.java:96)
	at org.testng.TestNG.runSuitesSequentially(TestNG.java:1212)
	at org.testng.TestNG.runSuitesLocally(TestNG.java:1134)
	at org.testng.TestNG.runSuites(TestNG.java:1063)
	at org.testng.TestNG.run(TestNG.java:1031)
	at org.testng.remote.AbstractRemoteTestNG.run(AbstractRemoteTestNG.java:115)
	at org.testng.remote.RemoteTestNG.initAndRun(RemoteTestNG.java:251)
	at org.testng.remote.RemoteTestNG.main(RemoteTestNG.java:77)
</pre></div><a href='#' onClick='toggleBox("stack-trace1406206626", this, "Click to show all stack frames", "Click to hide stack frames")'>Click to show all stack frames</a>
<div class='stack-trace' id='stack-trace1406206626'><pre>io.testproject.sdk.internal.exceptions.AgentConnectException: Agent responded with status 500: [org.openqa.selenium.SessionNotCreatedException: Unable to create a new remote session. Please check the server log for more details. Original error: All non-standard capabilities should have a vendor prefix. The following capabilities did not have one: applicationName
Build info: version: &apos;3.141.59&apos;, revision: &apos;e82be7d358&apos;, time: &apos;2018-11-14T08:17:03&apos;
System info: host: &apos;KARNAN-LENOVO&apos;, ip: &apos;192.168.137.1&apos;, os.name: &apos;Windows 10&apos;, os.arch: &apos;amd64&apos;, os.version: &apos;10.0&apos;, java.version: &apos;13.0.1&apos;
Driver info: driver.version: IOSDriver
remote stacktrace: InvalidArgumentError: All non-standard capabilities should have a vendor prefix. The following capabilities did not have one: applicationName
    at parseCaps (C:\snapshot\appium\node_modules\@appium\base-driver\lib\basedriver\capabilities.js:155:11)
    at processCapabilities (C:\snapshot\appium\node_modules\@appium\base-driver\lib\basedriver\capabilities.js:212:43)
    at parseCapsForInnerDriver (C:\snapshot\appium\lib\utils.js:161:21)
    at AppiumDriver.createSession (C:\snapshot\appium\lib\appium.js:161:26)
    at commandExecutor (C:\snapshot\appium\node_modules\@appium\base-driver\lib\basedriver\driver.js:361:7)
    at AppiumDriver.executeCommand (C:\snapshot\appium\node_modules\@appium\base-driver\lib\basedriver\driver.js:375:15)
    at wrappedCmd (C:\snapshot\appium\lib\appium.js:504:28)
    at AppiumDriver.executeWrappedCommand (C:\snapshot\appium\lib\appium.js:571:22)
    at AppiumDriver.executeCommand (C:\snapshot\appium\lib\appium.js:515:28)
    at asyncHandler (C:\snapshot\appium\node_modules\@appium\base-driver\lib\protocol\protocol.js:287:34)
    at C:\snapshot\appium\node_modules\@appium\base-driver\lib\protocol\protocol.js:413:15
    at Layer.handle [as handle_request] (C:\snapshot\appium\node_modules\@appium\base-driver\node_modules\express\lib\router\layer.js:95:5)
    at next (C:\snapshot\appium\node_modules\@appium\base-driver\node_modules\express\lib\router\route.js:137:13)
    at Route.dispatch (C:\snapshot\appium\node_modules\@appium\base-driver\node_modules\express\lib\router\route.js:112:3)
    at Layer.handle [as handle_request] (C:\snapshot\appium\node_modules\@appium\base-driver\node_modules\express\lib\router\layer.js:95:5)
    at C:\snapshot\appium\node_modules\@appium\base-driver\node_modules\express\lib\router\index.js:281:22
    at Function.process_params (C:\snapshot\appium\node_modules\@appium\base-driver\node_modules\express\lib\router\index.js:335:12)
    at next (C:\snapshot\appium\node_modules\@appium\base-driver\node_modules\express\lib\router\index.js:275:10)
    at logger (C:\snapshot\appium\node_modules\@appium\base-driver\node_modules\morgan\index.js:144:5)
    at Layer.handle [as handle_request] (C:\snapshot\appium\node_modules\@appium\base-driver\node_modules\express\lib\router\layer.js:95:5)
    at trim_prefix (C:\snapshot\appium\node_modules\@appium\base-driver\node_modules\express\lib\router\index.js:317:13)
    at C:\snapshot\appium\node_modules\@appium\base-driver\node_modules\express\lib\router\index.js:284:7
    at Function.process_params (C:\snapshot\appium\node_modules\@appium\base-driver\node_modules\express\lib\router\index.js:335:12)
    at next (C:\snapshot\appium\node_modules\@appium\base-driver\node_modules\express\lib\router\index.js:275:10)
    at C:\snapshot\appium\node_modules\@appium\base-driver\node_modules\body-parser\lib\read.js:130:5
    at invokeCallback (C:\snapshot\appium\node_modules\@appium\base-driver\node_modules\raw-body\index.js:224:16)
    at done (C:\snapshot\appium\node_modules\@appium\base-driver\node_modules\raw-body\index.js:213:7)
    at IncomingMessage.onEnd (C:\snapshot\appium\node_modules\@appium\base-driver\node_modules\raw-body\index.js:273:7)
    at IncomingMessage.emit (events.js:412:35)
    at endReadableNT (internal/streams/readable.js:1334:12)
    at processTicksAndRejections (internal/process/task_queues.js:82:21)
Build info: version: &apos;3.141.59&apos;, revision: &apos;e82be7d358&apos;, time: &apos;2018-11-14T08:17:03&apos;
System info: host: &apos;KARNAN-LENOVO&apos;, ip: &apos;192.168.137.1&apos;, os.name: &apos;Windows 10&apos;, os.arch: &apos;amd64&apos;, os.version: &apos;10.0&apos;, java.version: &apos;13.0.1&apos;
Driver info: driver.version: IOSDriver]
	at io.testproject.sdk.internal.rest.AgentClient.handleSessionStartFailure(AgentClient.java:896)
	at io.testproject.sdk.internal.rest.AgentClient.startSession(AgentClient.java:695)
	at io.testproject.sdk.internal.rest.AgentClient.&lt;init&gt;(AgentClient.java:275)
	at io.testproject.sdk.internal.rest.AgentClient.getClient(AgentClient.java:547)
	at io.testproject.sdk.drivers.ios.IOSDriver.&lt;init&gt;(IOSDriver.java:727)
	at io.testproject.sdk.drivers.ios.IOSDriver.&lt;init&gt;(IOSDriver.java:692)
	at io.testproject.sdk.drivers.ios.IOSDriver.&lt;init&gt;(IOSDriver.java:339)
	at action.iOS_Test_Report.setup(iOS_Test_Report.java:68)
	at java.base/jdk.internal.reflect.NativeMethodAccessorImpl.invoke0(Native Method)
	at java.base/jdk.internal.reflect.NativeMethodAccessorImpl.invoke(NativeMethodAccessorImpl.java:62)
	at java.base/jdk.internal.reflect.DelegatingMethodAccessorImpl.invoke(DelegatingMethodAccessorImpl.java:43)
	at java.base/java.lang.reflect.Method.invoke(Method.java:567)
	at org.testng.internal.MethodInvocationHelper.invokeMethod(MethodInvocationHelper.java:133)
	at org.testng.internal.MethodInvocationHelper.invokeMethodConsideringTimeout(MethodInvocationHelper.java:62)
	at org.testng.internal.ConfigInvoker.invokeConfigurationMethod(ConfigInvoker.java:385)
	at org.testng.internal.ConfigInvoker.invokeConfigurations(ConfigInvoker.java:321)
	at org.testng.TestRunner.invokeTestConfigurations(TestRunner.java:637)
	at org.testng.TestRunner.beforeRun(TestRunner.java:627)
	at org.testng.TestRunner.run(TestRunner.java:589)
	at org.testng.SuiteRunner.runTest(SuiteRunner.java:377)
	at org.testng.SuiteRunner.runSequentially(SuiteRunner.java:371)
	at org.testng.SuiteRunner.privateRun(SuiteRunner.java:332)
	at org.testng.SuiteRunner.run(SuiteRunner.java:276)
	at org.testng.SuiteRunnerWorker.runSuite(SuiteRunnerWorker.java:53)
	at org.testng.SuiteRunnerWorker.run(SuiteRunnerWorker.java:96)
	at org.testng.TestNG.runSuitesSequentially(TestNG.java:1212)
	at org.testng.TestNG.runSuitesLocally(TestNG.java:1134)
	at org.testng.TestNG.runSuites(TestNG.java:1063)
	at org.testng.TestNG.run(TestNG.java:1031)
	at org.testng.remote.AbstractRemoteTestNG.run(AbstractRemoteTestNG.java:115)
	at org.testng.remote.RemoteTestNG.initAndRun(RemoteTestNG.java:251)
	at org.testng.remote.RemoteTestNG.main(RemoteTestNG.java:77)
</pre></div></td>
<td>0</td>
<td>testcase.Case1@4efbca5a</td></tr>
<tr>
<td title='testcase.Case1.Diary_Job_Final_Invoiced()'><b>Diary_Job_Final_Invoiced</b><br>Test class: testcase.Case1</td>
<td><div><pre>io.testproject.sdk.internal.exceptions.AgentConnectException: Agent responded with status 500: [org.openqa.selenium.SessionNotCreatedException: Unable to create a new remote session. Please check the server log for more details. Original error: All non-standard capabilities should have a vendor prefix. The following capabilities did not have one: applicationName
Build info: version: &apos;3.141.59&apos;, revision: &apos;e82be7d358&apos;, time: &apos;2018-11-14T08:17:03&apos;
System info: host: &apos;KARNAN-LENOVO&apos;, ip: &apos;192.168.137.1&apos;, os.name: &apos;Windows 10&apos;, os.arch: &apos;amd64&apos;, os.version: &apos;10.0&apos;, java.version: &apos;13.0.1&apos;
Driver info: driver.version: IOSDriver
remote stacktrace: InvalidArgumentError: All non-standard capabilities should have a vendor prefix. The following capabilities did not have one: applicationName
    at parseCaps (C:\snapshot\appium\node_modules\@appium\base-driver\lib\basedriver\capabilities.js:155:11)
    at processCapabilities (C:\snapshot\appium\node_modules\@appium\base-driver\lib\basedriver\capabilities.js:212:43)
    at parseCapsForInnerDriver (C:\snapshot\appium\lib\utils.js:161:21)
    at AppiumDriver.createSession (C:\snapshot\appium\lib\appium.js:161:26)
    at commandExecutor (C:\snapshot\appium\node_modules\@appium\base-driver\lib\basedriver\driver.js:361:7)
    at AppiumDriver.executeCommand (C:\snapshot\appium\node_modules\@appium\base-driver\lib\basedriver\driver.js:375:15)
    at wrappedCmd (C:\snapshot\appium\lib\appium.js:504:28)
    at AppiumDriver.executeWrappedCommand (C:\snapshot\appium\lib\appium.js:571:22)
    at AppiumDriver.executeCommand (C:\snapshot\appium\lib\appium.js:515:28)
    at asyncHandler (C:\snapshot\appium\node_modules\@appium\base-driver\lib\protocol\protocol.js:287:34)
    at C:\snapshot\appium\node_modules\@appium\base-driver\lib\protocol\protocol.js:413:15
    at Layer.handle [as handle_request] (C:\snapshot\appium\node_modules\@appium\base-driver\node_modules\express\lib\router\layer.js:95:5)
    at next (C:\snapshot\appium\node_modules\@appium\base-driver\node_modules\express\lib\router\route.js:137:13)
    at Route.dispatch (C:\snapshot\appium\node_modules\@appium\base-driver\node_modules\express\lib\router\route.js:112:3)
    at Layer.handle [as handle_request] (C:\snapshot\appium\node_modules\@appium\base-driver\node_modules\express\lib\router\layer.js:95:5)
    at C:\snapshot\appium\node_modules\@appium\base-driver\node_modules\express\lib\router\index.js:281:22
    at Function.process_params (C:\snapshot\appium\node_modules\@appium\base-driver\node_modules\express\lib\router\index.js:335:12)
    at next (C:\snapshot\appium\node_modules\@appium\base-driver\node_modules\express\lib\router\index.js:275:10)
    at logger (C:\snapshot\appium\node_modules\@appium\base-driver\node_modules\morgan\index.js:144:5)
    at Layer.handle [as handle_request] (C:\snapshot\appium\node_modules\@appium\base-driver\node_modules\express\lib\router\layer.js:95:5)
    at trim_prefix (C:\snapshot\appium\node_modules\@appium\base-driver\node_modules\express\lib\router\index.js:317:13)
    at C:\snapshot\appium\node_modules\@appium\base-driver\node_modules\express\lib\router\index.js:284:7
    at Function.process_params (C:\snapshot\appium\node_modules\@appium\base-driver\node_modules\express\lib\router\index.js:335:12)
    at next (C:\snapshot\appium\node_modules\@appium\base-driver\node_modules\express\lib\router\index.js:275:10)
    at C:\snapshot\appium\node_modules\@appium\base-driver\node_modules\body-parser\lib\read.js:130:5
    at invokeCallback (C:\snapshot\appium\node_modules\@appium\base-driver\node_modules\raw-body\index.js:224:16)
    at done (C:\snapshot\appium\node_modules\@appium\base-driver\node_modules\raw-body\index.js:213:7)
    at IncomingMessage.onEnd (C:\snapshot\appium\node_modules\@appium\base-driver\node_modules\raw-body\index.js:273:7)
    at IncomingMessage.emit (events.js:412:35)
    at endReadableNT (internal/streams/readable.js:1334:12)
    at processTicksAndRejections (internal/process/task_queues.js:82:21)
Build info: version: &apos;3.141.59&apos;, revision: &apos;e82be7d358&apos;, time: &apos;2018-11-14T08:17:03&apos;
System info: host: &apos;KARNAN-LENOVO&apos;, ip: &apos;192.168.137.1&apos;, os.name: &apos;Windows 10&apos;, os.arch: &apos;amd64&apos;, os.version: &apos;10.0&apos;, java.version: &apos;13.0.1&apos;
Driver info: driver.version: IOSDriver]
	at io.testproject.sdk.internal.rest.AgentClient.handleSessionStartFailure(AgentClient.java:896)
	at io.testproject.sdk.internal.rest.AgentClient.startSession(AgentClient.java:695)
	at io.testproject.sdk.internal.rest.AgentClient.&lt;init&gt;(AgentClient.java:275)
	at io.testproject.sdk.internal.rest.AgentClient.getClient(AgentClient.java:547)
	at io.testproject.sdk.drivers.ios.IOSDriver.&lt;init&gt;(IOSDriver.java:727)
	at io.testproject.sdk.drivers.ios.IOSDriver.&lt;init&gt;(IOSDriver.java:692)
	at io.testproject.sdk.drivers.ios.IOSDriver.&lt;init&gt;(IOSDriver.java:339)
	at action.iOS_Test_Report.setup(iOS_Test_Report.java:68)
	at java.base/jdk.internal.reflect.NativeMethodAccessorImpl.invoke0(Native Method)
	at java.base/jdk.internal.reflect.NativeMethodAccessorImpl.invoke(NativeMethodAccessorImpl.java:62)
	at java.base/jdk.internal.reflect.DelegatingMethodAccessorImpl.invoke(DelegatingMethodAccessorImpl.java:43)
	at java.base/java.lang.reflect.Method.invoke(Method.java:567)
	at org.testng.internal.MethodInvocationHelper.invokeMethod(MethodInvocationHelper.java:133)
	at org.testng.internal.MethodInvocationHelper.invokeMethodConsideringTimeout(MethodInvocationHelper.java:62)
	at org.testng.internal.ConfigInvoker.invokeConfigurationMethod(ConfigInvoker.java:385)
	at org.testng.internal.ConfigInvoker.invokeConfigurations(ConfigInvoker.java:321)
	at org.testng.TestRunner.invokeTestConfigurations(TestRunner.java:637)
	at org.testng.TestRunner.beforeRun(TestRunner.java:627)
	at org.testng.TestRunner.run(TestRunner.java:589)
	at org.testng.SuiteRunner.runTest(SuiteRunner.java:377)
	at org.testng.SuiteRunner.runSequentially(SuiteRunner.java:371)
	at org.testng.SuiteRunner.privateRun(SuiteRunner.java:332)
	at org.testng.SuiteRunner.run(SuiteRunner.java:276)
	at org.testng.SuiteRunnerWorker.runSuite(SuiteRunnerWorker.java:53)
	at org.testng.SuiteRunnerWorker.run(SuiteRunnerWorker.java:96)
	at org.testng.TestNG.runSuitesSequentially(TestNG.java:1212)
	at org.testng.TestNG.runSuitesLocally(TestNG.java:1134)
	at org.testng.TestNG.runSuites(TestNG.java:1063)
	at org.testng.TestNG.run(TestNG.java:1031)
	at org.testng.remote.AbstractRemoteTestNG.run(AbstractRemoteTestNG.java:115)
	at org.testng.remote.RemoteTestNG.initAndRun(RemoteTestNG.java:251)
	at org.testng.remote.RemoteTestNG.main(RemoteTestNG.java:77)
</pre></div><a href='#' onClick='toggleBox("stack-trace1111897955", this, "Click to show all stack frames", "Click to hide stack frames")'>Click to show all stack frames</a>
<div class='stack-trace' id='stack-trace1111897955'><pre>io.testproject.sdk.internal.exceptions.AgentConnectException: Agent responded with status 500: [org.openqa.selenium.SessionNotCreatedException: Unable to create a new remote session. Please check the server log for more details. Original error: All non-standard capabilities should have a vendor prefix. The following capabilities did not have one: applicationName
Build info: version: &apos;3.141.59&apos;, revision: &apos;e82be7d358&apos;, time: &apos;2018-11-14T08:17:03&apos;
System info: host: &apos;KARNAN-LENOVO&apos;, ip: &apos;192.168.137.1&apos;, os.name: &apos;Windows 10&apos;, os.arch: &apos;amd64&apos;, os.version: &apos;10.0&apos;, java.version: &apos;13.0.1&apos;
Driver info: driver.version: IOSDriver
remote stacktrace: InvalidArgumentError: All non-standard capabilities should have a vendor prefix. The following capabilities did not have one: applicationName
    at parseCaps (C:\snapshot\appium\node_modules\@appium\base-driver\lib\basedriver\capabilities.js:155:11)
    at processCapabilities (C:\snapshot\appium\node_modules\@appium\base-driver\lib\basedriver\capabilities.js:212:43)
    at parseCapsForInnerDriver (C:\snapshot\appium\lib\utils.js:161:21)
    at AppiumDriver.createSession (C:\snapshot\appium\lib\appium.js:161:26)
    at commandExecutor (C:\snapshot\appium\node_modules\@appium\base-driver\lib\basedriver\driver.js:361:7)
    at AppiumDriver.executeCommand (C:\snapshot\appium\node_modules\@appium\base-driver\lib\basedriver\driver.js:375:15)
    at wrappedCmd (C:\snapshot\appium\lib\appium.js:504:28)
    at AppiumDriver.executeWrappedCommand (C:\snapshot\appium\lib\appium.js:571:22)
    at AppiumDriver.executeCommand (C:\snapshot\appium\lib\appium.js:515:28)
    at asyncHandler (C:\snapshot\appium\node_modules\@appium\base-driver\lib\protocol\protocol.js:287:34)
    at C:\snapshot\appium\node_modules\@appium\base-driver\lib\protocol\protocol.js:413:15
    at Layer.handle [as handle_request] (C:\snapshot\appium\node_modules\@appium\base-driver\node_modules\express\lib\router\layer.js:95:5)
    at next (C:\snapshot\appium\node_modules\@appium\base-driver\node_modules\express\lib\router\route.js:137:13)
    at Route.dispatch (C:\snapshot\appium\node_modules\@appium\base-driver\node_modules\express\lib\router\route.js:112:3)
    at Layer.handle [as handle_request] (C:\snapshot\appium\node_modules\@appium\base-driver\node_modules\express\lib\router\layer.js:95:5)
    at C:\snapshot\appium\node_modules\@appium\base-driver\node_modules\express\lib\router\index.js:281:22
    at Function.process_params (C:\snapshot\appium\node_modules\@appium\base-driver\node_modules\express\lib\router\index.js:335:12)
    at next (C:\snapshot\appium\node_modules\@appium\base-driver\node_modules\express\lib\router\index.js:275:10)
    at logger (C:\snapshot\appium\node_modules\@appium\base-driver\node_modules\morgan\index.js:144:5)
    at Layer.handle [as handle_request] (C:\snapshot\appium\node_modules\@appium\base-driver\node_modules\express\lib\router\layer.js:95:5)
    at trim_prefix (C:\snapshot\appium\node_modules\@appium\base-driver\node_modules\express\lib\router\index.js:317:13)
    at C:\snapshot\appium\node_modules\@appium\base-driver\node_modules\express\lib\router\index.js:284:7
    at Function.process_params (C:\snapshot\appium\node_modules\@appium\base-driver\node_modules\express\lib\router\index.js:335:12)
    at next (C:\snapshot\appium\node_modules\@appium\base-driver\node_modules\express\lib\router\index.js:275:10)
    at C:\snapshot\appium\node_modules\@appium\base-driver\node_modules\body-parser\lib\read.js:130:5
    at invokeCallback (C:\snapshot\appium\node_modules\@appium\base-driver\node_modules\raw-body\index.js:224:16)
    at done (C:\snapshot\appium\node_modules\@appium\base-driver\node_modules\raw-body\index.js:213:7)
    at IncomingMessage.onEnd (C:\snapshot\appium\node_modules\@appium\base-driver\node_modules\raw-body\index.js:273:7)
    at IncomingMessage.emit (events.js:412:35)
    at endReadableNT (internal/streams/readable.js:1334:12)
    at processTicksAndRejections (internal/process/task_queues.js:82:21)
Build info: version: &apos;3.141.59&apos;, revision: &apos;e82be7d358&apos;, time: &apos;2018-11-14T08:17:03&apos;
System info: host: &apos;KARNAN-LENOVO&apos;, ip: &apos;192.168.137.1&apos;, os.name: &apos;Windows 10&apos;, os.arch: &apos;amd64&apos;, os.version: &apos;10.0&apos;, java.version: &apos;13.0.1&apos;
Driver info: driver.version: IOSDriver]
	at io.testproject.sdk.internal.rest.AgentClient.handleSessionStartFailure(AgentClient.java:896)
	at io.testproject.sdk.internal.rest.AgentClient.startSession(AgentClient.java:695)
	at io.testproject.sdk.internal.rest.AgentClient.&lt;init&gt;(AgentClient.java:275)
	at io.testproject.sdk.internal.rest.AgentClient.getClient(AgentClient.java:547)
	at io.testproject.sdk.drivers.ios.IOSDriver.&lt;init&gt;(IOSDriver.java:727)
	at io.testproject.sdk.drivers.ios.IOSDriver.&lt;init&gt;(IOSDriver.java:692)
	at io.testproject.sdk.drivers.ios.IOSDriver.&lt;init&gt;(IOSDriver.java:339)
	at action.iOS_Test_Report.setup(iOS_Test_Report.java:68)
	at java.base/jdk.internal.reflect.NativeMethodAccessorImpl.invoke0(Native Method)
	at java.base/jdk.internal.reflect.NativeMethodAccessorImpl.invoke(NativeMethodAccessorImpl.java:62)
	at java.base/jdk.internal.reflect.DelegatingMethodAccessorImpl.invoke(DelegatingMethodAccessorImpl.java:43)
	at java.base/java.lang.reflect.Method.invoke(Method.java:567)
	at org.testng.internal.MethodInvocationHelper.invokeMethod(MethodInvocationHelper.java:133)
	at org.testng.internal.MethodInvocationHelper.invokeMethodConsideringTimeout(MethodInvocationHelper.java:62)
	at org.testng.internal.ConfigInvoker.invokeConfigurationMethod(ConfigInvoker.java:385)
	at org.testng.internal.ConfigInvoker.invokeConfigurations(ConfigInvoker.java:321)
	at org.testng.TestRunner.invokeTestConfigurations(TestRunner.java:637)
	at org.testng.TestRunner.beforeRun(TestRunner.java:627)
	at org.testng.TestRunner.run(TestRunner.java:589)
	at org.testng.SuiteRunner.runTest(SuiteRunner.java:377)
	at org.testng.SuiteRunner.runSequentially(SuiteRunner.java:371)
	at org.testng.SuiteRunner.privateRun(SuiteRunner.java:332)
	at org.testng.SuiteRunner.run(SuiteRunner.java:276)
	at org.testng.SuiteRunnerWorker.runSuite(SuiteRunnerWorker.java:53)
	at org.testng.SuiteRunnerWorker.run(SuiteRunnerWorker.java:96)
	at org.testng.TestNG.runSuitesSequentially(TestNG.java:1212)
	at org.testng.TestNG.runSuitesLocally(TestNG.java:1134)
	at org.testng.TestNG.runSuites(TestNG.java:1063)
	at org.testng.TestNG.run(TestNG.java:1031)
	at org.testng.remote.AbstractRemoteTestNG.run(AbstractRemoteTestNG.java:115)
	at org.testng.remote.RemoteTestNG.initAndRun(RemoteTestNG.java:251)
	at org.testng.remote.RemoteTestNG.main(RemoteTestNG.java:77)
</pre></div></td>
<td>0</td>
<td>testcase.Case1@4efbca5a</td></tr>
<tr>
<td title='testcase.Case1.Diary_Estimate_Reject()'><b>Diary_Estimate_Reject</b><br>Test class: testcase.Case1</td>
<td><div><pre>io.testproject.sdk.internal.exceptions.AgentConnectException: Agent responded with status 500: [org.openqa.selenium.SessionNotCreatedException: Unable to create a new remote session. Please check the server log for more details. Original error: All non-standard capabilities should have a vendor prefix. The following capabilities did not have one: applicationName
Build info: version: &apos;3.141.59&apos;, revision: &apos;e82be7d358&apos;, time: &apos;2018-11-14T08:17:03&apos;
System info: host: &apos;KARNAN-LENOVO&apos;, ip: &apos;192.168.137.1&apos;, os.name: &apos;Windows 10&apos;, os.arch: &apos;amd64&apos;, os.version: &apos;10.0&apos;, java.version: &apos;13.0.1&apos;
Driver info: driver.version: IOSDriver
remote stacktrace: InvalidArgumentError: All non-standard capabilities should have a vendor prefix. The following capabilities did not have one: applicationName
    at parseCaps (C:\snapshot\appium\node_modules\@appium\base-driver\lib\basedriver\capabilities.js:155:11)
    at processCapabilities (C:\snapshot\appium\node_modules\@appium\base-driver\lib\basedriver\capabilities.js:212:43)
    at parseCapsForInnerDriver (C:\snapshot\appium\lib\utils.js:161:21)
    at AppiumDriver.createSession (C:\snapshot\appium\lib\appium.js:161:26)
    at commandExecutor (C:\snapshot\appium\node_modules\@appium\base-driver\lib\basedriver\driver.js:361:7)
    at AppiumDriver.executeCommand (C:\snapshot\appium\node_modules\@appium\base-driver\lib\basedriver\driver.js:375:15)
    at wrappedCmd (C:\snapshot\appium\lib\appium.js:504:28)
    at AppiumDriver.executeWrappedCommand (C:\snapshot\appium\lib\appium.js:571:22)
    at AppiumDriver.executeCommand (C:\snapshot\appium\lib\appium.js:515:28)
    at asyncHandler (C:\snapshot\appium\node_modules\@appium\base-driver\lib\protocol\protocol.js:287:34)
    at C:\snapshot\appium\node_modules\@appium\base-driver\lib\protocol\protocol.js:413:15
    at Layer.handle [as handle_request] (C:\snapshot\appium\node_modules\@appium\base-driver\node_modules\express\lib\router\layer.js:95:5)
    at next (C:\snapshot\appium\node_modules\@appium\base-driver\node_modules\express\lib\router\route.js:137:13)
    at Route.dispatch (C:\snapshot\appium\node_modules\@appium\base-driver\node_modules\express\lib\router\route.js:112:3)
    at Layer.handle [as handle_request] (C:\snapshot\appium\node_modules\@appium\base-driver\node_modules\express\lib\router\layer.js:95:5)
    at C:\snapshot\appium\node_modules\@appium\base-driver\node_modules\express\lib\router\index.js:281:22
    at Function.process_params (C:\snapshot\appium\node_modules\@appium\base-driver\node_modules\express\lib\router\index.js:335:12)
    at next (C:\snapshot\appium\node_modules\@appium\base-driver\node_modules\express\lib\router\index.js:275:10)
    at logger (C:\snapshot\appium\node_modules\@appium\base-driver\node_modules\morgan\index.js:144:5)
    at Layer.handle [as handle_request] (C:\snapshot\appium\node_modules\@appium\base-driver\node_modules\express\lib\router\layer.js:95:5)
    at trim_prefix (C:\snapshot\appium\node_modules\@appium\base-driver\node_modules\express\lib\router\index.js:317:13)
    at C:\snapshot\appium\node_modules\@appium\base-driver\node_modules\express\lib\router\index.js:284:7
    at Function.process_params (C:\snapshot\appium\node_modules\@appium\base-driver\node_modules\express\lib\router\index.js:335:12)
    at next (C:\snapshot\appium\node_modules\@appium\base-driver\node_modules\express\lib\router\index.js:275:10)
    at C:\snapshot\appium\node_modules\@appium\base-driver\node_modules\body-parser\lib\read.js:130:5
    at invokeCallback (C:\snapshot\appium\node_modules\@appium\base-driver\node_modules\raw-body\index.js:224:16)
    at done (C:\snapshot\appium\node_modules\@appium\base-driver\node_modules\raw-body\index.js:213:7)
    at IncomingMessage.onEnd (C:\snapshot\appium\node_modules\@appium\base-driver\node_modules\raw-body\index.js:273:7)
    at IncomingMessage.emit (events.js:412:35)
    at endReadableNT (internal/streams/readable.js:1334:12)
    at processTicksAndRejections (internal/process/task_queues.js:82:21)
Build info: version: &apos;3.141.59&apos;, revision: &apos;e82be7d358&apos;, time: &apos;2018-11-14T08:17:03&apos;
System info: host: &apos;KARNAN-LENOVO&apos;, ip: &apos;192.168.137.1&apos;, os.name: &apos;Windows 10&apos;, os.arch: &apos;amd64&apos;, os.version: &apos;10.0&apos;, java.version: &apos;13.0.1&apos;
Driver info: driver.version: IOSDriver]
	at io.testproject.sdk.internal.rest.AgentClient.handleSessionStartFailure(AgentClient.java:896)
	at io.testproject.sdk.internal.rest.AgentClient.startSession(AgentClient.java:695)
	at io.testproject.sdk.internal.rest.AgentClient.&lt;init&gt;(AgentClient.java:275)
	at io.testproject.sdk.internal.rest.AgentClient.getClient(AgentClient.java:547)
	at io.testproject.sdk.drivers.ios.IOSDriver.&lt;init&gt;(IOSDriver.java:727)
	at io.testproject.sdk.drivers.ios.IOSDriver.&lt;init&gt;(IOSDriver.java:692)
	at io.testproject.sdk.drivers.ios.IOSDriver.&lt;init&gt;(IOSDriver.java:339)
	at action.iOS_Test_Report.setup(iOS_Test_Report.java:68)
	at java.base/jdk.internal.reflect.NativeMethodAccessorImpl.invoke0(Native Method)
	at java.base/jdk.internal.reflect.NativeMethodAccessorImpl.invoke(NativeMethodAccessorImpl.java:62)
	at java.base/jdk.internal.reflect.DelegatingMethodAccessorImpl.invoke(DelegatingMethodAccessorImpl.java:43)
	at java.base/java.lang.reflect.Method.invoke(Method.java:567)
	at org.testng.internal.MethodInvocationHelper.invokeMethod(MethodInvocationHelper.java:133)
	at org.testng.internal.MethodInvocationHelper.invokeMethodConsideringTimeout(MethodInvocationHelper.java:62)
	at org.testng.internal.ConfigInvoker.invokeConfigurationMethod(ConfigInvoker.java:385)
	at org.testng.internal.ConfigInvoker.invokeConfigurations(ConfigInvoker.java:321)
	at org.testng.TestRunner.invokeTestConfigurations(TestRunner.java:637)
	at org.testng.TestRunner.beforeRun(TestRunner.java:627)
	at org.testng.TestRunner.run(TestRunner.java:589)
	at org.testng.SuiteRunner.runTest(SuiteRunner.java:377)
	at org.testng.SuiteRunner.runSequentially(SuiteRunner.java:371)
	at org.testng.SuiteRunner.privateRun(SuiteRunner.java:332)
	at org.testng.SuiteRunner.run(SuiteRunner.java:276)
	at org.testng.SuiteRunnerWorker.runSuite(SuiteRunnerWorker.java:53)
	at org.testng.SuiteRunnerWorker.run(SuiteRunnerWorker.java:96)
	at org.testng.TestNG.runSuitesSequentially(TestNG.java:1212)
	at org.testng.TestNG.runSuitesLocally(TestNG.java:1134)
	at org.testng.TestNG.runSuites(TestNG.java:1063)
	at org.testng.TestNG.run(TestNG.java:1031)
	at org.testng.remote.AbstractRemoteTestNG.run(AbstractRemoteTestNG.java:115)
	at org.testng.remote.RemoteTestNG.initAndRun(RemoteTestNG.java:251)
	at org.testng.remote.RemoteTestNG.main(RemoteTestNG.java:77)
</pre></div><a href='#' onClick='toggleBox("stack-trace20156341", this, "Click to show all stack frames", "Click to hide stack frames")'>Click to show all stack frames</a>
<div class='stack-trace' id='stack-trace20156341'><pre>io.testproject.sdk.internal.exceptions.AgentConnectException: Agent responded with status 500: [org.openqa.selenium.SessionNotCreatedException: Unable to create a new remote session. Please check the server log for more details. Original error: All non-standard capabilities should have a vendor prefix. The following capabilities did not have one: applicationName
Build info: version: &apos;3.141.59&apos;, revision: &apos;e82be7d358&apos;, time: &apos;2018-11-14T08:17:03&apos;
System info: host: &apos;KARNAN-LENOVO&apos;, ip: &apos;192.168.137.1&apos;, os.name: &apos;Windows 10&apos;, os.arch: &apos;amd64&apos;, os.version: &apos;10.0&apos;, java.version: &apos;13.0.1&apos;
Driver info: driver.version: IOSDriver
remote stacktrace: InvalidArgumentError: All non-standard capabilities should have a vendor prefix. The following capabilities did not have one: applicationName
    at parseCaps (C:\snapshot\appium\node_modules\@appium\base-driver\lib\basedriver\capabilities.js:155:11)
    at processCapabilities (C:\snapshot\appium\node_modules\@appium\base-driver\lib\basedriver\capabilities.js:212:43)
    at parseCapsForInnerDriver (C:\snapshot\appium\lib\utils.js:161:21)
    at AppiumDriver.createSession (C:\snapshot\appium\lib\appium.js:161:26)
    at commandExecutor (C:\snapshot\appium\node_modules\@appium\base-driver\lib\basedriver\driver.js:361:7)
    at AppiumDriver.executeCommand (C:\snapshot\appium\node_modules\@appium\base-driver\lib\basedriver\driver.js:375:15)
    at wrappedCmd (C:\snapshot\appium\lib\appium.js:504:28)
    at AppiumDriver.executeWrappedCommand (C:\snapshot\appium\lib\appium.js:571:22)
    at AppiumDriver.executeCommand (C:\snapshot\appium\lib\appium.js:515:28)
    at asyncHandler (C:\snapshot\appium\node_modules\@appium\base-driver\lib\protocol\protocol.js:287:34)
    at C:\snapshot\appium\node_modules\@appium\base-driver\lib\protocol\protocol.js:413:15
    at Layer.handle [as handle_request] (C:\snapshot\appium\node_modules\@appium\base-driver\node_modules\express\lib\router\layer.js:95:5)
    at next (C:\snapshot\appium\node_modules\@appium\base-driver\node_modules\express\lib\router\route.js:137:13)
    at Route.dispatch (C:\snapshot\appium\node_modules\@appium\base-driver\node_modules\express\lib\router\route.js:112:3)
    at Layer.handle [as handle_request] (C:\snapshot\appium\node_modules\@appium\base-driver\node_modules\express\lib\router\layer.js:95:5)
    at C:\snapshot\appium\node_modules\@appium\base-driver\node_modules\express\lib\router\index.js:281:22
    at Function.process_params (C:\snapshot\appium\node_modules\@appium\base-driver\node_modules\express\lib\router\index.js:335:12)
    at next (C:\snapshot\appium\node_modules\@appium\base-driver\node_modules\express\lib\router\index.js:275:10)
    at logger (C:\snapshot\appium\node_modules\@appium\base-driver\node_modules\morgan\index.js:144:5)
    at Layer.handle [as handle_request] (C:\snapshot\appium\node_modules\@appium\base-driver\node_modules\express\lib\router\layer.js:95:5)
    at trim_prefix (C:\snapshot\appium\node_modules\@appium\base-driver\node_modules\express\lib\router\index.js:317:13)
    at C:\snapshot\appium\node_modules\@appium\base-driver\node_modules\express\lib\router\index.js:284:7
    at Function.process_params (C:\snapshot\appium\node_modules\@appium\base-driver\node_modules\express\lib\router\index.js:335:12)
    at next (C:\snapshot\appium\node_modules\@appium\base-driver\node_modules\express\lib\router\index.js:275:10)
    at C:\snapshot\appium\node_modules\@appium\base-driver\node_modules\body-parser\lib\read.js:130:5
    at invokeCallback (C:\snapshot\appium\node_modules\@appium\base-driver\node_modules\raw-body\index.js:224:16)
    at done (C:\snapshot\appium\node_modules\@appium\base-driver\node_modules\raw-body\index.js:213:7)
    at IncomingMessage.onEnd (C:\snapshot\appium\node_modules\@appium\base-driver\node_modules\raw-body\index.js:273:7)
    at IncomingMessage.emit (events.js:412:35)
    at endReadableNT (internal/streams/readable.js:1334:12)
    at processTicksAndRejections (internal/process/task_queues.js:82:21)
Build info: version: &apos;3.141.59&apos;, revision: &apos;e82be7d358&apos;, time: &apos;2018-11-14T08:17:03&apos;
System info: host: &apos;KARNAN-LENOVO&apos;, ip: &apos;192.168.137.1&apos;, os.name: &apos;Windows 10&apos;, os.arch: &apos;amd64&apos;, os.version: &apos;10.0&apos;, java.version: &apos;13.0.1&apos;
Driver info: driver.version: IOSDriver]
	at io.testproject.sdk.internal.rest.AgentClient.handleSessionStartFailure(AgentClient.java:896)
	at io.testproject.sdk.internal.rest.AgentClient.startSession(AgentClient.java:695)
	at io.testproject.sdk.internal.rest.AgentClient.&lt;init&gt;(AgentClient.java:275)
	at io.testproject.sdk.internal.rest.AgentClient.getClient(AgentClient.java:547)
	at io.testproject.sdk.drivers.ios.IOSDriver.&lt;init&gt;(IOSDriver.java:727)
	at io.testproject.sdk.drivers.ios.IOSDriver.&lt;init&gt;(IOSDriver.java:692)
	at io.testproject.sdk.drivers.ios.IOSDriver.&lt;init&gt;(IOSDriver.java:339)
	at action.iOS_Test_Report.setup(iOS_Test_Report.java:68)
	at java.base/jdk.internal.reflect.NativeMethodAccessorImpl.invoke0(Native Method)
	at java.base/jdk.internal.reflect.NativeMethodAccessorImpl.invoke(NativeMethodAccessorImpl.java:62)
	at java.base/jdk.internal.reflect.DelegatingMethodAccessorImpl.invoke(DelegatingMethodAccessorImpl.java:43)
	at java.base/java.lang.reflect.Method.invoke(Method.java:567)
	at org.testng.internal.MethodInvocationHelper.invokeMethod(MethodInvocationHelper.java:133)
	at org.testng.internal.MethodInvocationHelper.invokeMethodConsideringTimeout(MethodInvocationHelper.java:62)
	at org.testng.internal.ConfigInvoker.invokeConfigurationMethod(ConfigInvoker.java:385)
	at org.testng.internal.ConfigInvoker.invokeConfigurations(ConfigInvoker.java:321)
	at org.testng.TestRunner.invokeTestConfigurations(TestRunner.java:637)
	at org.testng.TestRunner.beforeRun(TestRunner.java:627)
	at org.testng.TestRunner.run(TestRunner.java:589)
	at org.testng.SuiteRunner.runTest(SuiteRunner.java:377)
	at org.testng.SuiteRunner.runSequentially(SuiteRunner.java:371)
	at org.testng.SuiteRunner.privateRun(SuiteRunner.java:332)
	at org.testng.SuiteRunner.run(SuiteRunner.java:276)
	at org.testng.SuiteRunnerWorker.runSuite(SuiteRunnerWorker.java:53)
	at org.testng.SuiteRunnerWorker.run(SuiteRunnerWorker.java:96)
	at org.testng.TestNG.runSuitesSequentially(TestNG.java:1212)
	at org.testng.TestNG.runSuitesLocally(TestNG.java:1134)
	at org.testng.TestNG.runSuites(TestNG.java:1063)
	at org.testng.TestNG.run(TestNG.java:1031)
	at org.testng.remote.AbstractRemoteTestNG.run(AbstractRemoteTestNG.java:115)
	at org.testng.remote.RemoteTestNG.initAndRun(RemoteTestNG.java:251)
	at org.testng.remote.RemoteTestNG.main(RemoteTestNG.java:77)
</pre></div></td>
<td>0</td>
<td>testcase.Case1@4efbca5a</td></tr>
<tr>
<td title='testcase.Case1.Edit_Cusotmer()'><b>Edit_Cusotmer</b><br>Test class: testcase.Case1</td>
<td><div><pre>io.testproject.sdk.internal.exceptions.AgentConnectException: Agent responded with status 500: [org.openqa.selenium.SessionNotCreatedException: Unable to create a new remote session. Please check the server log for more details. Original error: All non-standard capabilities should have a vendor prefix. The following capabilities did not have one: applicationName
Build info: version: &apos;3.141.59&apos;, revision: &apos;e82be7d358&apos;, time: &apos;2018-11-14T08:17:03&apos;
System info: host: &apos;KARNAN-LENOVO&apos;, ip: &apos;192.168.137.1&apos;, os.name: &apos;Windows 10&apos;, os.arch: &apos;amd64&apos;, os.version: &apos;10.0&apos;, java.version: &apos;13.0.1&apos;
Driver info: driver.version: IOSDriver
remote stacktrace: InvalidArgumentError: All non-standard capabilities should have a vendor prefix. The following capabilities did not have one: applicationName
    at parseCaps (C:\snapshot\appium\node_modules\@appium\base-driver\lib\basedriver\capabilities.js:155:11)
    at processCapabilities (C:\snapshot\appium\node_modules\@appium\base-driver\lib\basedriver\capabilities.js:212:43)
    at parseCapsForInnerDriver (C:\snapshot\appium\lib\utils.js:161:21)
    at AppiumDriver.createSession (C:\snapshot\appium\lib\appium.js:161:26)
    at commandExecutor (C:\snapshot\appium\node_modules\@appium\base-driver\lib\basedriver\driver.js:361:7)
    at AppiumDriver.executeCommand (C:\snapshot\appium\node_modules\@appium\base-driver\lib\basedriver\driver.js:375:15)
    at wrappedCmd (C:\snapshot\appium\lib\appium.js:504:28)
    at AppiumDriver.executeWrappedCommand (C:\snapshot\appium\lib\appium.js:571:22)
    at AppiumDriver.executeCommand (C:\snapshot\appium\lib\appium.js:515:28)
    at asyncHandler (C:\snapshot\appium\node_modules\@appium\base-driver\lib\protocol\protocol.js:287:34)
    at C:\snapshot\appium\node_modules\@appium\base-driver\lib\protocol\protocol.js:413:15
    at Layer.handle [as handle_request] (C:\snapshot\appium\node_modules\@appium\base-driver\node_modules\express\lib\router\layer.js:95:5)
    at next (C:\snapshot\appium\node_modules\@appium\base-driver\node_modules\express\lib\router\route.js:137:13)
    at Route.dispatch (C:\snapshot\appium\node_modules\@appium\base-driver\node_modules\express\lib\router\route.js:112:3)
    at Layer.handle [as handle_request] (C:\snapshot\appium\node_modules\@appium\base-driver\node_modules\express\lib\router\layer.js:95:5)
    at C:\snapshot\appium\node_modules\@appium\base-driver\node_modules\express\lib\router\index.js:281:22
    at Function.process_params (C:\snapshot\appium\node_modules\@appium\base-driver\node_modules\express\lib\router\index.js:335:12)
    at next (C:\snapshot\appium\node_modules\@appium\base-driver\node_modules\express\lib\router\index.js:275:10)
    at logger (C:\snapshot\appium\node_modules\@appium\base-driver\node_modules\morgan\index.js:144:5)
    at Layer.handle [as handle_request] (C:\snapshot\appium\node_modules\@appium\base-driver\node_modules\express\lib\router\layer.js:95:5)
    at trim_prefix (C:\snapshot\appium\node_modules\@appium\base-driver\node_modules\express\lib\router\index.js:317:13)
    at C:\snapshot\appium\node_modules\@appium\base-driver\node_modules\express\lib\router\index.js:284:7
    at Function.process_params (C:\snapshot\appium\node_modules\@appium\base-driver\node_modules\express\lib\router\index.js:335:12)
    at next (C:\snapshot\appium\node_modules\@appium\base-driver\node_modules\express\lib\router\index.js:275:10)
    at C:\snapshot\appium\node_modules\@appium\base-driver\node_modules\body-parser\lib\read.js:130:5
    at invokeCallback (C:\snapshot\appium\node_modules\@appium\base-driver\node_modules\raw-body\index.js:224:16)
    at done (C:\snapshot\appium\node_modules\@appium\base-driver\node_modules\raw-body\index.js:213:7)
    at IncomingMessage.onEnd (C:\snapshot\appium\node_modules\@appium\base-driver\node_modules\raw-body\index.js:273:7)
    at IncomingMessage.emit (events.js:412:35)
    at endReadableNT (internal/streams/readable.js:1334:12)
    at processTicksAndRejections (internal/process/task_queues.js:82:21)
Build info: version: &apos;3.141.59&apos;, revision: &apos;e82be7d358&apos;, time: &apos;2018-11-14T08:17:03&apos;
System info: host: &apos;KARNAN-LENOVO&apos;, ip: &apos;192.168.137.1&apos;, os.name: &apos;Windows 10&apos;, os.arch: &apos;amd64&apos;, os.version: &apos;10.0&apos;, java.version: &apos;13.0.1&apos;
Driver info: driver.version: IOSDriver]
	at io.testproject.sdk.internal.rest.AgentClient.handleSessionStartFailure(AgentClient.java:896)
	at io.testproject.sdk.internal.rest.AgentClient.startSession(AgentClient.java:695)
	at io.testproject.sdk.internal.rest.AgentClient.&lt;init&gt;(AgentClient.java:275)
	at io.testproject.sdk.internal.rest.AgentClient.getClient(AgentClient.java:547)
	at io.testproject.sdk.drivers.ios.IOSDriver.&lt;init&gt;(IOSDriver.java:727)
	at io.testproject.sdk.drivers.ios.IOSDriver.&lt;init&gt;(IOSDriver.java:692)
	at io.testproject.sdk.drivers.ios.IOSDriver.&lt;init&gt;(IOSDriver.java:339)
	at action.iOS_Test_Report.setup(iOS_Test_Report.java:68)
	at java.base/jdk.internal.reflect.NativeMethodAccessorImpl.invoke0(Native Method)
	at java.base/jdk.internal.reflect.NativeMethodAccessorImpl.invoke(NativeMethodAccessorImpl.java:62)
	at java.base/jdk.internal.reflect.DelegatingMethodAccessorImpl.invoke(DelegatingMethodAccessorImpl.java:43)
	at java.base/java.lang.reflect.Method.invoke(Method.java:567)
	at org.testng.internal.MethodInvocationHelper.invokeMethod(MethodInvocationHelper.java:133)
	at org.testng.internal.MethodInvocationHelper.invokeMethodConsideringTimeout(MethodInvocationHelper.java:62)
	at org.testng.internal.ConfigInvoker.invokeConfigurationMethod(ConfigInvoker.java:385)
	at org.testng.internal.ConfigInvoker.invokeConfigurations(ConfigInvoker.java:321)
	at org.testng.TestRunner.invokeTestConfigurations(TestRunner.java:637)
	at org.testng.TestRunner.beforeRun(TestRunner.java:627)
	at org.testng.TestRunner.run(TestRunner.java:589)
	at org.testng.SuiteRunner.runTest(SuiteRunner.java:377)
	at org.testng.SuiteRunner.runSequentially(SuiteRunner.java:371)
	at org.testng.SuiteRunner.privateRun(SuiteRunner.java:332)
	at org.testng.SuiteRunner.run(SuiteRunner.java:276)
	at org.testng.SuiteRunnerWorker.runSuite(SuiteRunnerWorker.java:53)
	at org.testng.SuiteRunnerWorker.run(SuiteRunnerWorker.java:96)
	at org.testng.TestNG.runSuitesSequentially(TestNG.java:1212)
	at org.testng.TestNG.runSuitesLocally(TestNG.java:1134)
	at org.testng.TestNG.runSuites(TestNG.java:1063)
	at org.testng.TestNG.run(TestNG.java:1031)
	at org.testng.remote.AbstractRemoteTestNG.run(AbstractRemoteTestNG.java:115)
	at org.testng.remote.RemoteTestNG.initAndRun(RemoteTestNG.java:251)
	at org.testng.remote.RemoteTestNG.main(RemoteTestNG.java:77)
</pre></div><a href='#' onClick='toggleBox("stack-trace806813022", this, "Click to show all stack frames", "Click to hide stack frames")'>Click to show all stack frames</a>
<div class='stack-trace' id='stack-trace806813022'><pre>io.testproject.sdk.internal.exceptions.AgentConnectException: Agent responded with status 500: [org.openqa.selenium.SessionNotCreatedException: Unable to create a new remote session. Please check the server log for more details. Original error: All non-standard capabilities should have a vendor prefix. The following capabilities did not have one: applicationName
Build info: version: &apos;3.141.59&apos;, revision: &apos;e82be7d358&apos;, time: &apos;2018-11-14T08:17:03&apos;
System info: host: &apos;KARNAN-LENOVO&apos;, ip: &apos;192.168.137.1&apos;, os.name: &apos;Windows 10&apos;, os.arch: &apos;amd64&apos;, os.version: &apos;10.0&apos;, java.version: &apos;13.0.1&apos;
Driver info: driver.version: IOSDriver
remote stacktrace: InvalidArgumentError: All non-standard capabilities should have a vendor prefix. The following capabilities did not have one: applicationName
    at parseCaps (C:\snapshot\appium\node_modules\@appium\base-driver\lib\basedriver\capabilities.js:155:11)
    at processCapabilities (C:\snapshot\appium\node_modules\@appium\base-driver\lib\basedriver\capabilities.js:212:43)
    at parseCapsForInnerDriver (C:\snapshot\appium\lib\utils.js:161:21)
    at AppiumDriver.createSession (C:\snapshot\appium\lib\appium.js:161:26)
    at commandExecutor (C:\snapshot\appium\node_modules\@appium\base-driver\lib\basedriver\driver.js:361:7)
    at AppiumDriver.executeCommand (C:\snapshot\appium\node_modules\@appium\base-driver\lib\basedriver\driver.js:375:15)
    at wrappedCmd (C:\snapshot\appium\lib\appium.js:504:28)
    at AppiumDriver.executeWrappedCommand (C:\snapshot\appium\lib\appium.js:571:22)
    at AppiumDriver.executeCommand (C:\snapshot\appium\lib\appium.js:515:28)
    at asyncHandler (C:\snapshot\appium\node_modules\@appium\base-driver\lib\protocol\protocol.js:287:34)
    at C:\snapshot\appium\node_modules\@appium\base-driver\lib\protocol\protocol.js:413:15
    at Layer.handle [as handle_request] (C:\snapshot\appium\node_modules\@appium\base-driver\node_modules\express\lib\router\layer.js:95:5)
    at next (C:\snapshot\appium\node_modules\@appium\base-driver\node_modules\express\lib\router\route.js:137:13)
    at Route.dispatch (C:\snapshot\appium\node_modules\@appium\base-driver\node_modules\express\lib\router\route.js:112:3)
    at Layer.handle [as handle_request] (C:\snapshot\appium\node_modules\@appium\base-driver\node_modules\express\lib\router\layer.js:95:5)
    at C:\snapshot\appium\node_modules\@appium\base-driver\node_modules\express\lib\router\index.js:281:22
    at Function.process_params (C:\snapshot\appium\node_modules\@appium\base-driver\node_modules\express\lib\router\index.js:335:12)
    at next (C:\snapshot\appium\node_modules\@appium\base-driver\node_modules\express\lib\router\index.js:275:10)
    at logger (C:\snapshot\appium\node_modules\@appium\base-driver\node_modules\morgan\index.js:144:5)
    at Layer.handle [as handle_request] (C:\snapshot\appium\node_modules\@appium\base-driver\node_modules\express\lib\router\layer.js:95:5)
    at trim_prefix (C:\snapshot\appium\node_modules\@appium\base-driver\node_modules\express\lib\router\index.js:317:13)
    at C:\snapshot\appium\node_modules\@appium\base-driver\node_modules\express\lib\router\index.js:284:7
    at Function.process_params (C:\snapshot\appium\node_modules\@appium\base-driver\node_modules\express\lib\router\index.js:335:12)
    at next (C:\snapshot\appium\node_modules\@appium\base-driver\node_modules\express\lib\router\index.js:275:10)
    at C:\snapshot\appium\node_modules\@appium\base-driver\node_modules\body-parser\lib\read.js:130:5
    at invokeCallback (C:\snapshot\appium\node_modules\@appium\base-driver\node_modules\raw-body\index.js:224:16)
    at done (C:\snapshot\appium\node_modules\@appium\base-driver\node_modules\raw-body\index.js:213:7)
    at IncomingMessage.onEnd (C:\snapshot\appium\node_modules\@appium\base-driver\node_modules\raw-body\index.js:273:7)
    at IncomingMessage.emit (events.js:412:35)
    at endReadableNT (internal/streams/readable.js:1334:12)
    at processTicksAndRejections (internal/process/task_queues.js:82:21)
Build info: version: &apos;3.141.59&apos;, revision: &apos;e82be7d358&apos;, time: &apos;2018-11-14T08:17:03&apos;
System info: host: &apos;KARNAN-LENOVO&apos;, ip: &apos;192.168.137.1&apos;, os.name: &apos;Windows 10&apos;, os.arch: &apos;amd64&apos;, os.version: &apos;10.0&apos;, java.version: &apos;13.0.1&apos;
Driver info: driver.version: IOSDriver]
	at io.testproject.sdk.internal.rest.AgentClient.handleSessionStartFailure(AgentClient.java:896)
	at io.testproject.sdk.internal.rest.AgentClient.startSession(AgentClient.java:695)
	at io.testproject.sdk.internal.rest.AgentClient.&lt;init&gt;(AgentClient.java:275)
	at io.testproject.sdk.internal.rest.AgentClient.getClient(AgentClient.java:547)
	at io.testproject.sdk.drivers.ios.IOSDriver.&lt;init&gt;(IOSDriver.java:727)
	at io.testproject.sdk.drivers.ios.IOSDriver.&lt;init&gt;(IOSDriver.java:692)
	at io.testproject.sdk.drivers.ios.IOSDriver.&lt;init&gt;(IOSDriver.java:339)
	at action.iOS_Test_Report.setup(iOS_Test_Report.java:68)
	at java.base/jdk.internal.reflect.NativeMethodAccessorImpl.invoke0(Native Method)
	at java.base/jdk.internal.reflect.NativeMethodAccessorImpl.invoke(NativeMethodAccessorImpl.java:62)
	at java.base/jdk.internal.reflect.DelegatingMethodAccessorImpl.invoke(DelegatingMethodAccessorImpl.java:43)
	at java.base/java.lang.reflect.Method.invoke(Method.java:567)
	at org.testng.internal.MethodInvocationHelper.invokeMethod(MethodInvocationHelper.java:133)
	at org.testng.internal.MethodInvocationHelper.invokeMethodConsideringTimeout(MethodInvocationHelper.java:62)
	at org.testng.internal.ConfigInvoker.invokeConfigurationMethod(ConfigInvoker.java:385)
	at org.testng.internal.ConfigInvoker.invokeConfigurations(ConfigInvoker.java:321)
	at org.testng.TestRunner.invokeTestConfigurations(TestRunner.java:637)
	at org.testng.TestRunner.beforeRun(TestRunner.java:627)
	at org.testng.TestRunner.run(TestRunner.java:589)
	at org.testng.SuiteRunner.runTest(SuiteRunner.java:377)
	at org.testng.SuiteRunner.runSequentially(SuiteRunner.java:371)
	at org.testng.SuiteRunner.privateRun(SuiteRunner.java:332)
	at org.testng.SuiteRunner.run(SuiteRunner.java:276)
	at org.testng.SuiteRunnerWorker.runSuite(SuiteRunnerWorker.java:53)
	at org.testng.SuiteRunnerWorker.run(SuiteRunnerWorker.java:96)
	at org.testng.TestNG.runSuitesSequentially(TestNG.java:1212)
	at org.testng.TestNG.runSuitesLocally(TestNG.java:1134)
	at org.testng.TestNG.runSuites(TestNG.java:1063)
	at org.testng.TestNG.run(TestNG.java:1031)
	at org.testng.remote.AbstractRemoteTestNG.run(AbstractRemoteTestNG.java:115)
	at org.testng.remote.RemoteTestNG.initAndRun(RemoteTestNG.java:251)
	at org.testng.remote.RemoteTestNG.main(RemoteTestNG.java:77)
</pre></div></td>
<td>0</td>
<td>testcase.Case1@4efbca5a</td></tr>
<tr>
<td title='testcase.Case1.Add_Parts()'><b>Add_Parts</b><br>Test class: testcase.Case1</td>
<td><div><pre>io.testproject.sdk.internal.exceptions.AgentConnectException: Agent responded with status 500: [org.openqa.selenium.SessionNotCreatedException: Unable to create a new remote session. Please check the server log for more details. Original error: All non-standard capabilities should have a vendor prefix. The following capabilities did not have one: applicationName
Build info: version: &apos;3.141.59&apos;, revision: &apos;e82be7d358&apos;, time: &apos;2018-11-14T08:17:03&apos;
System info: host: &apos;KARNAN-LENOVO&apos;, ip: &apos;192.168.137.1&apos;, os.name: &apos;Windows 10&apos;, os.arch: &apos;amd64&apos;, os.version: &apos;10.0&apos;, java.version: &apos;13.0.1&apos;
Driver info: driver.version: IOSDriver
remote stacktrace: InvalidArgumentError: All non-standard capabilities should have a vendor prefix. The following capabilities did not have one: applicationName
    at parseCaps (C:\snapshot\appium\node_modules\@appium\base-driver\lib\basedriver\capabilities.js:155:11)
    at processCapabilities (C:\snapshot\appium\node_modules\@appium\base-driver\lib\basedriver\capabilities.js:212:43)
    at parseCapsForInnerDriver (C:\snapshot\appium\lib\utils.js:161:21)
    at AppiumDriver.createSession (C:\snapshot\appium\lib\appium.js:161:26)
    at commandExecutor (C:\snapshot\appium\node_modules\@appium\base-driver\lib\basedriver\driver.js:361:7)
    at AppiumDriver.executeCommand (C:\snapshot\appium\node_modules\@appium\base-driver\lib\basedriver\driver.js:375:15)
    at wrappedCmd (C:\snapshot\appium\lib\appium.js:504:28)
    at AppiumDriver.executeWrappedCommand (C:\snapshot\appium\lib\appium.js:571:22)
    at AppiumDriver.executeCommand (C:\snapshot\appium\lib\appium.js:515:28)
    at asyncHandler (C:\snapshot\appium\node_modules\@appium\base-driver\lib\protocol\protocol.js:287:34)
    at C:\snapshot\appium\node_modules\@appium\base-driver\lib\protocol\protocol.js:413:15
    at Layer.handle [as handle_request] (C:\snapshot\appium\node_modules\@appium\base-driver\node_modules\express\lib\router\layer.js:95:5)
    at next (C:\snapshot\appium\node_modules\@appium\base-driver\node_modules\express\lib\router\route.js:137:13)
    at Route.dispatch (C:\snapshot\appium\node_modules\@appium\base-driver\node_modules\express\lib\router\route.js:112:3)
    at Layer.handle [as handle_request] (C:\snapshot\appium\node_modules\@appium\base-driver\node_modules\express\lib\router\layer.js:95:5)
    at C:\snapshot\appium\node_modules\@appium\base-driver\node_modules\express\lib\router\index.js:281:22
    at Function.process_params (C:\snapshot\appium\node_modules\@appium\base-driver\node_modules\express\lib\router\index.js:335:12)
    at next (C:\snapshot\appium\node_modules\@appium\base-driver\node_modules\express\lib\router\index.js:275:10)
    at logger (C:\snapshot\appium\node_modules\@appium\base-driver\node_modules\morgan\index.js:144:5)
    at Layer.handle [as handle_request] (C:\snapshot\appium\node_modules\@appium\base-driver\node_modules\express\lib\router\layer.js:95:5)
    at trim_prefix (C:\snapshot\appium\node_modules\@appium\base-driver\node_modules\express\lib\router\index.js:317:13)
    at C:\snapshot\appium\node_modules\@appium\base-driver\node_modules\express\lib\router\index.js:284:7
    at Function.process_params (C:\snapshot\appium\node_modules\@appium\base-driver\node_modules\express\lib\router\index.js:335:12)
    at next (C:\snapshot\appium\node_modules\@appium\base-driver\node_modules\express\lib\router\index.js:275:10)
    at C:\snapshot\appium\node_modules\@appium\base-driver\node_modules\body-parser\lib\read.js:130:5
    at invokeCallback (C:\snapshot\appium\node_modules\@appium\base-driver\node_modules\raw-body\index.js:224:16)
    at done (C:\snapshot\appium\node_modules\@appium\base-driver\node_modules\raw-body\index.js:213:7)
    at IncomingMessage.onEnd (C:\snapshot\appium\node_modules\@appium\base-driver\node_modules\raw-body\index.js:273:7)
    at IncomingMessage.emit (events.js:412:35)
    at endReadableNT (internal/streams/readable.js:1334:12)
    at processTicksAndRejections (internal/process/task_queues.js:82:21)
Build info: version: &apos;3.141.59&apos;, revision: &apos;e82be7d358&apos;, time: &apos;2018-11-14T08:17:03&apos;
System info: host: &apos;KARNAN-LENOVO&apos;, ip: &apos;192.168.137.1&apos;, os.name: &apos;Windows 10&apos;, os.arch: &apos;amd64&apos;, os.version: &apos;10.0&apos;, java.version: &apos;13.0.1&apos;
Driver info: driver.version: IOSDriver]
	at io.testproject.sdk.internal.rest.AgentClient.handleSessionStartFailure(AgentClient.java:896)
	at io.testproject.sdk.internal.rest.AgentClient.startSession(AgentClient.java:695)
	at io.testproject.sdk.internal.rest.AgentClient.&lt;init&gt;(AgentClient.java:275)
	at io.testproject.sdk.internal.rest.AgentClient.getClient(AgentClient.java:547)
	at io.testproject.sdk.drivers.ios.IOSDriver.&lt;init&gt;(IOSDriver.java:727)
	at io.testproject.sdk.drivers.ios.IOSDriver.&lt;init&gt;(IOSDriver.java:692)
	at io.testproject.sdk.drivers.ios.IOSDriver.&lt;init&gt;(IOSDriver.java:339)
	at action.iOS_Test_Report.setup(iOS_Test_Report.java:68)
	at java.base/jdk.internal.reflect.NativeMethodAccessorImpl.invoke0(Native Method)
	at java.base/jdk.internal.reflect.NativeMethodAccessorImpl.invoke(NativeMethodAccessorImpl.java:62)
	at java.base/jdk.internal.reflect.DelegatingMethodAccessorImpl.invoke(DelegatingMethodAccessorImpl.java:43)
	at java.base/java.lang.reflect.Method.invoke(Method.java:567)
	at org.testng.internal.MethodInvocationHelper.invokeMethod(MethodInvocationHelper.java:133)
	at org.testng.internal.MethodInvocationHelper.invokeMethodConsideringTimeout(MethodInvocationHelper.java:62)
	at org.testng.internal.ConfigInvoker.invokeConfigurationMethod(ConfigInvoker.java:385)
	at org.testng.internal.ConfigInvoker.invokeConfigurations(ConfigInvoker.java:321)
	at org.testng.TestRunner.invokeTestConfigurations(TestRunner.java:637)
	at org.testng.TestRunner.beforeRun(TestRunner.java:627)
	at org.testng.TestRunner.run(TestRunner.java:589)
	at org.testng.SuiteRunner.runTest(SuiteRunner.java:377)
	at org.testng.SuiteRunner.runSequentially(SuiteRunner.java:371)
	at org.testng.SuiteRunner.privateRun(SuiteRunner.java:332)
	at org.testng.SuiteRunner.run(SuiteRunner.java:276)
	at org.testng.SuiteRunnerWorker.runSuite(SuiteRunnerWorker.java:53)
	at org.testng.SuiteRunnerWorker.run(SuiteRunnerWorker.java:96)
	at org.testng.TestNG.runSuitesSequentially(TestNG.java:1212)
	at org.testng.TestNG.runSuitesLocally(TestNG.java:1134)
	at org.testng.TestNG.runSuites(TestNG.java:1063)
	at org.testng.TestNG.run(TestNG.java:1031)
	at org.testng.remote.AbstractRemoteTestNG.run(AbstractRemoteTestNG.java:115)
	at org.testng.remote.RemoteTestNG.initAndRun(RemoteTestNG.java:251)
	at org.testng.remote.RemoteTestNG.main(RemoteTestNG.java:77)
</pre></div><a href='#' onClick='toggleBox("stack-trace1816522350", this, "Click to show all stack frames", "Click to hide stack frames")'>Click to show all stack frames</a>
<div class='stack-trace' id='stack-trace1816522350'><pre>io.testproject.sdk.internal.exceptions.AgentConnectException: Agent responded with status 500: [org.openqa.selenium.SessionNotCreatedException: Unable to create a new remote session. Please check the server log for more details. Original error: All non-standard capabilities should have a vendor prefix. The following capabilities did not have one: applicationName
Build info: version: &apos;3.141.59&apos;, revision: &apos;e82be7d358&apos;, time: &apos;2018-11-14T08:17:03&apos;
System info: host: &apos;KARNAN-LENOVO&apos;, ip: &apos;192.168.137.1&apos;, os.name: &apos;Windows 10&apos;, os.arch: &apos;amd64&apos;, os.version: &apos;10.0&apos;, java.version: &apos;13.0.1&apos;
Driver info: driver.version: IOSDriver
remote stacktrace: InvalidArgumentError: All non-standard capabilities should have a vendor prefix. The following capabilities did not have one: applicationName
    at parseCaps (C:\snapshot\appium\node_modules\@appium\base-driver\lib\basedriver\capabilities.js:155:11)
    at processCapabilities (C:\snapshot\appium\node_modules\@appium\base-driver\lib\basedriver\capabilities.js:212:43)
    at parseCapsForInnerDriver (C:\snapshot\appium\lib\utils.js:161:21)
    at AppiumDriver.createSession (C:\snapshot\appium\lib\appium.js:161:26)
    at commandExecutor (C:\snapshot\appium\node_modules\@appium\base-driver\lib\basedriver\driver.js:361:7)
    at AppiumDriver.executeCommand (C:\snapshot\appium\node_modules\@appium\base-driver\lib\basedriver\driver.js:375:15)
    at wrappedCmd (C:\snapshot\appium\lib\appium.js:504:28)
    at AppiumDriver.executeWrappedCommand (C:\snapshot\appium\lib\appium.js:571:22)
    at AppiumDriver.executeCommand (C:\snapshot\appium\lib\appium.js:515:28)
    at asyncHandler (C:\snapshot\appium\node_modules\@appium\base-driver\lib\protocol\protocol.js:287:34)
    at C:\snapshot\appium\node_modules\@appium\base-driver\lib\protocol\protocol.js:413:15
    at Layer.handle [as handle_request] (C:\snapshot\appium\node_modules\@appium\base-driver\node_modules\express\lib\router\layer.js:95:5)
    at next (C:\snapshot\appium\node_modules\@appium\base-driver\node_modules\express\lib\router\route.js:137:13)
    at Route.dispatch (C:\snapshot\appium\node_modules\@appium\base-driver\node_modules\express\lib\router\route.js:112:3)
    at Layer.handle [as handle_request] (C:\snapshot\appium\node_modules\@appium\base-driver\node_modules\express\lib\router\layer.js:95:5)
    at C:\snapshot\appium\node_modules\@appium\base-driver\node_modules\express\lib\router\index.js:281:22
    at Function.process_params (C:\snapshot\appium\node_modules\@appium\base-driver\node_modules\express\lib\router\index.js:335:12)
    at next (C:\snapshot\appium\node_modules\@appium\base-driver\node_modules\express\lib\router\index.js:275:10)
    at logger (C:\snapshot\appium\node_modules\@appium\base-driver\node_modules\morgan\index.js:144:5)
    at Layer.handle [as handle_request] (C:\snapshot\appium\node_modules\@appium\base-driver\node_modules\express\lib\router\layer.js:95:5)
    at trim_prefix (C:\snapshot\appium\node_modules\@appium\base-driver\node_modules\express\lib\router\index.js:317:13)
    at C:\snapshot\appium\node_modules\@appium\base-driver\node_modules\express\lib\router\index.js:284:7
    at Function.process_params (C:\snapshot\appium\node_modules\@appium\base-driver\node_modules\express\lib\router\index.js:335:12)
    at next (C:\snapshot\appium\node_modules\@appium\base-driver\node_modules\express\lib\router\index.js:275:10)
    at C:\snapshot\appium\node_modules\@appium\base-driver\node_modules\body-parser\lib\read.js:130:5
    at invokeCallback (C:\snapshot\appium\node_modules\@appium\base-driver\node_modules\raw-body\index.js:224:16)
    at done (C:\snapshot\appium\node_modules\@appium\base-driver\node_modules\raw-body\index.js:213:7)
    at IncomingMessage.onEnd (C:\snapshot\appium\node_modules\@appium\base-driver\node_modules\raw-body\index.js:273:7)
    at IncomingMessage.emit (events.js:412:35)
    at endReadableNT (internal/streams/readable.js:1334:12)
    at processTicksAndRejections (internal/process/task_queues.js:82:21)
Build info: version: &apos;3.141.59&apos;, revision: &apos;e82be7d358&apos;, time: &apos;2018-11-14T08:17:03&apos;
System info: host: &apos;KARNAN-LENOVO&apos;, ip: &apos;192.168.137.1&apos;, os.name: &apos;Windows 10&apos;, os.arch: &apos;amd64&apos;, os.version: &apos;10.0&apos;, java.version: &apos;13.0.1&apos;
Driver info: driver.version: IOSDriver]
	at io.testproject.sdk.internal.rest.AgentClient.handleSessionStartFailure(AgentClient.java:896)
	at io.testproject.sdk.internal.rest.AgentClient.startSession(AgentClient.java:695)
	at io.testproject.sdk.internal.rest.AgentClient.&lt;init&gt;(AgentClient.java:275)
	at io.testproject.sdk.internal.rest.AgentClient.getClient(AgentClient.java:547)
	at io.testproject.sdk.drivers.ios.IOSDriver.&lt;init&gt;(IOSDriver.java:727)
	at io.testproject.sdk.drivers.ios.IOSDriver.&lt;init&gt;(IOSDriver.java:692)
	at io.testproject.sdk.drivers.ios.IOSDriver.&lt;init&gt;(IOSDriver.java:339)
	at action.iOS_Test_Report.setup(iOS_Test_Report.java:68)
	at java.base/jdk.internal.reflect.NativeMethodAccessorImpl.invoke0(Native Method)
	at java.base/jdk.internal.reflect.NativeMethodAccessorImpl.invoke(NativeMethodAccessorImpl.java:62)
	at java.base/jdk.internal.reflect.DelegatingMethodAccessorImpl.invoke(DelegatingMethodAccessorImpl.java:43)
	at java.base/java.lang.reflect.Method.invoke(Method.java:567)
	at org.testng.internal.MethodInvocationHelper.invokeMethod(MethodInvocationHelper.java:133)
	at org.testng.internal.MethodInvocationHelper.invokeMethodConsideringTimeout(MethodInvocationHelper.java:62)
	at org.testng.internal.ConfigInvoker.invokeConfigurationMethod(ConfigInvoker.java:385)
	at org.testng.internal.ConfigInvoker.invokeConfigurations(ConfigInvoker.java:321)
	at org.testng.TestRunner.invokeTestConfigurations(TestRunner.java:637)
	at org.testng.TestRunner.beforeRun(TestRunner.java:627)
	at org.testng.TestRunner.run(TestRunner.java:589)
	at org.testng.SuiteRunner.runTest(SuiteRunner.java:377)
	at org.testng.SuiteRunner.runSequentially(SuiteRunner.java:371)
	at org.testng.SuiteRunner.privateRun(SuiteRunner.java:332)
	at org.testng.SuiteRunner.run(SuiteRunner.java:276)
	at org.testng.SuiteRunnerWorker.runSuite(SuiteRunnerWorker.java:53)
	at org.testng.SuiteRunnerWorker.run(SuiteRunnerWorker.java:96)
	at org.testng.TestNG.runSuitesSequentially(TestNG.java:1212)
	at org.testng.TestNG.runSuitesLocally(TestNG.java:1134)
	at org.testng.TestNG.runSuites(TestNG.java:1063)
	at org.testng.TestNG.run(TestNG.java:1031)
	at org.testng.remote.AbstractRemoteTestNG.run(AbstractRemoteTestNG.java:115)
	at org.testng.remote.RemoteTestNG.initAndRun(RemoteTestNG.java:251)
	at org.testng.remote.RemoteTestNG.main(RemoteTestNG.java:77)
</pre></div></td>
<td>0</td>
<td>testcase.Case1@4efbca5a</td></tr>
<tr>
<td title='testcase.Case1.Add_Reminders()'><b>Add_Reminders</b><br>Test class: testcase.Case1</td>
<td><div><pre>io.testproject.sdk.internal.exceptions.AgentConnectException: Agent responded with status 500: [org.openqa.selenium.SessionNotCreatedException: Unable to create a new remote session. Please check the server log for more details. Original error: All non-standard capabilities should have a vendor prefix. The following capabilities did not have one: applicationName
Build info: version: &apos;3.141.59&apos;, revision: &apos;e82be7d358&apos;, time: &apos;2018-11-14T08:17:03&apos;
System info: host: &apos;KARNAN-LENOVO&apos;, ip: &apos;192.168.137.1&apos;, os.name: &apos;Windows 10&apos;, os.arch: &apos;amd64&apos;, os.version: &apos;10.0&apos;, java.version: &apos;13.0.1&apos;
Driver info: driver.version: IOSDriver
remote stacktrace: InvalidArgumentError: All non-standard capabilities should have a vendor prefix. The following capabilities did not have one: applicationName
    at parseCaps (C:\snapshot\appium\node_modules\@appium\base-driver\lib\basedriver\capabilities.js:155:11)
    at processCapabilities (C:\snapshot\appium\node_modules\@appium\base-driver\lib\basedriver\capabilities.js:212:43)
    at parseCapsForInnerDriver (C:\snapshot\appium\lib\utils.js:161:21)
    at AppiumDriver.createSession (C:\snapshot\appium\lib\appium.js:161:26)
    at commandExecutor (C:\snapshot\appium\node_modules\@appium\base-driver\lib\basedriver\driver.js:361:7)
    at AppiumDriver.executeCommand (C:\snapshot\appium\node_modules\@appium\base-driver\lib\basedriver\driver.js:375:15)
    at wrappedCmd (C:\snapshot\appium\lib\appium.js:504:28)
    at AppiumDriver.executeWrappedCommand (C:\snapshot\appium\lib\appium.js:571:22)
    at AppiumDriver.executeCommand (C:\snapshot\appium\lib\appium.js:515:28)
    at asyncHandler (C:\snapshot\appium\node_modules\@appium\base-driver\lib\protocol\protocol.js:287:34)
    at C:\snapshot\appium\node_modules\@appium\base-driver\lib\protocol\protocol.js:413:15
    at Layer.handle [as handle_request] (C:\snapshot\appium\node_modules\@appium\base-driver\node_modules\express\lib\router\layer.js:95:5)
    at next (C:\snapshot\appium\node_modules\@appium\base-driver\node_modules\express\lib\router\route.js:137:13)
    at Route.dispatch (C:\snapshot\appium\node_modules\@appium\base-driver\node_modules\express\lib\router\route.js:112:3)
    at Layer.handle [as handle_request] (C:\snapshot\appium\node_modules\@appium\base-driver\node_modules\express\lib\router\layer.js:95:5)
    at C:\snapshot\appium\node_modules\@appium\base-driver\node_modules\express\lib\router\index.js:281:22
    at Function.process_params (C:\snapshot\appium\node_modules\@appium\base-driver\node_modules\express\lib\router\index.js:335:12)
    at next (C:\snapshot\appium\node_modules\@appium\base-driver\node_modules\express\lib\router\index.js:275:10)
    at logger (C:\snapshot\appium\node_modules\@appium\base-driver\node_modules\morgan\index.js:144:5)
    at Layer.handle [as handle_request] (C:\snapshot\appium\node_modules\@appium\base-driver\node_modules\express\lib\router\layer.js:95:5)
    at trim_prefix (C:\snapshot\appium\node_modules\@appium\base-driver\node_modules\express\lib\router\index.js:317:13)
    at C:\snapshot\appium\node_modules\@appium\base-driver\node_modules\express\lib\router\index.js:284:7
    at Function.process_params (C:\snapshot\appium\node_modules\@appium\base-driver\node_modules\express\lib\router\index.js:335:12)
    at next (C:\snapshot\appium\node_modules\@appium\base-driver\node_modules\express\lib\router\index.js:275:10)
    at C:\snapshot\appium\node_modules\@appium\base-driver\node_modules\body-parser\lib\read.js:130:5
    at invokeCallback (C:\snapshot\appium\node_modules\@appium\base-driver\node_modules\raw-body\index.js:224:16)
    at done (C:\snapshot\appium\node_modules\@appium\base-driver\node_modules\raw-body\index.js:213:7)
    at IncomingMessage.onEnd (C:\snapshot\appium\node_modules\@appium\base-driver\node_modules\raw-body\index.js:273:7)
    at IncomingMessage.emit (events.js:412:35)
    at endReadableNT (internal/streams/readable.js:1334:12)
    at processTicksAndRejections (internal/process/task_queues.js:82:21)
Build info: version: &apos;3.141.59&apos;, revision: &apos;e82be7d358&apos;, time: &apos;2018-11-14T08:17:03&apos;
System info: host: &apos;KARNAN-LENOVO&apos;, ip: &apos;192.168.137.1&apos;, os.name: &apos;Windows 10&apos;, os.arch: &apos;amd64&apos;, os.version: &apos;10.0&apos;, java.version: &apos;13.0.1&apos;
Driver info: driver.version: IOSDriver]
	at io.testproject.sdk.internal.rest.AgentClient.handleSessionStartFailure(AgentClient.java:896)
	at io.testproject.sdk.internal.rest.AgentClient.startSession(AgentClient.java:695)
	at io.testproject.sdk.internal.rest.AgentClient.&lt;init&gt;(AgentClient.java:275)
	at io.testproject.sdk.internal.rest.AgentClient.getClient(AgentClient.java:547)
	at io.testproject.sdk.drivers.ios.IOSDriver.&lt;init&gt;(IOSDriver.java:727)
	at io.testproject.sdk.drivers.ios.IOSDriver.&lt;init&gt;(IOSDriver.java:692)
	at io.testproject.sdk.drivers.ios.IOSDriver.&lt;init&gt;(IOSDriver.java:339)
	at action.iOS_Test_Report.setup(iOS_Test_Report.java:68)
	at java.base/jdk.internal.reflect.NativeMethodAccessorImpl.invoke0(Native Method)
	at java.base/jdk.internal.reflect.NativeMethodAccessorImpl.invoke(NativeMethodAccessorImpl.java:62)
	at java.base/jdk.internal.reflect.DelegatingMethodAccessorImpl.invoke(DelegatingMethodAccessorImpl.java:43)
	at java.base/java.lang.reflect.Method.invoke(Method.java:567)
	at org.testng.internal.MethodInvocationHelper.invokeMethod(MethodInvocationHelper.java:133)
	at org.testng.internal.MethodInvocationHelper.invokeMethodConsideringTimeout(MethodInvocationHelper.java:62)
	at org.testng.internal.ConfigInvoker.invokeConfigurationMethod(ConfigInvoker.java:385)
	at org.testng.internal.ConfigInvoker.invokeConfigurations(ConfigInvoker.java:321)
	at org.testng.TestRunner.invokeTestConfigurations(TestRunner.java:637)
	at org.testng.TestRunner.beforeRun(TestRunner.java:627)
	at org.testng.TestRunner.run(TestRunner.java:589)
	at org.testng.SuiteRunner.runTest(SuiteRunner.java:377)
	at org.testng.SuiteRunner.runSequentially(SuiteRunner.java:371)
	at org.testng.SuiteRunner.privateRun(SuiteRunner.java:332)
	at org.testng.SuiteRunner.run(SuiteRunner.java:276)
	at org.testng.SuiteRunnerWorker.runSuite(SuiteRunnerWorker.java:53)
	at org.testng.SuiteRunnerWorker.run(SuiteRunnerWorker.java:96)
	at org.testng.TestNG.runSuitesSequentially(TestNG.java:1212)
	at org.testng.TestNG.runSuitesLocally(TestNG.java:1134)
	at org.testng.TestNG.runSuites(TestNG.java:1063)
	at org.testng.TestNG.run(TestNG.java:1031)
	at org.testng.remote.AbstractRemoteTestNG.run(AbstractRemoteTestNG.java:115)
	at org.testng.remote.RemoteTestNG.initAndRun(RemoteTestNG.java:251)
	at org.testng.remote.RemoteTestNG.main(RemoteTestNG.java:77)
</pre></div><a href='#' onClick='toggleBox("stack-trace1799230133", this, "Click to show all stack frames", "Click to hide stack frames")'>Click to show all stack frames</a>
<div class='stack-trace' id='stack-trace1799230133'><pre>io.testproject.sdk.internal.exceptions.AgentConnectException: Agent responded with status 500: [org.openqa.selenium.SessionNotCreatedException: Unable to create a new remote session. Please check the server log for more details. Original error: All non-standard capabilities should have a vendor prefix. The following capabilities did not have one: applicationName
Build info: version: &apos;3.141.59&apos;, revision: &apos;e82be7d358&apos;, time: &apos;2018-11-14T08:17:03&apos;
System info: host: &apos;KARNAN-LENOVO&apos;, ip: &apos;192.168.137.1&apos;, os.name: &apos;Windows 10&apos;, os.arch: &apos;amd64&apos;, os.version: &apos;10.0&apos;, java.version: &apos;13.0.1&apos;
Driver info: driver.version: IOSDriver
remote stacktrace: InvalidArgumentError: All non-standard capabilities should have a vendor prefix. The following capabilities did not have one: applicationName
    at parseCaps (C:\snapshot\appium\node_modules\@appium\base-driver\lib\basedriver\capabilities.js:155:11)
    at processCapabilities (C:\snapshot\appium\node_modules\@appium\base-driver\lib\basedriver\capabilities.js:212:43)
    at parseCapsForInnerDriver (C:\snapshot\appium\lib\utils.js:161:21)
    at AppiumDriver.createSession (C:\snapshot\appium\lib\appium.js:161:26)
    at commandExecutor (C:\snapshot\appium\node_modules\@appium\base-driver\lib\basedriver\driver.js:361:7)
    at AppiumDriver.executeCommand (C:\snapshot\appium\node_modules\@appium\base-driver\lib\basedriver\driver.js:375:15)
    at wrappedCmd (C:\snapshot\appium\lib\appium.js:504:28)
    at AppiumDriver.executeWrappedCommand (C:\snapshot\appium\lib\appium.js:571:22)
    at AppiumDriver.executeCommand (C:\snapshot\appium\lib\appium.js:515:28)
    at asyncHandler (C:\snapshot\appium\node_modules\@appium\base-driver\lib\protocol\protocol.js:287:34)
    at C:\snapshot\appium\node_modules\@appium\base-driver\lib\protocol\protocol.js:413:15
    at Layer.handle [as handle_request] (C:\snapshot\appium\node_modules\@appium\base-driver\node_modules\express\lib\router\layer.js:95:5)
    at next (C:\snapshot\appium\node_modules\@appium\base-driver\node_modules\express\lib\router\route.js:137:13)
    at Route.dispatch (C:\snapshot\appium\node_modules\@appium\base-driver\node_modules\express\lib\router\route.js:112:3)
    at Layer.handle [as handle_request] (C:\snapshot\appium\node_modules\@appium\base-driver\node_modules\express\lib\router\layer.js:95:5)
    at C:\snapshot\appium\node_modules\@appium\base-driver\node_modules\express\lib\router\index.js:281:22
    at Function.process_params (C:\snapshot\appium\node_modules\@appium\base-driver\node_modules\express\lib\router\index.js:335:12)
    at next (C:\snapshot\appium\node_modules\@appium\base-driver\node_modules\express\lib\router\index.js:275:10)
    at logger (C:\snapshot\appium\node_modules\@appium\base-driver\node_modules\morgan\index.js:144:5)
    at Layer.handle [as handle_request] (C:\snapshot\appium\node_modules\@appium\base-driver\node_modules\express\lib\router\layer.js:95:5)
    at trim_prefix (C:\snapshot\appium\node_modules\@appium\base-driver\node_modules\express\lib\router\index.js:317:13)
    at C:\snapshot\appium\node_modules\@appium\base-driver\node_modules\express\lib\router\index.js:284:7
    at Function.process_params (C:\snapshot\appium\node_modules\@appium\base-driver\node_modules\express\lib\router\index.js:335:12)
    at next (C:\snapshot\appium\node_modules\@appium\base-driver\node_modules\express\lib\router\index.js:275:10)
    at C:\snapshot\appium\node_modules\@appium\base-driver\node_modules\body-parser\lib\read.js:130:5
    at invokeCallback (C:\snapshot\appium\node_modules\@appium\base-driver\node_modules\raw-body\index.js:224:16)
    at done (C:\snapshot\appium\node_modules\@appium\base-driver\node_modules\raw-body\index.js:213:7)
    at IncomingMessage.onEnd (C:\snapshot\appium\node_modules\@appium\base-driver\node_modules\raw-body\index.js:273:7)
    at IncomingMessage.emit (events.js:412:35)
    at endReadableNT (internal/streams/readable.js:1334:12)
    at processTicksAndRejections (internal/process/task_queues.js:82:21)
Build info: version: &apos;3.141.59&apos;, revision: &apos;e82be7d358&apos;, time: &apos;2018-11-14T08:17:03&apos;
System info: host: &apos;KARNAN-LENOVO&apos;, ip: &apos;192.168.137.1&apos;, os.name: &apos;Windows 10&apos;, os.arch: &apos;amd64&apos;, os.version: &apos;10.0&apos;, java.version: &apos;13.0.1&apos;
Driver info: driver.version: IOSDriver]
	at io.testproject.sdk.internal.rest.AgentClient.handleSessionStartFailure(AgentClient.java:896)
	at io.testproject.sdk.internal.rest.AgentClient.startSession(AgentClient.java:695)
	at io.testproject.sdk.internal.rest.AgentClient.&lt;init&gt;(AgentClient.java:275)
	at io.testproject.sdk.internal.rest.AgentClient.getClient(AgentClient.java:547)
	at io.testproject.sdk.drivers.ios.IOSDriver.&lt;init&gt;(IOSDriver.java:727)
	at io.testproject.sdk.drivers.ios.IOSDriver.&lt;init&gt;(IOSDriver.java:692)
	at io.testproject.sdk.drivers.ios.IOSDriver.&lt;init&gt;(IOSDriver.java:339)
	at action.iOS_Test_Report.setup(iOS_Test_Report.java:68)
	at java.base/jdk.internal.reflect.NativeMethodAccessorImpl.invoke0(Native Method)
	at java.base/jdk.internal.reflect.NativeMethodAccessorImpl.invoke(NativeMethodAccessorImpl.java:62)
	at java.base/jdk.internal.reflect.DelegatingMethodAccessorImpl.invoke(DelegatingMethodAccessorImpl.java:43)
	at java.base/java.lang.reflect.Method.invoke(Method.java:567)
	at org.testng.internal.MethodInvocationHelper.invokeMethod(MethodInvocationHelper.java:133)
	at org.testng.internal.MethodInvocationHelper.invokeMethodConsideringTimeout(MethodInvocationHelper.java:62)
	at org.testng.internal.ConfigInvoker.invokeConfigurationMethod(ConfigInvoker.java:385)
	at org.testng.internal.ConfigInvoker.invokeConfigurations(ConfigInvoker.java:321)
	at org.testng.TestRunner.invokeTestConfigurations(TestRunner.java:637)
	at org.testng.TestRunner.beforeRun(TestRunner.java:627)
	at org.testng.TestRunner.run(TestRunner.java:589)
	at org.testng.SuiteRunner.runTest(SuiteRunner.java:377)
	at org.testng.SuiteRunner.runSequentially(SuiteRunner.java:371)
	at org.testng.SuiteRunner.privateRun(SuiteRunner.java:332)
	at org.testng.SuiteRunner.run(SuiteRunner.java:276)
	at org.testng.SuiteRunnerWorker.runSuite(SuiteRunnerWorker.java:53)
	at org.testng.SuiteRunnerWorker.run(SuiteRunnerWorker.java:96)
	at org.testng.TestNG.runSuitesSequentially(TestNG.java:1212)
	at org.testng.TestNG.runSuitesLocally(TestNG.java:1134)
	at org.testng.TestNG.runSuites(TestNG.java:1063)
	at org.testng.TestNG.run(TestNG.java:1031)
	at org.testng.remote.AbstractRemoteTestNG.run(AbstractRemoteTestNG.java:115)
	at org.testng.remote.RemoteTestNG.initAndRun(RemoteTestNG.java:251)
	at org.testng.remote.RemoteTestNG.main(RemoteTestNG.java:77)
</pre></div></td>
<td>0</td>
<td>testcase.Case1@4efbca5a</td></tr>
<tr>
<td title='testcase.Case1.Add_Customer_Contact()'><b>Add_Customer_Contact</b><br>Test class: testcase.Case1</td>
<td><div><pre>io.testproject.sdk.internal.exceptions.AgentConnectException: Agent responded with status 500: [org.openqa.selenium.SessionNotCreatedException: Unable to create a new remote session. Please check the server log for more details. Original error: All non-standard capabilities should have a vendor prefix. The following capabilities did not have one: applicationName
Build info: version: &apos;3.141.59&apos;, revision: &apos;e82be7d358&apos;, time: &apos;2018-11-14T08:17:03&apos;
System info: host: &apos;KARNAN-LENOVO&apos;, ip: &apos;192.168.137.1&apos;, os.name: &apos;Windows 10&apos;, os.arch: &apos;amd64&apos;, os.version: &apos;10.0&apos;, java.version: &apos;13.0.1&apos;
Driver info: driver.version: IOSDriver
remote stacktrace: InvalidArgumentError: All non-standard capabilities should have a vendor prefix. The following capabilities did not have one: applicationName
    at parseCaps (C:\snapshot\appium\node_modules\@appium\base-driver\lib\basedriver\capabilities.js:155:11)
    at processCapabilities (C:\snapshot\appium\node_modules\@appium\base-driver\lib\basedriver\capabilities.js:212:43)
    at parseCapsForInnerDriver (C:\snapshot\appium\lib\utils.js:161:21)
    at AppiumDriver.createSession (C:\snapshot\appium\lib\appium.js:161:26)
    at commandExecutor (C:\snapshot\appium\node_modules\@appium\base-driver\lib\basedriver\driver.js:361:7)
    at AppiumDriver.executeCommand (C:\snapshot\appium\node_modules\@appium\base-driver\lib\basedriver\driver.js:375:15)
    at wrappedCmd (C:\snapshot\appium\lib\appium.js:504:28)
    at AppiumDriver.executeWrappedCommand (C:\snapshot\appium\lib\appium.js:571:22)
    at AppiumDriver.executeCommand (C:\snapshot\appium\lib\appium.js:515:28)
    at asyncHandler (C:\snapshot\appium\node_modules\@appium\base-driver\lib\protocol\protocol.js:287:34)
    at C:\snapshot\appium\node_modules\@appium\base-driver\lib\protocol\protocol.js:413:15
    at Layer.handle [as handle_request] (C:\snapshot\appium\node_modules\@appium\base-driver\node_modules\express\lib\router\layer.js:95:5)
    at next (C:\snapshot\appium\node_modules\@appium\base-driver\node_modules\express\lib\router\route.js:137:13)
    at Route.dispatch (C:\snapshot\appium\node_modules\@appium\base-driver\node_modules\express\lib\router\route.js:112:3)
    at Layer.handle [as handle_request] (C:\snapshot\appium\node_modules\@appium\base-driver\node_modules\express\lib\router\layer.js:95:5)
    at C:\snapshot\appium\node_modules\@appium\base-driver\node_modules\express\lib\router\index.js:281:22
    at Function.process_params (C:\snapshot\appium\node_modules\@appium\base-driver\node_modules\express\lib\router\index.js:335:12)
    at next (C:\snapshot\appium\node_modules\@appium\base-driver\node_modules\express\lib\router\index.js:275:10)
    at logger (C:\snapshot\appium\node_modules\@appium\base-driver\node_modules\morgan\index.js:144:5)
    at Layer.handle [as handle_request] (C:\snapshot\appium\node_modules\@appium\base-driver\node_modules\express\lib\router\layer.js:95:5)
    at trim_prefix (C:\snapshot\appium\node_modules\@appium\base-driver\node_modules\express\lib\router\index.js:317:13)
    at C:\snapshot\appium\node_modules\@appium\base-driver\node_modules\express\lib\router\index.js:284:7
    at Function.process_params (C:\snapshot\appium\node_modules\@appium\base-driver\node_modules\express\lib\router\index.js:335:12)
    at next (C:\snapshot\appium\node_modules\@appium\base-driver\node_modules\express\lib\router\index.js:275:10)
    at C:\snapshot\appium\node_modules\@appium\base-driver\node_modules\body-parser\lib\read.js:130:5
    at invokeCallback (C:\snapshot\appium\node_modules\@appium\base-driver\node_modules\raw-body\index.js:224:16)
    at done (C:\snapshot\appium\node_modules\@appium\base-driver\node_modules\raw-body\index.js:213:7)
    at IncomingMessage.onEnd (C:\snapshot\appium\node_modules\@appium\base-driver\node_modules\raw-body\index.js:273:7)
    at IncomingMessage.emit (events.js:412:35)
    at endReadableNT (internal/streams/readable.js:1334:12)
    at processTicksAndRejections (internal/process/task_queues.js:82:21)
Build info: version: &apos;3.141.59&apos;, revision: &apos;e82be7d358&apos;, time: &apos;2018-11-14T08:17:03&apos;
System info: host: &apos;KARNAN-LENOVO&apos;, ip: &apos;192.168.137.1&apos;, os.name: &apos;Windows 10&apos;, os.arch: &apos;amd64&apos;, os.version: &apos;10.0&apos;, java.version: &apos;13.0.1&apos;
Driver info: driver.version: IOSDriver]
	at io.testproject.sdk.internal.rest.AgentClient.handleSessionStartFailure(AgentClient.java:896)
	at io.testproject.sdk.internal.rest.AgentClient.startSession(AgentClient.java:695)
	at io.testproject.sdk.internal.rest.AgentClient.&lt;init&gt;(AgentClient.java:275)
	at io.testproject.sdk.internal.rest.AgentClient.getClient(AgentClient.java:547)
	at io.testproject.sdk.drivers.ios.IOSDriver.&lt;init&gt;(IOSDriver.java:727)
	at io.testproject.sdk.drivers.ios.IOSDriver.&lt;init&gt;(IOSDriver.java:692)
	at io.testproject.sdk.drivers.ios.IOSDriver.&lt;init&gt;(IOSDriver.java:339)
	at action.iOS_Test_Report.setup(iOS_Test_Report.java:68)
	at java.base/jdk.internal.reflect.NativeMethodAccessorImpl.invoke0(Native Method)
	at java.base/jdk.internal.reflect.NativeMethodAccessorImpl.invoke(NativeMethodAccessorImpl.java:62)
	at java.base/jdk.internal.reflect.DelegatingMethodAccessorImpl.invoke(DelegatingMethodAccessorImpl.java:43)
	at java.base/java.lang.reflect.Method.invoke(Method.java:567)
	at org.testng.internal.MethodInvocationHelper.invokeMethod(MethodInvocationHelper.java:133)
	at org.testng.internal.MethodInvocationHelper.invokeMethodConsideringTimeout(MethodInvocationHelper.java:62)
	at org.testng.internal.ConfigInvoker.invokeConfigurationMethod(ConfigInvoker.java:385)
	at org.testng.internal.ConfigInvoker.invokeConfigurations(ConfigInvoker.java:321)
	at org.testng.TestRunner.invokeTestConfigurations(TestRunner.java:637)
	at org.testng.TestRunner.beforeRun(TestRunner.java:627)
	at org.testng.TestRunner.run(TestRunner.java:589)
	at org.testng.SuiteRunner.runTest(SuiteRunner.java:377)
	at org.testng.SuiteRunner.runSequentially(SuiteRunner.java:371)
	at org.testng.SuiteRunner.privateRun(SuiteRunner.java:332)
	at org.testng.SuiteRunner.run(SuiteRunner.java:276)
	at org.testng.SuiteRunnerWorker.runSuite(SuiteRunnerWorker.java:53)
	at org.testng.SuiteRunnerWorker.run(SuiteRunnerWorker.java:96)
	at org.testng.TestNG.runSuitesSequentially(TestNG.java:1212)
	at org.testng.TestNG.runSuitesLocally(TestNG.java:1134)
	at org.testng.TestNG.runSuites(TestNG.java:1063)
	at org.testng.TestNG.run(TestNG.java:1031)
	at org.testng.remote.AbstractRemoteTestNG.run(AbstractRemoteTestNG.java:115)
	at org.testng.remote.RemoteTestNG.initAndRun(RemoteTestNG.java:251)
	at org.testng.remote.RemoteTestNG.main(RemoteTestNG.java:77)
</pre></div><a href='#' onClick='toggleBox("stack-trace902860396", this, "Click to show all stack frames", "Click to hide stack frames")'>Click to show all stack frames</a>
<div class='stack-trace' id='stack-trace902860396'><pre>io.testproject.sdk.internal.exceptions.AgentConnectException: Agent responded with status 500: [org.openqa.selenium.SessionNotCreatedException: Unable to create a new remote session. Please check the server log for more details. Original error: All non-standard capabilities should have a vendor prefix. The following capabilities did not have one: applicationName
Build info: version: &apos;3.141.59&apos;, revision: &apos;e82be7d358&apos;, time: &apos;2018-11-14T08:17:03&apos;
System info: host: &apos;KARNAN-LENOVO&apos;, ip: &apos;192.168.137.1&apos;, os.name: &apos;Windows 10&apos;, os.arch: &apos;amd64&apos;, os.version: &apos;10.0&apos;, java.version: &apos;13.0.1&apos;
Driver info: driver.version: IOSDriver
remote stacktrace: InvalidArgumentError: All non-standard capabilities should have a vendor prefix. The following capabilities did not have one: applicationName
    at parseCaps (C:\snapshot\appium\node_modules\@appium\base-driver\lib\basedriver\capabilities.js:155:11)
    at processCapabilities (C:\snapshot\appium\node_modules\@appium\base-driver\lib\basedriver\capabilities.js:212:43)
    at parseCapsForInnerDriver (C:\snapshot\appium\lib\utils.js:161:21)
    at AppiumDriver.createSession (C:\snapshot\appium\lib\appium.js:161:26)
    at commandExecutor (C:\snapshot\appium\node_modules\@appium\base-driver\lib\basedriver\driver.js:361:7)
    at AppiumDriver.executeCommand (C:\snapshot\appium\node_modules\@appium\base-driver\lib\basedriver\driver.js:375:15)
    at wrappedCmd (C:\snapshot\appium\lib\appium.js:504:28)
    at AppiumDriver.executeWrappedCommand (C:\snapshot\appium\lib\appium.js:571:22)
    at AppiumDriver.executeCommand (C:\snapshot\appium\lib\appium.js:515:28)
    at asyncHandler (C:\snapshot\appium\node_modules\@appium\base-driver\lib\protocol\protocol.js:287:34)
    at C:\snapshot\appium\node_modules\@appium\base-driver\lib\protocol\protocol.js:413:15
    at Layer.handle [as handle_request] (C:\snapshot\appium\node_modules\@appium\base-driver\node_modules\express\lib\router\layer.js:95:5)
    at next (C:\snapshot\appium\node_modules\@appium\base-driver\node_modules\express\lib\router\route.js:137:13)
    at Route.dispatch (C:\snapshot\appium\node_modules\@appium\base-driver\node_modules\express\lib\router\route.js:112:3)
    at Layer.handle [as handle_request] (C:\snapshot\appium\node_modules\@appium\base-driver\node_modules\express\lib\router\layer.js:95:5)
    at C:\snapshot\appium\node_modules\@appium\base-driver\node_modules\express\lib\router\index.js:281:22
    at Function.process_params (C:\snapshot\appium\node_modules\@appium\base-driver\node_modules\express\lib\router\index.js:335:12)
    at next (C:\snapshot\appium\node_modules\@appium\base-driver\node_modules\express\lib\router\index.js:275:10)
    at logger (C:\snapshot\appium\node_modules\@appium\base-driver\node_modules\morgan\index.js:144:5)
    at Layer.handle [as handle_request] (C:\snapshot\appium\node_modules\@appium\base-driver\node_modules\express\lib\router\layer.js:95:5)
    at trim_prefix (C:\snapshot\appium\node_modules\@appium\base-driver\node_modules\express\lib\router\index.js:317:13)
    at C:\snapshot\appium\node_modules\@appium\base-driver\node_modules\express\lib\router\index.js:284:7
    at Function.process_params (C:\snapshot\appium\node_modules\@appium\base-driver\node_modules\express\lib\router\index.js:335:12)
    at next (C:\snapshot\appium\node_modules\@appium\base-driver\node_modules\express\lib\router\index.js:275:10)
    at C:\snapshot\appium\node_modules\@appium\base-driver\node_modules\body-parser\lib\read.js:130:5
    at invokeCallback (C:\snapshot\appium\node_modules\@appium\base-driver\node_modules\raw-body\index.js:224:16)
    at done (C:\snapshot\appium\node_modules\@appium\base-driver\node_modules\raw-body\index.js:213:7)
    at IncomingMessage.onEnd (C:\snapshot\appium\node_modules\@appium\base-driver\node_modules\raw-body\index.js:273:7)
    at IncomingMessage.emit (events.js:412:35)
    at endReadableNT (internal/streams/readable.js:1334:12)
    at processTicksAndRejections (internal/process/task_queues.js:82:21)
Build info: version: &apos;3.141.59&apos;, revision: &apos;e82be7d358&apos;, time: &apos;2018-11-14T08:17:03&apos;
System info: host: &apos;KARNAN-LENOVO&apos;, ip: &apos;192.168.137.1&apos;, os.name: &apos;Windows 10&apos;, os.arch: &apos;amd64&apos;, os.version: &apos;10.0&apos;, java.version: &apos;13.0.1&apos;
Driver info: driver.version: IOSDriver]
	at io.testproject.sdk.internal.rest.AgentClient.handleSessionStartFailure(AgentClient.java:896)
	at io.testproject.sdk.internal.rest.AgentClient.startSession(AgentClient.java:695)
	at io.testproject.sdk.internal.rest.AgentClient.&lt;init&gt;(AgentClient.java:275)
	at io.testproject.sdk.internal.rest.AgentClient.getClient(AgentClient.java:547)
	at io.testproject.sdk.drivers.ios.IOSDriver.&lt;init&gt;(IOSDriver.java:727)
	at io.testproject.sdk.drivers.ios.IOSDriver.&lt;init&gt;(IOSDriver.java:692)
	at io.testproject.sdk.drivers.ios.IOSDriver.&lt;init&gt;(IOSDriver.java:339)
	at action.iOS_Test_Report.setup(iOS_Test_Report.java:68)
	at java.base/jdk.internal.reflect.NativeMethodAccessorImpl.invoke0(Native Method)
	at java.base/jdk.internal.reflect.NativeMethodAccessorImpl.invoke(NativeMethodAccessorImpl.java:62)
	at java.base/jdk.internal.reflect.DelegatingMethodAccessorImpl.invoke(DelegatingMethodAccessorImpl.java:43)
	at java.base/java.lang.reflect.Method.invoke(Method.java:567)
	at org.testng.internal.MethodInvocationHelper.invokeMethod(MethodInvocationHelper.java:133)
	at org.testng.internal.MethodInvocationHelper.invokeMethodConsideringTimeout(MethodInvocationHelper.java:62)
	at org.testng.internal.ConfigInvoker.invokeConfigurationMethod(ConfigInvoker.java:385)
	at org.testng.internal.ConfigInvoker.invokeConfigurations(ConfigInvoker.java:321)
	at org.testng.TestRunner.invokeTestConfigurations(TestRunner.java:637)
	at org.testng.TestRunner.beforeRun(TestRunner.java:627)
	at org.testng.TestRunner.run(TestRunner.java:589)
	at org.testng.SuiteRunner.runTest(SuiteRunner.java:377)
	at org.testng.SuiteRunner.runSequentially(SuiteRunner.java:371)
	at org.testng.SuiteRunner.privateRun(SuiteRunner.java:332)
	at org.testng.SuiteRunner.run(SuiteRunner.java:276)
	at org.testng.SuiteRunnerWorker.runSuite(SuiteRunnerWorker.java:53)
	at org.testng.SuiteRunnerWorker.run(SuiteRunnerWorker.java:96)
	at org.testng.TestNG.runSuitesSequentially(TestNG.java:1212)
	at org.testng.TestNG.runSuitesLocally(TestNG.java:1134)
	at org.testng.TestNG.runSuites(TestNG.java:1063)
	at org.testng.TestNG.run(TestNG.java:1031)
	at org.testng.remote.AbstractRemoteTestNG.run(AbstractRemoteTestNG.java:115)
	at org.testng.remote.RemoteTestNG.initAndRun(RemoteTestNG.java:251)
	at org.testng.remote.RemoteTestNG.main(RemoteTestNG.java:77)
</pre></div></td>
<td>0</td>
<td>testcase.Case1@4efbca5a</td></tr>
<tr>
<td title='testcase.Case1.Diary_Estimate_Accept()'><b>Diary_Estimate_Accept</b><br>Test class: testcase.Case1</td>
<td><div><pre>io.testproject.sdk.internal.exceptions.AgentConnectException: Agent responded with status 500: [org.openqa.selenium.SessionNotCreatedException: Unable to create a new remote session. Please check the server log for more details. Original error: All non-standard capabilities should have a vendor prefix. The following capabilities did not have one: applicationName
Build info: version: &apos;3.141.59&apos;, revision: &apos;e82be7d358&apos;, time: &apos;2018-11-14T08:17:03&apos;
System info: host: &apos;KARNAN-LENOVO&apos;, ip: &apos;192.168.137.1&apos;, os.name: &apos;Windows 10&apos;, os.arch: &apos;amd64&apos;, os.version: &apos;10.0&apos;, java.version: &apos;13.0.1&apos;
Driver info: driver.version: IOSDriver
remote stacktrace: InvalidArgumentError: All non-standard capabilities should have a vendor prefix. The following capabilities did not have one: applicationName
    at parseCaps (C:\snapshot\appium\node_modules\@appium\base-driver\lib\basedriver\capabilities.js:155:11)
    at processCapabilities (C:\snapshot\appium\node_modules\@appium\base-driver\lib\basedriver\capabilities.js:212:43)
    at parseCapsForInnerDriver (C:\snapshot\appium\lib\utils.js:161:21)
    at AppiumDriver.createSession (C:\snapshot\appium\lib\appium.js:161:26)
    at commandExecutor (C:\snapshot\appium\node_modules\@appium\base-driver\lib\basedriver\driver.js:361:7)
    at AppiumDriver.executeCommand (C:\snapshot\appium\node_modules\@appium\base-driver\lib\basedriver\driver.js:375:15)
    at wrappedCmd (C:\snapshot\appium\lib\appium.js:504:28)
    at AppiumDriver.executeWrappedCommand (C:\snapshot\appium\lib\appium.js:571:22)
    at AppiumDriver.executeCommand (C:\snapshot\appium\lib\appium.js:515:28)
    at asyncHandler (C:\snapshot\appium\node_modules\@appium\base-driver\lib\protocol\protocol.js:287:34)
    at C:\snapshot\appium\node_modules\@appium\base-driver\lib\protocol\protocol.js:413:15
    at Layer.handle [as handle_request] (C:\snapshot\appium\node_modules\@appium\base-driver\node_modules\express\lib\router\layer.js:95:5)
    at next (C:\snapshot\appium\node_modules\@appium\base-driver\node_modules\express\lib\router\route.js:137:13)
    at Route.dispatch (C:\snapshot\appium\node_modules\@appium\base-driver\node_modules\express\lib\router\route.js:112:3)
    at Layer.handle [as handle_request] (C:\snapshot\appium\node_modules\@appium\base-driver\node_modules\express\lib\router\layer.js:95:5)
    at C:\snapshot\appium\node_modules\@appium\base-driver\node_modules\express\lib\router\index.js:281:22
    at Function.process_params (C:\snapshot\appium\node_modules\@appium\base-driver\node_modules\express\lib\router\index.js:335:12)
    at next (C:\snapshot\appium\node_modules\@appium\base-driver\node_modules\express\lib\router\index.js:275:10)
    at logger (C:\snapshot\appium\node_modules\@appium\base-driver\node_modules\morgan\index.js:144:5)
    at Layer.handle [as handle_request] (C:\snapshot\appium\node_modules\@appium\base-driver\node_modules\express\lib\router\layer.js:95:5)
    at trim_prefix (C:\snapshot\appium\node_modules\@appium\base-driver\node_modules\express\lib\router\index.js:317:13)
    at C:\snapshot\appium\node_modules\@appium\base-driver\node_modules\express\lib\router\index.js:284:7
    at Function.process_params (C:\snapshot\appium\node_modules\@appium\base-driver\node_modules\express\lib\router\index.js:335:12)
    at next (C:\snapshot\appium\node_modules\@appium\base-driver\node_modules\express\lib\router\index.js:275:10)
    at C:\snapshot\appium\node_modules\@appium\base-driver\node_modules\body-parser\lib\read.js:130:5
    at invokeCallback (C:\snapshot\appium\node_modules\@appium\base-driver\node_modules\raw-body\index.js:224:16)
    at done (C:\snapshot\appium\node_modules\@appium\base-driver\node_modules\raw-body\index.js:213:7)
    at IncomingMessage.onEnd (C:\snapshot\appium\node_modules\@appium\base-driver\node_modules\raw-body\index.js:273:7)
    at IncomingMessage.emit (events.js:412:35)
    at endReadableNT (internal/streams/readable.js:1334:12)
    at processTicksAndRejections (internal/process/task_queues.js:82:21)
Build info: version: &apos;3.141.59&apos;, revision: &apos;e82be7d358&apos;, time: &apos;2018-11-14T08:17:03&apos;
System info: host: &apos;KARNAN-LENOVO&apos;, ip: &apos;192.168.137.1&apos;, os.name: &apos;Windows 10&apos;, os.arch: &apos;amd64&apos;, os.version: &apos;10.0&apos;, java.version: &apos;13.0.1&apos;
Driver info: driver.version: IOSDriver]
	at io.testproject.sdk.internal.rest.AgentClient.handleSessionStartFailure(AgentClient.java:896)
	at io.testproject.sdk.internal.rest.AgentClient.startSession(AgentClient.java:695)
	at io.testproject.sdk.internal.rest.AgentClient.&lt;init&gt;(AgentClient.java:275)
	at io.testproject.sdk.internal.rest.AgentClient.getClient(AgentClient.java:547)
	at io.testproject.sdk.drivers.ios.IOSDriver.&lt;init&gt;(IOSDriver.java:727)
	at io.testproject.sdk.drivers.ios.IOSDriver.&lt;init&gt;(IOSDriver.java:692)
	at io.testproject.sdk.drivers.ios.IOSDriver.&lt;init&gt;(IOSDriver.java:339)
	at action.iOS_Test_Report.setup(iOS_Test_Report.java:68)
	at java.base/jdk.internal.reflect.NativeMethodAccessorImpl.invoke0(Native Method)
	at java.base/jdk.internal.reflect.NativeMethodAccessorImpl.invoke(NativeMethodAccessorImpl.java:62)
	at java.base/jdk.internal.reflect.DelegatingMethodAccessorImpl.invoke(DelegatingMethodAccessorImpl.java:43)
	at java.base/java.lang.reflect.Method.invoke(Method.java:567)
	at org.testng.internal.MethodInvocationHelper.invokeMethod(MethodInvocationHelper.java:133)
	at org.testng.internal.MethodInvocationHelper.invokeMethodConsideringTimeout(MethodInvocationHelper.java:62)
	at org.testng.internal.ConfigInvoker.invokeConfigurationMethod(ConfigInvoker.java:385)
	at org.testng.internal.ConfigInvoker.invokeConfigurations(ConfigInvoker.java:321)
	at org.testng.TestRunner.invokeTestConfigurations(TestRunner.java:637)
	at org.testng.TestRunner.beforeRun(TestRunner.java:627)
	at org.testng.TestRunner.run(TestRunner.java:589)
	at org.testng.SuiteRunner.runTest(SuiteRunner.java:377)
	at org.testng.SuiteRunner.runSequentially(SuiteRunner.java:371)
	at org.testng.SuiteRunner.privateRun(SuiteRunner.java:332)
	at org.testng.SuiteRunner.run(SuiteRunner.java:276)
	at org.testng.SuiteRunnerWorker.runSuite(SuiteRunnerWorker.java:53)
	at org.testng.SuiteRunnerWorker.run(SuiteRunnerWorker.java:96)
	at org.testng.TestNG.runSuitesSequentially(TestNG.java:1212)
	at org.testng.TestNG.runSuitesLocally(TestNG.java:1134)
	at org.testng.TestNG.runSuites(TestNG.java:1063)
	at org.testng.TestNG.run(TestNG.java:1031)
	at org.testng.remote.AbstractRemoteTestNG.run(AbstractRemoteTestNG.java:115)
	at org.testng.remote.RemoteTestNG.initAndRun(RemoteTestNG.java:251)
	at org.testng.remote.RemoteTestNG.main(RemoteTestNG.java:77)
</pre></div><a href='#' onClick='toggleBox("stack-trace1521238608", this, "Click to show all stack frames", "Click to hide stack frames")'>Click to show all stack frames</a>
<div class='stack-trace' id='stack-trace1521238608'><pre>io.testproject.sdk.internal.exceptions.AgentConnectException: Agent responded with status 500: [org.openqa.selenium.SessionNotCreatedException: Unable to create a new remote session. Please check the server log for more details. Original error: All non-standard capabilities should have a vendor prefix. The following capabilities did not have one: applicationName
Build info: version: &apos;3.141.59&apos;, revision: &apos;e82be7d358&apos;, time: &apos;2018-11-14T08:17:03&apos;
System info: host: &apos;KARNAN-LENOVO&apos;, ip: &apos;192.168.137.1&apos;, os.name: &apos;Windows 10&apos;, os.arch: &apos;amd64&apos;, os.version: &apos;10.0&apos;, java.version: &apos;13.0.1&apos;
Driver info: driver.version: IOSDriver
remote stacktrace: InvalidArgumentError: All non-standard capabilities should have a vendor prefix. The following capabilities did not have one: applicationName
    at parseCaps (C:\snapshot\appium\node_modules\@appium\base-driver\lib\basedriver\capabilities.js:155:11)
    at processCapabilities (C:\snapshot\appium\node_modules\@appium\base-driver\lib\basedriver\capabilities.js:212:43)
    at parseCapsForInnerDriver (C:\snapshot\appium\lib\utils.js:161:21)
    at AppiumDriver.createSession (C:\snapshot\appium\lib\appium.js:161:26)
    at commandExecutor (C:\snapshot\appium\node_modules\@appium\base-driver\lib\basedriver\driver.js:361:7)
    at AppiumDriver.executeCommand (C:\snapshot\appium\node_modules\@appium\base-driver\lib\basedriver\driver.js:375:15)
    at wrappedCmd (C:\snapshot\appium\lib\appium.js:504:28)
    at AppiumDriver.executeWrappedCommand (C:\snapshot\appium\lib\appium.js:571:22)
    at AppiumDriver.executeCommand (C:\snapshot\appium\lib\appium.js:515:28)
    at asyncHandler (C:\snapshot\appium\node_modules\@appium\base-driver\lib\protocol\protocol.js:287:34)
    at C:\snapshot\appium\node_modules\@appium\base-driver\lib\protocol\protocol.js:413:15
    at Layer.handle [as handle_request] (C:\snapshot\appium\node_modules\@appium\base-driver\node_modules\express\lib\router\layer.js:95:5)
    at next (C:\snapshot\appium\node_modules\@appium\base-driver\node_modules\express\lib\router\route.js:137:13)
    at Route.dispatch (C:\snapshot\appium\node_modules\@appium\base-driver\node_modules\express\lib\router\route.js:112:3)
    at Layer.handle [as handle_request] (C:\snapshot\appium\node_modules\@appium\base-driver\node_modules\express\lib\router\layer.js:95:5)
    at C:\snapshot\appium\node_modules\@appium\base-driver\node_modules\express\lib\router\index.js:281:22
    at Function.process_params (C:\snapshot\appium\node_modules\@appium\base-driver\node_modules\express\lib\router\index.js:335:12)
    at next (C:\snapshot\appium\node_modules\@appium\base-driver\node_modules\express\lib\router\index.js:275:10)
    at logger (C:\snapshot\appium\node_modules\@appium\base-driver\node_modules\morgan\index.js:144:5)
    at Layer.handle [as handle_request] (C:\snapshot\appium\node_modules\@appium\base-driver\node_modules\express\lib\router\layer.js:95:5)
    at trim_prefix (C:\snapshot\appium\node_modules\@appium\base-driver\node_modules\express\lib\router\index.js:317:13)
    at C:\snapshot\appium\node_modules\@appium\base-driver\node_modules\express\lib\router\index.js:284:7
    at Function.process_params (C:\snapshot\appium\node_modules\@appium\base-driver\node_modules\express\lib\router\index.js:335:12)
    at next (C:\snapshot\appium\node_modules\@appium\base-driver\node_modules\express\lib\router\index.js:275:10)
    at C:\snapshot\appium\node_modules\@appium\base-driver\node_modules\body-parser\lib\read.js:130:5
    at invokeCallback (C:\snapshot\appium\node_modules\@appium\base-driver\node_modules\raw-body\index.js:224:16)
    at done (C:\snapshot\appium\node_modules\@appium\base-driver\node_modules\raw-body\index.js:213:7)
    at IncomingMessage.onEnd (C:\snapshot\appium\node_modules\@appium\base-driver\node_modules\raw-body\index.js:273:7)
    at IncomingMessage.emit (events.js:412:35)
    at endReadableNT (internal/streams/readable.js:1334:12)
    at processTicksAndRejections (internal/process/task_queues.js:82:21)
Build info: version: &apos;3.141.59&apos;, revision: &apos;e82be7d358&apos;, time: &apos;2018-11-14T08:17:03&apos;
System info: host: &apos;KARNAN-LENOVO&apos;, ip: &apos;192.168.137.1&apos;, os.name: &apos;Windows 10&apos;, os.arch: &apos;amd64&apos;, os.version: &apos;10.0&apos;, java.version: &apos;13.0.1&apos;
Driver info: driver.version: IOSDriver]
	at io.testproject.sdk.internal.rest.AgentClient.handleSessionStartFailure(AgentClient.java:896)
	at io.testproject.sdk.internal.rest.AgentClient.startSession(AgentClient.java:695)
	at io.testproject.sdk.internal.rest.AgentClient.&lt;init&gt;(AgentClient.java:275)
	at io.testproject.sdk.internal.rest.AgentClient.getClient(AgentClient.java:547)
	at io.testproject.sdk.drivers.ios.IOSDriver.&lt;init&gt;(IOSDriver.java:727)
	at io.testproject.sdk.drivers.ios.IOSDriver.&lt;init&gt;(IOSDriver.java:692)
	at io.testproject.sdk.drivers.ios.IOSDriver.&lt;init&gt;(IOSDriver.java:339)
	at action.iOS_Test_Report.setup(iOS_Test_Report.java:68)
	at java.base/jdk.internal.reflect.NativeMethodAccessorImpl.invoke0(Native Method)
	at java.base/jdk.internal.reflect.NativeMethodAccessorImpl.invoke(NativeMethodAccessorImpl.java:62)
	at java.base/jdk.internal.reflect.DelegatingMethodAccessorImpl.invoke(DelegatingMethodAccessorImpl.java:43)
	at java.base/java.lang.reflect.Method.invoke(Method.java:567)
	at org.testng.internal.MethodInvocationHelper.invokeMethod(MethodInvocationHelper.java:133)
	at org.testng.internal.MethodInvocationHelper.invokeMethodConsideringTimeout(MethodInvocationHelper.java:62)
	at org.testng.internal.ConfigInvoker.invokeConfigurationMethod(ConfigInvoker.java:385)
	at org.testng.internal.ConfigInvoker.invokeConfigurations(ConfigInvoker.java:321)
	at org.testng.TestRunner.invokeTestConfigurations(TestRunner.java:637)
	at org.testng.TestRunner.beforeRun(TestRunner.java:627)
	at org.testng.TestRunner.run(TestRunner.java:589)
	at org.testng.SuiteRunner.runTest(SuiteRunner.java:377)
	at org.testng.SuiteRunner.runSequentially(SuiteRunner.java:371)
	at org.testng.SuiteRunner.privateRun(SuiteRunner.java:332)
	at org.testng.SuiteRunner.run(SuiteRunner.java:276)
	at org.testng.SuiteRunnerWorker.runSuite(SuiteRunnerWorker.java:53)
	at org.testng.SuiteRunnerWorker.run(SuiteRunnerWorker.java:96)
	at org.testng.TestNG.runSuitesSequentially(TestNG.java:1212)
	at org.testng.TestNG.runSuitesLocally(TestNG.java:1134)
	at org.testng.TestNG.runSuites(TestNG.java:1063)
	at org.testng.TestNG.run(TestNG.java:1031)
	at org.testng.remote.AbstractRemoteTestNG.run(AbstractRemoteTestNG.java:115)
	at org.testng.remote.RemoteTestNG.initAndRun(RemoteTestNG.java:251)
	at org.testng.remote.RemoteTestNG.main(RemoteTestNG.java:77)
</pre></div></td>
<td>0</td>
<td>testcase.Case1@4efbca5a</td></tr>
</table><p>
</body>
</html>