<?xml version="1.0" encoding="UTF-8"?>
<!-- Generated by org.testng.reporters.JUnitXMLReporter -->
<testsuite ignored="0" hostname="Karnan-Lenovo" failures="0" tests="10" name="Default test" time="49.216" errors="0" timestamp="2022-03-22T18:22:23 IST">
  <testcase classname="action.iOS_Test_Report" name="@BeforeTest setup" time="49.076">
    <failure type="io.testproject.sdk.internal.exceptions.AgentConnectException" message="Agent responded with status 500: [org.openqa.selenium.SessionNotCreatedException: Unable to create a new remote session. Please check the server log for more details. Original error: All non-standard capabilities should have a vendor prefix. The following capabilities did not have one: applicationName
Build info: version: &amp;apos;3.141.59&amp;apos;, revision: &amp;apos;e82be7d358&amp;apos;, time: &amp;apos;2018-11-14T08:17:03&amp;apos;
System info: host: &amp;apos;KARNAN-LENOVO&amp;apos;, ip: &amp;apos;192.168.137.1&amp;apos;, os.name: &amp;apos;Windows 10&amp;apos;, os.arch: &amp;apos;amd64&amp;apos;, os.version: &amp;apos;10.0&amp;apos;, java.version: &amp;apos;13.0.1&amp;apos;
Driver info: driver.version: IOSDriver
remote stacktrace: InvalidArgumentError: All non-standard capabilities should have a vendor prefix. The following capabilities did not have one: applicationName
    at parseCaps (C:\snapshot\appium\node_modules\@appium\base-driver\lib\basedriver\capabilities.js:155:11)
    at processCapabilities (C:\snapshot\appium\node_modules\@appium\base-driver\lib\basedriver\capabilities.js:212:43)
    at parseCapsForInnerDriver (C:\snapshot\appium\lib\utils.js:161:21)
    at AppiumDriver.createSession (C:\snapshot\appium\lib\appium.js:161:26)
    at commandExecutor (C:\snapshot\appium\node_modules\@appium\base-driver\lib\basedriver\driver.js:361:7)
    at AppiumDriver.executeCommand (C:\snapshot\appium\node_modules\@appium\base-driver\lib\basedriver\driver.js:375:15)
    at wrappedCmd (C:\snapshot\appium\lib\appium.js:504:28)
    at AppiumDriver.executeWrappedCommand (C:\snapshot\appium\lib\appium.js:571:22)
    at AppiumDriver.executeCommand (C:\snapshot\appium\lib\appium.js:515:28)
    at asyncHandler (C:\snapshot\appium\node_modules\@appium\base-driver\lib\protocol\protocol.js:287:34)
    at C:\snapshot\appium\node_modules\@appium\base-driver\lib\protocol\protocol.js:413:15
    at Layer.handle [as handle_request] (C:\snapshot\appium\node_modules\@appium\base-driver\node_modules\express\lib\router\layer.js:95:5)
    at next (C:\snapshot\appium\node_modules\@appium\base-driver\node_modules\express\lib\router\route.js:137:13)
    at Route.dispatch (C:\snapshot\appium\node_modules\@appium\base-driver\node_modules\express\lib\router\route.js:112:3)
    at Layer.handle [as handle_request] (C:\snapshot\appium\node_modules\@appium\base-driver\node_modules\express\lib\router\layer.js:95:5)
    at C:\snapshot\appium\node_modules\@appium\base-driver\node_modules\express\lib\router\index.js:281:22
    at Function.process_params (C:\snapshot\appium\node_modules\@appium\base-driver\node_modules\express\lib\router\index.js:335:12)
    at next (C:\snapshot\appium\node_modules\@appium\base-driver\node_modules\express\lib\router\index.js:275:10)
    at logger (C:\snapshot\appium\node_modules\@appium\base-driver\node_modules\morgan\index.js:144:5)
    at Layer.handle [as handle_request] (C:\snapshot\appium\node_modules\@appium\base-driver\node_modules\express\lib\router\layer.js:95:5)
    at trim_prefix (C:\snapshot\appium\node_modules\@appium\base-driver\node_modules\express\lib\router\index.js:317:13)
    at C:\snapshot\appium\node_modules\@appium\base-driver\node_modules\express\lib\router\index.js:284:7
    at Function.process_params (C:\snapshot\appium\node_modules\@appium\base-driver\node_modules\express\lib\router\index.js:335:12)
    at next (C:\snapshot\appium\node_modules\@appium\base-driver\node_modules\express\lib\router\index.js:275:10)
    at C:\snapshot\appium\node_modules\@appium\base-driver\node_modules\body-parser\lib\read.js:130:5
    at invokeCallback (C:\snapshot\appium\node_modules\@appium\base-driver\node_modules\raw-body\index.js:224:16)
    at done (C:\snapshot\appium\node_modules\@appium\base-driver\node_modules\raw-body\index.js:213:7)
    at IncomingMessage.onEnd (C:\snapshot\appium\node_modules\@appium\base-driver\node_modules\raw-body\index.js:273:7)
    at IncomingMessage.emit (events.js:412:35)
    at endReadableNT (internal/streams/readable.js:1334:12)
    at processTicksAndRejections (internal/process/task_queues.js:82:21)
Build info: version: &amp;apos;3.141.59&amp;apos;, revision: &amp;apos;e82be7d358&amp;apos;, time: &amp;apos;2018-11-14T08:17:03&amp;apos;
System info: host: &amp;apos;KARNAN-LENOVO&amp;apos;, ip: &amp;apos;192.168.137.1&amp;apos;, os.name: &amp;apos;Windows 10&amp;apos;, os.arch: &amp;apos;amd64&amp;apos;, os.version: &amp;apos;10.0&amp;apos;, java.version: &amp;apos;13.0.1&amp;apos;
Driver info: driver.version: IOSDriver]">
      <![CDATA[io.testproject.sdk.internal.exceptions.AgentConnectException: Agent responded with status 500: [org.openqa.selenium.SessionNotCreatedException: Unable to create a new remote session. Please check the server log for more details. Original error: All non-standard capabilities should have a vendor prefix. The following capabilities did not have one: applicationName
Build info: version: '3.141.59', revision: 'e82be7d358', time: '2018-11-14T08:17:03'
System info: host: 'KARNAN-LENOVO', ip: '192.168.137.1', os.name: 'Windows 10', os.arch: 'amd64', os.version: '10.0', java.version: '13.0.1'
Driver info: driver.version: IOSDriver
remote stacktrace: InvalidArgumentError: All non-standard capabilities should have a vendor prefix. The following capabilities did not have one: applicationName
    at parseCaps (C:\snapshot\appium\node_modules\@appium\base-driver\lib\basedriver\capabilities.js:155:11)
    at processCapabilities (C:\snapshot\appium\node_modules\@appium\base-driver\lib\basedriver\capabilities.js:212:43)
    at parseCapsForInnerDriver (C:\snapshot\appium\lib\utils.js:161:21)
    at AppiumDriver.createSession (C:\snapshot\appium\lib\appium.js:161:26)
    at commandExecutor (C:\snapshot\appium\node_modules\@appium\base-driver\lib\basedriver\driver.js:361:7)
    at AppiumDriver.executeCommand (C:\snapshot\appium\node_modules\@appium\base-driver\lib\basedriver\driver.js:375:15)
    at wrappedCmd (C:\snapshot\appium\lib\appium.js:504:28)
    at AppiumDriver.executeWrappedCommand (C:\snapshot\appium\lib\appium.js:571:22)
    at AppiumDriver.executeCommand (C:\snapshot\appium\lib\appium.js:515:28)
    at asyncHandler (C:\snapshot\appium\node_modules\@appium\base-driver\lib\protocol\protocol.js:287:34)
    at C:\snapshot\appium\node_modules\@appium\base-driver\lib\protocol\protocol.js:413:15
    at Layer.handle [as handle_request] (C:\snapshot\appium\node_modules\@appium\base-driver\node_modules\express\lib\router\layer.js:95:5)
    at next (C:\snapshot\appium\node_modules\@appium\base-driver\node_modules\express\lib\router\route.js:137:13)
    at Route.dispatch (C:\snapshot\appium\node_modules\@appium\base-driver\node_modules\express\lib\router\route.js:112:3)
    at Layer.handle [as handle_request] (C:\snapshot\appium\node_modules\@appium\base-driver\node_modules\express\lib\router\layer.js:95:5)
    at C:\snapshot\appium\node_modules\@appium\base-driver\node_modules\express\lib\router\index.js:281:22
    at Function.process_params (C:\snapshot\appium\node_modules\@appium\base-driver\node_modules\express\lib\router\index.js:335:12)
    at next (C:\snapshot\appium\node_modules\@appium\base-driver\node_modules\express\lib\router\index.js:275:10)
    at logger (C:\snapshot\appium\node_modules\@appium\base-driver\node_modules\morgan\index.js:144:5)
    at Layer.handle [as handle_request] (C:\snapshot\appium\node_modules\@appium\base-driver\node_modules\express\lib\router\layer.js:95:5)
    at trim_prefix (C:\snapshot\appium\node_modules\@appium\base-driver\node_modules\express\lib\router\index.js:317:13)
    at C:\snapshot\appium\node_modules\@appium\base-driver\node_modules\express\lib\router\index.js:284:7
    at Function.process_params (C:\snapshot\appium\node_modules\@appium\base-driver\node_modules\express\lib\router\index.js:335:12)
    at next (C:\snapshot\appium\node_modules\@appium\base-driver\node_modules\express\lib\router\index.js:275:10)
    at C:\snapshot\appium\node_modules\@appium\base-driver\node_modules\body-parser\lib\read.js:130:5
    at invokeCallback (C:\snapshot\appium\node_modules\@appium\base-driver\node_modules\raw-body\index.js:224:16)
    at done (C:\snapshot\appium\node_modules\@appium\base-driver\node_modules\raw-body\index.js:213:7)
    at IncomingMessage.onEnd (C:\snapshot\appium\node_modules\@appium\base-driver\node_modules\raw-body\index.js:273:7)
    at IncomingMessage.emit (events.js:412:35)
    at endReadableNT (internal/streams/readable.js:1334:12)
    at processTicksAndRejections (internal/process/task_queues.js:82:21)
Build info: version: '3.141.59', revision: 'e82be7d358', time: '2018-11-14T08:17:03'
System info: host: 'KARNAN-LENOVO', ip: '192.168.137.1', os.name: 'Windows 10', os.arch: 'amd64', os.version: '10.0', java.version: '13.0.1'
Driver info: driver.version: IOSDriver]
at io.testproject.sdk.internal.rest.AgentClient.handleSessionStartFailure(AgentClient.java:896)
at io.testproject.sdk.internal.rest.AgentClient.startSession(AgentClient.java:695)
at io.testproject.sdk.internal.rest.AgentClient.<init>(AgentClient.java:275)
at io.testproject.sdk.internal.rest.AgentClient.getClient(AgentClient.java:547)
at io.testproject.sdk.drivers.ios.IOSDriver.<init>(IOSDriver.java:727)
at io.testproject.sdk.drivers.ios.IOSDriver.<init>(IOSDriver.java:692)
at io.testproject.sdk.drivers.ios.IOSDriver.<init>(IOSDriver.java:339)
at action.iOS_Test_Report.setup(iOS_Test_Report.java:68)
at java.base/jdk.internal.reflect.NativeMethodAccessorImpl.invoke0(Native Method)
at java.base/jdk.internal.reflect.NativeMethodAccessorImpl.invoke(NativeMethodAccessorImpl.java:62)
at java.base/jdk.internal.reflect.DelegatingMethodAccessorImpl.invoke(DelegatingMethodAccessorImpl.java:43)
at java.base/java.lang.reflect.Method.invoke(Method.java:567)
at org.testng.internal.MethodInvocationHelper.invokeMethod(MethodInvocationHelper.java:133)
at org.testng.internal.MethodInvocationHelper.invokeMethodConsideringTimeout(MethodInvocationHelper.java:62)
at org.testng.internal.ConfigInvoker.invokeConfigurationMethod(ConfigInvoker.java:385)
at org.testng.internal.ConfigInvoker.invokeConfigurations(ConfigInvoker.java:321)
at org.testng.TestRunner.invokeTestConfigurations(TestRunner.java:637)
at org.testng.TestRunner.beforeRun(TestRunner.java:627)
at org.testng.TestRunner.run(TestRunner.java:589)
at org.testng.SuiteRunner.runTest(SuiteRunner.java:377)
at org.testng.SuiteRunner.runSequentially(SuiteRunner.java:371)
at org.testng.SuiteRunner.privateRun(SuiteRunner.java:332)
at org.testng.SuiteRunner.run(SuiteRunner.java:276)
at org.testng.SuiteRunnerWorker.runSuite(SuiteRunnerWorker.java:53)
at org.testng.SuiteRunnerWorker.run(SuiteRunnerWorker.java:96)
at org.testng.TestNG.runSuitesSequentially(TestNG.java:1212)
at org.testng.TestNG.runSuitesLocally(TestNG.java:1134)
at org.testng.TestNG.runSuites(TestNG.java:1063)
at org.testng.TestNG.run(TestNG.java:1031)
at org.testng.remote.AbstractRemoteTestNG.run(AbstractRemoteTestNG.java:115)
at org.testng.remote.RemoteTestNG.initAndRun(RemoteTestNG.java:251)
at org.testng.remote.RemoteTestNG.main(RemoteTestNG.java:77)
]]>
    </failure>
  </testcase> <!-- @BeforeTest setup -->
  <testcase classname="testcase.Case1" name="Create_Customer" time="0.0">
    <skipped/>
  </testcase> <!-- Create_Customer -->
  <testcase classname="testcase.Case1" name="Edit_Cusotmer" time="0.0">
    <skipped/>
  </testcase> <!-- Edit_Cusotmer -->
  <testcase classname="testcase.Case1" name="Add_Customer_Contact" time="0.0">
    <skipped/>
  </testcase> <!-- Add_Customer_Contact -->
  <testcase classname="testcase.Case1" name="Add_Notes_Section" time="0.0">
    <skipped/>
  </testcase> <!-- Add_Notes_Section -->
  <testcase classname="testcase.Case1" name="Add_Parts" time="0.0">
    <skipped/>
  </testcase> <!-- Add_Parts -->
  <testcase classname="testcase.Case1" name="Add_Reminders" time="0.0">
    <skipped/>
  </testcase> <!-- Add_Reminders -->
  <testcase classname="testcase.Case1" name="Diary_Estimate_Accept" time="0.0">
    <skipped/>
  </testcase> <!-- Diary_Estimate_Accept -->
  <testcase classname="testcase.Case1" name="Diary_Estimate_Reject" time="0.0">
    <skipped/>
  </testcase> <!-- Diary_Estimate_Reject -->
  <testcase classname="testcase.Case1" name="Diary_Job_Final_Invoiced" time="0.0">
    <skipped/>
  </testcase> <!-- Diary_Job_Final_Invoiced -->
  <testcase classname="testcase.Case1" name="Diary_Job_FOC" time="0.0">
    <skipped/>
  </testcase> <!-- Diary_Job_FOC -->
</testsuite> <!-- Default test -->
