<!DOCTYPE html PUBLIC "-//W3C//DTD XHTML 1.1//EN" "https://www.w3.org/TR/xhtml11/DTD/xhtml11.dtd">
<html xmlns="https://www.w3.org/1999/xhtml">
<head>
<meta http-equiv="content-type" content="text/html; charset=UTF-8"/>
<title>TestNG Report</title>
<style type="text/css">table {margin-bottom:10px;border-collapse:collapse;empty-cells:show}th,td {border:1px solid #009;padding:.25em .5em}th {vertical-align:bottom}td {vertical-align:top}table a {font-weight:bold}.stripe td {background-color: #E6EBF9}.num {text-align:right}.passedodd td {background-color: #3F3}.passedeven td {background-color: #0A0}.skippedodd td {background-color: #DDD}.skippedeven td {background-color: #CCC}.failedodd td,.attn {background-color: #F33}.failedeven td,.stripe .attn {background-color: #D00}.stacktrace {white-space:pre;font-family:monospace}.totop {font-size:85%;text-align:center;border-bottom:2px solid #000}.invisible {display:none}</style>
</head>
<body>
<table>
<tr><th>Test</th><th># Passed</th><th># Skipped</th><th># Retried</th><th># Failed</th><th>Time (ms)</th><th>Included Groups</th><th>Excluded Groups</th></tr>
<tr><th colspan="8">Default suite</th></tr>
<tr><td><a href="#t0">Default test</a></td><td class="num">0</td><td class="num attn">10</td><td class="num">0</td><td class="num">0</td><td class="num">49,216</td><td></td><td></td></tr>
</table>
<table id='summary'><thead><tr><th>Class</th><th>Method</th><th>Start</th><th>Time (ms)</th></tr></thead><tbody><tr><th colspan="4">Default suite</th></tr></tbody><tbody id="t0"><tr><th colspan="4">Default test &#8212; failed (configuration methods)</th></tr><tr class="failedeven"><td rowspan="1">testcase.Case1</td><td><a href="#m0">setup</a></td><td rowspan="1">1647953493767</td><td rowspan="1">49076</td></tr><tr><th colspan="4">Default test &#8212; skipped</th></tr><tr class="skippedeven"><td rowspan="10">testcase.Case1</td><td><a href="#m1">Add_Customer_Contact</a></td><td rowspan="1">1647953542908</td><td rowspan="1">0</td></tr><tr class="skippedeven"><td><a href="#m2">Add_Notes_Section</a></td><td rowspan="1">1647953542912</td><td rowspan="1">0</td></tr><tr class="skippedeven"><td><a href="#m3">Add_Parts</a></td><td rowspan="1">1647953542920</td><td rowspan="1">0</td></tr><tr class="skippedeven"><td><a href="#m4">Add_Reminders</a></td><td rowspan="1">1647953542929</td><td rowspan="1">0</td></tr><tr class="skippedeven"><td><a href="#m5">Create_Customer</a></td><td rowspan="1">1647953542891</td><td rowspan="1">0</td></tr><tr class="skippedeven"><td><a href="#m6">Diary_Estimate_Accept</a></td><td rowspan="1">1647953542940</td><td rowspan="1">0</td></tr><tr class="skippedeven"><td><a href="#m7">Diary_Estimate_Reject</a></td><td rowspan="1">1647953542955</td><td rowspan="1">0</td></tr><tr class="skippedeven"><td><a href="#m8">Diary_Job_FOC</a></td><td rowspan="1">1647953542967</td><td rowspan="1">0</td></tr><tr class="skippedeven"><td><a href="#m9">Diary_Job_Final_Invoiced</a></td><td rowspan="1">1647953542960</td><td rowspan="1">0</td></tr><tr class="skippedeven"><td><a href="#m10">Edit_Cusotmer</a></td><td rowspan="1">1647953542900</td><td rowspan="1">0</td></tr></tbody>
</table>
<h2>Default test</h2><h3 id="m0">testcase.Case1#setup</h3><table class="result"><tr><th>Exception</th></tr><tr><td><div class="stacktrace">io.testproject.sdk.internal.exceptions.AgentConnectException: Agent responded with status 500: [org.openqa.selenium.SessionNotCreatedException: Unable to create a new remote session. Please check the server log for more details. Original error: All non-standard capabilities should have a vendor prefix. The following capabilities did not have one: applicationName
Build info: version: &apos;3.141.59&apos;, revision: &apos;e82be7d358&apos;, time: &apos;2018-11-14T08:17:03&apos;
System info: host: &apos;KARNAN-LENOVO&apos;, ip: &apos;192.168.137.1&apos;, os.name: &apos;Windows 10&apos;, os.arch: &apos;amd64&apos;, os.version: &apos;10.0&apos;, java.version: &apos;13.0.1&apos;
Driver info: driver.version: IOSDriver
remote stacktrace: InvalidArgumentError: All non-standard capabilities should have a vendor prefix. The following capabilities did not have one: applicationName
    at parseCaps (C:\snapshot\appium\node_modules\@appium\base-driver\lib\basedriver\capabilities.js:155:11)
    at processCapabilities (C:\snapshot\appium\node_modules\@appium\base-driver\lib\basedriver\capabilities.js:212:43)
    at parseCapsForInnerDriver (C:\snapshot\appium\lib\utils.js:161:21)
    at AppiumDriver.createSession (C:\snapshot\appium\lib\appium.js:161:26)
    at commandExecutor (C:\snapshot\appium\node_modules\@appium\base-driver\lib\basedriver\driver.js:361:7)
    at AppiumDriver.executeCommand (C:\snapshot\appium\node_modules\@appium\base-driver\lib\basedriver\driver.js:375:15)
    at wrappedCmd (C:\snapshot\appium\lib\appium.js:504:28)
    at AppiumDriver.executeWrappedCommand (C:\snapshot\appium\lib\appium.js:571:22)
    at AppiumDriver.executeCommand (C:\snapshot\appium\lib\appium.js:515:28)
    at asyncHandler (C:\snapshot\appium\node_modules\@appium\base-driver\lib\protocol\protocol.js:287:34)
    at C:\snapshot\appium\node_modules\@appium\base-driver\lib\protocol\protocol.js:413:15
    at Layer.handle [as handle_request] (C:\snapshot\appium\node_modules\@appium\base-driver\node_modules\express\lib\router\layer.js:95:5)
    at next (C:\snapshot\appium\node_modules\@appium\base-driver\node_modules\express\lib\router\route.js:137:13)
    at Route.dispatch (C:\snapshot\appium\node_modules\@appium\base-driver\node_modules\express\lib\router\route.js:112:3)
    at Layer.handle [as handle_request] (C:\snapshot\appium\node_modules\@appium\base-driver\node_modules\express\lib\router\layer.js:95:5)
    at C:\snapshot\appium\node_modules\@appium\base-driver\node_modules\express\lib\router\index.js:281:22
    at Function.process_params (C:\snapshot\appium\node_modules\@appium\base-driver\node_modules\express\lib\router\index.js:335:12)
    at next (C:\snapshot\appium\node_modules\@appium\base-driver\node_modules\express\lib\router\index.js:275:10)
    at logger (C:\snapshot\appium\node_modules\@appium\base-driver\node_modules\morgan\index.js:144:5)
    at Layer.handle [as handle_request] (C:\snapshot\appium\node_modules\@appium\base-driver\node_modules\express\lib\router\layer.js:95:5)
    at trim_prefix (C:\snapshot\appium\node_modules\@appium\base-driver\node_modules\express\lib\router\index.js:317:13)
    at C:\snapshot\appium\node_modules\@appium\base-driver\node_modules\express\lib\router\index.js:284:7
    at Function.process_params (C:\snapshot\appium\node_modules\@appium\base-driver\node_modules\express\lib\router\index.js:335:12)
    at next (C:\snapshot\appium\node_modules\@appium\base-driver\node_modules\express\lib\router\index.js:275:10)
    at C:\snapshot\appium\node_modules\@appium\base-driver\node_modules\body-parser\lib\read.js:130:5
    at invokeCallback (C:\snapshot\appium\node_modules\@appium\base-driver\node_modules\raw-body\index.js:224:16)
    at done (C:\snapshot\appium\node_modules\@appium\base-driver\node_modules\raw-body\index.js:213:7)
    at IncomingMessage.onEnd (C:\snapshot\appium\node_modules\@appium\base-driver\node_modules\raw-body\index.js:273:7)
    at IncomingMessage.emit (events.js:412:35)
    at endReadableNT (internal/streams/readable.js:1334:12)
    at processTicksAndRejections (internal/process/task_queues.js:82:21)
Build info: version: &apos;3.141.59&apos;, revision: &apos;e82be7d358&apos;, time: &apos;2018-11-14T08:17:03&apos;
System info: host: &apos;KARNAN-LENOVO&apos;, ip: &apos;192.168.137.1&apos;, os.name: &apos;Windows 10&apos;, os.arch: &apos;amd64&apos;, os.version: &apos;10.0&apos;, java.version: &apos;13.0.1&apos;
Driver info: driver.version: IOSDriver]
	at io.testproject.sdk.internal.rest.AgentClient.handleSessionStartFailure(AgentClient.java:896)
	at io.testproject.sdk.internal.rest.AgentClient.startSession(AgentClient.java:695)
	at io.testproject.sdk.internal.rest.AgentClient.&lt;init&gt;(AgentClient.java:275)
	at io.testproject.sdk.internal.rest.AgentClient.getClient(AgentClient.java:547)
	at io.testproject.sdk.drivers.ios.IOSDriver.&lt;init&gt;(IOSDriver.java:727)
	at io.testproject.sdk.drivers.ios.IOSDriver.&lt;init&gt;(IOSDriver.java:692)
	at io.testproject.sdk.drivers.ios.IOSDriver.&lt;init&gt;(IOSDriver.java:339)
	at action.iOS_Test_Report.setup(iOS_Test_Report.java:68)
	at java.base/jdk.internal.reflect.NativeMethodAccessorImpl.invoke0(Native Method)
	at java.base/jdk.internal.reflect.NativeMethodAccessorImpl.invoke(NativeMethodAccessorImpl.java:62)
	at java.base/jdk.internal.reflect.DelegatingMethodAccessorImpl.invoke(DelegatingMethodAccessorImpl.java:43)
	at java.base/java.lang.reflect.Method.invoke(Method.java:567)
	at org.testng.internal.MethodInvocationHelper.invokeMethod(MethodInvocationHelper.java:133)
	at org.testng.internal.MethodInvocationHelper.invokeMethodConsideringTimeout(MethodInvocationHelper.java:62)
	at org.testng.internal.ConfigInvoker.invokeConfigurationMethod(ConfigInvoker.java:385)
	at org.testng.internal.ConfigInvoker.invokeConfigurations(ConfigInvoker.java:321)
	at org.testng.TestRunner.invokeTestConfigurations(TestRunner.java:637)
	at org.testng.TestRunner.beforeRun(TestRunner.java:627)
	at org.testng.TestRunner.run(TestRunner.java:589)
	at org.testng.SuiteRunner.runTest(SuiteRunner.java:377)
	at org.testng.SuiteRunner.runSequentially(SuiteRunner.java:371)
	at org.testng.SuiteRunner.privateRun(SuiteRunner.java:332)
	at org.testng.SuiteRunner.run(SuiteRunner.java:276)
	at org.testng.SuiteRunnerWorker.runSuite(SuiteRunnerWorker.java:53)
	at org.testng.SuiteRunnerWorker.run(SuiteRunnerWorker.java:96)
	at org.testng.TestNG.runSuitesSequentially(TestNG.java:1212)
	at org.testng.TestNG.runSuitesLocally(TestNG.java:1134)
	at org.testng.TestNG.runSuites(TestNG.java:1063)
	at org.testng.TestNG.run(TestNG.java:1031)
	at org.testng.remote.AbstractRemoteTestNG.run(AbstractRemoteTestNG.java:115)
	at org.testng.remote.RemoteTestNG.initAndRun(RemoteTestNG.java:251)
	at org.testng.remote.RemoteTestNG.main(RemoteTestNG.java:77)
</div></td></tr></table><p class="totop"><a href="#summary">back to summary</a></p>
<h3 id="m1">testcase.Case1#Add_Customer_Contact</h3><table class="result"><tr><th>Exception</th></tr><tr><td><div class="stacktrace">io.testproject.sdk.internal.exceptions.AgentConnectException: Agent responded with status 500: [org.openqa.selenium.SessionNotCreatedException: Unable to create a new remote session. Please check the server log for more details. Original error: All non-standard capabilities should have a vendor prefix. The following capabilities did not have one: applicationName
Build info: version: &apos;3.141.59&apos;, revision: &apos;e82be7d358&apos;, time: &apos;2018-11-14T08:17:03&apos;
System info: host: &apos;KARNAN-LENOVO&apos;, ip: &apos;192.168.137.1&apos;, os.name: &apos;Windows 10&apos;, os.arch: &apos;amd64&apos;, os.version: &apos;10.0&apos;, java.version: &apos;13.0.1&apos;
Driver info: driver.version: IOSDriver
remote stacktrace: InvalidArgumentError: All non-standard capabilities should have a vendor prefix. The following capabilities did not have one: applicationName
    at parseCaps (C:\snapshot\appium\node_modules\@appium\base-driver\lib\basedriver\capabilities.js:155:11)
    at processCapabilities (C:\snapshot\appium\node_modules\@appium\base-driver\lib\basedriver\capabilities.js:212:43)
    at parseCapsForInnerDriver (C:\snapshot\appium\lib\utils.js:161:21)
    at AppiumDriver.createSession (C:\snapshot\appium\lib\appium.js:161:26)
    at commandExecutor (C:\snapshot\appium\node_modules\@appium\base-driver\lib\basedriver\driver.js:361:7)
    at AppiumDriver.executeCommand (C:\snapshot\appium\node_modules\@appium\base-driver\lib\basedriver\driver.js:375:15)
    at wrappedCmd (C:\snapshot\appium\lib\appium.js:504:28)
    at AppiumDriver.executeWrappedCommand (C:\snapshot\appium\lib\appium.js:571:22)
    at AppiumDriver.executeCommand (C:\snapshot\appium\lib\appium.js:515:28)
    at asyncHandler (C:\snapshot\appium\node_modules\@appium\base-driver\lib\protocol\protocol.js:287:34)
    at C:\snapshot\appium\node_modules\@appium\base-driver\lib\protocol\protocol.js:413:15
    at Layer.handle [as handle_request] (C:\snapshot\appium\node_modules\@appium\base-driver\node_modules\express\lib\router\layer.js:95:5)
    at next (C:\snapshot\appium\node_modules\@appium\base-driver\node_modules\express\lib\router\route.js:137:13)
    at Route.dispatch (C:\snapshot\appium\node_modules\@appium\base-driver\node_modules\express\lib\router\route.js:112:3)
    at Layer.handle [as handle_request] (C:\snapshot\appium\node_modules\@appium\base-driver\node_modules\express\lib\router\layer.js:95:5)
    at C:\snapshot\appium\node_modules\@appium\base-driver\node_modules\express\lib\router\index.js:281:22
    at Function.process_params (C:\snapshot\appium\node_modules\@appium\base-driver\node_modules\express\lib\router\index.js:335:12)
    at next (C:\snapshot\appium\node_modules\@appium\base-driver\node_modules\express\lib\router\index.js:275:10)
    at logger (C:\snapshot\appium\node_modules\@appium\base-driver\node_modules\morgan\index.js:144:5)
    at Layer.handle [as handle_request] (C:\snapshot\appium\node_modules\@appium\base-driver\node_modules\express\lib\router\layer.js:95:5)
    at trim_prefix (C:\snapshot\appium\node_modules\@appium\base-driver\node_modules\express\lib\router\index.js:317:13)
    at C:\snapshot\appium\node_modules\@appium\base-driver\node_modules\express\lib\router\index.js:284:7
    at Function.process_params (C:\snapshot\appium\node_modules\@appium\base-driver\node_modules\express\lib\router\index.js:335:12)
    at next (C:\snapshot\appium\node_modules\@appium\base-driver\node_modules\express\lib\router\index.js:275:10)
    at C:\snapshot\appium\node_modules\@appium\base-driver\node_modules\body-parser\lib\read.js:130:5
    at invokeCallback (C:\snapshot\appium\node_modules\@appium\base-driver\node_modules\raw-body\index.js:224:16)
    at done (C:\snapshot\appium\node_modules\@appium\base-driver\node_modules\raw-body\index.js:213:7)
    at IncomingMessage.onEnd (C:\snapshot\appium\node_modules\@appium\base-driver\node_modules\raw-body\index.js:273:7)
    at IncomingMessage.emit (events.js:412:35)
    at endReadableNT (internal/streams/readable.js:1334:12)
    at processTicksAndRejections (internal/process/task_queues.js:82:21)
Build info: version: &apos;3.141.59&apos;, revision: &apos;e82be7d358&apos;, time: &apos;2018-11-14T08:17:03&apos;
System info: host: &apos;KARNAN-LENOVO&apos;, ip: &apos;192.168.137.1&apos;, os.name: &apos;Windows 10&apos;, os.arch: &apos;amd64&apos;, os.version: &apos;10.0&apos;, java.version: &apos;13.0.1&apos;
Driver info: driver.version: IOSDriver]
	at io.testproject.sdk.internal.rest.AgentClient.handleSessionStartFailure(AgentClient.java:896)
	at io.testproject.sdk.internal.rest.AgentClient.startSession(AgentClient.java:695)
	at io.testproject.sdk.internal.rest.AgentClient.&lt;init&gt;(AgentClient.java:275)
	at io.testproject.sdk.internal.rest.AgentClient.getClient(AgentClient.java:547)
	at io.testproject.sdk.drivers.ios.IOSDriver.&lt;init&gt;(IOSDriver.java:727)
	at io.testproject.sdk.drivers.ios.IOSDriver.&lt;init&gt;(IOSDriver.java:692)
	at io.testproject.sdk.drivers.ios.IOSDriver.&lt;init&gt;(IOSDriver.java:339)
	at action.iOS_Test_Report.setup(iOS_Test_Report.java:68)
	at java.base/jdk.internal.reflect.NativeMethodAccessorImpl.invoke0(Native Method)
	at java.base/jdk.internal.reflect.NativeMethodAccessorImpl.invoke(NativeMethodAccessorImpl.java:62)
	at java.base/jdk.internal.reflect.DelegatingMethodAccessorImpl.invoke(DelegatingMethodAccessorImpl.java:43)
	at java.base/java.lang.reflect.Method.invoke(Method.java:567)
	at org.testng.internal.MethodInvocationHelper.invokeMethod(MethodInvocationHelper.java:133)
	at org.testng.internal.MethodInvocationHelper.invokeMethodConsideringTimeout(MethodInvocationHelper.java:62)
	at org.testng.internal.ConfigInvoker.invokeConfigurationMethod(ConfigInvoker.java:385)
	at org.testng.internal.ConfigInvoker.invokeConfigurations(ConfigInvoker.java:321)
	at org.testng.TestRunner.invokeTestConfigurations(TestRunner.java:637)
	at org.testng.TestRunner.beforeRun(TestRunner.java:627)
	at org.testng.TestRunner.run(TestRunner.java:589)
	at org.testng.SuiteRunner.runTest(SuiteRunner.java:377)
	at org.testng.SuiteRunner.runSequentially(SuiteRunner.java:371)
	at org.testng.SuiteRunner.privateRun(SuiteRunner.java:332)
	at org.testng.SuiteRunner.run(SuiteRunner.java:276)
	at org.testng.SuiteRunnerWorker.runSuite(SuiteRunnerWorker.java:53)
	at org.testng.SuiteRunnerWorker.run(SuiteRunnerWorker.java:96)
	at org.testng.TestNG.runSuitesSequentially(TestNG.java:1212)
	at org.testng.TestNG.runSuitesLocally(TestNG.java:1134)
	at org.testng.TestNG.runSuites(TestNG.java:1063)
	at org.testng.TestNG.run(TestNG.java:1031)
	at org.testng.remote.AbstractRemoteTestNG.run(AbstractRemoteTestNG.java:115)
	at org.testng.remote.RemoteTestNG.initAndRun(RemoteTestNG.java:251)
	at org.testng.remote.RemoteTestNG.main(RemoteTestNG.java:77)
</div></td></tr></table><p class="totop"><a href="#summary">back to summary</a></p>
<h3 id="m2">testcase.Case1#Add_Notes_Section</h3><table class="result"><tr><th>Exception</th></tr><tr><td><div class="stacktrace">io.testproject.sdk.internal.exceptions.AgentConnectException: Agent responded with status 500: [org.openqa.selenium.SessionNotCreatedException: Unable to create a new remote session. Please check the server log for more details. Original error: All non-standard capabilities should have a vendor prefix. The following capabilities did not have one: applicationName
Build info: version: &apos;3.141.59&apos;, revision: &apos;e82be7d358&apos;, time: &apos;2018-11-14T08:17:03&apos;
System info: host: &apos;KARNAN-LENOVO&apos;, ip: &apos;192.168.137.1&apos;, os.name: &apos;Windows 10&apos;, os.arch: &apos;amd64&apos;, os.version: &apos;10.0&apos;, java.version: &apos;13.0.1&apos;
Driver info: driver.version: IOSDriver
remote stacktrace: InvalidArgumentError: All non-standard capabilities should have a vendor prefix. The following capabilities did not have one: applicationName
    at parseCaps (C:\snapshot\appium\node_modules\@appium\base-driver\lib\basedriver\capabilities.js:155:11)
    at processCapabilities (C:\snapshot\appium\node_modules\@appium\base-driver\lib\basedriver\capabilities.js:212:43)
    at parseCapsForInnerDriver (C:\snapshot\appium\lib\utils.js:161:21)
    at AppiumDriver.createSession (C:\snapshot\appium\lib\appium.js:161:26)
    at commandExecutor (C:\snapshot\appium\node_modules\@appium\base-driver\lib\basedriver\driver.js:361:7)
    at AppiumDriver.executeCommand (C:\snapshot\appium\node_modules\@appium\base-driver\lib\basedriver\driver.js:375:15)
    at wrappedCmd (C:\snapshot\appium\lib\appium.js:504:28)
    at AppiumDriver.executeWrappedCommand (C:\snapshot\appium\lib\appium.js:571:22)
    at AppiumDriver.executeCommand (C:\snapshot\appium\lib\appium.js:515:28)
    at asyncHandler (C:\snapshot\appium\node_modules\@appium\base-driver\lib\protocol\protocol.js:287:34)
    at C:\snapshot\appium\node_modules\@appium\base-driver\lib\protocol\protocol.js:413:15
    at Layer.handle [as handle_request] (C:\snapshot\appium\node_modules\@appium\base-driver\node_modules\express\lib\router\layer.js:95:5)
    at next (C:\snapshot\appium\node_modules\@appium\base-driver\node_modules\express\lib\router\route.js:137:13)
    at Route.dispatch (C:\snapshot\appium\node_modules\@appium\base-driver\node_modules\express\lib\router\route.js:112:3)
    at Layer.handle [as handle_request] (C:\snapshot\appium\node_modules\@appium\base-driver\node_modules\express\lib\router\layer.js:95:5)
    at C:\snapshot\appium\node_modules\@appium\base-driver\node_modules\express\lib\router\index.js:281:22
    at Function.process_params (C:\snapshot\appium\node_modules\@appium\base-driver\node_modules\express\lib\router\index.js:335:12)
    at next (C:\snapshot\appium\node_modules\@appium\base-driver\node_modules\express\lib\router\index.js:275:10)
    at logger (C:\snapshot\appium\node_modules\@appium\base-driver\node_modules\morgan\index.js:144:5)
    at Layer.handle [as handle_request] (C:\snapshot\appium\node_modules\@appium\base-driver\node_modules\express\lib\router\layer.js:95:5)
    at trim_prefix (C:\snapshot\appium\node_modules\@appium\base-driver\node_modules\express\lib\router\index.js:317:13)
    at C:\snapshot\appium\node_modules\@appium\base-driver\node_modules\express\lib\router\index.js:284:7
    at Function.process_params (C:\snapshot\appium\node_modules\@appium\base-driver\node_modules\express\lib\router\index.js:335:12)
    at next (C:\snapshot\appium\node_modules\@appium\base-driver\node_modules\express\lib\router\index.js:275:10)
    at C:\snapshot\appium\node_modules\@appium\base-driver\node_modules\body-parser\lib\read.js:130:5
    at invokeCallback (C:\snapshot\appium\node_modules\@appium\base-driver\node_modules\raw-body\index.js:224:16)
    at done (C:\snapshot\appium\node_modules\@appium\base-driver\node_modules\raw-body\index.js:213:7)
    at IncomingMessage.onEnd (C:\snapshot\appium\node_modules\@appium\base-driver\node_modules\raw-body\index.js:273:7)
    at IncomingMessage.emit (events.js:412:35)
    at endReadableNT (internal/streams/readable.js:1334:12)
    at processTicksAndRejections (internal/process/task_queues.js:82:21)
Build info: version: &apos;3.141.59&apos;, revision: &apos;e82be7d358&apos;, time: &apos;2018-11-14T08:17:03&apos;
System info: host: &apos;KARNAN-LENOVO&apos;, ip: &apos;192.168.137.1&apos;, os.name: &apos;Windows 10&apos;, os.arch: &apos;amd64&apos;, os.version: &apos;10.0&apos;, java.version: &apos;13.0.1&apos;
Driver info: driver.version: IOSDriver]
	at io.testproject.sdk.internal.rest.AgentClient.handleSessionStartFailure(AgentClient.java:896)
	at io.testproject.sdk.internal.rest.AgentClient.startSession(AgentClient.java:695)
	at io.testproject.sdk.internal.rest.AgentClient.&lt;init&gt;(AgentClient.java:275)
	at io.testproject.sdk.internal.rest.AgentClient.getClient(AgentClient.java:547)
	at io.testproject.sdk.drivers.ios.IOSDriver.&lt;init&gt;(IOSDriver.java:727)
	at io.testproject.sdk.drivers.ios.IOSDriver.&lt;init&gt;(IOSDriver.java:692)
	at io.testproject.sdk.drivers.ios.IOSDriver.&lt;init&gt;(IOSDriver.java:339)
	at action.iOS_Test_Report.setup(iOS_Test_Report.java:68)
	at java.base/jdk.internal.reflect.NativeMethodAccessorImpl.invoke0(Native Method)
	at java.base/jdk.internal.reflect.NativeMethodAccessorImpl.invoke(NativeMethodAccessorImpl.java:62)
	at java.base/jdk.internal.reflect.DelegatingMethodAccessorImpl.invoke(DelegatingMethodAccessorImpl.java:43)
	at java.base/java.lang.reflect.Method.invoke(Method.java:567)
	at org.testng.internal.MethodInvocationHelper.invokeMethod(MethodInvocationHelper.java:133)
	at org.testng.internal.MethodInvocationHelper.invokeMethodConsideringTimeout(MethodInvocationHelper.java:62)
	at org.testng.internal.ConfigInvoker.invokeConfigurationMethod(ConfigInvoker.java:385)
	at org.testng.internal.ConfigInvoker.invokeConfigurations(ConfigInvoker.java:321)
	at org.testng.TestRunner.invokeTestConfigurations(TestRunner.java:637)
	at org.testng.TestRunner.beforeRun(TestRunner.java:627)
	at org.testng.TestRunner.run(TestRunner.java:589)
	at org.testng.SuiteRunner.runTest(SuiteRunner.java:377)
	at org.testng.SuiteRunner.runSequentially(SuiteRunner.java:371)
	at org.testng.SuiteRunner.privateRun(SuiteRunner.java:332)
	at org.testng.SuiteRunner.run(SuiteRunner.java:276)
	at org.testng.SuiteRunnerWorker.runSuite(SuiteRunnerWorker.java:53)
	at org.testng.SuiteRunnerWorker.run(SuiteRunnerWorker.java:96)
	at org.testng.TestNG.runSuitesSequentially(TestNG.java:1212)
	at org.testng.TestNG.runSuitesLocally(TestNG.java:1134)
	at org.testng.TestNG.runSuites(TestNG.java:1063)
	at org.testng.TestNG.run(TestNG.java:1031)
	at org.testng.remote.AbstractRemoteTestNG.run(AbstractRemoteTestNG.java:115)
	at org.testng.remote.RemoteTestNG.initAndRun(RemoteTestNG.java:251)
	at org.testng.remote.RemoteTestNG.main(RemoteTestNG.java:77)
</div></td></tr></table><p class="totop"><a href="#summary">back to summary</a></p>
<h3 id="m3">testcase.Case1#Add_Parts</h3><table class="result"><tr><th>Exception</th></tr><tr><td><div class="stacktrace">io.testproject.sdk.internal.exceptions.AgentConnectException: Agent responded with status 500: [org.openqa.selenium.SessionNotCreatedException: Unable to create a new remote session. Please check the server log for more details. Original error: All non-standard capabilities should have a vendor prefix. The following capabilities did not have one: applicationName
Build info: version: &apos;3.141.59&apos;, revision: &apos;e82be7d358&apos;, time: &apos;2018-11-14T08:17:03&apos;
System info: host: &apos;KARNAN-LENOVO&apos;, ip: &apos;192.168.137.1&apos;, os.name: &apos;Windows 10&apos;, os.arch: &apos;amd64&apos;, os.version: &apos;10.0&apos;, java.version: &apos;13.0.1&apos;
Driver info: driver.version: IOSDriver
remote stacktrace: InvalidArgumentError: All non-standard capabilities should have a vendor prefix. The following capabilities did not have one: applicationName
    at parseCaps (C:\snapshot\appium\node_modules\@appium\base-driver\lib\basedriver\capabilities.js:155:11)
    at processCapabilities (C:\snapshot\appium\node_modules\@appium\base-driver\lib\basedriver\capabilities.js:212:43)
    at parseCapsForInnerDriver (C:\snapshot\appium\lib\utils.js:161:21)
    at AppiumDriver.createSession (C:\snapshot\appium\lib\appium.js:161:26)
    at commandExecutor (C:\snapshot\appium\node_modules\@appium\base-driver\lib\basedriver\driver.js:361:7)
    at AppiumDriver.executeCommand (C:\snapshot\appium\node_modules\@appium\base-driver\lib\basedriver\driver.js:375:15)
    at wrappedCmd (C:\snapshot\appium\lib\appium.js:504:28)
    at AppiumDriver.executeWrappedCommand (C:\snapshot\appium\lib\appium.js:571:22)
    at AppiumDriver.executeCommand (C:\snapshot\appium\lib\appium.js:515:28)
    at asyncHandler (C:\snapshot\appium\node_modules\@appium\base-driver\lib\protocol\protocol.js:287:34)
    at C:\snapshot\appium\node_modules\@appium\base-driver\lib\protocol\protocol.js:413:15
    at Layer.handle [as handle_request] (C:\snapshot\appium\node_modules\@appium\base-driver\node_modules\express\lib\router\layer.js:95:5)
    at next (C:\snapshot\appium\node_modules\@appium\base-driver\node_modules\express\lib\router\route.js:137:13)
    at Route.dispatch (C:\snapshot\appium\node_modules\@appium\base-driver\node_modules\express\lib\router\route.js:112:3)
    at Layer.handle [as handle_request] (C:\snapshot\appium\node_modules\@appium\base-driver\node_modules\express\lib\router\layer.js:95:5)
    at C:\snapshot\appium\node_modules\@appium\base-driver\node_modules\express\lib\router\index.js:281:22
    at Function.process_params (C:\snapshot\appium\node_modules\@appium\base-driver\node_modules\express\lib\router\index.js:335:12)
    at next (C:\snapshot\appium\node_modules\@appium\base-driver\node_modules\express\lib\router\index.js:275:10)
    at logger (C:\snapshot\appium\node_modules\@appium\base-driver\node_modules\morgan\index.js:144:5)
    at Layer.handle [as handle_request] (C:\snapshot\appium\node_modules\@appium\base-driver\node_modules\express\lib\router\layer.js:95:5)
    at trim_prefix (C:\snapshot\appium\node_modules\@appium\base-driver\node_modules\express\lib\router\index.js:317:13)
    at C:\snapshot\appium\node_modules\@appium\base-driver\node_modules\express\lib\router\index.js:284:7
    at Function.process_params (C:\snapshot\appium\node_modules\@appium\base-driver\node_modules\express\lib\router\index.js:335:12)
    at next (C:\snapshot\appium\node_modules\@appium\base-driver\node_modules\express\lib\router\index.js:275:10)
    at C:\snapshot\appium\node_modules\@appium\base-driver\node_modules\body-parser\lib\read.js:130:5
    at invokeCallback (C:\snapshot\appium\node_modules\@appium\base-driver\node_modules\raw-body\index.js:224:16)
    at done (C:\snapshot\appium\node_modules\@appium\base-driver\node_modules\raw-body\index.js:213:7)
    at IncomingMessage.onEnd (C:\snapshot\appium\node_modules\@appium\base-driver\node_modules\raw-body\index.js:273:7)
    at IncomingMessage.emit (events.js:412:35)
    at endReadableNT (internal/streams/readable.js:1334:12)
    at processTicksAndRejections (internal/process/task_queues.js:82:21)
Build info: version: &apos;3.141.59&apos;, revision: &apos;e82be7d358&apos;, time: &apos;2018-11-14T08:17:03&apos;
System info: host: &apos;KARNAN-LENOVO&apos;, ip: &apos;192.168.137.1&apos;, os.name: &apos;Windows 10&apos;, os.arch: &apos;amd64&apos;, os.version: &apos;10.0&apos;, java.version: &apos;13.0.1&apos;
Driver info: driver.version: IOSDriver]
	at io.testproject.sdk.internal.rest.AgentClient.handleSessionStartFailure(AgentClient.java:896)
	at io.testproject.sdk.internal.rest.AgentClient.startSession(AgentClient.java:695)
	at io.testproject.sdk.internal.rest.AgentClient.&lt;init&gt;(AgentClient.java:275)
	at io.testproject.sdk.internal.rest.AgentClient.getClient(AgentClient.java:547)
	at io.testproject.sdk.drivers.ios.IOSDriver.&lt;init&gt;(IOSDriver.java:727)
	at io.testproject.sdk.drivers.ios.IOSDriver.&lt;init&gt;(IOSDriver.java:692)
	at io.testproject.sdk.drivers.ios.IOSDriver.&lt;init&gt;(IOSDriver.java:339)
	at action.iOS_Test_Report.setup(iOS_Test_Report.java:68)
	at java.base/jdk.internal.reflect.NativeMethodAccessorImpl.invoke0(Native Method)
	at java.base/jdk.internal.reflect.NativeMethodAccessorImpl.invoke(NativeMethodAccessorImpl.java:62)
	at java.base/jdk.internal.reflect.DelegatingMethodAccessorImpl.invoke(DelegatingMethodAccessorImpl.java:43)
	at java.base/java.lang.reflect.Method.invoke(Method.java:567)
	at org.testng.internal.MethodInvocationHelper.invokeMethod(MethodInvocationHelper.java:133)
	at org.testng.internal.MethodInvocationHelper.invokeMethodConsideringTimeout(MethodInvocationHelper.java:62)
	at org.testng.internal.ConfigInvoker.invokeConfigurationMethod(ConfigInvoker.java:385)
	at org.testng.internal.ConfigInvoker.invokeConfigurations(ConfigInvoker.java:321)
	at org.testng.TestRunner.invokeTestConfigurations(TestRunner.java:637)
	at org.testng.TestRunner.beforeRun(TestRunner.java:627)
	at org.testng.TestRunner.run(TestRunner.java:589)
	at org.testng.SuiteRunner.runTest(SuiteRunner.java:377)
	at org.testng.SuiteRunner.runSequentially(SuiteRunner.java:371)
	at org.testng.SuiteRunner.privateRun(SuiteRunner.java:332)
	at org.testng.SuiteRunner.run(SuiteRunner.java:276)
	at org.testng.SuiteRunnerWorker.runSuite(SuiteRunnerWorker.java:53)
	at org.testng.SuiteRunnerWorker.run(SuiteRunnerWorker.java:96)
	at org.testng.TestNG.runSuitesSequentially(TestNG.java:1212)
	at org.testng.TestNG.runSuitesLocally(TestNG.java:1134)
	at org.testng.TestNG.runSuites(TestNG.java:1063)
	at org.testng.TestNG.run(TestNG.java:1031)
	at org.testng.remote.AbstractRemoteTestNG.run(AbstractRemoteTestNG.java:115)
	at org.testng.remote.RemoteTestNG.initAndRun(RemoteTestNG.java:251)
	at org.testng.remote.RemoteTestNG.main(RemoteTestNG.java:77)
</div></td></tr></table><p class="totop"><a href="#summary">back to summary</a></p>
<h3 id="m4">testcase.Case1#Add_Reminders</h3><table class="result"><tr><th>Exception</th></tr><tr><td><div class="stacktrace">io.testproject.sdk.internal.exceptions.AgentConnectException: Agent responded with status 500: [org.openqa.selenium.SessionNotCreatedException: Unable to create a new remote session. Please check the server log for more details. Original error: All non-standard capabilities should have a vendor prefix. The following capabilities did not have one: applicationName
Build info: version: &apos;3.141.59&apos;, revision: &apos;e82be7d358&apos;, time: &apos;2018-11-14T08:17:03&apos;
System info: host: &apos;KARNAN-LENOVO&apos;, ip: &apos;192.168.137.1&apos;, os.name: &apos;Windows 10&apos;, os.arch: &apos;amd64&apos;, os.version: &apos;10.0&apos;, java.version: &apos;13.0.1&apos;
Driver info: driver.version: IOSDriver
remote stacktrace: InvalidArgumentError: All non-standard capabilities should have a vendor prefix. The following capabilities did not have one: applicationName
    at parseCaps (C:\snapshot\appium\node_modules\@appium\base-driver\lib\basedriver\capabilities.js:155:11)
    at processCapabilities (C:\snapshot\appium\node_modules\@appium\base-driver\lib\basedriver\capabilities.js:212:43)
    at parseCapsForInnerDriver (C:\snapshot\appium\lib\utils.js:161:21)
    at AppiumDriver.createSession (C:\snapshot\appium\lib\appium.js:161:26)
    at commandExecutor (C:\snapshot\appium\node_modules\@appium\base-driver\lib\basedriver\driver.js:361:7)
    at AppiumDriver.executeCommand (C:\snapshot\appium\node_modules\@appium\base-driver\lib\basedriver\driver.js:375:15)
    at wrappedCmd (C:\snapshot\appium\lib\appium.js:504:28)
    at AppiumDriver.executeWrappedCommand (C:\snapshot\appium\lib\appium.js:571:22)
    at AppiumDriver.executeCommand (C:\snapshot\appium\lib\appium.js:515:28)
    at asyncHandler (C:\snapshot\appium\node_modules\@appium\base-driver\lib\protocol\protocol.js:287:34)
    at C:\snapshot\appium\node_modules\@appium\base-driver\lib\protocol\protocol.js:413:15
    at Layer.handle [as handle_request] (C:\snapshot\appium\node_modules\@appium\base-driver\node_modules\express\lib\router\layer.js:95:5)
    at next (C:\snapshot\appium\node_modules\@appium\base-driver\node_modules\express\lib\router\route.js:137:13)
    at Route.dispatch (C:\snapshot\appium\node_modules\@appium\base-driver\node_modules\express\lib\router\route.js:112:3)
    at Layer.handle [as handle_request] (C:\snapshot\appium\node_modules\@appium\base-driver\node_modules\express\lib\router\layer.js:95:5)
    at C:\snapshot\appium\node_modules\@appium\base-driver\node_modules\express\lib\router\index.js:281:22
    at Function.process_params (C:\snapshot\appium\node_modules\@appium\base-driver\node_modules\express\lib\router\index.js:335:12)
    at next (C:\snapshot\appium\node_modules\@appium\base-driver\node_modules\express\lib\router\index.js:275:10)
    at logger (C:\snapshot\appium\node_modules\@appium\base-driver\node_modules\morgan\index.js:144:5)
    at Layer.handle [as handle_request] (C:\snapshot\appium\node_modules\@appium\base-driver\node_modules\express\lib\router\layer.js:95:5)
    at trim_prefix (C:\snapshot\appium\node_modules\@appium\base-driver\node_modules\express\lib\router\index.js:317:13)
    at C:\snapshot\appium\node_modules\@appium\base-driver\node_modules\express\lib\router\index.js:284:7
    at Function.process_params (C:\snapshot\appium\node_modules\@appium\base-driver\node_modules\express\lib\router\index.js:335:12)
    at next (C:\snapshot\appium\node_modules\@appium\base-driver\node_modules\express\lib\router\index.js:275:10)
    at C:\snapshot\appium\node_modules\@appium\base-driver\node_modules\body-parser\lib\read.js:130:5
    at invokeCallback (C:\snapshot\appium\node_modules\@appium\base-driver\node_modules\raw-body\index.js:224:16)
    at done (C:\snapshot\appium\node_modules\@appium\base-driver\node_modules\raw-body\index.js:213:7)
    at IncomingMessage.onEnd (C:\snapshot\appium\node_modules\@appium\base-driver\node_modules\raw-body\index.js:273:7)
    at IncomingMessage.emit (events.js:412:35)
    at endReadableNT (internal/streams/readable.js:1334:12)
    at processTicksAndRejections (internal/process/task_queues.js:82:21)
Build info: version: &apos;3.141.59&apos;, revision: &apos;e82be7d358&apos;, time: &apos;2018-11-14T08:17:03&apos;
System info: host: &apos;KARNAN-LENOVO&apos;, ip: &apos;192.168.137.1&apos;, os.name: &apos;Windows 10&apos;, os.arch: &apos;amd64&apos;, os.version: &apos;10.0&apos;, java.version: &apos;13.0.1&apos;
Driver info: driver.version: IOSDriver]
	at io.testproject.sdk.internal.rest.AgentClient.handleSessionStartFailure(AgentClient.java:896)
	at io.testproject.sdk.internal.rest.AgentClient.startSession(AgentClient.java:695)
	at io.testproject.sdk.internal.rest.AgentClient.&lt;init&gt;(AgentClient.java:275)
	at io.testproject.sdk.internal.rest.AgentClient.getClient(AgentClient.java:547)
	at io.testproject.sdk.drivers.ios.IOSDriver.&lt;init&gt;(IOSDriver.java:727)
	at io.testproject.sdk.drivers.ios.IOSDriver.&lt;init&gt;(IOSDriver.java:692)
	at io.testproject.sdk.drivers.ios.IOSDriver.&lt;init&gt;(IOSDriver.java:339)
	at action.iOS_Test_Report.setup(iOS_Test_Report.java:68)
	at java.base/jdk.internal.reflect.NativeMethodAccessorImpl.invoke0(Native Method)
	at java.base/jdk.internal.reflect.NativeMethodAccessorImpl.invoke(NativeMethodAccessorImpl.java:62)
	at java.base/jdk.internal.reflect.DelegatingMethodAccessorImpl.invoke(DelegatingMethodAccessorImpl.java:43)
	at java.base/java.lang.reflect.Method.invoke(Method.java:567)
	at org.testng.internal.MethodInvocationHelper.invokeMethod(MethodInvocationHelper.java:133)
	at org.testng.internal.MethodInvocationHelper.invokeMethodConsideringTimeout(MethodInvocationHelper.java:62)
	at org.testng.internal.ConfigInvoker.invokeConfigurationMethod(ConfigInvoker.java:385)
	at org.testng.internal.ConfigInvoker.invokeConfigurations(ConfigInvoker.java:321)
	at org.testng.TestRunner.invokeTestConfigurations(TestRunner.java:637)
	at org.testng.TestRunner.beforeRun(TestRunner.java:627)
	at org.testng.TestRunner.run(TestRunner.java:589)
	at org.testng.SuiteRunner.runTest(SuiteRunner.java:377)
	at org.testng.SuiteRunner.runSequentially(SuiteRunner.java:371)
	at org.testng.SuiteRunner.privateRun(SuiteRunner.java:332)
	at org.testng.SuiteRunner.run(SuiteRunner.java:276)
	at org.testng.SuiteRunnerWorker.runSuite(SuiteRunnerWorker.java:53)
	at org.testng.SuiteRunnerWorker.run(SuiteRunnerWorker.java:96)
	at org.testng.TestNG.runSuitesSequentially(TestNG.java:1212)
	at org.testng.TestNG.runSuitesLocally(TestNG.java:1134)
	at org.testng.TestNG.runSuites(TestNG.java:1063)
	at org.testng.TestNG.run(TestNG.java:1031)
	at org.testng.remote.AbstractRemoteTestNG.run(AbstractRemoteTestNG.java:115)
	at org.testng.remote.RemoteTestNG.initAndRun(RemoteTestNG.java:251)
	at org.testng.remote.RemoteTestNG.main(RemoteTestNG.java:77)
</div></td></tr></table><p class="totop"><a href="#summary">back to summary</a></p>
<h3 id="m5">testcase.Case1#Create_Customer</h3><table class="result"><tr><th>Exception</th></tr><tr><td><div class="stacktrace">io.testproject.sdk.internal.exceptions.AgentConnectException: Agent responded with status 500: [org.openqa.selenium.SessionNotCreatedException: Unable to create a new remote session. Please check the server log for more details. Original error: All non-standard capabilities should have a vendor prefix. The following capabilities did not have one: applicationName
Build info: version: &apos;3.141.59&apos;, revision: &apos;e82be7d358&apos;, time: &apos;2018-11-14T08:17:03&apos;
System info: host: &apos;KARNAN-LENOVO&apos;, ip: &apos;192.168.137.1&apos;, os.name: &apos;Windows 10&apos;, os.arch: &apos;amd64&apos;, os.version: &apos;10.0&apos;, java.version: &apos;13.0.1&apos;
Driver info: driver.version: IOSDriver
remote stacktrace: InvalidArgumentError: All non-standard capabilities should have a vendor prefix. The following capabilities did not have one: applicationName
    at parseCaps (C:\snapshot\appium\node_modules\@appium\base-driver\lib\basedriver\capabilities.js:155:11)
    at processCapabilities (C:\snapshot\appium\node_modules\@appium\base-driver\lib\basedriver\capabilities.js:212:43)
    at parseCapsForInnerDriver (C:\snapshot\appium\lib\utils.js:161:21)
    at AppiumDriver.createSession (C:\snapshot\appium\lib\appium.js:161:26)
    at commandExecutor (C:\snapshot\appium\node_modules\@appium\base-driver\lib\basedriver\driver.js:361:7)
    at AppiumDriver.executeCommand (C:\snapshot\appium\node_modules\@appium\base-driver\lib\basedriver\driver.js:375:15)
    at wrappedCmd (C:\snapshot\appium\lib\appium.js:504:28)
    at AppiumDriver.executeWrappedCommand (C:\snapshot\appium\lib\appium.js:571:22)
    at AppiumDriver.executeCommand (C:\snapshot\appium\lib\appium.js:515:28)
    at asyncHandler (C:\snapshot\appium\node_modules\@appium\base-driver\lib\protocol\protocol.js:287:34)
    at C:\snapshot\appium\node_modules\@appium\base-driver\lib\protocol\protocol.js:413:15
    at Layer.handle [as handle_request] (C:\snapshot\appium\node_modules\@appium\base-driver\node_modules\express\lib\router\layer.js:95:5)
    at next (C:\snapshot\appium\node_modules\@appium\base-driver\node_modules\express\lib\router\route.js:137:13)
    at Route.dispatch (C:\snapshot\appium\node_modules\@appium\base-driver\node_modules\express\lib\router\route.js:112:3)
    at Layer.handle [as handle_request] (C:\snapshot\appium\node_modules\@appium\base-driver\node_modules\express\lib\router\layer.js:95:5)
    at C:\snapshot\appium\node_modules\@appium\base-driver\node_modules\express\lib\router\index.js:281:22
    at Function.process_params (C:\snapshot\appium\node_modules\@appium\base-driver\node_modules\express\lib\router\index.js:335:12)
    at next (C:\snapshot\appium\node_modules\@appium\base-driver\node_modules\express\lib\router\index.js:275:10)
    at logger (C:\snapshot\appium\node_modules\@appium\base-driver\node_modules\morgan\index.js:144:5)
    at Layer.handle [as handle_request] (C:\snapshot\appium\node_modules\@appium\base-driver\node_modules\express\lib\router\layer.js:95:5)
    at trim_prefix (C:\snapshot\appium\node_modules\@appium\base-driver\node_modules\express\lib\router\index.js:317:13)
    at C:\snapshot\appium\node_modules\@appium\base-driver\node_modules\express\lib\router\index.js:284:7
    at Function.process_params (C:\snapshot\appium\node_modules\@appium\base-driver\node_modules\express\lib\router\index.js:335:12)
    at next (C:\snapshot\appium\node_modules\@appium\base-driver\node_modules\express\lib\router\index.js:275:10)
    at C:\snapshot\appium\node_modules\@appium\base-driver\node_modules\body-parser\lib\read.js:130:5
    at invokeCallback (C:\snapshot\appium\node_modules\@appium\base-driver\node_modules\raw-body\index.js:224:16)
    at done (C:\snapshot\appium\node_modules\@appium\base-driver\node_modules\raw-body\index.js:213:7)
    at IncomingMessage.onEnd (C:\snapshot\appium\node_modules\@appium\base-driver\node_modules\raw-body\index.js:273:7)
    at IncomingMessage.emit (events.js:412:35)
    at endReadableNT (internal/streams/readable.js:1334:12)
    at processTicksAndRejections (internal/process/task_queues.js:82:21)
Build info: version: &apos;3.141.59&apos;, revision: &apos;e82be7d358&apos;, time: &apos;2018-11-14T08:17:03&apos;
System info: host: &apos;KARNAN-LENOVO&apos;, ip: &apos;192.168.137.1&apos;, os.name: &apos;Windows 10&apos;, os.arch: &apos;amd64&apos;, os.version: &apos;10.0&apos;, java.version: &apos;13.0.1&apos;
Driver info: driver.version: IOSDriver]
	at io.testproject.sdk.internal.rest.AgentClient.handleSessionStartFailure(AgentClient.java:896)
	at io.testproject.sdk.internal.rest.AgentClient.startSession(AgentClient.java:695)
	at io.testproject.sdk.internal.rest.AgentClient.&lt;init&gt;(AgentClient.java:275)
	at io.testproject.sdk.internal.rest.AgentClient.getClient(AgentClient.java:547)
	at io.testproject.sdk.drivers.ios.IOSDriver.&lt;init&gt;(IOSDriver.java:727)
	at io.testproject.sdk.drivers.ios.IOSDriver.&lt;init&gt;(IOSDriver.java:692)
	at io.testproject.sdk.drivers.ios.IOSDriver.&lt;init&gt;(IOSDriver.java:339)
	at action.iOS_Test_Report.setup(iOS_Test_Report.java:68)
	at java.base/jdk.internal.reflect.NativeMethodAccessorImpl.invoke0(Native Method)
	at java.base/jdk.internal.reflect.NativeMethodAccessorImpl.invoke(NativeMethodAccessorImpl.java:62)
	at java.base/jdk.internal.reflect.DelegatingMethodAccessorImpl.invoke(DelegatingMethodAccessorImpl.java:43)
	at java.base/java.lang.reflect.Method.invoke(Method.java:567)
	at org.testng.internal.MethodInvocationHelper.invokeMethod(MethodInvocationHelper.java:133)
	at org.testng.internal.MethodInvocationHelper.invokeMethodConsideringTimeout(MethodInvocationHelper.java:62)
	at org.testng.internal.ConfigInvoker.invokeConfigurationMethod(ConfigInvoker.java:385)
	at org.testng.internal.ConfigInvoker.invokeConfigurations(ConfigInvoker.java:321)
	at org.testng.TestRunner.invokeTestConfigurations(TestRunner.java:637)
	at org.testng.TestRunner.beforeRun(TestRunner.java:627)
	at org.testng.TestRunner.run(TestRunner.java:589)
	at org.testng.SuiteRunner.runTest(SuiteRunner.java:377)
	at org.testng.SuiteRunner.runSequentially(SuiteRunner.java:371)
	at org.testng.SuiteRunner.privateRun(SuiteRunner.java:332)
	at org.testng.SuiteRunner.run(SuiteRunner.java:276)
	at org.testng.SuiteRunnerWorker.runSuite(SuiteRunnerWorker.java:53)
	at org.testng.SuiteRunnerWorker.run(SuiteRunnerWorker.java:96)
	at org.testng.TestNG.runSuitesSequentially(TestNG.java:1212)
	at org.testng.TestNG.runSuitesLocally(TestNG.java:1134)
	at org.testng.TestNG.runSuites(TestNG.java:1063)
	at org.testng.TestNG.run(TestNG.java:1031)
	at org.testng.remote.AbstractRemoteTestNG.run(AbstractRemoteTestNG.java:115)
	at org.testng.remote.RemoteTestNG.initAndRun(RemoteTestNG.java:251)
	at org.testng.remote.RemoteTestNG.main(RemoteTestNG.java:77)
</div></td></tr></table><p class="totop"><a href="#summary">back to summary</a></p>
<h3 id="m6">testcase.Case1#Diary_Estimate_Accept</h3><table class="result"><tr><th>Exception</th></tr><tr><td><div class="stacktrace">io.testproject.sdk.internal.exceptions.AgentConnectException: Agent responded with status 500: [org.openqa.selenium.SessionNotCreatedException: Unable to create a new remote session. Please check the server log for more details. Original error: All non-standard capabilities should have a vendor prefix. The following capabilities did not have one: applicationName
Build info: version: &apos;3.141.59&apos;, revision: &apos;e82be7d358&apos;, time: &apos;2018-11-14T08:17:03&apos;
System info: host: &apos;KARNAN-LENOVO&apos;, ip: &apos;192.168.137.1&apos;, os.name: &apos;Windows 10&apos;, os.arch: &apos;amd64&apos;, os.version: &apos;10.0&apos;, java.version: &apos;13.0.1&apos;
Driver info: driver.version: IOSDriver
remote stacktrace: InvalidArgumentError: All non-standard capabilities should have a vendor prefix. The following capabilities did not have one: applicationName
    at parseCaps (C:\snapshot\appium\node_modules\@appium\base-driver\lib\basedriver\capabilities.js:155:11)
    at processCapabilities (C:\snapshot\appium\node_modules\@appium\base-driver\lib\basedriver\capabilities.js:212:43)
    at parseCapsForInnerDriver (C:\snapshot\appium\lib\utils.js:161:21)
    at AppiumDriver.createSession (C:\snapshot\appium\lib\appium.js:161:26)
    at commandExecutor (C:\snapshot\appium\node_modules\@appium\base-driver\lib\basedriver\driver.js:361:7)
    at AppiumDriver.executeCommand (C:\snapshot\appium\node_modules\@appium\base-driver\lib\basedriver\driver.js:375:15)
    at wrappedCmd (C:\snapshot\appium\lib\appium.js:504:28)
    at AppiumDriver.executeWrappedCommand (C:\snapshot\appium\lib\appium.js:571:22)
    at AppiumDriver.executeCommand (C:\snapshot\appium\lib\appium.js:515:28)
    at asyncHandler (C:\snapshot\appium\node_modules\@appium\base-driver\lib\protocol\protocol.js:287:34)
    at C:\snapshot\appium\node_modules\@appium\base-driver\lib\protocol\protocol.js:413:15
    at Layer.handle [as handle_request] (C:\snapshot\appium\node_modules\@appium\base-driver\node_modules\express\lib\router\layer.js:95:5)
    at next (C:\snapshot\appium\node_modules\@appium\base-driver\node_modules\express\lib\router\route.js:137:13)
    at Route.dispatch (C:\snapshot\appium\node_modules\@appium\base-driver\node_modules\express\lib\router\route.js:112:3)
    at Layer.handle [as handle_request] (C:\snapshot\appium\node_modules\@appium\base-driver\node_modules\express\lib\router\layer.js:95:5)
    at C:\snapshot\appium\node_modules\@appium\base-driver\node_modules\express\lib\router\index.js:281:22
    at Function.process_params (C:\snapshot\appium\node_modules\@appium\base-driver\node_modules\express\lib\router\index.js:335:12)
    at next (C:\snapshot\appium\node_modules\@appium\base-driver\node_modules\express\lib\router\index.js:275:10)
    at logger (C:\snapshot\appium\node_modules\@appium\base-driver\node_modules\morgan\index.js:144:5)
    at Layer.handle [as handle_request] (C:\snapshot\appium\node_modules\@appium\base-driver\node_modules\express\lib\router\layer.js:95:5)
    at trim_prefix (C:\snapshot\appium\node_modules\@appium\base-driver\node_modules\express\lib\router\index.js:317:13)
    at C:\snapshot\appium\node_modules\@appium\base-driver\node_modules\express\lib\router\index.js:284:7
    at Function.process_params (C:\snapshot\appium\node_modules\@appium\base-driver\node_modules\express\lib\router\index.js:335:12)
    at next (C:\snapshot\appium\node_modules\@appium\base-driver\node_modules\express\lib\router\index.js:275:10)
    at C:\snapshot\appium\node_modules\@appium\base-driver\node_modules\body-parser\lib\read.js:130:5
    at invokeCallback (C:\snapshot\appium\node_modules\@appium\base-driver\node_modules\raw-body\index.js:224:16)
    at done (C:\snapshot\appium\node_modules\@appium\base-driver\node_modules\raw-body\index.js:213:7)
    at IncomingMessage.onEnd (C:\snapshot\appium\node_modules\@appium\base-driver\node_modules\raw-body\index.js:273:7)
    at IncomingMessage.emit (events.js:412:35)
    at endReadableNT (internal/streams/readable.js:1334:12)
    at processTicksAndRejections (internal/process/task_queues.js:82:21)
Build info: version: &apos;3.141.59&apos;, revision: &apos;e82be7d358&apos;, time: &apos;2018-11-14T08:17:03&apos;
System info: host: &apos;KARNAN-LENOVO&apos;, ip: &apos;192.168.137.1&apos;, os.name: &apos;Windows 10&apos;, os.arch: &apos;amd64&apos;, os.version: &apos;10.0&apos;, java.version: &apos;13.0.1&apos;
Driver info: driver.version: IOSDriver]
	at io.testproject.sdk.internal.rest.AgentClient.handleSessionStartFailure(AgentClient.java:896)
	at io.testproject.sdk.internal.rest.AgentClient.startSession(AgentClient.java:695)
	at io.testproject.sdk.internal.rest.AgentClient.&lt;init&gt;(AgentClient.java:275)
	at io.testproject.sdk.internal.rest.AgentClient.getClient(AgentClient.java:547)
	at io.testproject.sdk.drivers.ios.IOSDriver.&lt;init&gt;(IOSDriver.java:727)
	at io.testproject.sdk.drivers.ios.IOSDriver.&lt;init&gt;(IOSDriver.java:692)
	at io.testproject.sdk.drivers.ios.IOSDriver.&lt;init&gt;(IOSDriver.java:339)
	at action.iOS_Test_Report.setup(iOS_Test_Report.java:68)
	at java.base/jdk.internal.reflect.NativeMethodAccessorImpl.invoke0(Native Method)
	at java.base/jdk.internal.reflect.NativeMethodAccessorImpl.invoke(NativeMethodAccessorImpl.java:62)
	at java.base/jdk.internal.reflect.DelegatingMethodAccessorImpl.invoke(DelegatingMethodAccessorImpl.java:43)
	at java.base/java.lang.reflect.Method.invoke(Method.java:567)
	at org.testng.internal.MethodInvocationHelper.invokeMethod(MethodInvocationHelper.java:133)
	at org.testng.internal.MethodInvocationHelper.invokeMethodConsideringTimeout(MethodInvocationHelper.java:62)
	at org.testng.internal.ConfigInvoker.invokeConfigurationMethod(ConfigInvoker.java:385)
	at org.testng.internal.ConfigInvoker.invokeConfigurations(ConfigInvoker.java:321)
	at org.testng.TestRunner.invokeTestConfigurations(TestRunner.java:637)
	at org.testng.TestRunner.beforeRun(TestRunner.java:627)
	at org.testng.TestRunner.run(TestRunner.java:589)
	at org.testng.SuiteRunner.runTest(SuiteRunner.java:377)
	at org.testng.SuiteRunner.runSequentially(SuiteRunner.java:371)
	at org.testng.SuiteRunner.privateRun(SuiteRunner.java:332)
	at org.testng.SuiteRunner.run(SuiteRunner.java:276)
	at org.testng.SuiteRunnerWorker.runSuite(SuiteRunnerWorker.java:53)
	at org.testng.SuiteRunnerWorker.run(SuiteRunnerWorker.java:96)
	at org.testng.TestNG.runSuitesSequentially(TestNG.java:1212)
	at org.testng.TestNG.runSuitesLocally(TestNG.java:1134)
	at org.testng.TestNG.runSuites(TestNG.java:1063)
	at org.testng.TestNG.run(TestNG.java:1031)
	at org.testng.remote.AbstractRemoteTestNG.run(AbstractRemoteTestNG.java:115)
	at org.testng.remote.RemoteTestNG.initAndRun(RemoteTestNG.java:251)
	at org.testng.remote.RemoteTestNG.main(RemoteTestNG.java:77)
</div></td></tr></table><p class="totop"><a href="#summary">back to summary</a></p>
<h3 id="m7">testcase.Case1#Diary_Estimate_Reject</h3><table class="result"><tr><th>Exception</th></tr><tr><td><div class="stacktrace">io.testproject.sdk.internal.exceptions.AgentConnectException: Agent responded with status 500: [org.openqa.selenium.SessionNotCreatedException: Unable to create a new remote session. Please check the server log for more details. Original error: All non-standard capabilities should have a vendor prefix. The following capabilities did not have one: applicationName
Build info: version: &apos;3.141.59&apos;, revision: &apos;e82be7d358&apos;, time: &apos;2018-11-14T08:17:03&apos;
System info: host: &apos;KARNAN-LENOVO&apos;, ip: &apos;192.168.137.1&apos;, os.name: &apos;Windows 10&apos;, os.arch: &apos;amd64&apos;, os.version: &apos;10.0&apos;, java.version: &apos;13.0.1&apos;
Driver info: driver.version: IOSDriver
remote stacktrace: InvalidArgumentError: All non-standard capabilities should have a vendor prefix. The following capabilities did not have one: applicationName
    at parseCaps (C:\snapshot\appium\node_modules\@appium\base-driver\lib\basedriver\capabilities.js:155:11)
    at processCapabilities (C:\snapshot\appium\node_modules\@appium\base-driver\lib\basedriver\capabilities.js:212:43)
    at parseCapsForInnerDriver (C:\snapshot\appium\lib\utils.js:161:21)
    at AppiumDriver.createSession (C:\snapshot\appium\lib\appium.js:161:26)
    at commandExecutor (C:\snapshot\appium\node_modules\@appium\base-driver\lib\basedriver\driver.js:361:7)
    at AppiumDriver.executeCommand (C:\snapshot\appium\node_modules\@appium\base-driver\lib\basedriver\driver.js:375:15)
    at wrappedCmd (C:\snapshot\appium\lib\appium.js:504:28)
    at AppiumDriver.executeWrappedCommand (C:\snapshot\appium\lib\appium.js:571:22)
    at AppiumDriver.executeCommand (C:\snapshot\appium\lib\appium.js:515:28)
    at asyncHandler (C:\snapshot\appium\node_modules\@appium\base-driver\lib\protocol\protocol.js:287:34)
    at C:\snapshot\appium\node_modules\@appium\base-driver\lib\protocol\protocol.js:413:15
    at Layer.handle [as handle_request] (C:\snapshot\appium\node_modules\@appium\base-driver\node_modules\express\lib\router\layer.js:95:5)
    at next (C:\snapshot\appium\node_modules\@appium\base-driver\node_modules\express\lib\router\route.js:137:13)
    at Route.dispatch (C:\snapshot\appium\node_modules\@appium\base-driver\node_modules\express\lib\router\route.js:112:3)
    at Layer.handle [as handle_request] (C:\snapshot\appium\node_modules\@appium\base-driver\node_modules\express\lib\router\layer.js:95:5)
    at C:\snapshot\appium\node_modules\@appium\base-driver\node_modules\express\lib\router\index.js:281:22
    at Function.process_params (C:\snapshot\appium\node_modules\@appium\base-driver\node_modules\express\lib\router\index.js:335:12)
    at next (C:\snapshot\appium\node_modules\@appium\base-driver\node_modules\express\lib\router\index.js:275:10)
    at logger (C:\snapshot\appium\node_modules\@appium\base-driver\node_modules\morgan\index.js:144:5)
    at Layer.handle [as handle_request] (C:\snapshot\appium\node_modules\@appium\base-driver\node_modules\express\lib\router\layer.js:95:5)
    at trim_prefix (C:\snapshot\appium\node_modules\@appium\base-driver\node_modules\express\lib\router\index.js:317:13)
    at C:\snapshot\appium\node_modules\@appium\base-driver\node_modules\express\lib\router\index.js:284:7
    at Function.process_params (C:\snapshot\appium\node_modules\@appium\base-driver\node_modules\express\lib\router\index.js:335:12)
    at next (C:\snapshot\appium\node_modules\@appium\base-driver\node_modules\express\lib\router\index.js:275:10)
    at C:\snapshot\appium\node_modules\@appium\base-driver\node_modules\body-parser\lib\read.js:130:5
    at invokeCallback (C:\snapshot\appium\node_modules\@appium\base-driver\node_modules\raw-body\index.js:224:16)
    at done (C:\snapshot\appium\node_modules\@appium\base-driver\node_modules\raw-body\index.js:213:7)
    at IncomingMessage.onEnd (C:\snapshot\appium\node_modules\@appium\base-driver\node_modules\raw-body\index.js:273:7)
    at IncomingMessage.emit (events.js:412:35)
    at endReadableNT (internal/streams/readable.js:1334:12)
    at processTicksAndRejections (internal/process/task_queues.js:82:21)
Build info: version: &apos;3.141.59&apos;, revision: &apos;e82be7d358&apos;, time: &apos;2018-11-14T08:17:03&apos;
System info: host: &apos;KARNAN-LENOVO&apos;, ip: &apos;192.168.137.1&apos;, os.name: &apos;Windows 10&apos;, os.arch: &apos;amd64&apos;, os.version: &apos;10.0&apos;, java.version: &apos;13.0.1&apos;
Driver info: driver.version: IOSDriver]
	at io.testproject.sdk.internal.rest.AgentClient.handleSessionStartFailure(AgentClient.java:896)
	at io.testproject.sdk.internal.rest.AgentClient.startSession(AgentClient.java:695)
	at io.testproject.sdk.internal.rest.AgentClient.&lt;init&gt;(AgentClient.java:275)
	at io.testproject.sdk.internal.rest.AgentClient.getClient(AgentClient.java:547)
	at io.testproject.sdk.drivers.ios.IOSDriver.&lt;init&gt;(IOSDriver.java:727)
	at io.testproject.sdk.drivers.ios.IOSDriver.&lt;init&gt;(IOSDriver.java:692)
	at io.testproject.sdk.drivers.ios.IOSDriver.&lt;init&gt;(IOSDriver.java:339)
	at action.iOS_Test_Report.setup(iOS_Test_Report.java:68)
	at java.base/jdk.internal.reflect.NativeMethodAccessorImpl.invoke0(Native Method)
	at java.base/jdk.internal.reflect.NativeMethodAccessorImpl.invoke(NativeMethodAccessorImpl.java:62)
	at java.base/jdk.internal.reflect.DelegatingMethodAccessorImpl.invoke(DelegatingMethodAccessorImpl.java:43)
	at java.base/java.lang.reflect.Method.invoke(Method.java:567)
	at org.testng.internal.MethodInvocationHelper.invokeMethod(MethodInvocationHelper.java:133)
	at org.testng.internal.MethodInvocationHelper.invokeMethodConsideringTimeout(MethodInvocationHelper.java:62)
	at org.testng.internal.ConfigInvoker.invokeConfigurationMethod(ConfigInvoker.java:385)
	at org.testng.internal.ConfigInvoker.invokeConfigurations(ConfigInvoker.java:321)
	at org.testng.TestRunner.invokeTestConfigurations(TestRunner.java:637)
	at org.testng.TestRunner.beforeRun(TestRunner.java:627)
	at org.testng.TestRunner.run(TestRunner.java:589)
	at org.testng.SuiteRunner.runTest(SuiteRunner.java:377)
	at org.testng.SuiteRunner.runSequentially(SuiteRunner.java:371)
	at org.testng.SuiteRunner.privateRun(SuiteRunner.java:332)
	at org.testng.SuiteRunner.run(SuiteRunner.java:276)
	at org.testng.SuiteRunnerWorker.runSuite(SuiteRunnerWorker.java:53)
	at org.testng.SuiteRunnerWorker.run(SuiteRunnerWorker.java:96)
	at org.testng.TestNG.runSuitesSequentially(TestNG.java:1212)
	at org.testng.TestNG.runSuitesLocally(TestNG.java:1134)
	at org.testng.TestNG.runSuites(TestNG.java:1063)
	at org.testng.TestNG.run(TestNG.java:1031)
	at org.testng.remote.AbstractRemoteTestNG.run(AbstractRemoteTestNG.java:115)
	at org.testng.remote.RemoteTestNG.initAndRun(RemoteTestNG.java:251)
	at org.testng.remote.RemoteTestNG.main(RemoteTestNG.java:77)
</div></td></tr></table><p class="totop"><a href="#summary">back to summary</a></p>
<h3 id="m8">testcase.Case1#Diary_Job_FOC</h3><table class="result"><tr><th>Exception</th></tr><tr><td><div class="stacktrace">io.testproject.sdk.internal.exceptions.AgentConnectException: Agent responded with status 500: [org.openqa.selenium.SessionNotCreatedException: Unable to create a new remote session. Please check the server log for more details. Original error: All non-standard capabilities should have a vendor prefix. The following capabilities did not have one: applicationName
Build info: version: &apos;3.141.59&apos;, revision: &apos;e82be7d358&apos;, time: &apos;2018-11-14T08:17:03&apos;
System info: host: &apos;KARNAN-LENOVO&apos;, ip: &apos;192.168.137.1&apos;, os.name: &apos;Windows 10&apos;, os.arch: &apos;amd64&apos;, os.version: &apos;10.0&apos;, java.version: &apos;13.0.1&apos;
Driver info: driver.version: IOSDriver
remote stacktrace: InvalidArgumentError: All non-standard capabilities should have a vendor prefix. The following capabilities did not have one: applicationName
    at parseCaps (C:\snapshot\appium\node_modules\@appium\base-driver\lib\basedriver\capabilities.js:155:11)
    at processCapabilities (C:\snapshot\appium\node_modules\@appium\base-driver\lib\basedriver\capabilities.js:212:43)
    at parseCapsForInnerDriver (C:\snapshot\appium\lib\utils.js:161:21)
    at AppiumDriver.createSession (C:\snapshot\appium\lib\appium.js:161:26)
    at commandExecutor (C:\snapshot\appium\node_modules\@appium\base-driver\lib\basedriver\driver.js:361:7)
    at AppiumDriver.executeCommand (C:\snapshot\appium\node_modules\@appium\base-driver\lib\basedriver\driver.js:375:15)
    at wrappedCmd (C:\snapshot\appium\lib\appium.js:504:28)
    at AppiumDriver.executeWrappedCommand (C:\snapshot\appium\lib\appium.js:571:22)
    at AppiumDriver.executeCommand (C:\snapshot\appium\lib\appium.js:515:28)
    at asyncHandler (C:\snapshot\appium\node_modules\@appium\base-driver\lib\protocol\protocol.js:287:34)
    at C:\snapshot\appium\node_modules\@appium\base-driver\lib\protocol\protocol.js:413:15
    at Layer.handle [as handle_request] (C:\snapshot\appium\node_modules\@appium\base-driver\node_modules\express\lib\router\layer.js:95:5)
    at next (C:\snapshot\appium\node_modules\@appium\base-driver\node_modules\express\lib\router\route.js:137:13)
    at Route.dispatch (C:\snapshot\appium\node_modules\@appium\base-driver\node_modules\express\lib\router\route.js:112:3)
    at Layer.handle [as handle_request] (C:\snapshot\appium\node_modules\@appium\base-driver\node_modules\express\lib\router\layer.js:95:5)
    at C:\snapshot\appium\node_modules\@appium\base-driver\node_modules\express\lib\router\index.js:281:22
    at Function.process_params (C:\snapshot\appium\node_modules\@appium\base-driver\node_modules\express\lib\router\index.js:335:12)
    at next (C:\snapshot\appium\node_modules\@appium\base-driver\node_modules\express\lib\router\index.js:275:10)
    at logger (C:\snapshot\appium\node_modules\@appium\base-driver\node_modules\morgan\index.js:144:5)
    at Layer.handle [as handle_request] (C:\snapshot\appium\node_modules\@appium\base-driver\node_modules\express\lib\router\layer.js:95:5)
    at trim_prefix (C:\snapshot\appium\node_modules\@appium\base-driver\node_modules\express\lib\router\index.js:317:13)
    at C:\snapshot\appium\node_modules\@appium\base-driver\node_modules\express\lib\router\index.js:284:7
    at Function.process_params (C:\snapshot\appium\node_modules\@appium\base-driver\node_modules\express\lib\router\index.js:335:12)
    at next (C:\snapshot\appium\node_modules\@appium\base-driver\node_modules\express\lib\router\index.js:275:10)
    at C:\snapshot\appium\node_modules\@appium\base-driver\node_modules\body-parser\lib\read.js:130:5
    at invokeCallback (C:\snapshot\appium\node_modules\@appium\base-driver\node_modules\raw-body\index.js:224:16)
    at done (C:\snapshot\appium\node_modules\@appium\base-driver\node_modules\raw-body\index.js:213:7)
    at IncomingMessage.onEnd (C:\snapshot\appium\node_modules\@appium\base-driver\node_modules\raw-body\index.js:273:7)
    at IncomingMessage.emit (events.js:412:35)
    at endReadableNT (internal/streams/readable.js:1334:12)
    at processTicksAndRejections (internal/process/task_queues.js:82:21)
Build info: version: &apos;3.141.59&apos;, revision: &apos;e82be7d358&apos;, time: &apos;2018-11-14T08:17:03&apos;
System info: host: &apos;KARNAN-LENOVO&apos;, ip: &apos;192.168.137.1&apos;, os.name: &apos;Windows 10&apos;, os.arch: &apos;amd64&apos;, os.version: &apos;10.0&apos;, java.version: &apos;13.0.1&apos;
Driver info: driver.version: IOSDriver]
	at io.testproject.sdk.internal.rest.AgentClient.handleSessionStartFailure(AgentClient.java:896)
	at io.testproject.sdk.internal.rest.AgentClient.startSession(AgentClient.java:695)
	at io.testproject.sdk.internal.rest.AgentClient.&lt;init&gt;(AgentClient.java:275)
	at io.testproject.sdk.internal.rest.AgentClient.getClient(AgentClient.java:547)
	at io.testproject.sdk.drivers.ios.IOSDriver.&lt;init&gt;(IOSDriver.java:727)
	at io.testproject.sdk.drivers.ios.IOSDriver.&lt;init&gt;(IOSDriver.java:692)
	at io.testproject.sdk.drivers.ios.IOSDriver.&lt;init&gt;(IOSDriver.java:339)
	at action.iOS_Test_Report.setup(iOS_Test_Report.java:68)
	at java.base/jdk.internal.reflect.NativeMethodAccessorImpl.invoke0(Native Method)
	at java.base/jdk.internal.reflect.NativeMethodAccessorImpl.invoke(NativeMethodAccessorImpl.java:62)
	at java.base/jdk.internal.reflect.DelegatingMethodAccessorImpl.invoke(DelegatingMethodAccessorImpl.java:43)
	at java.base/java.lang.reflect.Method.invoke(Method.java:567)
	at org.testng.internal.MethodInvocationHelper.invokeMethod(MethodInvocationHelper.java:133)
	at org.testng.internal.MethodInvocationHelper.invokeMethodConsideringTimeout(MethodInvocationHelper.java:62)
	at org.testng.internal.ConfigInvoker.invokeConfigurationMethod(ConfigInvoker.java:385)
	at org.testng.internal.ConfigInvoker.invokeConfigurations(ConfigInvoker.java:321)
	at org.testng.TestRunner.invokeTestConfigurations(TestRunner.java:637)
	at org.testng.TestRunner.beforeRun(TestRunner.java:627)
	at org.testng.TestRunner.run(TestRunner.java:589)
	at org.testng.SuiteRunner.runTest(SuiteRunner.java:377)
	at org.testng.SuiteRunner.runSequentially(SuiteRunner.java:371)
	at org.testng.SuiteRunner.privateRun(SuiteRunner.java:332)
	at org.testng.SuiteRunner.run(SuiteRunner.java:276)
	at org.testng.SuiteRunnerWorker.runSuite(SuiteRunnerWorker.java:53)
	at org.testng.SuiteRunnerWorker.run(SuiteRunnerWorker.java:96)
	at org.testng.TestNG.runSuitesSequentially(TestNG.java:1212)
	at org.testng.TestNG.runSuitesLocally(TestNG.java:1134)
	at org.testng.TestNG.runSuites(TestNG.java:1063)
	at org.testng.TestNG.run(TestNG.java:1031)
	at org.testng.remote.AbstractRemoteTestNG.run(AbstractRemoteTestNG.java:115)
	at org.testng.remote.RemoteTestNG.initAndRun(RemoteTestNG.java:251)
	at org.testng.remote.RemoteTestNG.main(RemoteTestNG.java:77)
</div></td></tr></table><p class="totop"><a href="#summary">back to summary</a></p>
<h3 id="m9">testcase.Case1#Diary_Job_Final_Invoiced</h3><table class="result"><tr><th>Exception</th></tr><tr><td><div class="stacktrace">io.testproject.sdk.internal.exceptions.AgentConnectException: Agent responded with status 500: [org.openqa.selenium.SessionNotCreatedException: Unable to create a new remote session. Please check the server log for more details. Original error: All non-standard capabilities should have a vendor prefix. The following capabilities did not have one: applicationName
Build info: version: &apos;3.141.59&apos;, revision: &apos;e82be7d358&apos;, time: &apos;2018-11-14T08:17:03&apos;
System info: host: &apos;KARNAN-LENOVO&apos;, ip: &apos;192.168.137.1&apos;, os.name: &apos;Windows 10&apos;, os.arch: &apos;amd64&apos;, os.version: &apos;10.0&apos;, java.version: &apos;13.0.1&apos;
Driver info: driver.version: IOSDriver
remote stacktrace: InvalidArgumentError: All non-standard capabilities should have a vendor prefix. The following capabilities did not have one: applicationName
    at parseCaps (C:\snapshot\appium\node_modules\@appium\base-driver\lib\basedriver\capabilities.js:155:11)
    at processCapabilities (C:\snapshot\appium\node_modules\@appium\base-driver\lib\basedriver\capabilities.js:212:43)
    at parseCapsForInnerDriver (C:\snapshot\appium\lib\utils.js:161:21)
    at AppiumDriver.createSession (C:\snapshot\appium\lib\appium.js:161:26)
    at commandExecutor (C:\snapshot\appium\node_modules\@appium\base-driver\lib\basedriver\driver.js:361:7)
    at AppiumDriver.executeCommand (C:\snapshot\appium\node_modules\@appium\base-driver\lib\basedriver\driver.js:375:15)
    at wrappedCmd (C:\snapshot\appium\lib\appium.js:504:28)
    at AppiumDriver.executeWrappedCommand (C:\snapshot\appium\lib\appium.js:571:22)
    at AppiumDriver.executeCommand (C:\snapshot\appium\lib\appium.js:515:28)
    at asyncHandler (C:\snapshot\appium\node_modules\@appium\base-driver\lib\protocol\protocol.js:287:34)
    at C:\snapshot\appium\node_modules\@appium\base-driver\lib\protocol\protocol.js:413:15
    at Layer.handle [as handle_request] (C:\snapshot\appium\node_modules\@appium\base-driver\node_modules\express\lib\router\layer.js:95:5)
    at next (C:\snapshot\appium\node_modules\@appium\base-driver\node_modules\express\lib\router\route.js:137:13)
    at Route.dispatch (C:\snapshot\appium\node_modules\@appium\base-driver\node_modules\express\lib\router\route.js:112:3)
    at Layer.handle [as handle_request] (C:\snapshot\appium\node_modules\@appium\base-driver\node_modules\express\lib\router\layer.js:95:5)
    at C:\snapshot\appium\node_modules\@appium\base-driver\node_modules\express\lib\router\index.js:281:22
    at Function.process_params (C:\snapshot\appium\node_modules\@appium\base-driver\node_modules\express\lib\router\index.js:335:12)
    at next (C:\snapshot\appium\node_modules\@appium\base-driver\node_modules\express\lib\router\index.js:275:10)
    at logger (C:\snapshot\appium\node_modules\@appium\base-driver\node_modules\morgan\index.js:144:5)
    at Layer.handle [as handle_request] (C:\snapshot\appium\node_modules\@appium\base-driver\node_modules\express\lib\router\layer.js:95:5)
    at trim_prefix (C:\snapshot\appium\node_modules\@appium\base-driver\node_modules\express\lib\router\index.js:317:13)
    at C:\snapshot\appium\node_modules\@appium\base-driver\node_modules\express\lib\router\index.js:284:7
    at Function.process_params (C:\snapshot\appium\node_modules\@appium\base-driver\node_modules\express\lib\router\index.js:335:12)
    at next (C:\snapshot\appium\node_modules\@appium\base-driver\node_modules\express\lib\router\index.js:275:10)
    at C:\snapshot\appium\node_modules\@appium\base-driver\node_modules\body-parser\lib\read.js:130:5
    at invokeCallback (C:\snapshot\appium\node_modules\@appium\base-driver\node_modules\raw-body\index.js:224:16)
    at done (C:\snapshot\appium\node_modules\@appium\base-driver\node_modules\raw-body\index.js:213:7)
    at IncomingMessage.onEnd (C:\snapshot\appium\node_modules\@appium\base-driver\node_modules\raw-body\index.js:273:7)
    at IncomingMessage.emit (events.js:412:35)
    at endReadableNT (internal/streams/readable.js:1334:12)
    at processTicksAndRejections (internal/process/task_queues.js:82:21)
Build info: version: &apos;3.141.59&apos;, revision: &apos;e82be7d358&apos;, time: &apos;2018-11-14T08:17:03&apos;
System info: host: &apos;KARNAN-LENOVO&apos;, ip: &apos;192.168.137.1&apos;, os.name: &apos;Windows 10&apos;, os.arch: &apos;amd64&apos;, os.version: &apos;10.0&apos;, java.version: &apos;13.0.1&apos;
Driver info: driver.version: IOSDriver]
	at io.testproject.sdk.internal.rest.AgentClient.handleSessionStartFailure(AgentClient.java:896)
	at io.testproject.sdk.internal.rest.AgentClient.startSession(AgentClient.java:695)
	at io.testproject.sdk.internal.rest.AgentClient.&lt;init&gt;(AgentClient.java:275)
	at io.testproject.sdk.internal.rest.AgentClient.getClient(AgentClient.java:547)
	at io.testproject.sdk.drivers.ios.IOSDriver.&lt;init&gt;(IOSDriver.java:727)
	at io.testproject.sdk.drivers.ios.IOSDriver.&lt;init&gt;(IOSDriver.java:692)
	at io.testproject.sdk.drivers.ios.IOSDriver.&lt;init&gt;(IOSDriver.java:339)
	at action.iOS_Test_Report.setup(iOS_Test_Report.java:68)
	at java.base/jdk.internal.reflect.NativeMethodAccessorImpl.invoke0(Native Method)
	at java.base/jdk.internal.reflect.NativeMethodAccessorImpl.invoke(NativeMethodAccessorImpl.java:62)
	at java.base/jdk.internal.reflect.DelegatingMethodAccessorImpl.invoke(DelegatingMethodAccessorImpl.java:43)
	at java.base/java.lang.reflect.Method.invoke(Method.java:567)
	at org.testng.internal.MethodInvocationHelper.invokeMethod(MethodInvocationHelper.java:133)
	at org.testng.internal.MethodInvocationHelper.invokeMethodConsideringTimeout(MethodInvocationHelper.java:62)
	at org.testng.internal.ConfigInvoker.invokeConfigurationMethod(ConfigInvoker.java:385)
	at org.testng.internal.ConfigInvoker.invokeConfigurations(ConfigInvoker.java:321)
	at org.testng.TestRunner.invokeTestConfigurations(TestRunner.java:637)
	at org.testng.TestRunner.beforeRun(TestRunner.java:627)
	at org.testng.TestRunner.run(TestRunner.java:589)
	at org.testng.SuiteRunner.runTest(SuiteRunner.java:377)
	at org.testng.SuiteRunner.runSequentially(SuiteRunner.java:371)
	at org.testng.SuiteRunner.privateRun(SuiteRunner.java:332)
	at org.testng.SuiteRunner.run(SuiteRunner.java:276)
	at org.testng.SuiteRunnerWorker.runSuite(SuiteRunnerWorker.java:53)
	at org.testng.SuiteRunnerWorker.run(SuiteRunnerWorker.java:96)
	at org.testng.TestNG.runSuitesSequentially(TestNG.java:1212)
	at org.testng.TestNG.runSuitesLocally(TestNG.java:1134)
	at org.testng.TestNG.runSuites(TestNG.java:1063)
	at org.testng.TestNG.run(TestNG.java:1031)
	at org.testng.remote.AbstractRemoteTestNG.run(AbstractRemoteTestNG.java:115)
	at org.testng.remote.RemoteTestNG.initAndRun(RemoteTestNG.java:251)
	at org.testng.remote.RemoteTestNG.main(RemoteTestNG.java:77)
</div></td></tr></table><p class="totop"><a href="#summary">back to summary</a></p>
<h3 id="m10">testcase.Case1#Edit_Cusotmer</h3><table class="result"><tr><th>Exception</th></tr><tr><td><div class="stacktrace">io.testproject.sdk.internal.exceptions.AgentConnectException: Agent responded with status 500: [org.openqa.selenium.SessionNotCreatedException: Unable to create a new remote session. Please check the server log for more details. Original error: All non-standard capabilities should have a vendor prefix. The following capabilities did not have one: applicationName
Build info: version: &apos;3.141.59&apos;, revision: &apos;e82be7d358&apos;, time: &apos;2018-11-14T08:17:03&apos;
System info: host: &apos;KARNAN-LENOVO&apos;, ip: &apos;192.168.137.1&apos;, os.name: &apos;Windows 10&apos;, os.arch: &apos;amd64&apos;, os.version: &apos;10.0&apos;, java.version: &apos;13.0.1&apos;
Driver info: driver.version: IOSDriver
remote stacktrace: InvalidArgumentError: All non-standard capabilities should have a vendor prefix. The following capabilities did not have one: applicationName
    at parseCaps (C:\snapshot\appium\node_modules\@appium\base-driver\lib\basedriver\capabilities.js:155:11)
    at processCapabilities (C:\snapshot\appium\node_modules\@appium\base-driver\lib\basedriver\capabilities.js:212:43)
    at parseCapsForInnerDriver (C:\snapshot\appium\lib\utils.js:161:21)
    at AppiumDriver.createSession (C:\snapshot\appium\lib\appium.js:161:26)
    at commandExecutor (C:\snapshot\appium\node_modules\@appium\base-driver\lib\basedriver\driver.js:361:7)
    at AppiumDriver.executeCommand (C:\snapshot\appium\node_modules\@appium\base-driver\lib\basedriver\driver.js:375:15)
    at wrappedCmd (C:\snapshot\appium\lib\appium.js:504:28)
    at AppiumDriver.executeWrappedCommand (C:\snapshot\appium\lib\appium.js:571:22)
    at AppiumDriver.executeCommand (C:\snapshot\appium\lib\appium.js:515:28)
    at asyncHandler (C:\snapshot\appium\node_modules\@appium\base-driver\lib\protocol\protocol.js:287:34)
    at C:\snapshot\appium\node_modules\@appium\base-driver\lib\protocol\protocol.js:413:15
    at Layer.handle [as handle_request] (C:\snapshot\appium\node_modules\@appium\base-driver\node_modules\express\lib\router\layer.js:95:5)
    at next (C:\snapshot\appium\node_modules\@appium\base-driver\node_modules\express\lib\router\route.js:137:13)
    at Route.dispatch (C:\snapshot\appium\node_modules\@appium\base-driver\node_modules\express\lib\router\route.js:112:3)
    at Layer.handle [as handle_request] (C:\snapshot\appium\node_modules\@appium\base-driver\node_modules\express\lib\router\layer.js:95:5)
    at C:\snapshot\appium\node_modules\@appium\base-driver\node_modules\express\lib\router\index.js:281:22
    at Function.process_params (C:\snapshot\appium\node_modules\@appium\base-driver\node_modules\express\lib\router\index.js:335:12)
    at next (C:\snapshot\appium\node_modules\@appium\base-driver\node_modules\express\lib\router\index.js:275:10)
    at logger (C:\snapshot\appium\node_modules\@appium\base-driver\node_modules\morgan\index.js:144:5)
    at Layer.handle [as handle_request] (C:\snapshot\appium\node_modules\@appium\base-driver\node_modules\express\lib\router\layer.js:95:5)
    at trim_prefix (C:\snapshot\appium\node_modules\@appium\base-driver\node_modules\express\lib\router\index.js:317:13)
    at C:\snapshot\appium\node_modules\@appium\base-driver\node_modules\express\lib\router\index.js:284:7
    at Function.process_params (C:\snapshot\appium\node_modules\@appium\base-driver\node_modules\express\lib\router\index.js:335:12)
    at next (C:\snapshot\appium\node_modules\@appium\base-driver\node_modules\express\lib\router\index.js:275:10)
    at C:\snapshot\appium\node_modules\@appium\base-driver\node_modules\body-parser\lib\read.js:130:5
    at invokeCallback (C:\snapshot\appium\node_modules\@appium\base-driver\node_modules\raw-body\index.js:224:16)
    at done (C:\snapshot\appium\node_modules\@appium\base-driver\node_modules\raw-body\index.js:213:7)
    at IncomingMessage.onEnd (C:\snapshot\appium\node_modules\@appium\base-driver\node_modules\raw-body\index.js:273:7)
    at IncomingMessage.emit (events.js:412:35)
    at endReadableNT (internal/streams/readable.js:1334:12)
    at processTicksAndRejections (internal/process/task_queues.js:82:21)
Build info: version: &apos;3.141.59&apos;, revision: &apos;e82be7d358&apos;, time: &apos;2018-11-14T08:17:03&apos;
System info: host: &apos;KARNAN-LENOVO&apos;, ip: &apos;192.168.137.1&apos;, os.name: &apos;Windows 10&apos;, os.arch: &apos;amd64&apos;, os.version: &apos;10.0&apos;, java.version: &apos;13.0.1&apos;
Driver info: driver.version: IOSDriver]
	at io.testproject.sdk.internal.rest.AgentClient.handleSessionStartFailure(AgentClient.java:896)
	at io.testproject.sdk.internal.rest.AgentClient.startSession(AgentClient.java:695)
	at io.testproject.sdk.internal.rest.AgentClient.&lt;init&gt;(AgentClient.java:275)
	at io.testproject.sdk.internal.rest.AgentClient.getClient(AgentClient.java:547)
	at io.testproject.sdk.drivers.ios.IOSDriver.&lt;init&gt;(IOSDriver.java:727)
	at io.testproject.sdk.drivers.ios.IOSDriver.&lt;init&gt;(IOSDriver.java:692)
	at io.testproject.sdk.drivers.ios.IOSDriver.&lt;init&gt;(IOSDriver.java:339)
	at action.iOS_Test_Report.setup(iOS_Test_Report.java:68)
	at java.base/jdk.internal.reflect.NativeMethodAccessorImpl.invoke0(Native Method)
	at java.base/jdk.internal.reflect.NativeMethodAccessorImpl.invoke(NativeMethodAccessorImpl.java:62)
	at java.base/jdk.internal.reflect.DelegatingMethodAccessorImpl.invoke(DelegatingMethodAccessorImpl.java:43)
	at java.base/java.lang.reflect.Method.invoke(Method.java:567)
	at org.testng.internal.MethodInvocationHelper.invokeMethod(MethodInvocationHelper.java:133)
	at org.testng.internal.MethodInvocationHelper.invokeMethodConsideringTimeout(MethodInvocationHelper.java:62)
	at org.testng.internal.ConfigInvoker.invokeConfigurationMethod(ConfigInvoker.java:385)
	at org.testng.internal.ConfigInvoker.invokeConfigurations(ConfigInvoker.java:321)
	at org.testng.TestRunner.invokeTestConfigurations(TestRunner.java:637)
	at org.testng.TestRunner.beforeRun(TestRunner.java:627)
	at org.testng.TestRunner.run(TestRunner.java:589)
	at org.testng.SuiteRunner.runTest(SuiteRunner.java:377)
	at org.testng.SuiteRunner.runSequentially(SuiteRunner.java:371)
	at org.testng.SuiteRunner.privateRun(SuiteRunner.java:332)
	at org.testng.SuiteRunner.run(SuiteRunner.java:276)
	at org.testng.SuiteRunnerWorker.runSuite(SuiteRunnerWorker.java:53)
	at org.testng.SuiteRunnerWorker.run(SuiteRunnerWorker.java:96)
	at org.testng.TestNG.runSuitesSequentially(TestNG.java:1212)
	at org.testng.TestNG.runSuitesLocally(TestNG.java:1134)
	at org.testng.TestNG.runSuites(TestNG.java:1063)
	at org.testng.TestNG.run(TestNG.java:1031)
	at org.testng.remote.AbstractRemoteTestNG.run(AbstractRemoteTestNG.java:115)
	at org.testng.remote.RemoteTestNG.initAndRun(RemoteTestNG.java:251)
	at org.testng.remote.RemoteTestNG.main(RemoteTestNG.java:77)
</div></td></tr></table><p class="totop"><a href="#summary">back to summary</a></p>
</body>
</html>
