<!DOCTYPE html>

<html>
  <head>
  <meta charset='utf-8'>
  <title>TestNG reports</title>

    <link type="text/css" href="testng-reports1.css" rel="stylesheet" id="ultra" />
    <link type="text/css" href="testng-reports.css" rel="stylesheet" id="retro" disabled="false"/>
    <script type="text/javascript" src="jquery.min.js"></script>
    <script type="text/javascript" src="testng-reports.js"></script>
    <script type="text/javascript" src="https://www.google.com/jsapi"></script>
    <script type='text/javascript'>
      google.load('visualization', '1', {packages:['table']});
      google.setOnLoadCallback(drawTable);
      var suiteTableInitFunctions = new Array();
      var suiteTableData = new Array();
    </script>
    <!--
      <script type="text/javascript" src="jquery-ui/js/jquery-ui-1.8.16.custom.min.js"></script>
     -->
  </head>

  <body>
    <div class="top-banner-root">
      <span class="top-banner-title-font">Test results</span>
      <button id="button" class="button">Switch Retro Theme</button> <!-- button -->
      <br/>
      <span class="top-banner-font-1">1 suite</span>
    </div> <!-- top-banner-root -->
    <div class="navigator-root">
      <div class="navigator-suite-header">
        <span>All suites</span>
        <a href="#" title="Collapse/expand all the suites" class="collapse-all-link">
          <img src="collapseall.gif" class="collapse-all-icon">
          </img> <!-- collapse-all-icon -->
        </a> <!-- collapse-all-link -->
      </div> <!-- navigator-suite-header -->
      <div class="suite">
        <div class="rounded-window">
          <div class="suite-header light-rounded-window-top">
            <a href="#" panel-name="suite-Default_suite" class="navigator-link">
              <span class="suite-name border-skipped">Default suite</span>
            </a> <!-- navigator-link -->
          </div> <!-- suite-header light-rounded-window-top -->
          <div class="navigator-suite-content">
            <div class="suite-section-title">
              <span>Info</span>
            </div> <!-- suite-section-title -->
            <div class="suite-section-content">
              <ul>
                <li>
                  <a href="#" panel-name="test-xml-Default_suite" class="navigator-link ">
                    <span>C:\Users\Ranjit\AppData\Local\Temp\testng-eclipse-1242579985\testng-customsuite.xml</span>
                  </a> <!-- navigator-link  -->
                </li>
                <li>
                  <a href="#" panel-name="testlist-Default_suite" class="navigator-link ">
                    <span class="test-stats">1 test</span>
                  </a> <!-- navigator-link  -->
                </li>
                <li>
                  <a href="#" panel-name="group-Default_suite" class="navigator-link ">
                    <span>0 groups</span>
                  </a> <!-- navigator-link  -->
                </li>
                <li>
                  <a href="#" panel-name="times-Default_suite" class="navigator-link ">
                    <span>Times</span>
                  </a> <!-- navigator-link  -->
                </li>
                <li>
                  <a href="#" panel-name="reporter-Default_suite" class="navigator-link ">
                    <span>Reporter output</span>
                  </a> <!-- navigator-link  -->
                </li>
                <li>
                  <a href="#" panel-name="ignored-methods-Default_suite" class="navigator-link ">
                    <span>Ignored methods</span>
                  </a> <!-- navigator-link  -->
                </li>
                <li>
                  <a href="#" panel-name="chronological-Default_suite" class="navigator-link ">
                    <span>Chronological view</span>
                  </a> <!-- navigator-link  -->
                </li>
              </ul>
            </div> <!-- suite-section-content -->
            <div class="result-section">
              <div class="suite-section-title">
                <span>Results</span>
              </div> <!-- suite-section-title -->
              <div class="suite-section-content">
                <ul>
                  <li>
                    <span class="method-stats">10 methods,  10 skipped,  </span>
                  </li>
                  <li>
                    <span class="method-list-title skipped">Skipped methods</span>
                    <span class="show-or-hide-methods skipped">
                      <a href="#" panel-name="suite-Default_suite" class="hide-methods skipped suite-Default_suite"> (hide)</a> <!-- hide-methods skipped suite-Default_suite -->
                      <a href="#" panel-name="suite-Default_suite" class="show-methods skipped suite-Default_suite"> (show)</a> <!-- show-methods skipped suite-Default_suite -->
                    </span>
                    <div class="method-list-content skipped suite-Default_suite">
                      <span>
                        <img src="skipped.png" width="3%"/>
                        <a href="#" panel-name="suite-Default_suite" title="testcase.Case1" class="method navigator-link" hash-for-method="Add_Customer_Contact">Add_Customer_Contact</a> <!-- method navigator-link -->
                      </span>
                      <br/>
                      <span>
                        <img src="skipped.png" width="3%"/>
                        <a href="#" panel-name="suite-Default_suite" title="testcase.Case1" class="method navigator-link" hash-for-method="Add_Notes_Section">Add_Notes_Section</a> <!-- method navigator-link -->
                      </span>
                      <br/>
                      <span>
                        <img src="skipped.png" width="3%"/>
                        <a href="#" panel-name="suite-Default_suite" title="testcase.Case1" class="method navigator-link" hash-for-method="Add_Parts">Add_Parts</a> <!-- method navigator-link -->
                      </span>
                      <br/>
                      <span>
                        <img src="skipped.png" width="3%"/>
                        <a href="#" panel-name="suite-Default_suite" title="testcase.Case1" class="method navigator-link" hash-for-method="Add_Reminders">Add_Reminders</a> <!-- method navigator-link -->
                      </span>
                      <br/>
                      <span>
                        <img src="skipped.png" width="3%"/>
                        <a href="#" panel-name="suite-Default_suite" title="testcase.Case1" class="method navigator-link" hash-for-method="Create_Customer">Create_Customer</a> <!-- method navigator-link -->
                      </span>
                      <br/>
                      <span>
                        <img src="skipped.png" width="3%"/>
                        <a href="#" panel-name="suite-Default_suite" title="testcase.Case1" class="method navigator-link" hash-for-method="Diary_Estimate_Accept">Diary_Estimate_Accept</a> <!-- method navigator-link -->
                      </span>
                      <br/>
                      <span>
                        <img src="skipped.png" width="3%"/>
                        <a href="#" panel-name="suite-Default_suite" title="testcase.Case1" class="method navigator-link" hash-for-method="Diary_Estimate_Reject">Diary_Estimate_Reject</a> <!-- method navigator-link -->
                      </span>
                      <br/>
                      <span>
                        <img src="skipped.png" width="3%"/>
                        <a href="#" panel-name="suite-Default_suite" title="testcase.Case1" class="method navigator-link" hash-for-method="Diary_Job_FOC">Diary_Job_FOC</a> <!-- method navigator-link -->
                      </span>
                      <br/>
                      <span>
                        <img src="skipped.png" width="3%"/>
                        <a href="#" panel-name="suite-Default_suite" title="testcase.Case1" class="method navigator-link" hash-for-method="Diary_Job_Final_Invoiced">Diary_Job_Final_Invoiced</a> <!-- method navigator-link -->
                      </span>
                      <br/>
                      <span>
                        <img src="skipped.png" width="3%"/>
                        <a href="#" panel-name="suite-Default_suite" title="testcase.Case1" class="method navigator-link" hash-for-method="Edit_Cusotmer">Edit_Cusotmer</a> <!-- method navigator-link -->
                      </span>
                      <br/>
                    </div> <!-- method-list-content skipped suite-Default_suite -->
                  </li>
                </ul>
              </div> <!-- suite-section-content -->
            </div> <!-- result-section -->
          </div> <!-- navigator-suite-content -->
        </div> <!-- rounded-window -->
      </div> <!-- suite -->
    </div> <!-- navigator-root -->
    <div class="wrapper">
      <div class="main-panel-root">
        <div panel-name="suite-Default_suite" class="panel Default_suite">
          <div class="suite-Default_suite-class-skipped">
            <div class="main-panel-header rounded-window-top">
              <img src="skipped.png"/>
              <span class="class-name">testcase.Case1</span>
            </div> <!-- main-panel-header rounded-window-top -->
            <div class="main-panel-content rounded-window-bottom">
              <div class="method">
                <div class="method-content">
                  <a name="Add_Customer_Contact">
                  </a> <!-- Add_Customer_Contact -->
                  <span class="method-name">Add_Customer_Contact</span>
                  <div class="stack-trace">io.testproject.sdk.internal.exceptions.AgentConnectException: Agent responded with status 500: [org.openqa.selenium.SessionNotCreatedException: Unable to create a new remote session. Please check the server log for more details. Original error: All non-standard capabilities should have a vendor prefix. The following capabilities did not have one: applicationName
Build info: version: &apos;3.141.59&apos;, revision: &apos;e82be7d358&apos;, time: &apos;2018-11-14T08:17:03&apos;
System info: host: &apos;KARNAN-LENOVO&apos;, ip: &apos;192.168.137.1&apos;, os.name: &apos;Windows 10&apos;, os.arch: &apos;amd64&apos;, os.version: &apos;10.0&apos;, java.version: &apos;13.0.1&apos;
Driver info: driver.version: IOSDriver
remote stacktrace: InvalidArgumentError: All non-standard capabilities should have a vendor prefix. The following capabilities did not have one: applicationName
    at parseCaps (C:\snapshot\appium\node_modules\@appium\base-driver\lib\basedriver\capabilities.js:155:11)
    at processCapabilities (C:\snapshot\appium\node_modules\@appium\base-driver\lib\basedriver\capabilities.js:212:43)
    at parseCapsForInnerDriver (C:\snapshot\appium\lib\utils.js:161:21)
    at AppiumDriver.createSession (C:\snapshot\appium\lib\appium.js:161:26)
    at commandExecutor (C:\snapshot\appium\node_modules\@appium\base-driver\lib\basedriver\driver.js:361:7)
    at AppiumDriver.executeCommand (C:\snapshot\appium\node_modules\@appium\base-driver\lib\basedriver\driver.js:375:15)
    at wrappedCmd (C:\snapshot\appium\lib\appium.js:504:28)
    at AppiumDriver.executeWrappedCommand (C:\snapshot\appium\lib\appium.js:571:22)
    at AppiumDriver.executeCommand (C:\snapshot\appium\lib\appium.js:515:28)
    at asyncHandler (C:\snapshot\appium\node_modules\@appium\base-driver\lib\protocol\protocol.js:287:34)
    at C:\snapshot\appium\node_modules\@appium\base-driver\lib\protocol\protocol.js:413:15
    at Layer.handle [as handle_request] (C:\snapshot\appium\node_modules\@appium\base-driver\node_modules\express\lib\router\layer.js:95:5)
    at next (C:\snapshot\appium\node_modules\@appium\base-driver\node_modules\express\lib\router\route.js:137:13)
    at Route.dispatch (C:\snapshot\appium\node_modules\@appium\base-driver\node_modules\express\lib\router\route.js:112:3)
    at Layer.handle [as handle_request] (C:\snapshot\appium\node_modules\@appium\base-driver\node_modules\express\lib\router\layer.js:95:5)
    at C:\snapshot\appium\node_modules\@appium\base-driver\node_modules\express\lib\router\index.js:281:22
    at Function.process_params (C:\snapshot\appium\node_modules\@appium\base-driver\node_modules\express\lib\router\index.js:335:12)
    at next (C:\snapshot\appium\node_modules\@appium\base-driver\node_modules\express\lib\router\index.js:275:10)
    at logger (C:\snapshot\appium\node_modules\@appium\base-driver\node_modules\morgan\index.js:144:5)
    at Layer.handle [as handle_request] (C:\snapshot\appium\node_modules\@appium\base-driver\node_modules\express\lib\router\layer.js:95:5)
    at trim_prefix (C:\snapshot\appium\node_modules\@appium\base-driver\node_modules\express\lib\router\index.js:317:13)
    at C:\snapshot\appium\node_modules\@appium\base-driver\node_modules\express\lib\router\index.js:284:7
    at Function.process_params (C:\snapshot\appium\node_modules\@appium\base-driver\node_modules\express\lib\router\index.js:335:12)
    at next (C:\snapshot\appium\node_modules\@appium\base-driver\node_modules\express\lib\router\index.js:275:10)
    at C:\snapshot\appium\node_modules\@appium\base-driver\node_modules\body-parser\lib\read.js:130:5
    at invokeCallback (C:\snapshot\appium\node_modules\@appium\base-driver\node_modules\raw-body\index.js:224:16)
    at done (C:\snapshot\appium\node_modules\@appium\base-driver\node_modules\raw-body\index.js:213:7)
    at IncomingMessage.onEnd (C:\snapshot\appium\node_modules\@appium\base-driver\node_modules\raw-body\index.js:273:7)
    at IncomingMessage.emit (events.js:412:35)
    at endReadableNT (internal/streams/readable.js:1334:12)
    at processTicksAndRejections (internal/process/task_queues.js:82:21)
Build info: version: &apos;3.141.59&apos;, revision: &apos;e82be7d358&apos;, time: &apos;2018-11-14T08:17:03&apos;
System info: host: &apos;KARNAN-LENOVO&apos;, ip: &apos;192.168.137.1&apos;, os.name: &apos;Windows 10&apos;, os.arch: &apos;amd64&apos;, os.version: &apos;10.0&apos;, java.version: &apos;13.0.1&apos;
Driver info: driver.version: IOSDriver]
	at io.testproject.sdk.internal.rest.AgentClient.handleSessionStartFailure(AgentClient.java:896)
	at io.testproject.sdk.internal.rest.AgentClient.startSession(AgentClient.java:695)
	at io.testproject.sdk.internal.rest.AgentClient.&lt;init&gt;(AgentClient.java:275)
	at io.testproject.sdk.internal.rest.AgentClient.getClient(AgentClient.java:547)
	at io.testproject.sdk.drivers.ios.IOSDriver.&lt;init&gt;(IOSDriver.java:727)
	at io.testproject.sdk.drivers.ios.IOSDriver.&lt;init&gt;(IOSDriver.java:692)
	at io.testproject.sdk.drivers.ios.IOSDriver.&lt;init&gt;(IOSDriver.java:339)
	at action.iOS_Test_Report.setup(iOS_Test_Report.java:68)
	at java.base/jdk.internal.reflect.NativeMethodAccessorImpl.invoke0(Native Method)
	at java.base/jdk.internal.reflect.NativeMethodAccessorImpl.invoke(NativeMethodAccessorImpl.java:62)
	at java.base/jdk.internal.reflect.DelegatingMethodAccessorImpl.invoke(DelegatingMethodAccessorImpl.java:43)
	at java.base/java.lang.reflect.Method.invoke(Method.java:567)
	at org.testng.internal.MethodInvocationHelper.invokeMethod(MethodInvocationHelper.java:133)
	at org.testng.internal.MethodInvocationHelper.invokeMethodConsideringTimeout(MethodInvocationHelper.java:62)
	at org.testng.internal.ConfigInvoker.invokeConfigurationMethod(ConfigInvoker.java:385)
	at org.testng.internal.ConfigInvoker.invokeConfigurations(ConfigInvoker.java:321)
	at org.testng.TestRunner.invokeTestConfigurations(TestRunner.java:637)
	at org.testng.TestRunner.beforeRun(TestRunner.java:627)
	at org.testng.TestRunner.run(TestRunner.java:589)
	at org.testng.SuiteRunner.runTest(SuiteRunner.java:377)
	at org.testng.SuiteRunner.runSequentially(SuiteRunner.java:371)
	at org.testng.SuiteRunner.privateRun(SuiteRunner.java:332)
	at org.testng.SuiteRunner.run(SuiteRunner.java:276)
	at org.testng.SuiteRunnerWorker.runSuite(SuiteRunnerWorker.java:53)
	at org.testng.SuiteRunnerWorker.run(SuiteRunnerWorker.java:96)
	at org.testng.TestNG.runSuitesSequentially(TestNG.java:1212)
	at org.testng.TestNG.runSuitesLocally(TestNG.java:1134)
	at org.testng.TestNG.runSuites(TestNG.java:1063)
	at org.testng.TestNG.run(TestNG.java:1031)
	at org.testng.remote.AbstractRemoteTestNG.run(AbstractRemoteTestNG.java:115)
	at org.testng.remote.RemoteTestNG.initAndRun(RemoteTestNG.java:251)
	at org.testng.remote.RemoteTestNG.main(RemoteTestNG.java:77)

</div> <!-- stack-trace -->
                </div> <!-- method-content -->
              </div> <!-- method -->
              <div class="method">
                <div class="method-content">
                  <a name="Add_Notes_Section">
                  </a> <!-- Add_Notes_Section -->
                  <span class="method-name">Add_Notes_Section</span>
                  <div class="stack-trace">io.testproject.sdk.internal.exceptions.AgentConnectException: Agent responded with status 500: [org.openqa.selenium.SessionNotCreatedException: Unable to create a new remote session. Please check the server log for more details. Original error: All non-standard capabilities should have a vendor prefix. The following capabilities did not have one: applicationName
Build info: version: &apos;3.141.59&apos;, revision: &apos;e82be7d358&apos;, time: &apos;2018-11-14T08:17:03&apos;
System info: host: &apos;KARNAN-LENOVO&apos;, ip: &apos;192.168.137.1&apos;, os.name: &apos;Windows 10&apos;, os.arch: &apos;amd64&apos;, os.version: &apos;10.0&apos;, java.version: &apos;13.0.1&apos;
Driver info: driver.version: IOSDriver
remote stacktrace: InvalidArgumentError: All non-standard capabilities should have a vendor prefix. The following capabilities did not have one: applicationName
    at parseCaps (C:\snapshot\appium\node_modules\@appium\base-driver\lib\basedriver\capabilities.js:155:11)
    at processCapabilities (C:\snapshot\appium\node_modules\@appium\base-driver\lib\basedriver\capabilities.js:212:43)
    at parseCapsForInnerDriver (C:\snapshot\appium\lib\utils.js:161:21)
    at AppiumDriver.createSession (C:\snapshot\appium\lib\appium.js:161:26)
    at commandExecutor (C:\snapshot\appium\node_modules\@appium\base-driver\lib\basedriver\driver.js:361:7)
    at AppiumDriver.executeCommand (C:\snapshot\appium\node_modules\@appium\base-driver\lib\basedriver\driver.js:375:15)
    at wrappedCmd (C:\snapshot\appium\lib\appium.js:504:28)
    at AppiumDriver.executeWrappedCommand (C:\snapshot\appium\lib\appium.js:571:22)
    at AppiumDriver.executeCommand (C:\snapshot\appium\lib\appium.js:515:28)
    at asyncHandler (C:\snapshot\appium\node_modules\@appium\base-driver\lib\protocol\protocol.js:287:34)
    at C:\snapshot\appium\node_modules\@appium\base-driver\lib\protocol\protocol.js:413:15
    at Layer.handle [as handle_request] (C:\snapshot\appium\node_modules\@appium\base-driver\node_modules\express\lib\router\layer.js:95:5)
    at next (C:\snapshot\appium\node_modules\@appium\base-driver\node_modules\express\lib\router\route.js:137:13)
    at Route.dispatch (C:\snapshot\appium\node_modules\@appium\base-driver\node_modules\express\lib\router\route.js:112:3)
    at Layer.handle [as handle_request] (C:\snapshot\appium\node_modules\@appium\base-driver\node_modules\express\lib\router\layer.js:95:5)
    at C:\snapshot\appium\node_modules\@appium\base-driver\node_modules\express\lib\router\index.js:281:22
    at Function.process_params (C:\snapshot\appium\node_modules\@appium\base-driver\node_modules\express\lib\router\index.js:335:12)
    at next (C:\snapshot\appium\node_modules\@appium\base-driver\node_modules\express\lib\router\index.js:275:10)
    at logger (C:\snapshot\appium\node_modules\@appium\base-driver\node_modules\morgan\index.js:144:5)
    at Layer.handle [as handle_request] (C:\snapshot\appium\node_modules\@appium\base-driver\node_modules\express\lib\router\layer.js:95:5)
    at trim_prefix (C:\snapshot\appium\node_modules\@appium\base-driver\node_modules\express\lib\router\index.js:317:13)
    at C:\snapshot\appium\node_modules\@appium\base-driver\node_modules\express\lib\router\index.js:284:7
    at Function.process_params (C:\snapshot\appium\node_modules\@appium\base-driver\node_modules\express\lib\router\index.js:335:12)
    at next (C:\snapshot\appium\node_modules\@appium\base-driver\node_modules\express\lib\router\index.js:275:10)
    at C:\snapshot\appium\node_modules\@appium\base-driver\node_modules\body-parser\lib\read.js:130:5
    at invokeCallback (C:\snapshot\appium\node_modules\@appium\base-driver\node_modules\raw-body\index.js:224:16)
    at done (C:\snapshot\appium\node_modules\@appium\base-driver\node_modules\raw-body\index.js:213:7)
    at IncomingMessage.onEnd (C:\snapshot\appium\node_modules\@appium\base-driver\node_modules\raw-body\index.js:273:7)
    at IncomingMessage.emit (events.js:412:35)
    at endReadableNT (internal/streams/readable.js:1334:12)
    at processTicksAndRejections (internal/process/task_queues.js:82:21)
Build info: version: &apos;3.141.59&apos;, revision: &apos;e82be7d358&apos;, time: &apos;2018-11-14T08:17:03&apos;
System info: host: &apos;KARNAN-LENOVO&apos;, ip: &apos;192.168.137.1&apos;, os.name: &apos;Windows 10&apos;, os.arch: &apos;amd64&apos;, os.version: &apos;10.0&apos;, java.version: &apos;13.0.1&apos;
Driver info: driver.version: IOSDriver]
	at io.testproject.sdk.internal.rest.AgentClient.handleSessionStartFailure(AgentClient.java:896)
	at io.testproject.sdk.internal.rest.AgentClient.startSession(AgentClient.java:695)
	at io.testproject.sdk.internal.rest.AgentClient.&lt;init&gt;(AgentClient.java:275)
	at io.testproject.sdk.internal.rest.AgentClient.getClient(AgentClient.java:547)
	at io.testproject.sdk.drivers.ios.IOSDriver.&lt;init&gt;(IOSDriver.java:727)
	at io.testproject.sdk.drivers.ios.IOSDriver.&lt;init&gt;(IOSDriver.java:692)
	at io.testproject.sdk.drivers.ios.IOSDriver.&lt;init&gt;(IOSDriver.java:339)
	at action.iOS_Test_Report.setup(iOS_Test_Report.java:68)
	at java.base/jdk.internal.reflect.NativeMethodAccessorImpl.invoke0(Native Method)
	at java.base/jdk.internal.reflect.NativeMethodAccessorImpl.invoke(NativeMethodAccessorImpl.java:62)
	at java.base/jdk.internal.reflect.DelegatingMethodAccessorImpl.invoke(DelegatingMethodAccessorImpl.java:43)
	at java.base/java.lang.reflect.Method.invoke(Method.java:567)
	at org.testng.internal.MethodInvocationHelper.invokeMethod(MethodInvocationHelper.java:133)
	at org.testng.internal.MethodInvocationHelper.invokeMethodConsideringTimeout(MethodInvocationHelper.java:62)
	at org.testng.internal.ConfigInvoker.invokeConfigurationMethod(ConfigInvoker.java:385)
	at org.testng.internal.ConfigInvoker.invokeConfigurations(ConfigInvoker.java:321)
	at org.testng.TestRunner.invokeTestConfigurations(TestRunner.java:637)
	at org.testng.TestRunner.beforeRun(TestRunner.java:627)
	at org.testng.TestRunner.run(TestRunner.java:589)
	at org.testng.SuiteRunner.runTest(SuiteRunner.java:377)
	at org.testng.SuiteRunner.runSequentially(SuiteRunner.java:371)
	at org.testng.SuiteRunner.privateRun(SuiteRunner.java:332)
	at org.testng.SuiteRunner.run(SuiteRunner.java:276)
	at org.testng.SuiteRunnerWorker.runSuite(SuiteRunnerWorker.java:53)
	at org.testng.SuiteRunnerWorker.run(SuiteRunnerWorker.java:96)
	at org.testng.TestNG.runSuitesSequentially(TestNG.java:1212)
	at org.testng.TestNG.runSuitesLocally(TestNG.java:1134)
	at org.testng.TestNG.runSuites(TestNG.java:1063)
	at org.testng.TestNG.run(TestNG.java:1031)
	at org.testng.remote.AbstractRemoteTestNG.run(AbstractRemoteTestNG.java:115)
	at org.testng.remote.RemoteTestNG.initAndRun(RemoteTestNG.java:251)
	at org.testng.remote.RemoteTestNG.main(RemoteTestNG.java:77)

</div> <!-- stack-trace -->
                </div> <!-- method-content -->
              </div> <!-- method -->
              <div class="method">
                <div class="method-content">
                  <a name="Add_Parts">
                  </a> <!-- Add_Parts -->
                  <span class="method-name">Add_Parts</span>
                  <div class="stack-trace">io.testproject.sdk.internal.exceptions.AgentConnectException: Agent responded with status 500: [org.openqa.selenium.SessionNotCreatedException: Unable to create a new remote session. Please check the server log for more details. Original error: All non-standard capabilities should have a vendor prefix. The following capabilities did not have one: applicationName
Build info: version: &apos;3.141.59&apos;, revision: &apos;e82be7d358&apos;, time: &apos;2018-11-14T08:17:03&apos;
System info: host: &apos;KARNAN-LENOVO&apos;, ip: &apos;192.168.137.1&apos;, os.name: &apos;Windows 10&apos;, os.arch: &apos;amd64&apos;, os.version: &apos;10.0&apos;, java.version: &apos;13.0.1&apos;
Driver info: driver.version: IOSDriver
remote stacktrace: InvalidArgumentError: All non-standard capabilities should have a vendor prefix. The following capabilities did not have one: applicationName
    at parseCaps (C:\snapshot\appium\node_modules\@appium\base-driver\lib\basedriver\capabilities.js:155:11)
    at processCapabilities (C:\snapshot\appium\node_modules\@appium\base-driver\lib\basedriver\capabilities.js:212:43)
    at parseCapsForInnerDriver (C:\snapshot\appium\lib\utils.js:161:21)
    at AppiumDriver.createSession (C:\snapshot\appium\lib\appium.js:161:26)
    at commandExecutor (C:\snapshot\appium\node_modules\@appium\base-driver\lib\basedriver\driver.js:361:7)
    at AppiumDriver.executeCommand (C:\snapshot\appium\node_modules\@appium\base-driver\lib\basedriver\driver.js:375:15)
    at wrappedCmd (C:\snapshot\appium\lib\appium.js:504:28)
    at AppiumDriver.executeWrappedCommand (C:\snapshot\appium\lib\appium.js:571:22)
    at AppiumDriver.executeCommand (C:\snapshot\appium\lib\appium.js:515:28)
    at asyncHandler (C:\snapshot\appium\node_modules\@appium\base-driver\lib\protocol\protocol.js:287:34)
    at C:\snapshot\appium\node_modules\@appium\base-driver\lib\protocol\protocol.js:413:15
    at Layer.handle [as handle_request] (C:\snapshot\appium\node_modules\@appium\base-driver\node_modules\express\lib\router\layer.js:95:5)
    at next (C:\snapshot\appium\node_modules\@appium\base-driver\node_modules\express\lib\router\route.js:137:13)
    at Route.dispatch (C:\snapshot\appium\node_modules\@appium\base-driver\node_modules\express\lib\router\route.js:112:3)
    at Layer.handle [as handle_request] (C:\snapshot\appium\node_modules\@appium\base-driver\node_modules\express\lib\router\layer.js:95:5)
    at C:\snapshot\appium\node_modules\@appium\base-driver\node_modules\express\lib\router\index.js:281:22
    at Function.process_params (C:\snapshot\appium\node_modules\@appium\base-driver\node_modules\express\lib\router\index.js:335:12)
    at next (C:\snapshot\appium\node_modules\@appium\base-driver\node_modules\express\lib\router\index.js:275:10)
    at logger (C:\snapshot\appium\node_modules\@appium\base-driver\node_modules\morgan\index.js:144:5)
    at Layer.handle [as handle_request] (C:\snapshot\appium\node_modules\@appium\base-driver\node_modules\express\lib\router\layer.js:95:5)
    at trim_prefix (C:\snapshot\appium\node_modules\@appium\base-driver\node_modules\express\lib\router\index.js:317:13)
    at C:\snapshot\appium\node_modules\@appium\base-driver\node_modules\express\lib\router\index.js:284:7
    at Function.process_params (C:\snapshot\appium\node_modules\@appium\base-driver\node_modules\express\lib\router\index.js:335:12)
    at next (C:\snapshot\appium\node_modules\@appium\base-driver\node_modules\express\lib\router\index.js:275:10)
    at C:\snapshot\appium\node_modules\@appium\base-driver\node_modules\body-parser\lib\read.js:130:5
    at invokeCallback (C:\snapshot\appium\node_modules\@appium\base-driver\node_modules\raw-body\index.js:224:16)
    at done (C:\snapshot\appium\node_modules\@appium\base-driver\node_modules\raw-body\index.js:213:7)
    at IncomingMessage.onEnd (C:\snapshot\appium\node_modules\@appium\base-driver\node_modules\raw-body\index.js:273:7)
    at IncomingMessage.emit (events.js:412:35)
    at endReadableNT (internal/streams/readable.js:1334:12)
    at processTicksAndRejections (internal/process/task_queues.js:82:21)
Build info: version: &apos;3.141.59&apos;, revision: &apos;e82be7d358&apos;, time: &apos;2018-11-14T08:17:03&apos;
System info: host: &apos;KARNAN-LENOVO&apos;, ip: &apos;192.168.137.1&apos;, os.name: &apos;Windows 10&apos;, os.arch: &apos;amd64&apos;, os.version: &apos;10.0&apos;, java.version: &apos;13.0.1&apos;
Driver info: driver.version: IOSDriver]
	at io.testproject.sdk.internal.rest.AgentClient.handleSessionStartFailure(AgentClient.java:896)
	at io.testproject.sdk.internal.rest.AgentClient.startSession(AgentClient.java:695)
	at io.testproject.sdk.internal.rest.AgentClient.&lt;init&gt;(AgentClient.java:275)
	at io.testproject.sdk.internal.rest.AgentClient.getClient(AgentClient.java:547)
	at io.testproject.sdk.drivers.ios.IOSDriver.&lt;init&gt;(IOSDriver.java:727)
	at io.testproject.sdk.drivers.ios.IOSDriver.&lt;init&gt;(IOSDriver.java:692)
	at io.testproject.sdk.drivers.ios.IOSDriver.&lt;init&gt;(IOSDriver.java:339)
	at action.iOS_Test_Report.setup(iOS_Test_Report.java:68)
	at java.base/jdk.internal.reflect.NativeMethodAccessorImpl.invoke0(Native Method)
	at java.base/jdk.internal.reflect.NativeMethodAccessorImpl.invoke(NativeMethodAccessorImpl.java:62)
	at java.base/jdk.internal.reflect.DelegatingMethodAccessorImpl.invoke(DelegatingMethodAccessorImpl.java:43)
	at java.base/java.lang.reflect.Method.invoke(Method.java:567)
	at org.testng.internal.MethodInvocationHelper.invokeMethod(MethodInvocationHelper.java:133)
	at org.testng.internal.MethodInvocationHelper.invokeMethodConsideringTimeout(MethodInvocationHelper.java:62)
	at org.testng.internal.ConfigInvoker.invokeConfigurationMethod(ConfigInvoker.java:385)
	at org.testng.internal.ConfigInvoker.invokeConfigurations(ConfigInvoker.java:321)
	at org.testng.TestRunner.invokeTestConfigurations(TestRunner.java:637)
	at org.testng.TestRunner.beforeRun(TestRunner.java:627)
	at org.testng.TestRunner.run(TestRunner.java:589)
	at org.testng.SuiteRunner.runTest(SuiteRunner.java:377)
	at org.testng.SuiteRunner.runSequentially(SuiteRunner.java:371)
	at org.testng.SuiteRunner.privateRun(SuiteRunner.java:332)
	at org.testng.SuiteRunner.run(SuiteRunner.java:276)
	at org.testng.SuiteRunnerWorker.runSuite(SuiteRunnerWorker.java:53)
	at org.testng.SuiteRunnerWorker.run(SuiteRunnerWorker.java:96)
	at org.testng.TestNG.runSuitesSequentially(TestNG.java:1212)
	at org.testng.TestNG.runSuitesLocally(TestNG.java:1134)
	at org.testng.TestNG.runSuites(TestNG.java:1063)
	at org.testng.TestNG.run(TestNG.java:1031)
	at org.testng.remote.AbstractRemoteTestNG.run(AbstractRemoteTestNG.java:115)
	at org.testng.remote.RemoteTestNG.initAndRun(RemoteTestNG.java:251)
	at org.testng.remote.RemoteTestNG.main(RemoteTestNG.java:77)

</div> <!-- stack-trace -->
                </div> <!-- method-content -->
              </div> <!-- method -->
              <div class="method">
                <div class="method-content">
                  <a name="Add_Reminders">
                  </a> <!-- Add_Reminders -->
                  <span class="method-name">Add_Reminders</span>
                  <div class="stack-trace">io.testproject.sdk.internal.exceptions.AgentConnectException: Agent responded with status 500: [org.openqa.selenium.SessionNotCreatedException: Unable to create a new remote session. Please check the server log for more details. Original error: All non-standard capabilities should have a vendor prefix. The following capabilities did not have one: applicationName
Build info: version: &apos;3.141.59&apos;, revision: &apos;e82be7d358&apos;, time: &apos;2018-11-14T08:17:03&apos;
System info: host: &apos;KARNAN-LENOVO&apos;, ip: &apos;192.168.137.1&apos;, os.name: &apos;Windows 10&apos;, os.arch: &apos;amd64&apos;, os.version: &apos;10.0&apos;, java.version: &apos;13.0.1&apos;
Driver info: driver.version: IOSDriver
remote stacktrace: InvalidArgumentError: All non-standard capabilities should have a vendor prefix. The following capabilities did not have one: applicationName
    at parseCaps (C:\snapshot\appium\node_modules\@appium\base-driver\lib\basedriver\capabilities.js:155:11)
    at processCapabilities (C:\snapshot\appium\node_modules\@appium\base-driver\lib\basedriver\capabilities.js:212:43)
    at parseCapsForInnerDriver (C:\snapshot\appium\lib\utils.js:161:21)
    at AppiumDriver.createSession (C:\snapshot\appium\lib\appium.js:161:26)
    at commandExecutor (C:\snapshot\appium\node_modules\@appium\base-driver\lib\basedriver\driver.js:361:7)
    at AppiumDriver.executeCommand (C:\snapshot\appium\node_modules\@appium\base-driver\lib\basedriver\driver.js:375:15)
    at wrappedCmd (C:\snapshot\appium\lib\appium.js:504:28)
    at AppiumDriver.executeWrappedCommand (C:\snapshot\appium\lib\appium.js:571:22)
    at AppiumDriver.executeCommand (C:\snapshot\appium\lib\appium.js:515:28)
    at asyncHandler (C:\snapshot\appium\node_modules\@appium\base-driver\lib\protocol\protocol.js:287:34)
    at C:\snapshot\appium\node_modules\@appium\base-driver\lib\protocol\protocol.js:413:15
    at Layer.handle [as handle_request] (C:\snapshot\appium\node_modules\@appium\base-driver\node_modules\express\lib\router\layer.js:95:5)
    at next (C:\snapshot\appium\node_modules\@appium\base-driver\node_modules\express\lib\router\route.js:137:13)
    at Route.dispatch (C:\snapshot\appium\node_modules\@appium\base-driver\node_modules\express\lib\router\route.js:112:3)
    at Layer.handle [as handle_request] (C:\snapshot\appium\node_modules\@appium\base-driver\node_modules\express\lib\router\layer.js:95:5)
    at C:\snapshot\appium\node_modules\@appium\base-driver\node_modules\express\lib\router\index.js:281:22
    at Function.process_params (C:\snapshot\appium\node_modules\@appium\base-driver\node_modules\express\lib\router\index.js:335:12)
    at next (C:\snapshot\appium\node_modules\@appium\base-driver\node_modules\express\lib\router\index.js:275:10)
    at logger (C:\snapshot\appium\node_modules\@appium\base-driver\node_modules\morgan\index.js:144:5)
    at Layer.handle [as handle_request] (C:\snapshot\appium\node_modules\@appium\base-driver\node_modules\express\lib\router\layer.js:95:5)
    at trim_prefix (C:\snapshot\appium\node_modules\@appium\base-driver\node_modules\express\lib\router\index.js:317:13)
    at C:\snapshot\appium\node_modules\@appium\base-driver\node_modules\express\lib\router\index.js:284:7
    at Function.process_params (C:\snapshot\appium\node_modules\@appium\base-driver\node_modules\express\lib\router\index.js:335:12)
    at next (C:\snapshot\appium\node_modules\@appium\base-driver\node_modules\express\lib\router\index.js:275:10)
    at C:\snapshot\appium\node_modules\@appium\base-driver\node_modules\body-parser\lib\read.js:130:5
    at invokeCallback (C:\snapshot\appium\node_modules\@appium\base-driver\node_modules\raw-body\index.js:224:16)
    at done (C:\snapshot\appium\node_modules\@appium\base-driver\node_modules\raw-body\index.js:213:7)
    at IncomingMessage.onEnd (C:\snapshot\appium\node_modules\@appium\base-driver\node_modules\raw-body\index.js:273:7)
    at IncomingMessage.emit (events.js:412:35)
    at endReadableNT (internal/streams/readable.js:1334:12)
    at processTicksAndRejections (internal/process/task_queues.js:82:21)
Build info: version: &apos;3.141.59&apos;, revision: &apos;e82be7d358&apos;, time: &apos;2018-11-14T08:17:03&apos;
System info: host: &apos;KARNAN-LENOVO&apos;, ip: &apos;192.168.137.1&apos;, os.name: &apos;Windows 10&apos;, os.arch: &apos;amd64&apos;, os.version: &apos;10.0&apos;, java.version: &apos;13.0.1&apos;
Driver info: driver.version: IOSDriver]
	at io.testproject.sdk.internal.rest.AgentClient.handleSessionStartFailure(AgentClient.java:896)
	at io.testproject.sdk.internal.rest.AgentClient.startSession(AgentClient.java:695)
	at io.testproject.sdk.internal.rest.AgentClient.&lt;init&gt;(AgentClient.java:275)
	at io.testproject.sdk.internal.rest.AgentClient.getClient(AgentClient.java:547)
	at io.testproject.sdk.drivers.ios.IOSDriver.&lt;init&gt;(IOSDriver.java:727)
	at io.testproject.sdk.drivers.ios.IOSDriver.&lt;init&gt;(IOSDriver.java:692)
	at io.testproject.sdk.drivers.ios.IOSDriver.&lt;init&gt;(IOSDriver.java:339)
	at action.iOS_Test_Report.setup(iOS_Test_Report.java:68)
	at java.base/jdk.internal.reflect.NativeMethodAccessorImpl.invoke0(Native Method)
	at java.base/jdk.internal.reflect.NativeMethodAccessorImpl.invoke(NativeMethodAccessorImpl.java:62)
	at java.base/jdk.internal.reflect.DelegatingMethodAccessorImpl.invoke(DelegatingMethodAccessorImpl.java:43)
	at java.base/java.lang.reflect.Method.invoke(Method.java:567)
	at org.testng.internal.MethodInvocationHelper.invokeMethod(MethodInvocationHelper.java:133)
	at org.testng.internal.MethodInvocationHelper.invokeMethodConsideringTimeout(MethodInvocationHelper.java:62)
	at org.testng.internal.ConfigInvoker.invokeConfigurationMethod(ConfigInvoker.java:385)
	at org.testng.internal.ConfigInvoker.invokeConfigurations(ConfigInvoker.java:321)
	at org.testng.TestRunner.invokeTestConfigurations(TestRunner.java:637)
	at org.testng.TestRunner.beforeRun(TestRunner.java:627)
	at org.testng.TestRunner.run(TestRunner.java:589)
	at org.testng.SuiteRunner.runTest(SuiteRunner.java:377)
	at org.testng.SuiteRunner.runSequentially(SuiteRunner.java:371)
	at org.testng.SuiteRunner.privateRun(SuiteRunner.java:332)
	at org.testng.SuiteRunner.run(SuiteRunner.java:276)
	at org.testng.SuiteRunnerWorker.runSuite(SuiteRunnerWorker.java:53)
	at org.testng.SuiteRunnerWorker.run(SuiteRunnerWorker.java:96)
	at org.testng.TestNG.runSuitesSequentially(TestNG.java:1212)
	at org.testng.TestNG.runSuitesLocally(TestNG.java:1134)
	at org.testng.TestNG.runSuites(TestNG.java:1063)
	at org.testng.TestNG.run(TestNG.java:1031)
	at org.testng.remote.AbstractRemoteTestNG.run(AbstractRemoteTestNG.java:115)
	at org.testng.remote.RemoteTestNG.initAndRun(RemoteTestNG.java:251)
	at org.testng.remote.RemoteTestNG.main(RemoteTestNG.java:77)

</div> <!-- stack-trace -->
                </div> <!-- method-content -->
              </div> <!-- method -->
              <div class="method">
                <div class="method-content">
                  <a name="Create_Customer">
                  </a> <!-- Create_Customer -->
                  <span class="method-name">Create_Customer</span>
                  <div class="stack-trace">io.testproject.sdk.internal.exceptions.AgentConnectException: Agent responded with status 500: [org.openqa.selenium.SessionNotCreatedException: Unable to create a new remote session. Please check the server log for more details. Original error: All non-standard capabilities should have a vendor prefix. The following capabilities did not have one: applicationName
Build info: version: &apos;3.141.59&apos;, revision: &apos;e82be7d358&apos;, time: &apos;2018-11-14T08:17:03&apos;
System info: host: &apos;KARNAN-LENOVO&apos;, ip: &apos;192.168.137.1&apos;, os.name: &apos;Windows 10&apos;, os.arch: &apos;amd64&apos;, os.version: &apos;10.0&apos;, java.version: &apos;13.0.1&apos;
Driver info: driver.version: IOSDriver
remote stacktrace: InvalidArgumentError: All non-standard capabilities should have a vendor prefix. The following capabilities did not have one: applicationName
    at parseCaps (C:\snapshot\appium\node_modules\@appium\base-driver\lib\basedriver\capabilities.js:155:11)
    at processCapabilities (C:\snapshot\appium\node_modules\@appium\base-driver\lib\basedriver\capabilities.js:212:43)
    at parseCapsForInnerDriver (C:\snapshot\appium\lib\utils.js:161:21)
    at AppiumDriver.createSession (C:\snapshot\appium\lib\appium.js:161:26)
    at commandExecutor (C:\snapshot\appium\node_modules\@appium\base-driver\lib\basedriver\driver.js:361:7)
    at AppiumDriver.executeCommand (C:\snapshot\appium\node_modules\@appium\base-driver\lib\basedriver\driver.js:375:15)
    at wrappedCmd (C:\snapshot\appium\lib\appium.js:504:28)
    at AppiumDriver.executeWrappedCommand (C:\snapshot\appium\lib\appium.js:571:22)
    at AppiumDriver.executeCommand (C:\snapshot\appium\lib\appium.js:515:28)
    at asyncHandler (C:\snapshot\appium\node_modules\@appium\base-driver\lib\protocol\protocol.js:287:34)
    at C:\snapshot\appium\node_modules\@appium\base-driver\lib\protocol\protocol.js:413:15
    at Layer.handle [as handle_request] (C:\snapshot\appium\node_modules\@appium\base-driver\node_modules\express\lib\router\layer.js:95:5)
    at next (C:\snapshot\appium\node_modules\@appium\base-driver\node_modules\express\lib\router\route.js:137:13)
    at Route.dispatch (C:\snapshot\appium\node_modules\@appium\base-driver\node_modules\express\lib\router\route.js:112:3)
    at Layer.handle [as handle_request] (C:\snapshot\appium\node_modules\@appium\base-driver\node_modules\express\lib\router\layer.js:95:5)
    at C:\snapshot\appium\node_modules\@appium\base-driver\node_modules\express\lib\router\index.js:281:22
    at Function.process_params (C:\snapshot\appium\node_modules\@appium\base-driver\node_modules\express\lib\router\index.js:335:12)
    at next (C:\snapshot\appium\node_modules\@appium\base-driver\node_modules\express\lib\router\index.js:275:10)
    at logger (C:\snapshot\appium\node_modules\@appium\base-driver\node_modules\morgan\index.js:144:5)
    at Layer.handle [as handle_request] (C:\snapshot\appium\node_modules\@appium\base-driver\node_modules\express\lib\router\layer.js:95:5)
    at trim_prefix (C:\snapshot\appium\node_modules\@appium\base-driver\node_modules\express\lib\router\index.js:317:13)
    at C:\snapshot\appium\node_modules\@appium\base-driver\node_modules\express\lib\router\index.js:284:7
    at Function.process_params (C:\snapshot\appium\node_modules\@appium\base-driver\node_modules\express\lib\router\index.js:335:12)
    at next (C:\snapshot\appium\node_modules\@appium\base-driver\node_modules\express\lib\router\index.js:275:10)
    at C:\snapshot\appium\node_modules\@appium\base-driver\node_modules\body-parser\lib\read.js:130:5
    at invokeCallback (C:\snapshot\appium\node_modules\@appium\base-driver\node_modules\raw-body\index.js:224:16)
    at done (C:\snapshot\appium\node_modules\@appium\base-driver\node_modules\raw-body\index.js:213:7)
    at IncomingMessage.onEnd (C:\snapshot\appium\node_modules\@appium\base-driver\node_modules\raw-body\index.js:273:7)
    at IncomingMessage.emit (events.js:412:35)
    at endReadableNT (internal/streams/readable.js:1334:12)
    at processTicksAndRejections (internal/process/task_queues.js:82:21)
Build info: version: &apos;3.141.59&apos;, revision: &apos;e82be7d358&apos;, time: &apos;2018-11-14T08:17:03&apos;
System info: host: &apos;KARNAN-LENOVO&apos;, ip: &apos;192.168.137.1&apos;, os.name: &apos;Windows 10&apos;, os.arch: &apos;amd64&apos;, os.version: &apos;10.0&apos;, java.version: &apos;13.0.1&apos;
Driver info: driver.version: IOSDriver]
	at io.testproject.sdk.internal.rest.AgentClient.handleSessionStartFailure(AgentClient.java:896)
	at io.testproject.sdk.internal.rest.AgentClient.startSession(AgentClient.java:695)
	at io.testproject.sdk.internal.rest.AgentClient.&lt;init&gt;(AgentClient.java:275)
	at io.testproject.sdk.internal.rest.AgentClient.getClient(AgentClient.java:547)
	at io.testproject.sdk.drivers.ios.IOSDriver.&lt;init&gt;(IOSDriver.java:727)
	at io.testproject.sdk.drivers.ios.IOSDriver.&lt;init&gt;(IOSDriver.java:692)
	at io.testproject.sdk.drivers.ios.IOSDriver.&lt;init&gt;(IOSDriver.java:339)
	at action.iOS_Test_Report.setup(iOS_Test_Report.java:68)
	at java.base/jdk.internal.reflect.NativeMethodAccessorImpl.invoke0(Native Method)
	at java.base/jdk.internal.reflect.NativeMethodAccessorImpl.invoke(NativeMethodAccessorImpl.java:62)
	at java.base/jdk.internal.reflect.DelegatingMethodAccessorImpl.invoke(DelegatingMethodAccessorImpl.java:43)
	at java.base/java.lang.reflect.Method.invoke(Method.java:567)
	at org.testng.internal.MethodInvocationHelper.invokeMethod(MethodInvocationHelper.java:133)
	at org.testng.internal.MethodInvocationHelper.invokeMethodConsideringTimeout(MethodInvocationHelper.java:62)
	at org.testng.internal.ConfigInvoker.invokeConfigurationMethod(ConfigInvoker.java:385)
	at org.testng.internal.ConfigInvoker.invokeConfigurations(ConfigInvoker.java:321)
	at org.testng.TestRunner.invokeTestConfigurations(TestRunner.java:637)
	at org.testng.TestRunner.beforeRun(TestRunner.java:627)
	at org.testng.TestRunner.run(TestRunner.java:589)
	at org.testng.SuiteRunner.runTest(SuiteRunner.java:377)
	at org.testng.SuiteRunner.runSequentially(SuiteRunner.java:371)
	at org.testng.SuiteRunner.privateRun(SuiteRunner.java:332)
	at org.testng.SuiteRunner.run(SuiteRunner.java:276)
	at org.testng.SuiteRunnerWorker.runSuite(SuiteRunnerWorker.java:53)
	at org.testng.SuiteRunnerWorker.run(SuiteRunnerWorker.java:96)
	at org.testng.TestNG.runSuitesSequentially(TestNG.java:1212)
	at org.testng.TestNG.runSuitesLocally(TestNG.java:1134)
	at org.testng.TestNG.runSuites(TestNG.java:1063)
	at org.testng.TestNG.run(TestNG.java:1031)
	at org.testng.remote.AbstractRemoteTestNG.run(AbstractRemoteTestNG.java:115)
	at org.testng.remote.RemoteTestNG.initAndRun(RemoteTestNG.java:251)
	at org.testng.remote.RemoteTestNG.main(RemoteTestNG.java:77)

</div> <!-- stack-trace -->
                </div> <!-- method-content -->
              </div> <!-- method -->
              <div class="method">
                <div class="method-content">
                  <a name="Diary_Estimate_Accept">
                  </a> <!-- Diary_Estimate_Accept -->
                  <span class="method-name">Diary_Estimate_Accept</span>
                  <div class="stack-trace">io.testproject.sdk.internal.exceptions.AgentConnectException: Agent responded with status 500: [org.openqa.selenium.SessionNotCreatedException: Unable to create a new remote session. Please check the server log for more details. Original error: All non-standard capabilities should have a vendor prefix. The following capabilities did not have one: applicationName
Build info: version: &apos;3.141.59&apos;, revision: &apos;e82be7d358&apos;, time: &apos;2018-11-14T08:17:03&apos;
System info: host: &apos;KARNAN-LENOVO&apos;, ip: &apos;192.168.137.1&apos;, os.name: &apos;Windows 10&apos;, os.arch: &apos;amd64&apos;, os.version: &apos;10.0&apos;, java.version: &apos;13.0.1&apos;
Driver info: driver.version: IOSDriver
remote stacktrace: InvalidArgumentError: All non-standard capabilities should have a vendor prefix. The following capabilities did not have one: applicationName
    at parseCaps (C:\snapshot\appium\node_modules\@appium\base-driver\lib\basedriver\capabilities.js:155:11)
    at processCapabilities (C:\snapshot\appium\node_modules\@appium\base-driver\lib\basedriver\capabilities.js:212:43)
    at parseCapsForInnerDriver (C:\snapshot\appium\lib\utils.js:161:21)
    at AppiumDriver.createSession (C:\snapshot\appium\lib\appium.js:161:26)
    at commandExecutor (C:\snapshot\appium\node_modules\@appium\base-driver\lib\basedriver\driver.js:361:7)
    at AppiumDriver.executeCommand (C:\snapshot\appium\node_modules\@appium\base-driver\lib\basedriver\driver.js:375:15)
    at wrappedCmd (C:\snapshot\appium\lib\appium.js:504:28)
    at AppiumDriver.executeWrappedCommand (C:\snapshot\appium\lib\appium.js:571:22)
    at AppiumDriver.executeCommand (C:\snapshot\appium\lib\appium.js:515:28)
    at asyncHandler (C:\snapshot\appium\node_modules\@appium\base-driver\lib\protocol\protocol.js:287:34)
    at C:\snapshot\appium\node_modules\@appium\base-driver\lib\protocol\protocol.js:413:15
    at Layer.handle [as handle_request] (C:\snapshot\appium\node_modules\@appium\base-driver\node_modules\express\lib\router\layer.js:95:5)
    at next (C:\snapshot\appium\node_modules\@appium\base-driver\node_modules\express\lib\router\route.js:137:13)
    at Route.dispatch (C:\snapshot\appium\node_modules\@appium\base-driver\node_modules\express\lib\router\route.js:112:3)
    at Layer.handle [as handle_request] (C:\snapshot\appium\node_modules\@appium\base-driver\node_modules\express\lib\router\layer.js:95:5)
    at C:\snapshot\appium\node_modules\@appium\base-driver\node_modules\express\lib\router\index.js:281:22
    at Function.process_params (C:\snapshot\appium\node_modules\@appium\base-driver\node_modules\express\lib\router\index.js:335:12)
    at next (C:\snapshot\appium\node_modules\@appium\base-driver\node_modules\express\lib\router\index.js:275:10)
    at logger (C:\snapshot\appium\node_modules\@appium\base-driver\node_modules\morgan\index.js:144:5)
    at Layer.handle [as handle_request] (C:\snapshot\appium\node_modules\@appium\base-driver\node_modules\express\lib\router\layer.js:95:5)
    at trim_prefix (C:\snapshot\appium\node_modules\@appium\base-driver\node_modules\express\lib\router\index.js:317:13)
    at C:\snapshot\appium\node_modules\@appium\base-driver\node_modules\express\lib\router\index.js:284:7
    at Function.process_params (C:\snapshot\appium\node_modules\@appium\base-driver\node_modules\express\lib\router\index.js:335:12)
    at next (C:\snapshot\appium\node_modules\@appium\base-driver\node_modules\express\lib\router\index.js:275:10)
    at C:\snapshot\appium\node_modules\@appium\base-driver\node_modules\body-parser\lib\read.js:130:5
    at invokeCallback (C:\snapshot\appium\node_modules\@appium\base-driver\node_modules\raw-body\index.js:224:16)
    at done (C:\snapshot\appium\node_modules\@appium\base-driver\node_modules\raw-body\index.js:213:7)
    at IncomingMessage.onEnd (C:\snapshot\appium\node_modules\@appium\base-driver\node_modules\raw-body\index.js:273:7)
    at IncomingMessage.emit (events.js:412:35)
    at endReadableNT (internal/streams/readable.js:1334:12)
    at processTicksAndRejections (internal/process/task_queues.js:82:21)
Build info: version: &apos;3.141.59&apos;, revision: &apos;e82be7d358&apos;, time: &apos;2018-11-14T08:17:03&apos;
System info: host: &apos;KARNAN-LENOVO&apos;, ip: &apos;192.168.137.1&apos;, os.name: &apos;Windows 10&apos;, os.arch: &apos;amd64&apos;, os.version: &apos;10.0&apos;, java.version: &apos;13.0.1&apos;
Driver info: driver.version: IOSDriver]
	at io.testproject.sdk.internal.rest.AgentClient.handleSessionStartFailure(AgentClient.java:896)
	at io.testproject.sdk.internal.rest.AgentClient.startSession(AgentClient.java:695)
	at io.testproject.sdk.internal.rest.AgentClient.&lt;init&gt;(AgentClient.java:275)
	at io.testproject.sdk.internal.rest.AgentClient.getClient(AgentClient.java:547)
	at io.testproject.sdk.drivers.ios.IOSDriver.&lt;init&gt;(IOSDriver.java:727)
	at io.testproject.sdk.drivers.ios.IOSDriver.&lt;init&gt;(IOSDriver.java:692)
	at io.testproject.sdk.drivers.ios.IOSDriver.&lt;init&gt;(IOSDriver.java:339)
	at action.iOS_Test_Report.setup(iOS_Test_Report.java:68)
	at java.base/jdk.internal.reflect.NativeMethodAccessorImpl.invoke0(Native Method)
	at java.base/jdk.internal.reflect.NativeMethodAccessorImpl.invoke(NativeMethodAccessorImpl.java:62)
	at java.base/jdk.internal.reflect.DelegatingMethodAccessorImpl.invoke(DelegatingMethodAccessorImpl.java:43)
	at java.base/java.lang.reflect.Method.invoke(Method.java:567)
	at org.testng.internal.MethodInvocationHelper.invokeMethod(MethodInvocationHelper.java:133)
	at org.testng.internal.MethodInvocationHelper.invokeMethodConsideringTimeout(MethodInvocationHelper.java:62)
	at org.testng.internal.ConfigInvoker.invokeConfigurationMethod(ConfigInvoker.java:385)
	at org.testng.internal.ConfigInvoker.invokeConfigurations(ConfigInvoker.java:321)
	at org.testng.TestRunner.invokeTestConfigurations(TestRunner.java:637)
	at org.testng.TestRunner.beforeRun(TestRunner.java:627)
	at org.testng.TestRunner.run(TestRunner.java:589)
	at org.testng.SuiteRunner.runTest(SuiteRunner.java:377)
	at org.testng.SuiteRunner.runSequentially(SuiteRunner.java:371)
	at org.testng.SuiteRunner.privateRun(SuiteRunner.java:332)
	at org.testng.SuiteRunner.run(SuiteRunner.java:276)
	at org.testng.SuiteRunnerWorker.runSuite(SuiteRunnerWorker.java:53)
	at org.testng.SuiteRunnerWorker.run(SuiteRunnerWorker.java:96)
	at org.testng.TestNG.runSuitesSequentially(TestNG.java:1212)
	at org.testng.TestNG.runSuitesLocally(TestNG.java:1134)
	at org.testng.TestNG.runSuites(TestNG.java:1063)
	at org.testng.TestNG.run(TestNG.java:1031)
	at org.testng.remote.AbstractRemoteTestNG.run(AbstractRemoteTestNG.java:115)
	at org.testng.remote.RemoteTestNG.initAndRun(RemoteTestNG.java:251)
	at org.testng.remote.RemoteTestNG.main(RemoteTestNG.java:77)

</div> <!-- stack-trace -->
                </div> <!-- method-content -->
              </div> <!-- method -->
              <div class="method">
                <div class="method-content">
                  <a name="Diary_Estimate_Reject">
                  </a> <!-- Diary_Estimate_Reject -->
                  <span class="method-name">Diary_Estimate_Reject</span>
                  <div class="stack-trace">io.testproject.sdk.internal.exceptions.AgentConnectException: Agent responded with status 500: [org.openqa.selenium.SessionNotCreatedException: Unable to create a new remote session. Please check the server log for more details. Original error: All non-standard capabilities should have a vendor prefix. The following capabilities did not have one: applicationName
Build info: version: &apos;3.141.59&apos;, revision: &apos;e82be7d358&apos;, time: &apos;2018-11-14T08:17:03&apos;
System info: host: &apos;KARNAN-LENOVO&apos;, ip: &apos;192.168.137.1&apos;, os.name: &apos;Windows 10&apos;, os.arch: &apos;amd64&apos;, os.version: &apos;10.0&apos;, java.version: &apos;13.0.1&apos;
Driver info: driver.version: IOSDriver
remote stacktrace: InvalidArgumentError: All non-standard capabilities should have a vendor prefix. The following capabilities did not have one: applicationName
    at parseCaps (C:\snapshot\appium\node_modules\@appium\base-driver\lib\basedriver\capabilities.js:155:11)
    at processCapabilities (C:\snapshot\appium\node_modules\@appium\base-driver\lib\basedriver\capabilities.js:212:43)
    at parseCapsForInnerDriver (C:\snapshot\appium\lib\utils.js:161:21)
    at AppiumDriver.createSession (C:\snapshot\appium\lib\appium.js:161:26)
    at commandExecutor (C:\snapshot\appium\node_modules\@appium\base-driver\lib\basedriver\driver.js:361:7)
    at AppiumDriver.executeCommand (C:\snapshot\appium\node_modules\@appium\base-driver\lib\basedriver\driver.js:375:15)
    at wrappedCmd (C:\snapshot\appium\lib\appium.js:504:28)
    at AppiumDriver.executeWrappedCommand (C:\snapshot\appium\lib\appium.js:571:22)
    at AppiumDriver.executeCommand (C:\snapshot\appium\lib\appium.js:515:28)
    at asyncHandler (C:\snapshot\appium\node_modules\@appium\base-driver\lib\protocol\protocol.js:287:34)
    at C:\snapshot\appium\node_modules\@appium\base-driver\lib\protocol\protocol.js:413:15
    at Layer.handle [as handle_request] (C:\snapshot\appium\node_modules\@appium\base-driver\node_modules\express\lib\router\layer.js:95:5)
    at next (C:\snapshot\appium\node_modules\@appium\base-driver\node_modules\express\lib\router\route.js:137:13)
    at Route.dispatch (C:\snapshot\appium\node_modules\@appium\base-driver\node_modules\express\lib\router\route.js:112:3)
    at Layer.handle [as handle_request] (C:\snapshot\appium\node_modules\@appium\base-driver\node_modules\express\lib\router\layer.js:95:5)
    at C:\snapshot\appium\node_modules\@appium\base-driver\node_modules\express\lib\router\index.js:281:22
    at Function.process_params (C:\snapshot\appium\node_modules\@appium\base-driver\node_modules\express\lib\router\index.js:335:12)
    at next (C:\snapshot\appium\node_modules\@appium\base-driver\node_modules\express\lib\router\index.js:275:10)
    at logger (C:\snapshot\appium\node_modules\@appium\base-driver\node_modules\morgan\index.js:144:5)
    at Layer.handle [as handle_request] (C:\snapshot\appium\node_modules\@appium\base-driver\node_modules\express\lib\router\layer.js:95:5)
    at trim_prefix (C:\snapshot\appium\node_modules\@appium\base-driver\node_modules\express\lib\router\index.js:317:13)
    at C:\snapshot\appium\node_modules\@appium\base-driver\node_modules\express\lib\router\index.js:284:7
    at Function.process_params (C:\snapshot\appium\node_modules\@appium\base-driver\node_modules\express\lib\router\index.js:335:12)
    at next (C:\snapshot\appium\node_modules\@appium\base-driver\node_modules\express\lib\router\index.js:275:10)
    at C:\snapshot\appium\node_modules\@appium\base-driver\node_modules\body-parser\lib\read.js:130:5
    at invokeCallback (C:\snapshot\appium\node_modules\@appium\base-driver\node_modules\raw-body\index.js:224:16)
    at done (C:\snapshot\appium\node_modules\@appium\base-driver\node_modules\raw-body\index.js:213:7)
    at IncomingMessage.onEnd (C:\snapshot\appium\node_modules\@appium\base-driver\node_modules\raw-body\index.js:273:7)
    at IncomingMessage.emit (events.js:412:35)
    at endReadableNT (internal/streams/readable.js:1334:12)
    at processTicksAndRejections (internal/process/task_queues.js:82:21)
Build info: version: &apos;3.141.59&apos;, revision: &apos;e82be7d358&apos;, time: &apos;2018-11-14T08:17:03&apos;
System info: host: &apos;KARNAN-LENOVO&apos;, ip: &apos;192.168.137.1&apos;, os.name: &apos;Windows 10&apos;, os.arch: &apos;amd64&apos;, os.version: &apos;10.0&apos;, java.version: &apos;13.0.1&apos;
Driver info: driver.version: IOSDriver]
	at io.testproject.sdk.internal.rest.AgentClient.handleSessionStartFailure(AgentClient.java:896)
	at io.testproject.sdk.internal.rest.AgentClient.startSession(AgentClient.java:695)
	at io.testproject.sdk.internal.rest.AgentClient.&lt;init&gt;(AgentClient.java:275)
	at io.testproject.sdk.internal.rest.AgentClient.getClient(AgentClient.java:547)
	at io.testproject.sdk.drivers.ios.IOSDriver.&lt;init&gt;(IOSDriver.java:727)
	at io.testproject.sdk.drivers.ios.IOSDriver.&lt;init&gt;(IOSDriver.java:692)
	at io.testproject.sdk.drivers.ios.IOSDriver.&lt;init&gt;(IOSDriver.java:339)
	at action.iOS_Test_Report.setup(iOS_Test_Report.java:68)
	at java.base/jdk.internal.reflect.NativeMethodAccessorImpl.invoke0(Native Method)
	at java.base/jdk.internal.reflect.NativeMethodAccessorImpl.invoke(NativeMethodAccessorImpl.java:62)
	at java.base/jdk.internal.reflect.DelegatingMethodAccessorImpl.invoke(DelegatingMethodAccessorImpl.java:43)
	at java.base/java.lang.reflect.Method.invoke(Method.java:567)
	at org.testng.internal.MethodInvocationHelper.invokeMethod(MethodInvocationHelper.java:133)
	at org.testng.internal.MethodInvocationHelper.invokeMethodConsideringTimeout(MethodInvocationHelper.java:62)
	at org.testng.internal.ConfigInvoker.invokeConfigurationMethod(ConfigInvoker.java:385)
	at org.testng.internal.ConfigInvoker.invokeConfigurations(ConfigInvoker.java:321)
	at org.testng.TestRunner.invokeTestConfigurations(TestRunner.java:637)
	at org.testng.TestRunner.beforeRun(TestRunner.java:627)
	at org.testng.TestRunner.run(TestRunner.java:589)
	at org.testng.SuiteRunner.runTest(SuiteRunner.java:377)
	at org.testng.SuiteRunner.runSequentially(SuiteRunner.java:371)
	at org.testng.SuiteRunner.privateRun(SuiteRunner.java:332)
	at org.testng.SuiteRunner.run(SuiteRunner.java:276)
	at org.testng.SuiteRunnerWorker.runSuite(SuiteRunnerWorker.java:53)
	at org.testng.SuiteRunnerWorker.run(SuiteRunnerWorker.java:96)
	at org.testng.TestNG.runSuitesSequentially(TestNG.java:1212)
	at org.testng.TestNG.runSuitesLocally(TestNG.java:1134)
	at org.testng.TestNG.runSuites(TestNG.java:1063)
	at org.testng.TestNG.run(TestNG.java:1031)
	at org.testng.remote.AbstractRemoteTestNG.run(AbstractRemoteTestNG.java:115)
	at org.testng.remote.RemoteTestNG.initAndRun(RemoteTestNG.java:251)
	at org.testng.remote.RemoteTestNG.main(RemoteTestNG.java:77)

</div> <!-- stack-trace -->
                </div> <!-- method-content -->
              </div> <!-- method -->
              <div class="method">
                <div class="method-content">
                  <a name="Diary_Job_FOC">
                  </a> <!-- Diary_Job_FOC -->
                  <span class="method-name">Diary_Job_FOC</span>
                  <div class="stack-trace">io.testproject.sdk.internal.exceptions.AgentConnectException: Agent responded with status 500: [org.openqa.selenium.SessionNotCreatedException: Unable to create a new remote session. Please check the server log for more details. Original error: All non-standard capabilities should have a vendor prefix. The following capabilities did not have one: applicationName
Build info: version: &apos;3.141.59&apos;, revision: &apos;e82be7d358&apos;, time: &apos;2018-11-14T08:17:03&apos;
System info: host: &apos;KARNAN-LENOVO&apos;, ip: &apos;192.168.137.1&apos;, os.name: &apos;Windows 10&apos;, os.arch: &apos;amd64&apos;, os.version: &apos;10.0&apos;, java.version: &apos;13.0.1&apos;
Driver info: driver.version: IOSDriver
remote stacktrace: InvalidArgumentError: All non-standard capabilities should have a vendor prefix. The following capabilities did not have one: applicationName
    at parseCaps (C:\snapshot\appium\node_modules\@appium\base-driver\lib\basedriver\capabilities.js:155:11)
    at processCapabilities (C:\snapshot\appium\node_modules\@appium\base-driver\lib\basedriver\capabilities.js:212:43)
    at parseCapsForInnerDriver (C:\snapshot\appium\lib\utils.js:161:21)
    at AppiumDriver.createSession (C:\snapshot\appium\lib\appium.js:161:26)
    at commandExecutor (C:\snapshot\appium\node_modules\@appium\base-driver\lib\basedriver\driver.js:361:7)
    at AppiumDriver.executeCommand (C:\snapshot\appium\node_modules\@appium\base-driver\lib\basedriver\driver.js:375:15)
    at wrappedCmd (C:\snapshot\appium\lib\appium.js:504:28)
    at AppiumDriver.executeWrappedCommand (C:\snapshot\appium\lib\appium.js:571:22)
    at AppiumDriver.executeCommand (C:\snapshot\appium\lib\appium.js:515:28)
    at asyncHandler (C:\snapshot\appium\node_modules\@appium\base-driver\lib\protocol\protocol.js:287:34)
    at C:\snapshot\appium\node_modules\@appium\base-driver\lib\protocol\protocol.js:413:15
    at Layer.handle [as handle_request] (C:\snapshot\appium\node_modules\@appium\base-driver\node_modules\express\lib\router\layer.js:95:5)
    at next (C:\snapshot\appium\node_modules\@appium\base-driver\node_modules\express\lib\router\route.js:137:13)
    at Route.dispatch (C:\snapshot\appium\node_modules\@appium\base-driver\node_modules\express\lib\router\route.js:112:3)
    at Layer.handle [as handle_request] (C:\snapshot\appium\node_modules\@appium\base-driver\node_modules\express\lib\router\layer.js:95:5)
    at C:\snapshot\appium\node_modules\@appium\base-driver\node_modules\express\lib\router\index.js:281:22
    at Function.process_params (C:\snapshot\appium\node_modules\@appium\base-driver\node_modules\express\lib\router\index.js:335:12)
    at next (C:\snapshot\appium\node_modules\@appium\base-driver\node_modules\express\lib\router\index.js:275:10)
    at logger (C:\snapshot\appium\node_modules\@appium\base-driver\node_modules\morgan\index.js:144:5)
    at Layer.handle [as handle_request] (C:\snapshot\appium\node_modules\@appium\base-driver\node_modules\express\lib\router\layer.js:95:5)
    at trim_prefix (C:\snapshot\appium\node_modules\@appium\base-driver\node_modules\express\lib\router\index.js:317:13)
    at C:\snapshot\appium\node_modules\@appium\base-driver\node_modules\express\lib\router\index.js:284:7
    at Function.process_params (C:\snapshot\appium\node_modules\@appium\base-driver\node_modules\express\lib\router\index.js:335:12)
    at next (C:\snapshot\appium\node_modules\@appium\base-driver\node_modules\express\lib\router\index.js:275:10)
    at C:\snapshot\appium\node_modules\@appium\base-driver\node_modules\body-parser\lib\read.js:130:5
    at invokeCallback (C:\snapshot\appium\node_modules\@appium\base-driver\node_modules\raw-body\index.js:224:16)
    at done (C:\snapshot\appium\node_modules\@appium\base-driver\node_modules\raw-body\index.js:213:7)
    at IncomingMessage.onEnd (C:\snapshot\appium\node_modules\@appium\base-driver\node_modules\raw-body\index.js:273:7)
    at IncomingMessage.emit (events.js:412:35)
    at endReadableNT (internal/streams/readable.js:1334:12)
    at processTicksAndRejections (internal/process/task_queues.js:82:21)
Build info: version: &apos;3.141.59&apos;, revision: &apos;e82be7d358&apos;, time: &apos;2018-11-14T08:17:03&apos;
System info: host: &apos;KARNAN-LENOVO&apos;, ip: &apos;192.168.137.1&apos;, os.name: &apos;Windows 10&apos;, os.arch: &apos;amd64&apos;, os.version: &apos;10.0&apos;, java.version: &apos;13.0.1&apos;
Driver info: driver.version: IOSDriver]
	at io.testproject.sdk.internal.rest.AgentClient.handleSessionStartFailure(AgentClient.java:896)
	at io.testproject.sdk.internal.rest.AgentClient.startSession(AgentClient.java:695)
	at io.testproject.sdk.internal.rest.AgentClient.&lt;init&gt;(AgentClient.java:275)
	at io.testproject.sdk.internal.rest.AgentClient.getClient(AgentClient.java:547)
	at io.testproject.sdk.drivers.ios.IOSDriver.&lt;init&gt;(IOSDriver.java:727)
	at io.testproject.sdk.drivers.ios.IOSDriver.&lt;init&gt;(IOSDriver.java:692)
	at io.testproject.sdk.drivers.ios.IOSDriver.&lt;init&gt;(IOSDriver.java:339)
	at action.iOS_Test_Report.setup(iOS_Test_Report.java:68)
	at java.base/jdk.internal.reflect.NativeMethodAccessorImpl.invoke0(Native Method)
	at java.base/jdk.internal.reflect.NativeMethodAccessorImpl.invoke(NativeMethodAccessorImpl.java:62)
	at java.base/jdk.internal.reflect.DelegatingMethodAccessorImpl.invoke(DelegatingMethodAccessorImpl.java:43)
	at java.base/java.lang.reflect.Method.invoke(Method.java:567)
	at org.testng.internal.MethodInvocationHelper.invokeMethod(MethodInvocationHelper.java:133)
	at org.testng.internal.MethodInvocationHelper.invokeMethodConsideringTimeout(MethodInvocationHelper.java:62)
	at org.testng.internal.ConfigInvoker.invokeConfigurationMethod(ConfigInvoker.java:385)
	at org.testng.internal.ConfigInvoker.invokeConfigurations(ConfigInvoker.java:321)
	at org.testng.TestRunner.invokeTestConfigurations(TestRunner.java:637)
	at org.testng.TestRunner.beforeRun(TestRunner.java:627)
	at org.testng.TestRunner.run(TestRunner.java:589)
	at org.testng.SuiteRunner.runTest(SuiteRunner.java:377)
	at org.testng.SuiteRunner.runSequentially(SuiteRunner.java:371)
	at org.testng.SuiteRunner.privateRun(SuiteRunner.java:332)
	at org.testng.SuiteRunner.run(SuiteRunner.java:276)
	at org.testng.SuiteRunnerWorker.runSuite(SuiteRunnerWorker.java:53)
	at org.testng.SuiteRunnerWorker.run(SuiteRunnerWorker.java:96)
	at org.testng.TestNG.runSuitesSequentially(TestNG.java:1212)
	at org.testng.TestNG.runSuitesLocally(TestNG.java:1134)
	at org.testng.TestNG.runSuites(TestNG.java:1063)
	at org.testng.TestNG.run(TestNG.java:1031)
	at org.testng.remote.AbstractRemoteTestNG.run(AbstractRemoteTestNG.java:115)
	at org.testng.remote.RemoteTestNG.initAndRun(RemoteTestNG.java:251)
	at org.testng.remote.RemoteTestNG.main(RemoteTestNG.java:77)

</div> <!-- stack-trace -->
                </div> <!-- method-content -->
              </div> <!-- method -->
              <div class="method">
                <div class="method-content">
                  <a name="Diary_Job_Final_Invoiced">
                  </a> <!-- Diary_Job_Final_Invoiced -->
                  <span class="method-name">Diary_Job_Final_Invoiced</span>
                  <div class="stack-trace">io.testproject.sdk.internal.exceptions.AgentConnectException: Agent responded with status 500: [org.openqa.selenium.SessionNotCreatedException: Unable to create a new remote session. Please check the server log for more details. Original error: All non-standard capabilities should have a vendor prefix. The following capabilities did not have one: applicationName
Build info: version: &apos;3.141.59&apos;, revision: &apos;e82be7d358&apos;, time: &apos;2018-11-14T08:17:03&apos;
System info: host: &apos;KARNAN-LENOVO&apos;, ip: &apos;192.168.137.1&apos;, os.name: &apos;Windows 10&apos;, os.arch: &apos;amd64&apos;, os.version: &apos;10.0&apos;, java.version: &apos;13.0.1&apos;
Driver info: driver.version: IOSDriver
remote stacktrace: InvalidArgumentError: All non-standard capabilities should have a vendor prefix. The following capabilities did not have one: applicationName
    at parseCaps (C:\snapshot\appium\node_modules\@appium\base-driver\lib\basedriver\capabilities.js:155:11)
    at processCapabilities (C:\snapshot\appium\node_modules\@appium\base-driver\lib\basedriver\capabilities.js:212:43)
    at parseCapsForInnerDriver (C:\snapshot\appium\lib\utils.js:161:21)
    at AppiumDriver.createSession (C:\snapshot\appium\lib\appium.js:161:26)
    at commandExecutor (C:\snapshot\appium\node_modules\@appium\base-driver\lib\basedriver\driver.js:361:7)
    at AppiumDriver.executeCommand (C:\snapshot\appium\node_modules\@appium\base-driver\lib\basedriver\driver.js:375:15)
    at wrappedCmd (C:\snapshot\appium\lib\appium.js:504:28)
    at AppiumDriver.executeWrappedCommand (C:\snapshot\appium\lib\appium.js:571:22)
    at AppiumDriver.executeCommand (C:\snapshot\appium\lib\appium.js:515:28)
    at asyncHandler (C:\snapshot\appium\node_modules\@appium\base-driver\lib\protocol\protocol.js:287:34)
    at C:\snapshot\appium\node_modules\@appium\base-driver\lib\protocol\protocol.js:413:15
    at Layer.handle [as handle_request] (C:\snapshot\appium\node_modules\@appium\base-driver\node_modules\express\lib\router\layer.js:95:5)
    at next (C:\snapshot\appium\node_modules\@appium\base-driver\node_modules\express\lib\router\route.js:137:13)
    at Route.dispatch (C:\snapshot\appium\node_modules\@appium\base-driver\node_modules\express\lib\router\route.js:112:3)
    at Layer.handle [as handle_request] (C:\snapshot\appium\node_modules\@appium\base-driver\node_modules\express\lib\router\layer.js:95:5)
    at C:\snapshot\appium\node_modules\@appium\base-driver\node_modules\express\lib\router\index.js:281:22
    at Function.process_params (C:\snapshot\appium\node_modules\@appium\base-driver\node_modules\express\lib\router\index.js:335:12)
    at next (C:\snapshot\appium\node_modules\@appium\base-driver\node_modules\express\lib\router\index.js:275:10)
    at logger (C:\snapshot\appium\node_modules\@appium\base-driver\node_modules\morgan\index.js:144:5)
    at Layer.handle [as handle_request] (C:\snapshot\appium\node_modules\@appium\base-driver\node_modules\express\lib\router\layer.js:95:5)
    at trim_prefix (C:\snapshot\appium\node_modules\@appium\base-driver\node_modules\express\lib\router\index.js:317:13)
    at C:\snapshot\appium\node_modules\@appium\base-driver\node_modules\express\lib\router\index.js:284:7
    at Function.process_params (C:\snapshot\appium\node_modules\@appium\base-driver\node_modules\express\lib\router\index.js:335:12)
    at next (C:\snapshot\appium\node_modules\@appium\base-driver\node_modules\express\lib\router\index.js:275:10)
    at C:\snapshot\appium\node_modules\@appium\base-driver\node_modules\body-parser\lib\read.js:130:5
    at invokeCallback (C:\snapshot\appium\node_modules\@appium\base-driver\node_modules\raw-body\index.js:224:16)
    at done (C:\snapshot\appium\node_modules\@appium\base-driver\node_modules\raw-body\index.js:213:7)
    at IncomingMessage.onEnd (C:\snapshot\appium\node_modules\@appium\base-driver\node_modules\raw-body\index.js:273:7)
    at IncomingMessage.emit (events.js:412:35)
    at endReadableNT (internal/streams/readable.js:1334:12)
    at processTicksAndRejections (internal/process/task_queues.js:82:21)
Build info: version: &apos;3.141.59&apos;, revision: &apos;e82be7d358&apos;, time: &apos;2018-11-14T08:17:03&apos;
System info: host: &apos;KARNAN-LENOVO&apos;, ip: &apos;192.168.137.1&apos;, os.name: &apos;Windows 10&apos;, os.arch: &apos;amd64&apos;, os.version: &apos;10.0&apos;, java.version: &apos;13.0.1&apos;
Driver info: driver.version: IOSDriver]
	at io.testproject.sdk.internal.rest.AgentClient.handleSessionStartFailure(AgentClient.java:896)
	at io.testproject.sdk.internal.rest.AgentClient.startSession(AgentClient.java:695)
	at io.testproject.sdk.internal.rest.AgentClient.&lt;init&gt;(AgentClient.java:275)
	at io.testproject.sdk.internal.rest.AgentClient.getClient(AgentClient.java:547)
	at io.testproject.sdk.drivers.ios.IOSDriver.&lt;init&gt;(IOSDriver.java:727)
	at io.testproject.sdk.drivers.ios.IOSDriver.&lt;init&gt;(IOSDriver.java:692)
	at io.testproject.sdk.drivers.ios.IOSDriver.&lt;init&gt;(IOSDriver.java:339)
	at action.iOS_Test_Report.setup(iOS_Test_Report.java:68)
	at java.base/jdk.internal.reflect.NativeMethodAccessorImpl.invoke0(Native Method)
	at java.base/jdk.internal.reflect.NativeMethodAccessorImpl.invoke(NativeMethodAccessorImpl.java:62)
	at java.base/jdk.internal.reflect.DelegatingMethodAccessorImpl.invoke(DelegatingMethodAccessorImpl.java:43)
	at java.base/java.lang.reflect.Method.invoke(Method.java:567)
	at org.testng.internal.MethodInvocationHelper.invokeMethod(MethodInvocationHelper.java:133)
	at org.testng.internal.MethodInvocationHelper.invokeMethodConsideringTimeout(MethodInvocationHelper.java:62)
	at org.testng.internal.ConfigInvoker.invokeConfigurationMethod(ConfigInvoker.java:385)
	at org.testng.internal.ConfigInvoker.invokeConfigurations(ConfigInvoker.java:321)
	at org.testng.TestRunner.invokeTestConfigurations(TestRunner.java:637)
	at org.testng.TestRunner.beforeRun(TestRunner.java:627)
	at org.testng.TestRunner.run(TestRunner.java:589)
	at org.testng.SuiteRunner.runTest(SuiteRunner.java:377)
	at org.testng.SuiteRunner.runSequentially(SuiteRunner.java:371)
	at org.testng.SuiteRunner.privateRun(SuiteRunner.java:332)
	at org.testng.SuiteRunner.run(SuiteRunner.java:276)
	at org.testng.SuiteRunnerWorker.runSuite(SuiteRunnerWorker.java:53)
	at org.testng.SuiteRunnerWorker.run(SuiteRunnerWorker.java:96)
	at org.testng.TestNG.runSuitesSequentially(TestNG.java:1212)
	at org.testng.TestNG.runSuitesLocally(TestNG.java:1134)
	at org.testng.TestNG.runSuites(TestNG.java:1063)
	at org.testng.TestNG.run(TestNG.java:1031)
	at org.testng.remote.AbstractRemoteTestNG.run(AbstractRemoteTestNG.java:115)
	at org.testng.remote.RemoteTestNG.initAndRun(RemoteTestNG.java:251)
	at org.testng.remote.RemoteTestNG.main(RemoteTestNG.java:77)

</div> <!-- stack-trace -->
                </div> <!-- method-content -->
              </div> <!-- method -->
              <div class="method">
                <div class="method-content">
                  <a name="Edit_Cusotmer">
                  </a> <!-- Edit_Cusotmer -->
                  <span class="method-name">Edit_Cusotmer</span>
                  <div class="stack-trace">io.testproject.sdk.internal.exceptions.AgentConnectException: Agent responded with status 500: [org.openqa.selenium.SessionNotCreatedException: Unable to create a new remote session. Please check the server log for more details. Original error: All non-standard capabilities should have a vendor prefix. The following capabilities did not have one: applicationName
Build info: version: &apos;3.141.59&apos;, revision: &apos;e82be7d358&apos;, time: &apos;2018-11-14T08:17:03&apos;
System info: host: &apos;KARNAN-LENOVO&apos;, ip: &apos;192.168.137.1&apos;, os.name: &apos;Windows 10&apos;, os.arch: &apos;amd64&apos;, os.version: &apos;10.0&apos;, java.version: &apos;13.0.1&apos;
Driver info: driver.version: IOSDriver
remote stacktrace: InvalidArgumentError: All non-standard capabilities should have a vendor prefix. The following capabilities did not have one: applicationName
    at parseCaps (C:\snapshot\appium\node_modules\@appium\base-driver\lib\basedriver\capabilities.js:155:11)
    at processCapabilities (C:\snapshot\appium\node_modules\@appium\base-driver\lib\basedriver\capabilities.js:212:43)
    at parseCapsForInnerDriver (C:\snapshot\appium\lib\utils.js:161:21)
    at AppiumDriver.createSession (C:\snapshot\appium\lib\appium.js:161:26)
    at commandExecutor (C:\snapshot\appium\node_modules\@appium\base-driver\lib\basedriver\driver.js:361:7)
    at AppiumDriver.executeCommand (C:\snapshot\appium\node_modules\@appium\base-driver\lib\basedriver\driver.js:375:15)
    at wrappedCmd (C:\snapshot\appium\lib\appium.js:504:28)
    at AppiumDriver.executeWrappedCommand (C:\snapshot\appium\lib\appium.js:571:22)
    at AppiumDriver.executeCommand (C:\snapshot\appium\lib\appium.js:515:28)
    at asyncHandler (C:\snapshot\appium\node_modules\@appium\base-driver\lib\protocol\protocol.js:287:34)
    at C:\snapshot\appium\node_modules\@appium\base-driver\lib\protocol\protocol.js:413:15
    at Layer.handle [as handle_request] (C:\snapshot\appium\node_modules\@appium\base-driver\node_modules\express\lib\router\layer.js:95:5)
    at next (C:\snapshot\appium\node_modules\@appium\base-driver\node_modules\express\lib\router\route.js:137:13)
    at Route.dispatch (C:\snapshot\appium\node_modules\@appium\base-driver\node_modules\express\lib\router\route.js:112:3)
    at Layer.handle [as handle_request] (C:\snapshot\appium\node_modules\@appium\base-driver\node_modules\express\lib\router\layer.js:95:5)
    at C:\snapshot\appium\node_modules\@appium\base-driver\node_modules\express\lib\router\index.js:281:22
    at Function.process_params (C:\snapshot\appium\node_modules\@appium\base-driver\node_modules\express\lib\router\index.js:335:12)
    at next (C:\snapshot\appium\node_modules\@appium\base-driver\node_modules\express\lib\router\index.js:275:10)
    at logger (C:\snapshot\appium\node_modules\@appium\base-driver\node_modules\morgan\index.js:144:5)
    at Layer.handle [as handle_request] (C:\snapshot\appium\node_modules\@appium\base-driver\node_modules\express\lib\router\layer.js:95:5)
    at trim_prefix (C:\snapshot\appium\node_modules\@appium\base-driver\node_modules\express\lib\router\index.js:317:13)
    at C:\snapshot\appium\node_modules\@appium\base-driver\node_modules\express\lib\router\index.js:284:7
    at Function.process_params (C:\snapshot\appium\node_modules\@appium\base-driver\node_modules\express\lib\router\index.js:335:12)
    at next (C:\snapshot\appium\node_modules\@appium\base-driver\node_modules\express\lib\router\index.js:275:10)
    at C:\snapshot\appium\node_modules\@appium\base-driver\node_modules\body-parser\lib\read.js:130:5
    at invokeCallback (C:\snapshot\appium\node_modules\@appium\base-driver\node_modules\raw-body\index.js:224:16)
    at done (C:\snapshot\appium\node_modules\@appium\base-driver\node_modules\raw-body\index.js:213:7)
    at IncomingMessage.onEnd (C:\snapshot\appium\node_modules\@appium\base-driver\node_modules\raw-body\index.js:273:7)
    at IncomingMessage.emit (events.js:412:35)
    at endReadableNT (internal/streams/readable.js:1334:12)
    at processTicksAndRejections (internal/process/task_queues.js:82:21)
Build info: version: &apos;3.141.59&apos;, revision: &apos;e82be7d358&apos;, time: &apos;2018-11-14T08:17:03&apos;
System info: host: &apos;KARNAN-LENOVO&apos;, ip: &apos;192.168.137.1&apos;, os.name: &apos;Windows 10&apos;, os.arch: &apos;amd64&apos;, os.version: &apos;10.0&apos;, java.version: &apos;13.0.1&apos;
Driver info: driver.version: IOSDriver]
	at io.testproject.sdk.internal.rest.AgentClient.handleSessionStartFailure(AgentClient.java:896)
	at io.testproject.sdk.internal.rest.AgentClient.startSession(AgentClient.java:695)
	at io.testproject.sdk.internal.rest.AgentClient.&lt;init&gt;(AgentClient.java:275)
	at io.testproject.sdk.internal.rest.AgentClient.getClient(AgentClient.java:547)
	at io.testproject.sdk.drivers.ios.IOSDriver.&lt;init&gt;(IOSDriver.java:727)
	at io.testproject.sdk.drivers.ios.IOSDriver.&lt;init&gt;(IOSDriver.java:692)
	at io.testproject.sdk.drivers.ios.IOSDriver.&lt;init&gt;(IOSDriver.java:339)
	at action.iOS_Test_Report.setup(iOS_Test_Report.java:68)
	at java.base/jdk.internal.reflect.NativeMethodAccessorImpl.invoke0(Native Method)
	at java.base/jdk.internal.reflect.NativeMethodAccessorImpl.invoke(NativeMethodAccessorImpl.java:62)
	at java.base/jdk.internal.reflect.DelegatingMethodAccessorImpl.invoke(DelegatingMethodAccessorImpl.java:43)
	at java.base/java.lang.reflect.Method.invoke(Method.java:567)
	at org.testng.internal.MethodInvocationHelper.invokeMethod(MethodInvocationHelper.java:133)
	at org.testng.internal.MethodInvocationHelper.invokeMethodConsideringTimeout(MethodInvocationHelper.java:62)
	at org.testng.internal.ConfigInvoker.invokeConfigurationMethod(ConfigInvoker.java:385)
	at org.testng.internal.ConfigInvoker.invokeConfigurations(ConfigInvoker.java:321)
	at org.testng.TestRunner.invokeTestConfigurations(TestRunner.java:637)
	at org.testng.TestRunner.beforeRun(TestRunner.java:627)
	at org.testng.TestRunner.run(TestRunner.java:589)
	at org.testng.SuiteRunner.runTest(SuiteRunner.java:377)
	at org.testng.SuiteRunner.runSequentially(SuiteRunner.java:371)
	at org.testng.SuiteRunner.privateRun(SuiteRunner.java:332)
	at org.testng.SuiteRunner.run(SuiteRunner.java:276)
	at org.testng.SuiteRunnerWorker.runSuite(SuiteRunnerWorker.java:53)
	at org.testng.SuiteRunnerWorker.run(SuiteRunnerWorker.java:96)
	at org.testng.TestNG.runSuitesSequentially(TestNG.java:1212)
	at org.testng.TestNG.runSuitesLocally(TestNG.java:1134)
	at org.testng.TestNG.runSuites(TestNG.java:1063)
	at org.testng.TestNG.run(TestNG.java:1031)
	at org.testng.remote.AbstractRemoteTestNG.run(AbstractRemoteTestNG.java:115)
	at org.testng.remote.RemoteTestNG.initAndRun(RemoteTestNG.java:251)
	at org.testng.remote.RemoteTestNG.main(RemoteTestNG.java:77)

</div> <!-- stack-trace -->
                </div> <!-- method-content -->
              </div> <!-- method -->
            </div> <!-- main-panel-content rounded-window-bottom -->
          </div> <!-- suite-Default_suite-class-skipped -->
        </div> <!-- panel Default_suite -->
        <div panel-name="test-xml-Default_suite" class="panel">
          <div class="main-panel-header rounded-window-top">
            <span class="header-content">C:\Users\Ranjit\AppData\Local\Temp\testng-eclipse-1242579985\testng-customsuite.xml</span>
          </div> <!-- main-panel-header rounded-window-top -->
          <div class="main-panel-content rounded-window-bottom">
            <pre>
&lt;?xml version=&quot;1.0&quot; encoding=&quot;UTF-8&quot;?&gt;
&lt;!DOCTYPE suite SYSTEM &quot;https://testng.org/testng-1.0.dtd&quot;&gt;
&lt;suite name=&quot;Default suite&quot; guice-stage=&quot;DEVELOPMENT&quot;&gt;
  &lt;test thread-count=&quot;5&quot; name=&quot;Default test&quot; verbose=&quot;2&quot;&gt;
    &lt;classes&gt;
      &lt;class name=&quot;testcase.Case1&quot;/&gt;
    &lt;/classes&gt;
  &lt;/test&gt; &lt;!-- Default test --&gt;
&lt;/suite&gt; &lt;!-- Default suite --&gt;
            </pre>
          </div> <!-- main-panel-content rounded-window-bottom -->
        </div> <!-- panel -->
        <div panel-name="testlist-Default_suite" class="panel">
          <div class="main-panel-header rounded-window-top">
            <span class="header-content">Tests for Default suite</span>
          </div> <!-- main-panel-header rounded-window-top -->
          <div class="main-panel-content rounded-window-bottom">
            <ul>
              <li>
                <span class="test-name">Default test (1 class)</span>
              </li>
            </ul>
          </div> <!-- main-panel-content rounded-window-bottom -->
        </div> <!-- panel -->
        <div panel-name="group-Default_suite" class="panel">
          <div class="main-panel-header rounded-window-top">
            <span class="header-content">Groups for Default suite</span>
          </div> <!-- main-panel-header rounded-window-top -->
          <div class="main-panel-content rounded-window-bottom">
          </div> <!-- main-panel-content rounded-window-bottom -->
        </div> <!-- panel -->
        <div panel-name="times-Default_suite" class="panel">
          <div class="main-panel-header rounded-window-top">
            <span class="header-content">Times for Default suite</span>
          </div> <!-- main-panel-header rounded-window-top -->
          <div class="main-panel-content rounded-window-bottom">
            <div class="times-div">
              <script type="text/javascript">
suiteTableInitFunctions.push('tableData_Default_suite');
function tableData_Default_suite() {
var data = new google.visualization.DataTable();
data.addColumn('number', 'Number');
data.addColumn('string', 'Method');
data.addColumn('string', 'Class');
data.addColumn('number', 'Time (ms)');
data.addRows(10);
data.setCell(0, 0, 0)
data.setCell(0, 1, 'Create_Customer')
data.setCell(0, 2, 'testcase.Case1')
data.setCell(0, 3, 0);
data.setCell(1, 0, 1)
data.setCell(1, 1, 'Diary_Job_FOC')
data.setCell(1, 2, 'testcase.Case1')
data.setCell(1, 3, 0);
data.setCell(2, 0, 2)
data.setCell(2, 1, 'Add_Notes_Section')
data.setCell(2, 2, 'testcase.Case1')
data.setCell(2, 3, 0);
data.setCell(3, 0, 3)
data.setCell(3, 1, 'Diary_Job_Final_Invoiced')
data.setCell(3, 2, 'testcase.Case1')
data.setCell(3, 3, 0);
data.setCell(4, 0, 4)
data.setCell(4, 1, 'Diary_Estimate_Reject')
data.setCell(4, 2, 'testcase.Case1')
data.setCell(4, 3, 0);
data.setCell(5, 0, 5)
data.setCell(5, 1, 'Edit_Cusotmer')
data.setCell(5, 2, 'testcase.Case1')
data.setCell(5, 3, 0);
data.setCell(6, 0, 6)
data.setCell(6, 1, 'Add_Parts')
data.setCell(6, 2, 'testcase.Case1')
data.setCell(6, 3, 0);
data.setCell(7, 0, 7)
data.setCell(7, 1, 'Add_Reminders')
data.setCell(7, 2, 'testcase.Case1')
data.setCell(7, 3, 0);
data.setCell(8, 0, 8)
data.setCell(8, 1, 'Add_Customer_Contact')
data.setCell(8, 2, 'testcase.Case1')
data.setCell(8, 3, 0);
data.setCell(9, 0, 9)
data.setCell(9, 1, 'Diary_Estimate_Accept')
data.setCell(9, 2, 'testcase.Case1')
data.setCell(9, 3, 0);
window.suiteTableData['Default_suite']= { tableData: data, tableDiv: 'times-div-Default_suite'}
return data;
}
              </script>
              <span class="suite-total-time">Total running time: 0 ms</span>
              <div id="times-div-Default_suite">
              </div> <!-- times-div-Default_suite -->
            </div> <!-- times-div -->
          </div> <!-- main-panel-content rounded-window-bottom -->
        </div> <!-- panel -->
        <div panel-name="reporter-Default_suite" class="panel">
          <div class="main-panel-header rounded-window-top">
            <span class="header-content">Reporter output for Default suite</span>
          </div> <!-- main-panel-header rounded-window-top -->
          <div class="main-panel-content rounded-window-bottom">
          </div> <!-- main-panel-content rounded-window-bottom -->
        </div> <!-- panel -->
        <div panel-name="ignored-methods-Default_suite" class="panel">
          <div class="main-panel-header rounded-window-top">
            <span class="header-content">0 ignored methods</span>
          </div> <!-- main-panel-header rounded-window-top -->
          <div class="main-panel-content rounded-window-bottom">
          </div> <!-- main-panel-content rounded-window-bottom -->
        </div> <!-- panel -->
        <div panel-name="chronological-Default_suite" class="panel">
          <div class="main-panel-header rounded-window-top">
            <span class="header-content">Methods in chronological order</span>
          </div> <!-- main-panel-header rounded-window-top -->
          <div class="main-panel-content rounded-window-bottom">
            <div class="chronological-class">
              <div class="chronological-class-name">testcase.Case1</div> <!-- chronological-class-name -->
              <div class="configuration-test before">
                <img src="failed.png">
                </img>
                <span class="method-name">setup</span>
                <span class="method-start">0 ms</span>
              </div> <!-- configuration-test before -->
              <div class="test-method">
                <span class="method-name">Create_Customer</span>
                <span class="method-start">49124 ms</span>
              </div> <!-- test-method -->
              <div class="test-method">
                <span class="method-name">Edit_Cusotmer</span>
                <span class="method-start">49133 ms</span>
              </div> <!-- test-method -->
              <div class="test-method">
                <span class="method-name">Add_Customer_Contact</span>
                <span class="method-start">49141 ms</span>
              </div> <!-- test-method -->
              <div class="test-method">
                <span class="method-name">Add_Notes_Section</span>
                <span class="method-start">49145 ms</span>
              </div> <!-- test-method -->
              <div class="test-method">
                <span class="method-name">Add_Parts</span>
                <span class="method-start">49153 ms</span>
              </div> <!-- test-method -->
              <div class="test-method">
                <span class="method-name">Add_Reminders</span>
                <span class="method-start">49162 ms</span>
              </div> <!-- test-method -->
              <div class="test-method">
                <span class="method-name">Diary_Estimate_Accept</span>
                <span class="method-start">49173 ms</span>
              </div> <!-- test-method -->
              <div class="test-method">
                <span class="method-name">Diary_Estimate_Reject</span>
                <span class="method-start">49188 ms</span>
              </div> <!-- test-method -->
              <div class="test-method">
                <span class="method-name">Diary_Job_Final_Invoiced</span>
                <span class="method-start">49193 ms</span>
              </div> <!-- test-method -->
              <div class="test-method">
                <span class="method-name">Diary_Job_FOC</span>
                <span class="method-start">49200 ms</span>
              </div> <!-- test-method -->
          </div> <!-- main-panel-content rounded-window-bottom -->
        </div> <!-- panel -->
      </div> <!-- main-panel-root -->
    </div> <!-- wrapper -->
  </body>
<script type="text/javascript" src="testng-reports2.js"></script>
</html>
