<?xml version="1.0" encoding="UTF-8"?>
<testng-results ignored="0" total="10" passed="0" failed="0" skipped="10">
  <reporter-output>
  </reporter-output>
  <suite started-at="2022-03-22T18:21:33 IST" name="Default suite" finished-at="2022-03-22T18:22:22 IST" duration-ms="49216">
    <groups>
    </groups>
    <test started-at="2022-03-22T18:21:33 IST" name="Default test" finished-at="2022-03-22T18:22:22 IST" duration-ms="49216">
      <class name="testcase.Case1">
        <test-method is-config="true" signature="setup()[pri:0, instance:testcase.Case1@4efbca5a]" started-at="2022-03-22T18:21:33 IST" name="setup" finished-at="2022-03-22T18:22:22 IST" duration-ms="49076" status="FAIL">
          <exception class="io.testproject.sdk.internal.exceptions.AgentConnectException">
            <message>
              <![CDATA[Agent responded with status 500: [org.openqa.selenium.SessionNotCreatedException: Unable to create a new remote session. Please check the server log for more details. Original error: All non-standard capabilities should have a vendor prefix. The following capabilities did not have one: applicationName
Build info: version: '3.141.59', revision: 'e82be7d358', time: '2018-11-14T08:17:03'
System info: host: 'KARNAN-LENOVO', ip: '192.168.137.1', os.name: 'Windows 10', os.arch: 'amd64', os.version: '10.0', java.version: '13.0.1'
Driver info: driver.version: IOSDriver
remote stacktrace: InvalidArgumentError: All non-standard capabilities should have a vendor prefix. The following capabilities did not have one: applicationName
    at parseCaps (C:\snapshot\appium\node_modules\@appium\base-driver\lib\basedriver\capabilities.js:155:11)
    at processCapabilities (C:\snapshot\appium\node_modules\@appium\base-driver\lib\basedriver\capabilities.js:212:43)
    at parseCapsForInnerDriver (C:\snapshot\appium\lib\utils.js:161:21)
    at AppiumDriver.createSession (C:\snapshot\appium\lib\appium.js:161:26)
    at commandExecutor (C:\snapshot\appium\node_modules\@appium\base-driver\lib\basedriver\driver.js:361:7)
    at AppiumDriver.executeCommand (C:\snapshot\appium\node_modules\@appium\base-driver\lib\basedriver\driver.js:375:15)
    at wrappedCmd (C:\snapshot\appium\lib\appium.js:504:28)
    at AppiumDriver.executeWrappedCommand (C:\snapshot\appium\lib\appium.js:571:22)
    at AppiumDriver.executeCommand (C:\snapshot\appium\lib\appium.js:515:28)
    at asyncHandler (C:\snapshot\appium\node_modules\@appium\base-driver\lib\protocol\protocol.js:287:34)
    at C:\snapshot\appium\node_modules\@appium\base-driver\lib\protocol\protocol.js:413:15
    at Layer.handle [as handle_request] (C:\snapshot\appium\node_modules\@appium\base-driver\node_modules\express\lib\router\layer.js:95:5)
    at next (C:\snapshot\appium\node_modules\@appium\base-driver\node_modules\express\lib\router\route.js:137:13)
    at Route.dispatch (C:\snapshot\appium\node_modules\@appium\base-driver\node_modules\express\lib\router\route.js:112:3)
    at Layer.handle [as handle_request] (C:\snapshot\appium\node_modules\@appium\base-driver\node_modules\express\lib\router\layer.js:95:5)
    at C:\snapshot\appium\node_modules\@appium\base-driver\node_modules\express\lib\router\index.js:281:22
    at Function.process_params (C:\snapshot\appium\node_modules\@appium\base-driver\node_modules\express\lib\router\index.js:335:12)
    at next (C:\snapshot\appium\node_modules\@appium\base-driver\node_modules\express\lib\router\index.js:275:10)
    at logger (C:\snapshot\appium\node_modules\@appium\base-driver\node_modules\morgan\index.js:144:5)
    at Layer.handle [as handle_request] (C:\snapshot\appium\node_modules\@appium\base-driver\node_modules\express\lib\router\layer.js:95:5)
    at trim_prefix (C:\snapshot\appium\node_modules\@appium\base-driver\node_modules\express\lib\router\index.js:317:13)
    at C:\snapshot\appium\node_modules\@appium\base-driver\node_modules\express\lib\router\index.js:284:7
    at Function.process_params (C:\snapshot\appium\node_modules\@appium\base-driver\node_modules\express\lib\router\index.js:335:12)
    at next (C:\snapshot\appium\node_modules\@appium\base-driver\node_modules\express\lib\router\index.js:275:10)
    at C:\snapshot\appium\node_modules\@appium\base-driver\node_modules\body-parser\lib\read.js:130:5
    at invokeCallback (C:\snapshot\appium\node_modules\@appium\base-driver\node_modules\raw-body\index.js:224:16)
    at done (C:\snapshot\appium\node_modules\@appium\base-driver\node_modules\raw-body\index.js:213:7)
    at IncomingMessage.onEnd (C:\snapshot\appium\node_modules\@appium\base-driver\node_modules\raw-body\index.js:273:7)
    at IncomingMessage.emit (events.js:412:35)
    at endReadableNT (internal/streams/readable.js:1334:12)
    at processTicksAndRejections (internal/process/task_queues.js:82:21)
Build info: version: '3.141.59', revision: 'e82be7d358', time: '2018-11-14T08:17:03'
System info: host: 'KARNAN-LENOVO', ip: '192.168.137.1', os.name: 'Windows 10', os.arch: 'amd64', os.version: '10.0', java.version: '13.0.1'
Driver info: driver.version: IOSDriver]]]>
            </message>
            <full-stacktrace>
              <![CDATA[io.testproject.sdk.internal.exceptions.AgentConnectException: Agent responded with status 500: [org.openqa.selenium.SessionNotCreatedException: Unable to create a new remote session. Please check the server log for more details. Original error: All non-standard capabilities should have a vendor prefix. The following capabilities did not have one: applicationName
Build info: version: '3.141.59', revision: 'e82be7d358', time: '2018-11-14T08:17:03'
System info: host: 'KARNAN-LENOVO', ip: '192.168.137.1', os.name: 'Windows 10', os.arch: 'amd64', os.version: '10.0', java.version: '13.0.1'
Driver info: driver.version: IOSDriver
remote stacktrace: InvalidArgumentError: All non-standard capabilities should have a vendor prefix. The following capabilities did not have one: applicationName
    at parseCaps (C:\snapshot\appium\node_modules\@appium\base-driver\lib\basedriver\capabilities.js:155:11)
    at processCapabilities (C:\snapshot\appium\node_modules\@appium\base-driver\lib\basedriver\capabilities.js:212:43)
    at parseCapsForInnerDriver (C:\snapshot\appium\lib\utils.js:161:21)
    at AppiumDriver.createSession (C:\snapshot\appium\lib\appium.js:161:26)
    at commandExecutor (C:\snapshot\appium\node_modules\@appium\base-driver\lib\basedriver\driver.js:361:7)
    at AppiumDriver.executeCommand (C:\snapshot\appium\node_modules\@appium\base-driver\lib\basedriver\driver.js:375:15)
    at wrappedCmd (C:\snapshot\appium\lib\appium.js:504:28)
    at AppiumDriver.executeWrappedCommand (C:\snapshot\appium\lib\appium.js:571:22)
    at AppiumDriver.executeCommand (C:\snapshot\appium\lib\appium.js:515:28)
    at asyncHandler (C:\snapshot\appium\node_modules\@appium\base-driver\lib\protocol\protocol.js:287:34)
    at C:\snapshot\appium\node_modules\@appium\base-driver\lib\protocol\protocol.js:413:15
    at Layer.handle [as handle_request] (C:\snapshot\appium\node_modules\@appium\base-driver\node_modules\express\lib\router\layer.js:95:5)
    at next (C:\snapshot\appium\node_modules\@appium\base-driver\node_modules\express\lib\router\route.js:137:13)
    at Route.dispatch (C:\snapshot\appium\node_modules\@appium\base-driver\node_modules\express\lib\router\route.js:112:3)
    at Layer.handle [as handle_request] (C:\snapshot\appium\node_modules\@appium\base-driver\node_modules\express\lib\router\layer.js:95:5)
    at C:\snapshot\appium\node_modules\@appium\base-driver\node_modules\express\lib\router\index.js:281:22
    at Function.process_params (C:\snapshot\appium\node_modules\@appium\base-driver\node_modules\express\lib\router\index.js:335:12)
    at next (C:\snapshot\appium\node_modules\@appium\base-driver\node_modules\express\lib\router\index.js:275:10)
    at logger (C:\snapshot\appium\node_modules\@appium\base-driver\node_modules\morgan\index.js:144:5)
    at Layer.handle [as handle_request] (C:\snapshot\appium\node_modules\@appium\base-driver\node_modules\express\lib\router\layer.js:95:5)
    at trim_prefix (C:\snapshot\appium\node_modules\@appium\base-driver\node_modules\express\lib\router\index.js:317:13)
    at C:\snapshot\appium\node_modules\@appium\base-driver\node_modules\express\lib\router\index.js:284:7
    at Function.process_params (C:\snapshot\appium\node_modules\@appium\base-driver\node_modules\express\lib\router\index.js:335:12)
    at next (C:\snapshot\appium\node_modules\@appium\base-driver\node_modules\express\lib\router\index.js:275:10)
    at C:\snapshot\appium\node_modules\@appium\base-driver\node_modules\body-parser\lib\read.js:130:5
    at invokeCallback (C:\snapshot\appium\node_modules\@appium\base-driver\node_modules\raw-body\index.js:224:16)
    at done (C:\snapshot\appium\node_modules\@appium\base-driver\node_modules\raw-body\index.js:213:7)
    at IncomingMessage.onEnd (C:\snapshot\appium\node_modules\@appium\base-driver\node_modules\raw-body\index.js:273:7)
    at IncomingMessage.emit (events.js:412:35)
    at endReadableNT (internal/streams/readable.js:1334:12)
    at processTicksAndRejections (internal/process/task_queues.js:82:21)
Build info: version: '3.141.59', revision: 'e82be7d358', time: '2018-11-14T08:17:03'
System info: host: 'KARNAN-LENOVO', ip: '192.168.137.1', os.name: 'Windows 10', os.arch: 'amd64', os.version: '10.0', java.version: '13.0.1'
Driver info: driver.version: IOSDriver]
at io.testproject.sdk.internal.rest.AgentClient.handleSessionStartFailure(AgentClient.java:896)
at io.testproject.sdk.internal.rest.AgentClient.startSession(AgentClient.java:695)
at io.testproject.sdk.internal.rest.AgentClient.<init>(AgentClient.java:275)
at io.testproject.sdk.internal.rest.AgentClient.getClient(AgentClient.java:547)
at io.testproject.sdk.drivers.ios.IOSDriver.<init>(IOSDriver.java:727)
at io.testproject.sdk.drivers.ios.IOSDriver.<init>(IOSDriver.java:692)
at io.testproject.sdk.drivers.ios.IOSDriver.<init>(IOSDriver.java:339)
at action.iOS_Test_Report.setup(iOS_Test_Report.java:68)
at java.base/jdk.internal.reflect.NativeMethodAccessorImpl.invoke0(Native Method)
at java.base/jdk.internal.reflect.NativeMethodAccessorImpl.invoke(NativeMethodAccessorImpl.java:62)
at java.base/jdk.internal.reflect.DelegatingMethodAccessorImpl.invoke(DelegatingMethodAccessorImpl.java:43)
at java.base/java.lang.reflect.Method.invoke(Method.java:567)
at org.testng.internal.MethodInvocationHelper.invokeMethod(MethodInvocationHelper.java:133)
at org.testng.internal.MethodInvocationHelper.invokeMethodConsideringTimeout(MethodInvocationHelper.java:62)
at org.testng.internal.ConfigInvoker.invokeConfigurationMethod(ConfigInvoker.java:385)
at org.testng.internal.ConfigInvoker.invokeConfigurations(ConfigInvoker.java:321)
at org.testng.TestRunner.invokeTestConfigurations(TestRunner.java:637)
at org.testng.TestRunner.beforeRun(TestRunner.java:627)
at org.testng.TestRunner.run(TestRunner.java:589)
at org.testng.SuiteRunner.runTest(SuiteRunner.java:377)
at org.testng.SuiteRunner.runSequentially(SuiteRunner.java:371)
at org.testng.SuiteRunner.privateRun(SuiteRunner.java:332)
at org.testng.SuiteRunner.run(SuiteRunner.java:276)
at org.testng.SuiteRunnerWorker.runSuite(SuiteRunnerWorker.java:53)
at org.testng.SuiteRunnerWorker.run(SuiteRunnerWorker.java:96)
at org.testng.TestNG.runSuitesSequentially(TestNG.java:1212)
at org.testng.TestNG.runSuitesLocally(TestNG.java:1134)
at org.testng.TestNG.runSuites(TestNG.java:1063)
at org.testng.TestNG.run(TestNG.java:1031)
at org.testng.remote.AbstractRemoteTestNG.run(AbstractRemoteTestNG.java:115)
at org.testng.remote.RemoteTestNG.initAndRun(RemoteTestNG.java:251)
at org.testng.remote.RemoteTestNG.main(RemoteTestNG.java:77)
]]>
            </full-stacktrace>
          </exception> <!-- io.testproject.sdk.internal.exceptions.AgentConnectException -->
          <reporter-output>
          </reporter-output>
        </test-method> <!-- setup -->
        <test-method signature="Create_Customer()[pri:0, instance:testcase.Case1@4efbca5a]" started-at="2022-03-22T18:22:22 IST" name="Create_Customer" finished-at="2022-03-22T18:22:22 IST" duration-ms="0" status="SKIP">
          <exception class="io.testproject.sdk.internal.exceptions.AgentConnectException">
            <message>
              <![CDATA[Agent responded with status 500: [org.openqa.selenium.SessionNotCreatedException: Unable to create a new remote session. Please check the server log for more details. Original error: All non-standard capabilities should have a vendor prefix. The following capabilities did not have one: applicationName
Build info: version: '3.141.59', revision: 'e82be7d358', time: '2018-11-14T08:17:03'
System info: host: 'KARNAN-LENOVO', ip: '192.168.137.1', os.name: 'Windows 10', os.arch: 'amd64', os.version: '10.0', java.version: '13.0.1'
Driver info: driver.version: IOSDriver
remote stacktrace: InvalidArgumentError: All non-standard capabilities should have a vendor prefix. The following capabilities did not have one: applicationName
    at parseCaps (C:\snapshot\appium\node_modules\@appium\base-driver\lib\basedriver\capabilities.js:155:11)
    at processCapabilities (C:\snapshot\appium\node_modules\@appium\base-driver\lib\basedriver\capabilities.js:212:43)
    at parseCapsForInnerDriver (C:\snapshot\appium\lib\utils.js:161:21)
    at AppiumDriver.createSession (C:\snapshot\appium\lib\appium.js:161:26)
    at commandExecutor (C:\snapshot\appium\node_modules\@appium\base-driver\lib\basedriver\driver.js:361:7)
    at AppiumDriver.executeCommand (C:\snapshot\appium\node_modules\@appium\base-driver\lib\basedriver\driver.js:375:15)
    at wrappedCmd (C:\snapshot\appium\lib\appium.js:504:28)
    at AppiumDriver.executeWrappedCommand (C:\snapshot\appium\lib\appium.js:571:22)
    at AppiumDriver.executeCommand (C:\snapshot\appium\lib\appium.js:515:28)
    at asyncHandler (C:\snapshot\appium\node_modules\@appium\base-driver\lib\protocol\protocol.js:287:34)
    at C:\snapshot\appium\node_modules\@appium\base-driver\lib\protocol\protocol.js:413:15
    at Layer.handle [as handle_request] (C:\snapshot\appium\node_modules\@appium\base-driver\node_modules\express\lib\router\layer.js:95:5)
    at next (C:\snapshot\appium\node_modules\@appium\base-driver\node_modules\express\lib\router\route.js:137:13)
    at Route.dispatch (C:\snapshot\appium\node_modules\@appium\base-driver\node_modules\express\lib\router\route.js:112:3)
    at Layer.handle [as handle_request] (C:\snapshot\appium\node_modules\@appium\base-driver\node_modules\express\lib\router\layer.js:95:5)
    at C:\snapshot\appium\node_modules\@appium\base-driver\node_modules\express\lib\router\index.js:281:22
    at Function.process_params (C:\snapshot\appium\node_modules\@appium\base-driver\node_modules\express\lib\router\index.js:335:12)
    at next (C:\snapshot\appium\node_modules\@appium\base-driver\node_modules\express\lib\router\index.js:275:10)
    at logger (C:\snapshot\appium\node_modules\@appium\base-driver\node_modules\morgan\index.js:144:5)
    at Layer.handle [as handle_request] (C:\snapshot\appium\node_modules\@appium\base-driver\node_modules\express\lib\router\layer.js:95:5)
    at trim_prefix (C:\snapshot\appium\node_modules\@appium\base-driver\node_modules\express\lib\router\index.js:317:13)
    at C:\snapshot\appium\node_modules\@appium\base-driver\node_modules\express\lib\router\index.js:284:7
    at Function.process_params (C:\snapshot\appium\node_modules\@appium\base-driver\node_modules\express\lib\router\index.js:335:12)
    at next (C:\snapshot\appium\node_modules\@appium\base-driver\node_modules\express\lib\router\index.js:275:10)
    at C:\snapshot\appium\node_modules\@appium\base-driver\node_modules\body-parser\lib\read.js:130:5
    at invokeCallback (C:\snapshot\appium\node_modules\@appium\base-driver\node_modules\raw-body\index.js:224:16)
    at done (C:\snapshot\appium\node_modules\@appium\base-driver\node_modules\raw-body\index.js:213:7)
    at IncomingMessage.onEnd (C:\snapshot\appium\node_modules\@appium\base-driver\node_modules\raw-body\index.js:273:7)
    at IncomingMessage.emit (events.js:412:35)
    at endReadableNT (internal/streams/readable.js:1334:12)
    at processTicksAndRejections (internal/process/task_queues.js:82:21)
Build info: version: '3.141.59', revision: 'e82be7d358', time: '2018-11-14T08:17:03'
System info: host: 'KARNAN-LENOVO', ip: '192.168.137.1', os.name: 'Windows 10', os.arch: 'amd64', os.version: '10.0', java.version: '13.0.1'
Driver info: driver.version: IOSDriver]]]>
            </message>
            <full-stacktrace>
              <![CDATA[io.testproject.sdk.internal.exceptions.AgentConnectException: Agent responded with status 500: [org.openqa.selenium.SessionNotCreatedException: Unable to create a new remote session. Please check the server log for more details. Original error: All non-standard capabilities should have a vendor prefix. The following capabilities did not have one: applicationName
Build info: version: '3.141.59', revision: 'e82be7d358', time: '2018-11-14T08:17:03'
System info: host: 'KARNAN-LENOVO', ip: '192.168.137.1', os.name: 'Windows 10', os.arch: 'amd64', os.version: '10.0', java.version: '13.0.1'
Driver info: driver.version: IOSDriver
remote stacktrace: InvalidArgumentError: All non-standard capabilities should have a vendor prefix. The following capabilities did not have one: applicationName
    at parseCaps (C:\snapshot\appium\node_modules\@appium\base-driver\lib\basedriver\capabilities.js:155:11)
    at processCapabilities (C:\snapshot\appium\node_modules\@appium\base-driver\lib\basedriver\capabilities.js:212:43)
    at parseCapsForInnerDriver (C:\snapshot\appium\lib\utils.js:161:21)
    at AppiumDriver.createSession (C:\snapshot\appium\lib\appium.js:161:26)
    at commandExecutor (C:\snapshot\appium\node_modules\@appium\base-driver\lib\basedriver\driver.js:361:7)
    at AppiumDriver.executeCommand (C:\snapshot\appium\node_modules\@appium\base-driver\lib\basedriver\driver.js:375:15)
    at wrappedCmd (C:\snapshot\appium\lib\appium.js:504:28)
    at AppiumDriver.executeWrappedCommand (C:\snapshot\appium\lib\appium.js:571:22)
    at AppiumDriver.executeCommand (C:\snapshot\appium\lib\appium.js:515:28)
    at asyncHandler (C:\snapshot\appium\node_modules\@appium\base-driver\lib\protocol\protocol.js:287:34)
    at C:\snapshot\appium\node_modules\@appium\base-driver\lib\protocol\protocol.js:413:15
    at Layer.handle [as handle_request] (C:\snapshot\appium\node_modules\@appium\base-driver\node_modules\express\lib\router\layer.js:95:5)
    at next (C:\snapshot\appium\node_modules\@appium\base-driver\node_modules\express\lib\router\route.js:137:13)
    at Route.dispatch (C:\snapshot\appium\node_modules\@appium\base-driver\node_modules\express\lib\router\route.js:112:3)
    at Layer.handle [as handle_request] (C:\snapshot\appium\node_modules\@appium\base-driver\node_modules\express\lib\router\layer.js:95:5)
    at C:\snapshot\appium\node_modules\@appium\base-driver\node_modules\express\lib\router\index.js:281:22
    at Function.process_params (C:\snapshot\appium\node_modules\@appium\base-driver\node_modules\express\lib\router\index.js:335:12)
    at next (C:\snapshot\appium\node_modules\@appium\base-driver\node_modules\express\lib\router\index.js:275:10)
    at logger (C:\snapshot\appium\node_modules\@appium\base-driver\node_modules\morgan\index.js:144:5)
    at Layer.handle [as handle_request] (C:\snapshot\appium\node_modules\@appium\base-driver\node_modules\express\lib\router\layer.js:95:5)
    at trim_prefix (C:\snapshot\appium\node_modules\@appium\base-driver\node_modules\express\lib\router\index.js:317:13)
    at C:\snapshot\appium\node_modules\@appium\base-driver\node_modules\express\lib\router\index.js:284:7
    at Function.process_params (C:\snapshot\appium\node_modules\@appium\base-driver\node_modules\express\lib\router\index.js:335:12)
    at next (C:\snapshot\appium\node_modules\@appium\base-driver\node_modules\express\lib\router\index.js:275:10)
    at C:\snapshot\appium\node_modules\@appium\base-driver\node_modules\body-parser\lib\read.js:130:5
    at invokeCallback (C:\snapshot\appium\node_modules\@appium\base-driver\node_modules\raw-body\index.js:224:16)
    at done (C:\snapshot\appium\node_modules\@appium\base-driver\node_modules\raw-body\index.js:213:7)
    at IncomingMessage.onEnd (C:\snapshot\appium\node_modules\@appium\base-driver\node_modules\raw-body\index.js:273:7)
    at IncomingMessage.emit (events.js:412:35)
    at endReadableNT (internal/streams/readable.js:1334:12)
    at processTicksAndRejections (internal/process/task_queues.js:82:21)
Build info: version: '3.141.59', revision: 'e82be7d358', time: '2018-11-14T08:17:03'
System info: host: 'KARNAN-LENOVO', ip: '192.168.137.1', os.name: 'Windows 10', os.arch: 'amd64', os.version: '10.0', java.version: '13.0.1'
Driver info: driver.version: IOSDriver]
at io.testproject.sdk.internal.rest.AgentClient.handleSessionStartFailure(AgentClient.java:896)
at io.testproject.sdk.internal.rest.AgentClient.startSession(AgentClient.java:695)
at io.testproject.sdk.internal.rest.AgentClient.<init>(AgentClient.java:275)
at io.testproject.sdk.internal.rest.AgentClient.getClient(AgentClient.java:547)
at io.testproject.sdk.drivers.ios.IOSDriver.<init>(IOSDriver.java:727)
at io.testproject.sdk.drivers.ios.IOSDriver.<init>(IOSDriver.java:692)
at io.testproject.sdk.drivers.ios.IOSDriver.<init>(IOSDriver.java:339)
at action.iOS_Test_Report.setup(iOS_Test_Report.java:68)
at java.base/jdk.internal.reflect.NativeMethodAccessorImpl.invoke0(Native Method)
at java.base/jdk.internal.reflect.NativeMethodAccessorImpl.invoke(NativeMethodAccessorImpl.java:62)
at java.base/jdk.internal.reflect.DelegatingMethodAccessorImpl.invoke(DelegatingMethodAccessorImpl.java:43)
at java.base/java.lang.reflect.Method.invoke(Method.java:567)
at org.testng.internal.MethodInvocationHelper.invokeMethod(MethodInvocationHelper.java:133)
at org.testng.internal.MethodInvocationHelper.invokeMethodConsideringTimeout(MethodInvocationHelper.java:62)
at org.testng.internal.ConfigInvoker.invokeConfigurationMethod(ConfigInvoker.java:385)
at org.testng.internal.ConfigInvoker.invokeConfigurations(ConfigInvoker.java:321)
at org.testng.TestRunner.invokeTestConfigurations(TestRunner.java:637)
at org.testng.TestRunner.beforeRun(TestRunner.java:627)
at org.testng.TestRunner.run(TestRunner.java:589)
at org.testng.SuiteRunner.runTest(SuiteRunner.java:377)
at org.testng.SuiteRunner.runSequentially(SuiteRunner.java:371)
at org.testng.SuiteRunner.privateRun(SuiteRunner.java:332)
at org.testng.SuiteRunner.run(SuiteRunner.java:276)
at org.testng.SuiteRunnerWorker.runSuite(SuiteRunnerWorker.java:53)
at org.testng.SuiteRunnerWorker.run(SuiteRunnerWorker.java:96)
at org.testng.TestNG.runSuitesSequentially(TestNG.java:1212)
at org.testng.TestNG.runSuitesLocally(TestNG.java:1134)
at org.testng.TestNG.runSuites(TestNG.java:1063)
at org.testng.TestNG.run(TestNG.java:1031)
at org.testng.remote.AbstractRemoteTestNG.run(AbstractRemoteTestNG.java:115)
at org.testng.remote.RemoteTestNG.initAndRun(RemoteTestNG.java:251)
at org.testng.remote.RemoteTestNG.main(RemoteTestNG.java:77)
]]>
            </full-stacktrace>
          </exception> <!-- io.testproject.sdk.internal.exceptions.AgentConnectException -->
          <reporter-output>
          </reporter-output>
        </test-method> <!-- Create_Customer -->
        <test-method signature="Edit_Cusotmer()[pri:1, instance:testcase.Case1@4efbca5a]" started-at="2022-03-22T18:22:22 IST" name="Edit_Cusotmer" finished-at="2022-03-22T18:22:22 IST" duration-ms="0" status="SKIP">
          <exception class="io.testproject.sdk.internal.exceptions.AgentConnectException">
            <message>
              <![CDATA[Agent responded with status 500: [org.openqa.selenium.SessionNotCreatedException: Unable to create a new remote session. Please check the server log for more details. Original error: All non-standard capabilities should have a vendor prefix. The following capabilities did not have one: applicationName
Build info: version: '3.141.59', revision: 'e82be7d358', time: '2018-11-14T08:17:03'
System info: host: 'KARNAN-LENOVO', ip: '192.168.137.1', os.name: 'Windows 10', os.arch: 'amd64', os.version: '10.0', java.version: '13.0.1'
Driver info: driver.version: IOSDriver
remote stacktrace: InvalidArgumentError: All non-standard capabilities should have a vendor prefix. The following capabilities did not have one: applicationName
    at parseCaps (C:\snapshot\appium\node_modules\@appium\base-driver\lib\basedriver\capabilities.js:155:11)
    at processCapabilities (C:\snapshot\appium\node_modules\@appium\base-driver\lib\basedriver\capabilities.js:212:43)
    at parseCapsForInnerDriver (C:\snapshot\appium\lib\utils.js:161:21)
    at AppiumDriver.createSession (C:\snapshot\appium\lib\appium.js:161:26)
    at commandExecutor (C:\snapshot\appium\node_modules\@appium\base-driver\lib\basedriver\driver.js:361:7)
    at AppiumDriver.executeCommand (C:\snapshot\appium\node_modules\@appium\base-driver\lib\basedriver\driver.js:375:15)
    at wrappedCmd (C:\snapshot\appium\lib\appium.js:504:28)
    at AppiumDriver.executeWrappedCommand (C:\snapshot\appium\lib\appium.js:571:22)
    at AppiumDriver.executeCommand (C:\snapshot\appium\lib\appium.js:515:28)
    at asyncHandler (C:\snapshot\appium\node_modules\@appium\base-driver\lib\protocol\protocol.js:287:34)
    at C:\snapshot\appium\node_modules\@appium\base-driver\lib\protocol\protocol.js:413:15
    at Layer.handle [as handle_request] (C:\snapshot\appium\node_modules\@appium\base-driver\node_modules\express\lib\router\layer.js:95:5)
    at next (C:\snapshot\appium\node_modules\@appium\base-driver\node_modules\express\lib\router\route.js:137:13)
    at Route.dispatch (C:\snapshot\appium\node_modules\@appium\base-driver\node_modules\express\lib\router\route.js:112:3)
    at Layer.handle [as handle_request] (C:\snapshot\appium\node_modules\@appium\base-driver\node_modules\express\lib\router\layer.js:95:5)
    at C:\snapshot\appium\node_modules\@appium\base-driver\node_modules\express\lib\router\index.js:281:22
    at Function.process_params (C:\snapshot\appium\node_modules\@appium\base-driver\node_modules\express\lib\router\index.js:335:12)
    at next (C:\snapshot\appium\node_modules\@appium\base-driver\node_modules\express\lib\router\index.js:275:10)
    at logger (C:\snapshot\appium\node_modules\@appium\base-driver\node_modules\morgan\index.js:144:5)
    at Layer.handle [as handle_request] (C:\snapshot\appium\node_modules\@appium\base-driver\node_modules\express\lib\router\layer.js:95:5)
    at trim_prefix (C:\snapshot\appium\node_modules\@appium\base-driver\node_modules\express\lib\router\index.js:317:13)
    at C:\snapshot\appium\node_modules\@appium\base-driver\node_modules\express\lib\router\index.js:284:7
    at Function.process_params (C:\snapshot\appium\node_modules\@appium\base-driver\node_modules\express\lib\router\index.js:335:12)
    at next (C:\snapshot\appium\node_modules\@appium\base-driver\node_modules\express\lib\router\index.js:275:10)
    at C:\snapshot\appium\node_modules\@appium\base-driver\node_modules\body-parser\lib\read.js:130:5
    at invokeCallback (C:\snapshot\appium\node_modules\@appium\base-driver\node_modules\raw-body\index.js:224:16)
    at done (C:\snapshot\appium\node_modules\@appium\base-driver\node_modules\raw-body\index.js:213:7)
    at IncomingMessage.onEnd (C:\snapshot\appium\node_modules\@appium\base-driver\node_modules\raw-body\index.js:273:7)
    at IncomingMessage.emit (events.js:412:35)
    at endReadableNT (internal/streams/readable.js:1334:12)
    at processTicksAndRejections (internal/process/task_queues.js:82:21)
Build info: version: '3.141.59', revision: 'e82be7d358', time: '2018-11-14T08:17:03'
System info: host: 'KARNAN-LENOVO', ip: '192.168.137.1', os.name: 'Windows 10', os.arch: 'amd64', os.version: '10.0', java.version: '13.0.1'
Driver info: driver.version: IOSDriver]]]>
            </message>
            <full-stacktrace>
              <![CDATA[io.testproject.sdk.internal.exceptions.AgentConnectException: Agent responded with status 500: [org.openqa.selenium.SessionNotCreatedException: Unable to create a new remote session. Please check the server log for more details. Original error: All non-standard capabilities should have a vendor prefix. The following capabilities did not have one: applicationName
Build info: version: '3.141.59', revision: 'e82be7d358', time: '2018-11-14T08:17:03'
System info: host: 'KARNAN-LENOVO', ip: '192.168.137.1', os.name: 'Windows 10', os.arch: 'amd64', os.version: '10.0', java.version: '13.0.1'
Driver info: driver.version: IOSDriver
remote stacktrace: InvalidArgumentError: All non-standard capabilities should have a vendor prefix. The following capabilities did not have one: applicationName
    at parseCaps (C:\snapshot\appium\node_modules\@appium\base-driver\lib\basedriver\capabilities.js:155:11)
    at processCapabilities (C:\snapshot\appium\node_modules\@appium\base-driver\lib\basedriver\capabilities.js:212:43)
    at parseCapsForInnerDriver (C:\snapshot\appium\lib\utils.js:161:21)
    at AppiumDriver.createSession (C:\snapshot\appium\lib\appium.js:161:26)
    at commandExecutor (C:\snapshot\appium\node_modules\@appium\base-driver\lib\basedriver\driver.js:361:7)
    at AppiumDriver.executeCommand (C:\snapshot\appium\node_modules\@appium\base-driver\lib\basedriver\driver.js:375:15)
    at wrappedCmd (C:\snapshot\appium\lib\appium.js:504:28)
    at AppiumDriver.executeWrappedCommand (C:\snapshot\appium\lib\appium.js:571:22)
    at AppiumDriver.executeCommand (C:\snapshot\appium\lib\appium.js:515:28)
    at asyncHandler (C:\snapshot\appium\node_modules\@appium\base-driver\lib\protocol\protocol.js:287:34)
    at C:\snapshot\appium\node_modules\@appium\base-driver\lib\protocol\protocol.js:413:15
    at Layer.handle [as handle_request] (C:\snapshot\appium\node_modules\@appium\base-driver\node_modules\express\lib\router\layer.js:95:5)
    at next (C:\snapshot\appium\node_modules\@appium\base-driver\node_modules\express\lib\router\route.js:137:13)
    at Route.dispatch (C:\snapshot\appium\node_modules\@appium\base-driver\node_modules\express\lib\router\route.js:112:3)
    at Layer.handle [as handle_request] (C:\snapshot\appium\node_modules\@appium\base-driver\node_modules\express\lib\router\layer.js:95:5)
    at C:\snapshot\appium\node_modules\@appium\base-driver\node_modules\express\lib\router\index.js:281:22
    at Function.process_params (C:\snapshot\appium\node_modules\@appium\base-driver\node_modules\express\lib\router\index.js:335:12)
    at next (C:\snapshot\appium\node_modules\@appium\base-driver\node_modules\express\lib\router\index.js:275:10)
    at logger (C:\snapshot\appium\node_modules\@appium\base-driver\node_modules\morgan\index.js:144:5)
    at Layer.handle [as handle_request] (C:\snapshot\appium\node_modules\@appium\base-driver\node_modules\express\lib\router\layer.js:95:5)
    at trim_prefix (C:\snapshot\appium\node_modules\@appium\base-driver\node_modules\express\lib\router\index.js:317:13)
    at C:\snapshot\appium\node_modules\@appium\base-driver\node_modules\express\lib\router\index.js:284:7
    at Function.process_params (C:\snapshot\appium\node_modules\@appium\base-driver\node_modules\express\lib\router\index.js:335:12)
    at next (C:\snapshot\appium\node_modules\@appium\base-driver\node_modules\express\lib\router\index.js:275:10)
    at C:\snapshot\appium\node_modules\@appium\base-driver\node_modules\body-parser\lib\read.js:130:5
    at invokeCallback (C:\snapshot\appium\node_modules\@appium\base-driver\node_modules\raw-body\index.js:224:16)
    at done (C:\snapshot\appium\node_modules\@appium\base-driver\node_modules\raw-body\index.js:213:7)
    at IncomingMessage.onEnd (C:\snapshot\appium\node_modules\@appium\base-driver\node_modules\raw-body\index.js:273:7)
    at IncomingMessage.emit (events.js:412:35)
    at endReadableNT (internal/streams/readable.js:1334:12)
    at processTicksAndRejections (internal/process/task_queues.js:82:21)
Build info: version: '3.141.59', revision: 'e82be7d358', time: '2018-11-14T08:17:03'
System info: host: 'KARNAN-LENOVO', ip: '192.168.137.1', os.name: 'Windows 10', os.arch: 'amd64', os.version: '10.0', java.version: '13.0.1'
Driver info: driver.version: IOSDriver]
at io.testproject.sdk.internal.rest.AgentClient.handleSessionStartFailure(AgentClient.java:896)
at io.testproject.sdk.internal.rest.AgentClient.startSession(AgentClient.java:695)
at io.testproject.sdk.internal.rest.AgentClient.<init>(AgentClient.java:275)
at io.testproject.sdk.internal.rest.AgentClient.getClient(AgentClient.java:547)
at io.testproject.sdk.drivers.ios.IOSDriver.<init>(IOSDriver.java:727)
at io.testproject.sdk.drivers.ios.IOSDriver.<init>(IOSDriver.java:692)
at io.testproject.sdk.drivers.ios.IOSDriver.<init>(IOSDriver.java:339)
at action.iOS_Test_Report.setup(iOS_Test_Report.java:68)
at java.base/jdk.internal.reflect.NativeMethodAccessorImpl.invoke0(Native Method)
at java.base/jdk.internal.reflect.NativeMethodAccessorImpl.invoke(NativeMethodAccessorImpl.java:62)
at java.base/jdk.internal.reflect.DelegatingMethodAccessorImpl.invoke(DelegatingMethodAccessorImpl.java:43)
at java.base/java.lang.reflect.Method.invoke(Method.java:567)
at org.testng.internal.MethodInvocationHelper.invokeMethod(MethodInvocationHelper.java:133)
at org.testng.internal.MethodInvocationHelper.invokeMethodConsideringTimeout(MethodInvocationHelper.java:62)
at org.testng.internal.ConfigInvoker.invokeConfigurationMethod(ConfigInvoker.java:385)
at org.testng.internal.ConfigInvoker.invokeConfigurations(ConfigInvoker.java:321)
at org.testng.TestRunner.invokeTestConfigurations(TestRunner.java:637)
at org.testng.TestRunner.beforeRun(TestRunner.java:627)
at org.testng.TestRunner.run(TestRunner.java:589)
at org.testng.SuiteRunner.runTest(SuiteRunner.java:377)
at org.testng.SuiteRunner.runSequentially(SuiteRunner.java:371)
at org.testng.SuiteRunner.privateRun(SuiteRunner.java:332)
at org.testng.SuiteRunner.run(SuiteRunner.java:276)
at org.testng.SuiteRunnerWorker.runSuite(SuiteRunnerWorker.java:53)
at org.testng.SuiteRunnerWorker.run(SuiteRunnerWorker.java:96)
at org.testng.TestNG.runSuitesSequentially(TestNG.java:1212)
at org.testng.TestNG.runSuitesLocally(TestNG.java:1134)
at org.testng.TestNG.runSuites(TestNG.java:1063)
at org.testng.TestNG.run(TestNG.java:1031)
at org.testng.remote.AbstractRemoteTestNG.run(AbstractRemoteTestNG.java:115)
at org.testng.remote.RemoteTestNG.initAndRun(RemoteTestNG.java:251)
at org.testng.remote.RemoteTestNG.main(RemoteTestNG.java:77)
]]>
            </full-stacktrace>
          </exception> <!-- io.testproject.sdk.internal.exceptions.AgentConnectException -->
          <reporter-output>
          </reporter-output>
        </test-method> <!-- Edit_Cusotmer -->
        <test-method signature="Add_Customer_Contact()[pri:2, instance:testcase.Case1@4efbca5a]" started-at="2022-03-22T18:22:22 IST" name="Add_Customer_Contact" finished-at="2022-03-22T18:22:22 IST" duration-ms="0" status="SKIP">
          <exception class="io.testproject.sdk.internal.exceptions.AgentConnectException">
            <message>
              <![CDATA[Agent responded with status 500: [org.openqa.selenium.SessionNotCreatedException: Unable to create a new remote session. Please check the server log for more details. Original error: All non-standard capabilities should have a vendor prefix. The following capabilities did not have one: applicationName
Build info: version: '3.141.59', revision: 'e82be7d358', time: '2018-11-14T08:17:03'
System info: host: 'KARNAN-LENOVO', ip: '192.168.137.1', os.name: 'Windows 10', os.arch: 'amd64', os.version: '10.0', java.version: '13.0.1'
Driver info: driver.version: IOSDriver
remote stacktrace: InvalidArgumentError: All non-standard capabilities should have a vendor prefix. The following capabilities did not have one: applicationName
    at parseCaps (C:\snapshot\appium\node_modules\@appium\base-driver\lib\basedriver\capabilities.js:155:11)
    at processCapabilities (C:\snapshot\appium\node_modules\@appium\base-driver\lib\basedriver\capabilities.js:212:43)
    at parseCapsForInnerDriver (C:\snapshot\appium\lib\utils.js:161:21)
    at AppiumDriver.createSession (C:\snapshot\appium\lib\appium.js:161:26)
    at commandExecutor (C:\snapshot\appium\node_modules\@appium\base-driver\lib\basedriver\driver.js:361:7)
    at AppiumDriver.executeCommand (C:\snapshot\appium\node_modules\@appium\base-driver\lib\basedriver\driver.js:375:15)
    at wrappedCmd (C:\snapshot\appium\lib\appium.js:504:28)
    at AppiumDriver.executeWrappedCommand (C:\snapshot\appium\lib\appium.js:571:22)
    at AppiumDriver.executeCommand (C:\snapshot\appium\lib\appium.js:515:28)
    at asyncHandler (C:\snapshot\appium\node_modules\@appium\base-driver\lib\protocol\protocol.js:287:34)
    at C:\snapshot\appium\node_modules\@appium\base-driver\lib\protocol\protocol.js:413:15
    at Layer.handle [as handle_request] (C:\snapshot\appium\node_modules\@appium\base-driver\node_modules\express\lib\router\layer.js:95:5)
    at next (C:\snapshot\appium\node_modules\@appium\base-driver\node_modules\express\lib\router\route.js:137:13)
    at Route.dispatch (C:\snapshot\appium\node_modules\@appium\base-driver\node_modules\express\lib\router\route.js:112:3)
    at Layer.handle [as handle_request] (C:\snapshot\appium\node_modules\@appium\base-driver\node_modules\express\lib\router\layer.js:95:5)
    at C:\snapshot\appium\node_modules\@appium\base-driver\node_modules\express\lib\router\index.js:281:22
    at Function.process_params (C:\snapshot\appium\node_modules\@appium\base-driver\node_modules\express\lib\router\index.js:335:12)
    at next (C:\snapshot\appium\node_modules\@appium\base-driver\node_modules\express\lib\router\index.js:275:10)
    at logger (C:\snapshot\appium\node_modules\@appium\base-driver\node_modules\morgan\index.js:144:5)
    at Layer.handle [as handle_request] (C:\snapshot\appium\node_modules\@appium\base-driver\node_modules\express\lib\router\layer.js:95:5)
    at trim_prefix (C:\snapshot\appium\node_modules\@appium\base-driver\node_modules\express\lib\router\index.js:317:13)
    at C:\snapshot\appium\node_modules\@appium\base-driver\node_modules\express\lib\router\index.js:284:7
    at Function.process_params (C:\snapshot\appium\node_modules\@appium\base-driver\node_modules\express\lib\router\index.js:335:12)
    at next (C:\snapshot\appium\node_modules\@appium\base-driver\node_modules\express\lib\router\index.js:275:10)
    at C:\snapshot\appium\node_modules\@appium\base-driver\node_modules\body-parser\lib\read.js:130:5
    at invokeCallback (C:\snapshot\appium\node_modules\@appium\base-driver\node_modules\raw-body\index.js:224:16)
    at done (C:\snapshot\appium\node_modules\@appium\base-driver\node_modules\raw-body\index.js:213:7)
    at IncomingMessage.onEnd (C:\snapshot\appium\node_modules\@appium\base-driver\node_modules\raw-body\index.js:273:7)
    at IncomingMessage.emit (events.js:412:35)
    at endReadableNT (internal/streams/readable.js:1334:12)
    at processTicksAndRejections (internal/process/task_queues.js:82:21)
Build info: version: '3.141.59', revision: 'e82be7d358', time: '2018-11-14T08:17:03'
System info: host: 'KARNAN-LENOVO', ip: '192.168.137.1', os.name: 'Windows 10', os.arch: 'amd64', os.version: '10.0', java.version: '13.0.1'
Driver info: driver.version: IOSDriver]]]>
            </message>
            <full-stacktrace>
              <![CDATA[io.testproject.sdk.internal.exceptions.AgentConnectException: Agent responded with status 500: [org.openqa.selenium.SessionNotCreatedException: Unable to create a new remote session. Please check the server log for more details. Original error: All non-standard capabilities should have a vendor prefix. The following capabilities did not have one: applicationName
Build info: version: '3.141.59', revision: 'e82be7d358', time: '2018-11-14T08:17:03'
System info: host: 'KARNAN-LENOVO', ip: '192.168.137.1', os.name: 'Windows 10', os.arch: 'amd64', os.version: '10.0', java.version: '13.0.1'
Driver info: driver.version: IOSDriver
remote stacktrace: InvalidArgumentError: All non-standard capabilities should have a vendor prefix. The following capabilities did not have one: applicationName
    at parseCaps (C:\snapshot\appium\node_modules\@appium\base-driver\lib\basedriver\capabilities.js:155:11)
    at processCapabilities (C:\snapshot\appium\node_modules\@appium\base-driver\lib\basedriver\capabilities.js:212:43)
    at parseCapsForInnerDriver (C:\snapshot\appium\lib\utils.js:161:21)
    at AppiumDriver.createSession (C:\snapshot\appium\lib\appium.js:161:26)
    at commandExecutor (C:\snapshot\appium\node_modules\@appium\base-driver\lib\basedriver\driver.js:361:7)
    at AppiumDriver.executeCommand (C:\snapshot\appium\node_modules\@appium\base-driver\lib\basedriver\driver.js:375:15)
    at wrappedCmd (C:\snapshot\appium\lib\appium.js:504:28)
    at AppiumDriver.executeWrappedCommand (C:\snapshot\appium\lib\appium.js:571:22)
    at AppiumDriver.executeCommand (C:\snapshot\appium\lib\appium.js:515:28)
    at asyncHandler (C:\snapshot\appium\node_modules\@appium\base-driver\lib\protocol\protocol.js:287:34)
    at C:\snapshot\appium\node_modules\@appium\base-driver\lib\protocol\protocol.js:413:15
    at Layer.handle [as handle_request] (C:\snapshot\appium\node_modules\@appium\base-driver\node_modules\express\lib\router\layer.js:95:5)
    at next (C:\snapshot\appium\node_modules\@appium\base-driver\node_modules\express\lib\router\route.js:137:13)
    at Route.dispatch (C:\snapshot\appium\node_modules\@appium\base-driver\node_modules\express\lib\router\route.js:112:3)
    at Layer.handle [as handle_request] (C:\snapshot\appium\node_modules\@appium\base-driver\node_modules\express\lib\router\layer.js:95:5)
    at C:\snapshot\appium\node_modules\@appium\base-driver\node_modules\express\lib\router\index.js:281:22
    at Function.process_params (C:\snapshot\appium\node_modules\@appium\base-driver\node_modules\express\lib\router\index.js:335:12)
    at next (C:\snapshot\appium\node_modules\@appium\base-driver\node_modules\express\lib\router\index.js:275:10)
    at logger (C:\snapshot\appium\node_modules\@appium\base-driver\node_modules\morgan\index.js:144:5)
    at Layer.handle [as handle_request] (C:\snapshot\appium\node_modules\@appium\base-driver\node_modules\express\lib\router\layer.js:95:5)
    at trim_prefix (C:\snapshot\appium\node_modules\@appium\base-driver\node_modules\express\lib\router\index.js:317:13)
    at C:\snapshot\appium\node_modules\@appium\base-driver\node_modules\express\lib\router\index.js:284:7
    at Function.process_params (C:\snapshot\appium\node_modules\@appium\base-driver\node_modules\express\lib\router\index.js:335:12)
    at next (C:\snapshot\appium\node_modules\@appium\base-driver\node_modules\express\lib\router\index.js:275:10)
    at C:\snapshot\appium\node_modules\@appium\base-driver\node_modules\body-parser\lib\read.js:130:5
    at invokeCallback (C:\snapshot\appium\node_modules\@appium\base-driver\node_modules\raw-body\index.js:224:16)
    at done (C:\snapshot\appium\node_modules\@appium\base-driver\node_modules\raw-body\index.js:213:7)
    at IncomingMessage.onEnd (C:\snapshot\appium\node_modules\@appium\base-driver\node_modules\raw-body\index.js:273:7)
    at IncomingMessage.emit (events.js:412:35)
    at endReadableNT (internal/streams/readable.js:1334:12)
    at processTicksAndRejections (internal/process/task_queues.js:82:21)
Build info: version: '3.141.59', revision: 'e82be7d358', time: '2018-11-14T08:17:03'
System info: host: 'KARNAN-LENOVO', ip: '192.168.137.1', os.name: 'Windows 10', os.arch: 'amd64', os.version: '10.0', java.version: '13.0.1'
Driver info: driver.version: IOSDriver]
at io.testproject.sdk.internal.rest.AgentClient.handleSessionStartFailure(AgentClient.java:896)
at io.testproject.sdk.internal.rest.AgentClient.startSession(AgentClient.java:695)
at io.testproject.sdk.internal.rest.AgentClient.<init>(AgentClient.java:275)
at io.testproject.sdk.internal.rest.AgentClient.getClient(AgentClient.java:547)
at io.testproject.sdk.drivers.ios.IOSDriver.<init>(IOSDriver.java:727)
at io.testproject.sdk.drivers.ios.IOSDriver.<init>(IOSDriver.java:692)
at io.testproject.sdk.drivers.ios.IOSDriver.<init>(IOSDriver.java:339)
at action.iOS_Test_Report.setup(iOS_Test_Report.java:68)
at java.base/jdk.internal.reflect.NativeMethodAccessorImpl.invoke0(Native Method)
at java.base/jdk.internal.reflect.NativeMethodAccessorImpl.invoke(NativeMethodAccessorImpl.java:62)
at java.base/jdk.internal.reflect.DelegatingMethodAccessorImpl.invoke(DelegatingMethodAccessorImpl.java:43)
at java.base/java.lang.reflect.Method.invoke(Method.java:567)
at org.testng.internal.MethodInvocationHelper.invokeMethod(MethodInvocationHelper.java:133)
at org.testng.internal.MethodInvocationHelper.invokeMethodConsideringTimeout(MethodInvocationHelper.java:62)
at org.testng.internal.ConfigInvoker.invokeConfigurationMethod(ConfigInvoker.java:385)
at org.testng.internal.ConfigInvoker.invokeConfigurations(ConfigInvoker.java:321)
at org.testng.TestRunner.invokeTestConfigurations(TestRunner.java:637)
at org.testng.TestRunner.beforeRun(TestRunner.java:627)
at org.testng.TestRunner.run(TestRunner.java:589)
at org.testng.SuiteRunner.runTest(SuiteRunner.java:377)
at org.testng.SuiteRunner.runSequentially(SuiteRunner.java:371)
at org.testng.SuiteRunner.privateRun(SuiteRunner.java:332)
at org.testng.SuiteRunner.run(SuiteRunner.java:276)
at org.testng.SuiteRunnerWorker.runSuite(SuiteRunnerWorker.java:53)
at org.testng.SuiteRunnerWorker.run(SuiteRunnerWorker.java:96)
at org.testng.TestNG.runSuitesSequentially(TestNG.java:1212)
at org.testng.TestNG.runSuitesLocally(TestNG.java:1134)
at org.testng.TestNG.runSuites(TestNG.java:1063)
at org.testng.TestNG.run(TestNG.java:1031)
at org.testng.remote.AbstractRemoteTestNG.run(AbstractRemoteTestNG.java:115)
at org.testng.remote.RemoteTestNG.initAndRun(RemoteTestNG.java:251)
at org.testng.remote.RemoteTestNG.main(RemoteTestNG.java:77)
]]>
            </full-stacktrace>
          </exception> <!-- io.testproject.sdk.internal.exceptions.AgentConnectException -->
          <reporter-output>
          </reporter-output>
        </test-method> <!-- Add_Customer_Contact -->
        <test-method signature="Add_Notes_Section()[pri:3, instance:testcase.Case1@4efbca5a]" started-at="2022-03-22T18:22:22 IST" name="Add_Notes_Section" finished-at="2022-03-22T18:22:22 IST" duration-ms="0" status="SKIP">
          <exception class="io.testproject.sdk.internal.exceptions.AgentConnectException">
            <message>
              <![CDATA[Agent responded with status 500: [org.openqa.selenium.SessionNotCreatedException: Unable to create a new remote session. Please check the server log for more details. Original error: All non-standard capabilities should have a vendor prefix. The following capabilities did not have one: applicationName
Build info: version: '3.141.59', revision: 'e82be7d358', time: '2018-11-14T08:17:03'
System info: host: 'KARNAN-LENOVO', ip: '192.168.137.1', os.name: 'Windows 10', os.arch: 'amd64', os.version: '10.0', java.version: '13.0.1'
Driver info: driver.version: IOSDriver
remote stacktrace: InvalidArgumentError: All non-standard capabilities should have a vendor prefix. The following capabilities did not have one: applicationName
    at parseCaps (C:\snapshot\appium\node_modules\@appium\base-driver\lib\basedriver\capabilities.js:155:11)
    at processCapabilities (C:\snapshot\appium\node_modules\@appium\base-driver\lib\basedriver\capabilities.js:212:43)
    at parseCapsForInnerDriver (C:\snapshot\appium\lib\utils.js:161:21)
    at AppiumDriver.createSession (C:\snapshot\appium\lib\appium.js:161:26)
    at commandExecutor (C:\snapshot\appium\node_modules\@appium\base-driver\lib\basedriver\driver.js:361:7)
    at AppiumDriver.executeCommand (C:\snapshot\appium\node_modules\@appium\base-driver\lib\basedriver\driver.js:375:15)
    at wrappedCmd (C:\snapshot\appium\lib\appium.js:504:28)
    at AppiumDriver.executeWrappedCommand (C:\snapshot\appium\lib\appium.js:571:22)
    at AppiumDriver.executeCommand (C:\snapshot\appium\lib\appium.js:515:28)
    at asyncHandler (C:\snapshot\appium\node_modules\@appium\base-driver\lib\protocol\protocol.js:287:34)
    at C:\snapshot\appium\node_modules\@appium\base-driver\lib\protocol\protocol.js:413:15
    at Layer.handle [as handle_request] (C:\snapshot\appium\node_modules\@appium\base-driver\node_modules\express\lib\router\layer.js:95:5)
    at next (C:\snapshot\appium\node_modules\@appium\base-driver\node_modules\express\lib\router\route.js:137:13)
    at Route.dispatch (C:\snapshot\appium\node_modules\@appium\base-driver\node_modules\express\lib\router\route.js:112:3)
    at Layer.handle [as handle_request] (C:\snapshot\appium\node_modules\@appium\base-driver\node_modules\express\lib\router\layer.js:95:5)
    at C:\snapshot\appium\node_modules\@appium\base-driver\node_modules\express\lib\router\index.js:281:22
    at Function.process_params (C:\snapshot\appium\node_modules\@appium\base-driver\node_modules\express\lib\router\index.js:335:12)
    at next (C:\snapshot\appium\node_modules\@appium\base-driver\node_modules\express\lib\router\index.js:275:10)
    at logger (C:\snapshot\appium\node_modules\@appium\base-driver\node_modules\morgan\index.js:144:5)
    at Layer.handle [as handle_request] (C:\snapshot\appium\node_modules\@appium\base-driver\node_modules\express\lib\router\layer.js:95:5)
    at trim_prefix (C:\snapshot\appium\node_modules\@appium\base-driver\node_modules\express\lib\router\index.js:317:13)
    at C:\snapshot\appium\node_modules\@appium\base-driver\node_modules\express\lib\router\index.js:284:7
    at Function.process_params (C:\snapshot\appium\node_modules\@appium\base-driver\node_modules\express\lib\router\index.js:335:12)
    at next (C:\snapshot\appium\node_modules\@appium\base-driver\node_modules\express\lib\router\index.js:275:10)
    at C:\snapshot\appium\node_modules\@appium\base-driver\node_modules\body-parser\lib\read.js:130:5
    at invokeCallback (C:\snapshot\appium\node_modules\@appium\base-driver\node_modules\raw-body\index.js:224:16)
    at done (C:\snapshot\appium\node_modules\@appium\base-driver\node_modules\raw-body\index.js:213:7)
    at IncomingMessage.onEnd (C:\snapshot\appium\node_modules\@appium\base-driver\node_modules\raw-body\index.js:273:7)
    at IncomingMessage.emit (events.js:412:35)
    at endReadableNT (internal/streams/readable.js:1334:12)
    at processTicksAndRejections (internal/process/task_queues.js:82:21)
Build info: version: '3.141.59', revision: 'e82be7d358', time: '2018-11-14T08:17:03'
System info: host: 'KARNAN-LENOVO', ip: '192.168.137.1', os.name: 'Windows 10', os.arch: 'amd64', os.version: '10.0', java.version: '13.0.1'
Driver info: driver.version: IOSDriver]]]>
            </message>
            <full-stacktrace>
              <![CDATA[io.testproject.sdk.internal.exceptions.AgentConnectException: Agent responded with status 500: [org.openqa.selenium.SessionNotCreatedException: Unable to create a new remote session. Please check the server log for more details. Original error: All non-standard capabilities should have a vendor prefix. The following capabilities did not have one: applicationName
Build info: version: '3.141.59', revision: 'e82be7d358', time: '2018-11-14T08:17:03'
System info: host: 'KARNAN-LENOVO', ip: '192.168.137.1', os.name: 'Windows 10', os.arch: 'amd64', os.version: '10.0', java.version: '13.0.1'
Driver info: driver.version: IOSDriver
remote stacktrace: InvalidArgumentError: All non-standard capabilities should have a vendor prefix. The following capabilities did not have one: applicationName
    at parseCaps (C:\snapshot\appium\node_modules\@appium\base-driver\lib\basedriver\capabilities.js:155:11)
    at processCapabilities (C:\snapshot\appium\node_modules\@appium\base-driver\lib\basedriver\capabilities.js:212:43)
    at parseCapsForInnerDriver (C:\snapshot\appium\lib\utils.js:161:21)
    at AppiumDriver.createSession (C:\snapshot\appium\lib\appium.js:161:26)
    at commandExecutor (C:\snapshot\appium\node_modules\@appium\base-driver\lib\basedriver\driver.js:361:7)
    at AppiumDriver.executeCommand (C:\snapshot\appium\node_modules\@appium\base-driver\lib\basedriver\driver.js:375:15)
    at wrappedCmd (C:\snapshot\appium\lib\appium.js:504:28)
    at AppiumDriver.executeWrappedCommand (C:\snapshot\appium\lib\appium.js:571:22)
    at AppiumDriver.executeCommand (C:\snapshot\appium\lib\appium.js:515:28)
    at asyncHandler (C:\snapshot\appium\node_modules\@appium\base-driver\lib\protocol\protocol.js:287:34)
    at C:\snapshot\appium\node_modules\@appium\base-driver\lib\protocol\protocol.js:413:15
    at Layer.handle [as handle_request] (C:\snapshot\appium\node_modules\@appium\base-driver\node_modules\express\lib\router\layer.js:95:5)
    at next (C:\snapshot\appium\node_modules\@appium\base-driver\node_modules\express\lib\router\route.js:137:13)
    at Route.dispatch (C:\snapshot\appium\node_modules\@appium\base-driver\node_modules\express\lib\router\route.js:112:3)
    at Layer.handle [as handle_request] (C:\snapshot\appium\node_modules\@appium\base-driver\node_modules\express\lib\router\layer.js:95:5)
    at C:\snapshot\appium\node_modules\@appium\base-driver\node_modules\express\lib\router\index.js:281:22
    at Function.process_params (C:\snapshot\appium\node_modules\@appium\base-driver\node_modules\express\lib\router\index.js:335:12)
    at next (C:\snapshot\appium\node_modules\@appium\base-driver\node_modules\express\lib\router\index.js:275:10)
    at logger (C:\snapshot\appium\node_modules\@appium\base-driver\node_modules\morgan\index.js:144:5)
    at Layer.handle [as handle_request] (C:\snapshot\appium\node_modules\@appium\base-driver\node_modules\express\lib\router\layer.js:95:5)
    at trim_prefix (C:\snapshot\appium\node_modules\@appium\base-driver\node_modules\express\lib\router\index.js:317:13)
    at C:\snapshot\appium\node_modules\@appium\base-driver\node_modules\express\lib\router\index.js:284:7
    at Function.process_params (C:\snapshot\appium\node_modules\@appium\base-driver\node_modules\express\lib\router\index.js:335:12)
    at next (C:\snapshot\appium\node_modules\@appium\base-driver\node_modules\express\lib\router\index.js:275:10)
    at C:\snapshot\appium\node_modules\@appium\base-driver\node_modules\body-parser\lib\read.js:130:5
    at invokeCallback (C:\snapshot\appium\node_modules\@appium\base-driver\node_modules\raw-body\index.js:224:16)
    at done (C:\snapshot\appium\node_modules\@appium\base-driver\node_modules\raw-body\index.js:213:7)
    at IncomingMessage.onEnd (C:\snapshot\appium\node_modules\@appium\base-driver\node_modules\raw-body\index.js:273:7)
    at IncomingMessage.emit (events.js:412:35)
    at endReadableNT (internal/streams/readable.js:1334:12)
    at processTicksAndRejections (internal/process/task_queues.js:82:21)
Build info: version: '3.141.59', revision: 'e82be7d358', time: '2018-11-14T08:17:03'
System info: host: 'KARNAN-LENOVO', ip: '192.168.137.1', os.name: 'Windows 10', os.arch: 'amd64', os.version: '10.0', java.version: '13.0.1'
Driver info: driver.version: IOSDriver]
at io.testproject.sdk.internal.rest.AgentClient.handleSessionStartFailure(AgentClient.java:896)
at io.testproject.sdk.internal.rest.AgentClient.startSession(AgentClient.java:695)
at io.testproject.sdk.internal.rest.AgentClient.<init>(AgentClient.java:275)
at io.testproject.sdk.internal.rest.AgentClient.getClient(AgentClient.java:547)
at io.testproject.sdk.drivers.ios.IOSDriver.<init>(IOSDriver.java:727)
at io.testproject.sdk.drivers.ios.IOSDriver.<init>(IOSDriver.java:692)
at io.testproject.sdk.drivers.ios.IOSDriver.<init>(IOSDriver.java:339)
at action.iOS_Test_Report.setup(iOS_Test_Report.java:68)
at java.base/jdk.internal.reflect.NativeMethodAccessorImpl.invoke0(Native Method)
at java.base/jdk.internal.reflect.NativeMethodAccessorImpl.invoke(NativeMethodAccessorImpl.java:62)
at java.base/jdk.internal.reflect.DelegatingMethodAccessorImpl.invoke(DelegatingMethodAccessorImpl.java:43)
at java.base/java.lang.reflect.Method.invoke(Method.java:567)
at org.testng.internal.MethodInvocationHelper.invokeMethod(MethodInvocationHelper.java:133)
at org.testng.internal.MethodInvocationHelper.invokeMethodConsideringTimeout(MethodInvocationHelper.java:62)
at org.testng.internal.ConfigInvoker.invokeConfigurationMethod(ConfigInvoker.java:385)
at org.testng.internal.ConfigInvoker.invokeConfigurations(ConfigInvoker.java:321)
at org.testng.TestRunner.invokeTestConfigurations(TestRunner.java:637)
at org.testng.TestRunner.beforeRun(TestRunner.java:627)
at org.testng.TestRunner.run(TestRunner.java:589)
at org.testng.SuiteRunner.runTest(SuiteRunner.java:377)
at org.testng.SuiteRunner.runSequentially(SuiteRunner.java:371)
at org.testng.SuiteRunner.privateRun(SuiteRunner.java:332)
at org.testng.SuiteRunner.run(SuiteRunner.java:276)
at org.testng.SuiteRunnerWorker.runSuite(SuiteRunnerWorker.java:53)
at org.testng.SuiteRunnerWorker.run(SuiteRunnerWorker.java:96)
at org.testng.TestNG.runSuitesSequentially(TestNG.java:1212)
at org.testng.TestNG.runSuitesLocally(TestNG.java:1134)
at org.testng.TestNG.runSuites(TestNG.java:1063)
at org.testng.TestNG.run(TestNG.java:1031)
at org.testng.remote.AbstractRemoteTestNG.run(AbstractRemoteTestNG.java:115)
at org.testng.remote.RemoteTestNG.initAndRun(RemoteTestNG.java:251)
at org.testng.remote.RemoteTestNG.main(RemoteTestNG.java:77)
]]>
            </full-stacktrace>
          </exception> <!-- io.testproject.sdk.internal.exceptions.AgentConnectException -->
          <reporter-output>
          </reporter-output>
        </test-method> <!-- Add_Notes_Section -->
        <test-method signature="Add_Parts()[pri:4, instance:testcase.Case1@4efbca5a]" started-at="2022-03-22T18:22:22 IST" name="Add_Parts" finished-at="2022-03-22T18:22:22 IST" duration-ms="0" status="SKIP">
          <exception class="io.testproject.sdk.internal.exceptions.AgentConnectException">
            <message>
              <![CDATA[Agent responded with status 500: [org.openqa.selenium.SessionNotCreatedException: Unable to create a new remote session. Please check the server log for more details. Original error: All non-standard capabilities should have a vendor prefix. The following capabilities did not have one: applicationName
Build info: version: '3.141.59', revision: 'e82be7d358', time: '2018-11-14T08:17:03'
System info: host: 'KARNAN-LENOVO', ip: '192.168.137.1', os.name: 'Windows 10', os.arch: 'amd64', os.version: '10.0', java.version: '13.0.1'
Driver info: driver.version: IOSDriver
remote stacktrace: InvalidArgumentError: All non-standard capabilities should have a vendor prefix. The following capabilities did not have one: applicationName
    at parseCaps (C:\snapshot\appium\node_modules\@appium\base-driver\lib\basedriver\capabilities.js:155:11)
    at processCapabilities (C:\snapshot\appium\node_modules\@appium\base-driver\lib\basedriver\capabilities.js:212:43)
    at parseCapsForInnerDriver (C:\snapshot\appium\lib\utils.js:161:21)
    at AppiumDriver.createSession (C:\snapshot\appium\lib\appium.js:161:26)
    at commandExecutor (C:\snapshot\appium\node_modules\@appium\base-driver\lib\basedriver\driver.js:361:7)
    at AppiumDriver.executeCommand (C:\snapshot\appium\node_modules\@appium\base-driver\lib\basedriver\driver.js:375:15)
    at wrappedCmd (C:\snapshot\appium\lib\appium.js:504:28)
    at AppiumDriver.executeWrappedCommand (C:\snapshot\appium\lib\appium.js:571:22)
    at AppiumDriver.executeCommand (C:\snapshot\appium\lib\appium.js:515:28)
    at asyncHandler (C:\snapshot\appium\node_modules\@appium\base-driver\lib\protocol\protocol.js:287:34)
    at C:\snapshot\appium\node_modules\@appium\base-driver\lib\protocol\protocol.js:413:15
    at Layer.handle [as handle_request] (C:\snapshot\appium\node_modules\@appium\base-driver\node_modules\express\lib\router\layer.js:95:5)
    at next (C:\snapshot\appium\node_modules\@appium\base-driver\node_modules\express\lib\router\route.js:137:13)
    at Route.dispatch (C:\snapshot\appium\node_modules\@appium\base-driver\node_modules\express\lib\router\route.js:112:3)
    at Layer.handle [as handle_request] (C:\snapshot\appium\node_modules\@appium\base-driver\node_modules\express\lib\router\layer.js:95:5)
    at C:\snapshot\appium\node_modules\@appium\base-driver\node_modules\express\lib\router\index.js:281:22
    at Function.process_params (C:\snapshot\appium\node_modules\@appium\base-driver\node_modules\express\lib\router\index.js:335:12)
    at next (C:\snapshot\appium\node_modules\@appium\base-driver\node_modules\express\lib\router\index.js:275:10)
    at logger (C:\snapshot\appium\node_modules\@appium\base-driver\node_modules\morgan\index.js:144:5)
    at Layer.handle [as handle_request] (C:\snapshot\appium\node_modules\@appium\base-driver\node_modules\express\lib\router\layer.js:95:5)
    at trim_prefix (C:\snapshot\appium\node_modules\@appium\base-driver\node_modules\express\lib\router\index.js:317:13)
    at C:\snapshot\appium\node_modules\@appium\base-driver\node_modules\express\lib\router\index.js:284:7
    at Function.process_params (C:\snapshot\appium\node_modules\@appium\base-driver\node_modules\express\lib\router\index.js:335:12)
    at next (C:\snapshot\appium\node_modules\@appium\base-driver\node_modules\express\lib\router\index.js:275:10)
    at C:\snapshot\appium\node_modules\@appium\base-driver\node_modules\body-parser\lib\read.js:130:5
    at invokeCallback (C:\snapshot\appium\node_modules\@appium\base-driver\node_modules\raw-body\index.js:224:16)
    at done (C:\snapshot\appium\node_modules\@appium\base-driver\node_modules\raw-body\index.js:213:7)
    at IncomingMessage.onEnd (C:\snapshot\appium\node_modules\@appium\base-driver\node_modules\raw-body\index.js:273:7)
    at IncomingMessage.emit (events.js:412:35)
    at endReadableNT (internal/streams/readable.js:1334:12)
    at processTicksAndRejections (internal/process/task_queues.js:82:21)
Build info: version: '3.141.59', revision: 'e82be7d358', time: '2018-11-14T08:17:03'
System info: host: 'KARNAN-LENOVO', ip: '192.168.137.1', os.name: 'Windows 10', os.arch: 'amd64', os.version: '10.0', java.version: '13.0.1'
Driver info: driver.version: IOSDriver]]]>
            </message>
            <full-stacktrace>
              <![CDATA[io.testproject.sdk.internal.exceptions.AgentConnectException: Agent responded with status 500: [org.openqa.selenium.SessionNotCreatedException: Unable to create a new remote session. Please check the server log for more details. Original error: All non-standard capabilities should have a vendor prefix. The following capabilities did not have one: applicationName
Build info: version: '3.141.59', revision: 'e82be7d358', time: '2018-11-14T08:17:03'
System info: host: 'KARNAN-LENOVO', ip: '192.168.137.1', os.name: 'Windows 10', os.arch: 'amd64', os.version: '10.0', java.version: '13.0.1'
Driver info: driver.version: IOSDriver
remote stacktrace: InvalidArgumentError: All non-standard capabilities should have a vendor prefix. The following capabilities did not have one: applicationName
    at parseCaps (C:\snapshot\appium\node_modules\@appium\base-driver\lib\basedriver\capabilities.js:155:11)
    at processCapabilities (C:\snapshot\appium\node_modules\@appium\base-driver\lib\basedriver\capabilities.js:212:43)
    at parseCapsForInnerDriver (C:\snapshot\appium\lib\utils.js:161:21)
    at AppiumDriver.createSession (C:\snapshot\appium\lib\appium.js:161:26)
    at commandExecutor (C:\snapshot\appium\node_modules\@appium\base-driver\lib\basedriver\driver.js:361:7)
    at AppiumDriver.executeCommand (C:\snapshot\appium\node_modules\@appium\base-driver\lib\basedriver\driver.js:375:15)
    at wrappedCmd (C:\snapshot\appium\lib\appium.js:504:28)
    at AppiumDriver.executeWrappedCommand (C:\snapshot\appium\lib\appium.js:571:22)
    at AppiumDriver.executeCommand (C:\snapshot\appium\lib\appium.js:515:28)
    at asyncHandler (C:\snapshot\appium\node_modules\@appium\base-driver\lib\protocol\protocol.js:287:34)
    at C:\snapshot\appium\node_modules\@appium\base-driver\lib\protocol\protocol.js:413:15
    at Layer.handle [as handle_request] (C:\snapshot\appium\node_modules\@appium\base-driver\node_modules\express\lib\router\layer.js:95:5)
    at next (C:\snapshot\appium\node_modules\@appium\base-driver\node_modules\express\lib\router\route.js:137:13)
    at Route.dispatch (C:\snapshot\appium\node_modules\@appium\base-driver\node_modules\express\lib\router\route.js:112:3)
    at Layer.handle [as handle_request] (C:\snapshot\appium\node_modules\@appium\base-driver\node_modules\express\lib\router\layer.js:95:5)
    at C:\snapshot\appium\node_modules\@appium\base-driver\node_modules\express\lib\router\index.js:281:22
    at Function.process_params (C:\snapshot\appium\node_modules\@appium\base-driver\node_modules\express\lib\router\index.js:335:12)
    at next (C:\snapshot\appium\node_modules\@appium\base-driver\node_modules\express\lib\router\index.js:275:10)
    at logger (C:\snapshot\appium\node_modules\@appium\base-driver\node_modules\morgan\index.js:144:5)
    at Layer.handle [as handle_request] (C:\snapshot\appium\node_modules\@appium\base-driver\node_modules\express\lib\router\layer.js:95:5)
    at trim_prefix (C:\snapshot\appium\node_modules\@appium\base-driver\node_modules\express\lib\router\index.js:317:13)
    at C:\snapshot\appium\node_modules\@appium\base-driver\node_modules\express\lib\router\index.js:284:7
    at Function.process_params (C:\snapshot\appium\node_modules\@appium\base-driver\node_modules\express\lib\router\index.js:335:12)
    at next (C:\snapshot\appium\node_modules\@appium\base-driver\node_modules\express\lib\router\index.js:275:10)
    at C:\snapshot\appium\node_modules\@appium\base-driver\node_modules\body-parser\lib\read.js:130:5
    at invokeCallback (C:\snapshot\appium\node_modules\@appium\base-driver\node_modules\raw-body\index.js:224:16)
    at done (C:\snapshot\appium\node_modules\@appium\base-driver\node_modules\raw-body\index.js:213:7)
    at IncomingMessage.onEnd (C:\snapshot\appium\node_modules\@appium\base-driver\node_modules\raw-body\index.js:273:7)
    at IncomingMessage.emit (events.js:412:35)
    at endReadableNT (internal/streams/readable.js:1334:12)
    at processTicksAndRejections (internal/process/task_queues.js:82:21)
Build info: version: '3.141.59', revision: 'e82be7d358', time: '2018-11-14T08:17:03'
System info: host: 'KARNAN-LENOVO', ip: '192.168.137.1', os.name: 'Windows 10', os.arch: 'amd64', os.version: '10.0', java.version: '13.0.1'
Driver info: driver.version: IOSDriver]
at io.testproject.sdk.internal.rest.AgentClient.handleSessionStartFailure(AgentClient.java:896)
at io.testproject.sdk.internal.rest.AgentClient.startSession(AgentClient.java:695)
at io.testproject.sdk.internal.rest.AgentClient.<init>(AgentClient.java:275)
at io.testproject.sdk.internal.rest.AgentClient.getClient(AgentClient.java:547)
at io.testproject.sdk.drivers.ios.IOSDriver.<init>(IOSDriver.java:727)
at io.testproject.sdk.drivers.ios.IOSDriver.<init>(IOSDriver.java:692)
at io.testproject.sdk.drivers.ios.IOSDriver.<init>(IOSDriver.java:339)
at action.iOS_Test_Report.setup(iOS_Test_Report.java:68)
at java.base/jdk.internal.reflect.NativeMethodAccessorImpl.invoke0(Native Method)
at java.base/jdk.internal.reflect.NativeMethodAccessorImpl.invoke(NativeMethodAccessorImpl.java:62)
at java.base/jdk.internal.reflect.DelegatingMethodAccessorImpl.invoke(DelegatingMethodAccessorImpl.java:43)
at java.base/java.lang.reflect.Method.invoke(Method.java:567)
at org.testng.internal.MethodInvocationHelper.invokeMethod(MethodInvocationHelper.java:133)
at org.testng.internal.MethodInvocationHelper.invokeMethodConsideringTimeout(MethodInvocationHelper.java:62)
at org.testng.internal.ConfigInvoker.invokeConfigurationMethod(ConfigInvoker.java:385)
at org.testng.internal.ConfigInvoker.invokeConfigurations(ConfigInvoker.java:321)
at org.testng.TestRunner.invokeTestConfigurations(TestRunner.java:637)
at org.testng.TestRunner.beforeRun(TestRunner.java:627)
at org.testng.TestRunner.run(TestRunner.java:589)
at org.testng.SuiteRunner.runTest(SuiteRunner.java:377)
at org.testng.SuiteRunner.runSequentially(SuiteRunner.java:371)
at org.testng.SuiteRunner.privateRun(SuiteRunner.java:332)
at org.testng.SuiteRunner.run(SuiteRunner.java:276)
at org.testng.SuiteRunnerWorker.runSuite(SuiteRunnerWorker.java:53)
at org.testng.SuiteRunnerWorker.run(SuiteRunnerWorker.java:96)
at org.testng.TestNG.runSuitesSequentially(TestNG.java:1212)
at org.testng.TestNG.runSuitesLocally(TestNG.java:1134)
at org.testng.TestNG.runSuites(TestNG.java:1063)
at org.testng.TestNG.run(TestNG.java:1031)
at org.testng.remote.AbstractRemoteTestNG.run(AbstractRemoteTestNG.java:115)
at org.testng.remote.RemoteTestNG.initAndRun(RemoteTestNG.java:251)
at org.testng.remote.RemoteTestNG.main(RemoteTestNG.java:77)
]]>
            </full-stacktrace>
          </exception> <!-- io.testproject.sdk.internal.exceptions.AgentConnectException -->
          <reporter-output>
          </reporter-output>
        </test-method> <!-- Add_Parts -->
        <test-method signature="Add_Reminders()[pri:5, instance:testcase.Case1@4efbca5a]" started-at="2022-03-22T18:22:22 IST" name="Add_Reminders" finished-at="2022-03-22T18:22:22 IST" duration-ms="0" status="SKIP">
          <exception class="io.testproject.sdk.internal.exceptions.AgentConnectException">
            <message>
              <![CDATA[Agent responded with status 500: [org.openqa.selenium.SessionNotCreatedException: Unable to create a new remote session. Please check the server log for more details. Original error: All non-standard capabilities should have a vendor prefix. The following capabilities did not have one: applicationName
Build info: version: '3.141.59', revision: 'e82be7d358', time: '2018-11-14T08:17:03'
System info: host: 'KARNAN-LENOVO', ip: '192.168.137.1', os.name: 'Windows 10', os.arch: 'amd64', os.version: '10.0', java.version: '13.0.1'
Driver info: driver.version: IOSDriver
remote stacktrace: InvalidArgumentError: All non-standard capabilities should have a vendor prefix. The following capabilities did not have one: applicationName
    at parseCaps (C:\snapshot\appium\node_modules\@appium\base-driver\lib\basedriver\capabilities.js:155:11)
    at processCapabilities (C:\snapshot\appium\node_modules\@appium\base-driver\lib\basedriver\capabilities.js:212:43)
    at parseCapsForInnerDriver (C:\snapshot\appium\lib\utils.js:161:21)
    at AppiumDriver.createSession (C:\snapshot\appium\lib\appium.js:161:26)
    at commandExecutor (C:\snapshot\appium\node_modules\@appium\base-driver\lib\basedriver\driver.js:361:7)
    at AppiumDriver.executeCommand (C:\snapshot\appium\node_modules\@appium\base-driver\lib\basedriver\driver.js:375:15)
    at wrappedCmd (C:\snapshot\appium\lib\appium.js:504:28)
    at AppiumDriver.executeWrappedCommand (C:\snapshot\appium\lib\appium.js:571:22)
    at AppiumDriver.executeCommand (C:\snapshot\appium\lib\appium.js:515:28)
    at asyncHandler (C:\snapshot\appium\node_modules\@appium\base-driver\lib\protocol\protocol.js:287:34)
    at C:\snapshot\appium\node_modules\@appium\base-driver\lib\protocol\protocol.js:413:15
    at Layer.handle [as handle_request] (C:\snapshot\appium\node_modules\@appium\base-driver\node_modules\express\lib\router\layer.js:95:5)
    at next (C:\snapshot\appium\node_modules\@appium\base-driver\node_modules\express\lib\router\route.js:137:13)
    at Route.dispatch (C:\snapshot\appium\node_modules\@appium\base-driver\node_modules\express\lib\router\route.js:112:3)
    at Layer.handle [as handle_request] (C:\snapshot\appium\node_modules\@appium\base-driver\node_modules\express\lib\router\layer.js:95:5)
    at C:\snapshot\appium\node_modules\@appium\base-driver\node_modules\express\lib\router\index.js:281:22
    at Function.process_params (C:\snapshot\appium\node_modules\@appium\base-driver\node_modules\express\lib\router\index.js:335:12)
    at next (C:\snapshot\appium\node_modules\@appium\base-driver\node_modules\express\lib\router\index.js:275:10)
    at logger (C:\snapshot\appium\node_modules\@appium\base-driver\node_modules\morgan\index.js:144:5)
    at Layer.handle [as handle_request] (C:\snapshot\appium\node_modules\@appium\base-driver\node_modules\express\lib\router\layer.js:95:5)
    at trim_prefix (C:\snapshot\appium\node_modules\@appium\base-driver\node_modules\express\lib\router\index.js:317:13)
    at C:\snapshot\appium\node_modules\@appium\base-driver\node_modules\express\lib\router\index.js:284:7
    at Function.process_params (C:\snapshot\appium\node_modules\@appium\base-driver\node_modules\express\lib\router\index.js:335:12)
    at next (C:\snapshot\appium\node_modules\@appium\base-driver\node_modules\express\lib\router\index.js:275:10)
    at C:\snapshot\appium\node_modules\@appium\base-driver\node_modules\body-parser\lib\read.js:130:5
    at invokeCallback (C:\snapshot\appium\node_modules\@appium\base-driver\node_modules\raw-body\index.js:224:16)
    at done (C:\snapshot\appium\node_modules\@appium\base-driver\node_modules\raw-body\index.js:213:7)
    at IncomingMessage.onEnd (C:\snapshot\appium\node_modules\@appium\base-driver\node_modules\raw-body\index.js:273:7)
    at IncomingMessage.emit (events.js:412:35)
    at endReadableNT (internal/streams/readable.js:1334:12)
    at processTicksAndRejections (internal/process/task_queues.js:82:21)
Build info: version: '3.141.59', revision: 'e82be7d358', time: '2018-11-14T08:17:03'
System info: host: 'KARNAN-LENOVO', ip: '192.168.137.1', os.name: 'Windows 10', os.arch: 'amd64', os.version: '10.0', java.version: '13.0.1'
Driver info: driver.version: IOSDriver]]]>
            </message>
            <full-stacktrace>
              <![CDATA[io.testproject.sdk.internal.exceptions.AgentConnectException: Agent responded with status 500: [org.openqa.selenium.SessionNotCreatedException: Unable to create a new remote session. Please check the server log for more details. Original error: All non-standard capabilities should have a vendor prefix. The following capabilities did not have one: applicationName
Build info: version: '3.141.59', revision: 'e82be7d358', time: '2018-11-14T08:17:03'
System info: host: 'KARNAN-LENOVO', ip: '192.168.137.1', os.name: 'Windows 10', os.arch: 'amd64', os.version: '10.0', java.version: '13.0.1'
Driver info: driver.version: IOSDriver
remote stacktrace: InvalidArgumentError: All non-standard capabilities should have a vendor prefix. The following capabilities did not have one: applicationName
    at parseCaps (C:\snapshot\appium\node_modules\@appium\base-driver\lib\basedriver\capabilities.js:155:11)
    at processCapabilities (C:\snapshot\appium\node_modules\@appium\base-driver\lib\basedriver\capabilities.js:212:43)
    at parseCapsForInnerDriver (C:\snapshot\appium\lib\utils.js:161:21)
    at AppiumDriver.createSession (C:\snapshot\appium\lib\appium.js:161:26)
    at commandExecutor (C:\snapshot\appium\node_modules\@appium\base-driver\lib\basedriver\driver.js:361:7)
    at AppiumDriver.executeCommand (C:\snapshot\appium\node_modules\@appium\base-driver\lib\basedriver\driver.js:375:15)
    at wrappedCmd (C:\snapshot\appium\lib\appium.js:504:28)
    at AppiumDriver.executeWrappedCommand (C:\snapshot\appium\lib\appium.js:571:22)
    at AppiumDriver.executeCommand (C:\snapshot\appium\lib\appium.js:515:28)
    at asyncHandler (C:\snapshot\appium\node_modules\@appium\base-driver\lib\protocol\protocol.js:287:34)
    at C:\snapshot\appium\node_modules\@appium\base-driver\lib\protocol\protocol.js:413:15
    at Layer.handle [as handle_request] (C:\snapshot\appium\node_modules\@appium\base-driver\node_modules\express\lib\router\layer.js:95:5)
    at next (C:\snapshot\appium\node_modules\@appium\base-driver\node_modules\express\lib\router\route.js:137:13)
    at Route.dispatch (C:\snapshot\appium\node_modules\@appium\base-driver\node_modules\express\lib\router\route.js:112:3)
    at Layer.handle [as handle_request] (C:\snapshot\appium\node_modules\@appium\base-driver\node_modules\express\lib\router\layer.js:95:5)
    at C:\snapshot\appium\node_modules\@appium\base-driver\node_modules\express\lib\router\index.js:281:22
    at Function.process_params (C:\snapshot\appium\node_modules\@appium\base-driver\node_modules\express\lib\router\index.js:335:12)
    at next (C:\snapshot\appium\node_modules\@appium\base-driver\node_modules\express\lib\router\index.js:275:10)
    at logger (C:\snapshot\appium\node_modules\@appium\base-driver\node_modules\morgan\index.js:144:5)
    at Layer.handle [as handle_request] (C:\snapshot\appium\node_modules\@appium\base-driver\node_modules\express\lib\router\layer.js:95:5)
    at trim_prefix (C:\snapshot\appium\node_modules\@appium\base-driver\node_modules\express\lib\router\index.js:317:13)
    at C:\snapshot\appium\node_modules\@appium\base-driver\node_modules\express\lib\router\index.js:284:7
    at Function.process_params (C:\snapshot\appium\node_modules\@appium\base-driver\node_modules\express\lib\router\index.js:335:12)
    at next (C:\snapshot\appium\node_modules\@appium\base-driver\node_modules\express\lib\router\index.js:275:10)
    at C:\snapshot\appium\node_modules\@appium\base-driver\node_modules\body-parser\lib\read.js:130:5
    at invokeCallback (C:\snapshot\appium\node_modules\@appium\base-driver\node_modules\raw-body\index.js:224:16)
    at done (C:\snapshot\appium\node_modules\@appium\base-driver\node_modules\raw-body\index.js:213:7)
    at IncomingMessage.onEnd (C:\snapshot\appium\node_modules\@appium\base-driver\node_modules\raw-body\index.js:273:7)
    at IncomingMessage.emit (events.js:412:35)
    at endReadableNT (internal/streams/readable.js:1334:12)
    at processTicksAndRejections (internal/process/task_queues.js:82:21)
Build info: version: '3.141.59', revision: 'e82be7d358', time: '2018-11-14T08:17:03'
System info: host: 'KARNAN-LENOVO', ip: '192.168.137.1', os.name: 'Windows 10', os.arch: 'amd64', os.version: '10.0', java.version: '13.0.1'
Driver info: driver.version: IOSDriver]
at io.testproject.sdk.internal.rest.AgentClient.handleSessionStartFailure(AgentClient.java:896)
at io.testproject.sdk.internal.rest.AgentClient.startSession(AgentClient.java:695)
at io.testproject.sdk.internal.rest.AgentClient.<init>(AgentClient.java:275)
at io.testproject.sdk.internal.rest.AgentClient.getClient(AgentClient.java:547)
at io.testproject.sdk.drivers.ios.IOSDriver.<init>(IOSDriver.java:727)
at io.testproject.sdk.drivers.ios.IOSDriver.<init>(IOSDriver.java:692)
at io.testproject.sdk.drivers.ios.IOSDriver.<init>(IOSDriver.java:339)
at action.iOS_Test_Report.setup(iOS_Test_Report.java:68)
at java.base/jdk.internal.reflect.NativeMethodAccessorImpl.invoke0(Native Method)
at java.base/jdk.internal.reflect.NativeMethodAccessorImpl.invoke(NativeMethodAccessorImpl.java:62)
at java.base/jdk.internal.reflect.DelegatingMethodAccessorImpl.invoke(DelegatingMethodAccessorImpl.java:43)
at java.base/java.lang.reflect.Method.invoke(Method.java:567)
at org.testng.internal.MethodInvocationHelper.invokeMethod(MethodInvocationHelper.java:133)
at org.testng.internal.MethodInvocationHelper.invokeMethodConsideringTimeout(MethodInvocationHelper.java:62)
at org.testng.internal.ConfigInvoker.invokeConfigurationMethod(ConfigInvoker.java:385)
at org.testng.internal.ConfigInvoker.invokeConfigurations(ConfigInvoker.java:321)
at org.testng.TestRunner.invokeTestConfigurations(TestRunner.java:637)
at org.testng.TestRunner.beforeRun(TestRunner.java:627)
at org.testng.TestRunner.run(TestRunner.java:589)
at org.testng.SuiteRunner.runTest(SuiteRunner.java:377)
at org.testng.SuiteRunner.runSequentially(SuiteRunner.java:371)
at org.testng.SuiteRunner.privateRun(SuiteRunner.java:332)
at org.testng.SuiteRunner.run(SuiteRunner.java:276)
at org.testng.SuiteRunnerWorker.runSuite(SuiteRunnerWorker.java:53)
at org.testng.SuiteRunnerWorker.run(SuiteRunnerWorker.java:96)
at org.testng.TestNG.runSuitesSequentially(TestNG.java:1212)
at org.testng.TestNG.runSuitesLocally(TestNG.java:1134)
at org.testng.TestNG.runSuites(TestNG.java:1063)
at org.testng.TestNG.run(TestNG.java:1031)
at org.testng.remote.AbstractRemoteTestNG.run(AbstractRemoteTestNG.java:115)
at org.testng.remote.RemoteTestNG.initAndRun(RemoteTestNG.java:251)
at org.testng.remote.RemoteTestNG.main(RemoteTestNG.java:77)
]]>
            </full-stacktrace>
          </exception> <!-- io.testproject.sdk.internal.exceptions.AgentConnectException -->
          <reporter-output>
          </reporter-output>
        </test-method> <!-- Add_Reminders -->
        <test-method signature="Diary_Estimate_Accept()[pri:6, instance:testcase.Case1@4efbca5a]" started-at="2022-03-22T18:22:22 IST" name="Diary_Estimate_Accept" finished-at="2022-03-22T18:22:22 IST" duration-ms="0" status="SKIP">
          <exception class="io.testproject.sdk.internal.exceptions.AgentConnectException">
            <message>
              <![CDATA[Agent responded with status 500: [org.openqa.selenium.SessionNotCreatedException: Unable to create a new remote session. Please check the server log for more details. Original error: All non-standard capabilities should have a vendor prefix. The following capabilities did not have one: applicationName
Build info: version: '3.141.59', revision: 'e82be7d358', time: '2018-11-14T08:17:03'
System info: host: 'KARNAN-LENOVO', ip: '192.168.137.1', os.name: 'Windows 10', os.arch: 'amd64', os.version: '10.0', java.version: '13.0.1'
Driver info: driver.version: IOSDriver
remote stacktrace: InvalidArgumentError: All non-standard capabilities should have a vendor prefix. The following capabilities did not have one: applicationName
    at parseCaps (C:\snapshot\appium\node_modules\@appium\base-driver\lib\basedriver\capabilities.js:155:11)
    at processCapabilities (C:\snapshot\appium\node_modules\@appium\base-driver\lib\basedriver\capabilities.js:212:43)
    at parseCapsForInnerDriver (C:\snapshot\appium\lib\utils.js:161:21)
    at AppiumDriver.createSession (C:\snapshot\appium\lib\appium.js:161:26)
    at commandExecutor (C:\snapshot\appium\node_modules\@appium\base-driver\lib\basedriver\driver.js:361:7)
    at AppiumDriver.executeCommand (C:\snapshot\appium\node_modules\@appium\base-driver\lib\basedriver\driver.js:375:15)
    at wrappedCmd (C:\snapshot\appium\lib\appium.js:504:28)
    at AppiumDriver.executeWrappedCommand (C:\snapshot\appium\lib\appium.js:571:22)
    at AppiumDriver.executeCommand (C:\snapshot\appium\lib\appium.js:515:28)
    at asyncHandler (C:\snapshot\appium\node_modules\@appium\base-driver\lib\protocol\protocol.js:287:34)
    at C:\snapshot\appium\node_modules\@appium\base-driver\lib\protocol\protocol.js:413:15
    at Layer.handle [as handle_request] (C:\snapshot\appium\node_modules\@appium\base-driver\node_modules\express\lib\router\layer.js:95:5)
    at next (C:\snapshot\appium\node_modules\@appium\base-driver\node_modules\express\lib\router\route.js:137:13)
    at Route.dispatch (C:\snapshot\appium\node_modules\@appium\base-driver\node_modules\express\lib\router\route.js:112:3)
    at Layer.handle [as handle_request] (C:\snapshot\appium\node_modules\@appium\base-driver\node_modules\express\lib\router\layer.js:95:5)
    at C:\snapshot\appium\node_modules\@appium\base-driver\node_modules\express\lib\router\index.js:281:22
    at Function.process_params (C:\snapshot\appium\node_modules\@appium\base-driver\node_modules\express\lib\router\index.js:335:12)
    at next (C:\snapshot\appium\node_modules\@appium\base-driver\node_modules\express\lib\router\index.js:275:10)
    at logger (C:\snapshot\appium\node_modules\@appium\base-driver\node_modules\morgan\index.js:144:5)
    at Layer.handle [as handle_request] (C:\snapshot\appium\node_modules\@appium\base-driver\node_modules\express\lib\router\layer.js:95:5)
    at trim_prefix (C:\snapshot\appium\node_modules\@appium\base-driver\node_modules\express\lib\router\index.js:317:13)
    at C:\snapshot\appium\node_modules\@appium\base-driver\node_modules\express\lib\router\index.js:284:7
    at Function.process_params (C:\snapshot\appium\node_modules\@appium\base-driver\node_modules\express\lib\router\index.js:335:12)
    at next (C:\snapshot\appium\node_modules\@appium\base-driver\node_modules\express\lib\router\index.js:275:10)
    at C:\snapshot\appium\node_modules\@appium\base-driver\node_modules\body-parser\lib\read.js:130:5
    at invokeCallback (C:\snapshot\appium\node_modules\@appium\base-driver\node_modules\raw-body\index.js:224:16)
    at done (C:\snapshot\appium\node_modules\@appium\base-driver\node_modules\raw-body\index.js:213:7)
    at IncomingMessage.onEnd (C:\snapshot\appium\node_modules\@appium\base-driver\node_modules\raw-body\index.js:273:7)
    at IncomingMessage.emit (events.js:412:35)
    at endReadableNT (internal/streams/readable.js:1334:12)
    at processTicksAndRejections (internal/process/task_queues.js:82:21)
Build info: version: '3.141.59', revision: 'e82be7d358', time: '2018-11-14T08:17:03'
System info: host: 'KARNAN-LENOVO', ip: '192.168.137.1', os.name: 'Windows 10', os.arch: 'amd64', os.version: '10.0', java.version: '13.0.1'
Driver info: driver.version: IOSDriver]]]>
            </message>
            <full-stacktrace>
              <![CDATA[io.testproject.sdk.internal.exceptions.AgentConnectException: Agent responded with status 500: [org.openqa.selenium.SessionNotCreatedException: Unable to create a new remote session. Please check the server log for more details. Original error: All non-standard capabilities should have a vendor prefix. The following capabilities did not have one: applicationName
Build info: version: '3.141.59', revision: 'e82be7d358', time: '2018-11-14T08:17:03'
System info: host: 'KARNAN-LENOVO', ip: '192.168.137.1', os.name: 'Windows 10', os.arch: 'amd64', os.version: '10.0', java.version: '13.0.1'
Driver info: driver.version: IOSDriver
remote stacktrace: InvalidArgumentError: All non-standard capabilities should have a vendor prefix. The following capabilities did not have one: applicationName
    at parseCaps (C:\snapshot\appium\node_modules\@appium\base-driver\lib\basedriver\capabilities.js:155:11)
    at processCapabilities (C:\snapshot\appium\node_modules\@appium\base-driver\lib\basedriver\capabilities.js:212:43)
    at parseCapsForInnerDriver (C:\snapshot\appium\lib\utils.js:161:21)
    at AppiumDriver.createSession (C:\snapshot\appium\lib\appium.js:161:26)
    at commandExecutor (C:\snapshot\appium\node_modules\@appium\base-driver\lib\basedriver\driver.js:361:7)
    at AppiumDriver.executeCommand (C:\snapshot\appium\node_modules\@appium\base-driver\lib\basedriver\driver.js:375:15)
    at wrappedCmd (C:\snapshot\appium\lib\appium.js:504:28)
    at AppiumDriver.executeWrappedCommand (C:\snapshot\appium\lib\appium.js:571:22)
    at AppiumDriver.executeCommand (C:\snapshot\appium\lib\appium.js:515:28)
    at asyncHandler (C:\snapshot\appium\node_modules\@appium\base-driver\lib\protocol\protocol.js:287:34)
    at C:\snapshot\appium\node_modules\@appium\base-driver\lib\protocol\protocol.js:413:15
    at Layer.handle [as handle_request] (C:\snapshot\appium\node_modules\@appium\base-driver\node_modules\express\lib\router\layer.js:95:5)
    at next (C:\snapshot\appium\node_modules\@appium\base-driver\node_modules\express\lib\router\route.js:137:13)
    at Route.dispatch (C:\snapshot\appium\node_modules\@appium\base-driver\node_modules\express\lib\router\route.js:112:3)
    at Layer.handle [as handle_request] (C:\snapshot\appium\node_modules\@appium\base-driver\node_modules\express\lib\router\layer.js:95:5)
    at C:\snapshot\appium\node_modules\@appium\base-driver\node_modules\express\lib\router\index.js:281:22
    at Function.process_params (C:\snapshot\appium\node_modules\@appium\base-driver\node_modules\express\lib\router\index.js:335:12)
    at next (C:\snapshot\appium\node_modules\@appium\base-driver\node_modules\express\lib\router\index.js:275:10)
    at logger (C:\snapshot\appium\node_modules\@appium\base-driver\node_modules\morgan\index.js:144:5)
    at Layer.handle [as handle_request] (C:\snapshot\appium\node_modules\@appium\base-driver\node_modules\express\lib\router\layer.js:95:5)
    at trim_prefix (C:\snapshot\appium\node_modules\@appium\base-driver\node_modules\express\lib\router\index.js:317:13)
    at C:\snapshot\appium\node_modules\@appium\base-driver\node_modules\express\lib\router\index.js:284:7
    at Function.process_params (C:\snapshot\appium\node_modules\@appium\base-driver\node_modules\express\lib\router\index.js:335:12)
    at next (C:\snapshot\appium\node_modules\@appium\base-driver\node_modules\express\lib\router\index.js:275:10)
    at C:\snapshot\appium\node_modules\@appium\base-driver\node_modules\body-parser\lib\read.js:130:5
    at invokeCallback (C:\snapshot\appium\node_modules\@appium\base-driver\node_modules\raw-body\index.js:224:16)
    at done (C:\snapshot\appium\node_modules\@appium\base-driver\node_modules\raw-body\index.js:213:7)
    at IncomingMessage.onEnd (C:\snapshot\appium\node_modules\@appium\base-driver\node_modules\raw-body\index.js:273:7)
    at IncomingMessage.emit (events.js:412:35)
    at endReadableNT (internal/streams/readable.js:1334:12)
    at processTicksAndRejections (internal/process/task_queues.js:82:21)
Build info: version: '3.141.59', revision: 'e82be7d358', time: '2018-11-14T08:17:03'
System info: host: 'KARNAN-LENOVO', ip: '192.168.137.1', os.name: 'Windows 10', os.arch: 'amd64', os.version: '10.0', java.version: '13.0.1'
Driver info: driver.version: IOSDriver]
at io.testproject.sdk.internal.rest.AgentClient.handleSessionStartFailure(AgentClient.java:896)
at io.testproject.sdk.internal.rest.AgentClient.startSession(AgentClient.java:695)
at io.testproject.sdk.internal.rest.AgentClient.<init>(AgentClient.java:275)
at io.testproject.sdk.internal.rest.AgentClient.getClient(AgentClient.java:547)
at io.testproject.sdk.drivers.ios.IOSDriver.<init>(IOSDriver.java:727)
at io.testproject.sdk.drivers.ios.IOSDriver.<init>(IOSDriver.java:692)
at io.testproject.sdk.drivers.ios.IOSDriver.<init>(IOSDriver.java:339)
at action.iOS_Test_Report.setup(iOS_Test_Report.java:68)
at java.base/jdk.internal.reflect.NativeMethodAccessorImpl.invoke0(Native Method)
at java.base/jdk.internal.reflect.NativeMethodAccessorImpl.invoke(NativeMethodAccessorImpl.java:62)
at java.base/jdk.internal.reflect.DelegatingMethodAccessorImpl.invoke(DelegatingMethodAccessorImpl.java:43)
at java.base/java.lang.reflect.Method.invoke(Method.java:567)
at org.testng.internal.MethodInvocationHelper.invokeMethod(MethodInvocationHelper.java:133)
at org.testng.internal.MethodInvocationHelper.invokeMethodConsideringTimeout(MethodInvocationHelper.java:62)
at org.testng.internal.ConfigInvoker.invokeConfigurationMethod(ConfigInvoker.java:385)
at org.testng.internal.ConfigInvoker.invokeConfigurations(ConfigInvoker.java:321)
at org.testng.TestRunner.invokeTestConfigurations(TestRunner.java:637)
at org.testng.TestRunner.beforeRun(TestRunner.java:627)
at org.testng.TestRunner.run(TestRunner.java:589)
at org.testng.SuiteRunner.runTest(SuiteRunner.java:377)
at org.testng.SuiteRunner.runSequentially(SuiteRunner.java:371)
at org.testng.SuiteRunner.privateRun(SuiteRunner.java:332)
at org.testng.SuiteRunner.run(SuiteRunner.java:276)
at org.testng.SuiteRunnerWorker.runSuite(SuiteRunnerWorker.java:53)
at org.testng.SuiteRunnerWorker.run(SuiteRunnerWorker.java:96)
at org.testng.TestNG.runSuitesSequentially(TestNG.java:1212)
at org.testng.TestNG.runSuitesLocally(TestNG.java:1134)
at org.testng.TestNG.runSuites(TestNG.java:1063)
at org.testng.TestNG.run(TestNG.java:1031)
at org.testng.remote.AbstractRemoteTestNG.run(AbstractRemoteTestNG.java:115)
at org.testng.remote.RemoteTestNG.initAndRun(RemoteTestNG.java:251)
at org.testng.remote.RemoteTestNG.main(RemoteTestNG.java:77)
]]>
            </full-stacktrace>
          </exception> <!-- io.testproject.sdk.internal.exceptions.AgentConnectException -->
          <reporter-output>
          </reporter-output>
        </test-method> <!-- Diary_Estimate_Accept -->
        <test-method signature="Diary_Estimate_Reject()[pri:7, instance:testcase.Case1@4efbca5a]" started-at="2022-03-22T18:22:22 IST" name="Diary_Estimate_Reject" finished-at="2022-03-22T18:22:22 IST" duration-ms="0" status="SKIP">
          <exception class="io.testproject.sdk.internal.exceptions.AgentConnectException">
            <message>
              <![CDATA[Agent responded with status 500: [org.openqa.selenium.SessionNotCreatedException: Unable to create a new remote session. Please check the server log for more details. Original error: All non-standard capabilities should have a vendor prefix. The following capabilities did not have one: applicationName
Build info: version: '3.141.59', revision: 'e82be7d358', time: '2018-11-14T08:17:03'
System info: host: 'KARNAN-LENOVO', ip: '192.168.137.1', os.name: 'Windows 10', os.arch: 'amd64', os.version: '10.0', java.version: '13.0.1'
Driver info: driver.version: IOSDriver
remote stacktrace: InvalidArgumentError: All non-standard capabilities should have a vendor prefix. The following capabilities did not have one: applicationName
    at parseCaps (C:\snapshot\appium\node_modules\@appium\base-driver\lib\basedriver\capabilities.js:155:11)
    at processCapabilities (C:\snapshot\appium\node_modules\@appium\base-driver\lib\basedriver\capabilities.js:212:43)
    at parseCapsForInnerDriver (C:\snapshot\appium\lib\utils.js:161:21)
    at AppiumDriver.createSession (C:\snapshot\appium\lib\appium.js:161:26)
    at commandExecutor (C:\snapshot\appium\node_modules\@appium\base-driver\lib\basedriver\driver.js:361:7)
    at AppiumDriver.executeCommand (C:\snapshot\appium\node_modules\@appium\base-driver\lib\basedriver\driver.js:375:15)
    at wrappedCmd (C:\snapshot\appium\lib\appium.js:504:28)
    at AppiumDriver.executeWrappedCommand (C:\snapshot\appium\lib\appium.js:571:22)
    at AppiumDriver.executeCommand (C:\snapshot\appium\lib\appium.js:515:28)
    at asyncHandler (C:\snapshot\appium\node_modules\@appium\base-driver\lib\protocol\protocol.js:287:34)
    at C:\snapshot\appium\node_modules\@appium\base-driver\lib\protocol\protocol.js:413:15
    at Layer.handle [as handle_request] (C:\snapshot\appium\node_modules\@appium\base-driver\node_modules\express\lib\router\layer.js:95:5)
    at next (C:\snapshot\appium\node_modules\@appium\base-driver\node_modules\express\lib\router\route.js:137:13)
    at Route.dispatch (C:\snapshot\appium\node_modules\@appium\base-driver\node_modules\express\lib\router\route.js:112:3)
    at Layer.handle [as handle_request] (C:\snapshot\appium\node_modules\@appium\base-driver\node_modules\express\lib\router\layer.js:95:5)
    at C:\snapshot\appium\node_modules\@appium\base-driver\node_modules\express\lib\router\index.js:281:22
    at Function.process_params (C:\snapshot\appium\node_modules\@appium\base-driver\node_modules\express\lib\router\index.js:335:12)
    at next (C:\snapshot\appium\node_modules\@appium\base-driver\node_modules\express\lib\router\index.js:275:10)
    at logger (C:\snapshot\appium\node_modules\@appium\base-driver\node_modules\morgan\index.js:144:5)
    at Layer.handle [as handle_request] (C:\snapshot\appium\node_modules\@appium\base-driver\node_modules\express\lib\router\layer.js:95:5)
    at trim_prefix (C:\snapshot\appium\node_modules\@appium\base-driver\node_modules\express\lib\router\index.js:317:13)
    at C:\snapshot\appium\node_modules\@appium\base-driver\node_modules\express\lib\router\index.js:284:7
    at Function.process_params (C:\snapshot\appium\node_modules\@appium\base-driver\node_modules\express\lib\router\index.js:335:12)
    at next (C:\snapshot\appium\node_modules\@appium\base-driver\node_modules\express\lib\router\index.js:275:10)
    at C:\snapshot\appium\node_modules\@appium\base-driver\node_modules\body-parser\lib\read.js:130:5
    at invokeCallback (C:\snapshot\appium\node_modules\@appium\base-driver\node_modules\raw-body\index.js:224:16)
    at done (C:\snapshot\appium\node_modules\@appium\base-driver\node_modules\raw-body\index.js:213:7)
    at IncomingMessage.onEnd (C:\snapshot\appium\node_modules\@appium\base-driver\node_modules\raw-body\index.js:273:7)
    at IncomingMessage.emit (events.js:412:35)
    at endReadableNT (internal/streams/readable.js:1334:12)
    at processTicksAndRejections (internal/process/task_queues.js:82:21)
Build info: version: '3.141.59', revision: 'e82be7d358', time: '2018-11-14T08:17:03'
System info: host: 'KARNAN-LENOVO', ip: '192.168.137.1', os.name: 'Windows 10', os.arch: 'amd64', os.version: '10.0', java.version: '13.0.1'
Driver info: driver.version: IOSDriver]]]>
            </message>
            <full-stacktrace>
              <![CDATA[io.testproject.sdk.internal.exceptions.AgentConnectException: Agent responded with status 500: [org.openqa.selenium.SessionNotCreatedException: Unable to create a new remote session. Please check the server log for more details. Original error: All non-standard capabilities should have a vendor prefix. The following capabilities did not have one: applicationName
Build info: version: '3.141.59', revision: 'e82be7d358', time: '2018-11-14T08:17:03'
System info: host: 'KARNAN-LENOVO', ip: '192.168.137.1', os.name: 'Windows 10', os.arch: 'amd64', os.version: '10.0', java.version: '13.0.1'
Driver info: driver.version: IOSDriver
remote stacktrace: InvalidArgumentError: All non-standard capabilities should have a vendor prefix. The following capabilities did not have one: applicationName
    at parseCaps (C:\snapshot\appium\node_modules\@appium\base-driver\lib\basedriver\capabilities.js:155:11)
    at processCapabilities (C:\snapshot\appium\node_modules\@appium\base-driver\lib\basedriver\capabilities.js:212:43)
    at parseCapsForInnerDriver (C:\snapshot\appium\lib\utils.js:161:21)
    at AppiumDriver.createSession (C:\snapshot\appium\lib\appium.js:161:26)
    at commandExecutor (C:\snapshot\appium\node_modules\@appium\base-driver\lib\basedriver\driver.js:361:7)
    at AppiumDriver.executeCommand (C:\snapshot\appium\node_modules\@appium\base-driver\lib\basedriver\driver.js:375:15)
    at wrappedCmd (C:\snapshot\appium\lib\appium.js:504:28)
    at AppiumDriver.executeWrappedCommand (C:\snapshot\appium\lib\appium.js:571:22)
    at AppiumDriver.executeCommand (C:\snapshot\appium\lib\appium.js:515:28)
    at asyncHandler (C:\snapshot\appium\node_modules\@appium\base-driver\lib\protocol\protocol.js:287:34)
    at C:\snapshot\appium\node_modules\@appium\base-driver\lib\protocol\protocol.js:413:15
    at Layer.handle [as handle_request] (C:\snapshot\appium\node_modules\@appium\base-driver\node_modules\express\lib\router\layer.js:95:5)
    at next (C:\snapshot\appium\node_modules\@appium\base-driver\node_modules\express\lib\router\route.js:137:13)
    at Route.dispatch (C:\snapshot\appium\node_modules\@appium\base-driver\node_modules\express\lib\router\route.js:112:3)
    at Layer.handle [as handle_request] (C:\snapshot\appium\node_modules\@appium\base-driver\node_modules\express\lib\router\layer.js:95:5)
    at C:\snapshot\appium\node_modules\@appium\base-driver\node_modules\express\lib\router\index.js:281:22
    at Function.process_params (C:\snapshot\appium\node_modules\@appium\base-driver\node_modules\express\lib\router\index.js:335:12)
    at next (C:\snapshot\appium\node_modules\@appium\base-driver\node_modules\express\lib\router\index.js:275:10)
    at logger (C:\snapshot\appium\node_modules\@appium\base-driver\node_modules\morgan\index.js:144:5)
    at Layer.handle [as handle_request] (C:\snapshot\appium\node_modules\@appium\base-driver\node_modules\express\lib\router\layer.js:95:5)
    at trim_prefix (C:\snapshot\appium\node_modules\@appium\base-driver\node_modules\express\lib\router\index.js:317:13)
    at C:\snapshot\appium\node_modules\@appium\base-driver\node_modules\express\lib\router\index.js:284:7
    at Function.process_params (C:\snapshot\appium\node_modules\@appium\base-driver\node_modules\express\lib\router\index.js:335:12)
    at next (C:\snapshot\appium\node_modules\@appium\base-driver\node_modules\express\lib\router\index.js:275:10)
    at C:\snapshot\appium\node_modules\@appium\base-driver\node_modules\body-parser\lib\read.js:130:5
    at invokeCallback (C:\snapshot\appium\node_modules\@appium\base-driver\node_modules\raw-body\index.js:224:16)
    at done (C:\snapshot\appium\node_modules\@appium\base-driver\node_modules\raw-body\index.js:213:7)
    at IncomingMessage.onEnd (C:\snapshot\appium\node_modules\@appium\base-driver\node_modules\raw-body\index.js:273:7)
    at IncomingMessage.emit (events.js:412:35)
    at endReadableNT (internal/streams/readable.js:1334:12)
    at processTicksAndRejections (internal/process/task_queues.js:82:21)
Build info: version: '3.141.59', revision: 'e82be7d358', time: '2018-11-14T08:17:03'
System info: host: 'KARNAN-LENOVO', ip: '192.168.137.1', os.name: 'Windows 10', os.arch: 'amd64', os.version: '10.0', java.version: '13.0.1'
Driver info: driver.version: IOSDriver]
at io.testproject.sdk.internal.rest.AgentClient.handleSessionStartFailure(AgentClient.java:896)
at io.testproject.sdk.internal.rest.AgentClient.startSession(AgentClient.java:695)
at io.testproject.sdk.internal.rest.AgentClient.<init>(AgentClient.java:275)
at io.testproject.sdk.internal.rest.AgentClient.getClient(AgentClient.java:547)
at io.testproject.sdk.drivers.ios.IOSDriver.<init>(IOSDriver.java:727)
at io.testproject.sdk.drivers.ios.IOSDriver.<init>(IOSDriver.java:692)
at io.testproject.sdk.drivers.ios.IOSDriver.<init>(IOSDriver.java:339)
at action.iOS_Test_Report.setup(iOS_Test_Report.java:68)
at java.base/jdk.internal.reflect.NativeMethodAccessorImpl.invoke0(Native Method)
at java.base/jdk.internal.reflect.NativeMethodAccessorImpl.invoke(NativeMethodAccessorImpl.java:62)
at java.base/jdk.internal.reflect.DelegatingMethodAccessorImpl.invoke(DelegatingMethodAccessorImpl.java:43)
at java.base/java.lang.reflect.Method.invoke(Method.java:567)
at org.testng.internal.MethodInvocationHelper.invokeMethod(MethodInvocationHelper.java:133)
at org.testng.internal.MethodInvocationHelper.invokeMethodConsideringTimeout(MethodInvocationHelper.java:62)
at org.testng.internal.ConfigInvoker.invokeConfigurationMethod(ConfigInvoker.java:385)
at org.testng.internal.ConfigInvoker.invokeConfigurations(ConfigInvoker.java:321)
at org.testng.TestRunner.invokeTestConfigurations(TestRunner.java:637)
at org.testng.TestRunner.beforeRun(TestRunner.java:627)
at org.testng.TestRunner.run(TestRunner.java:589)
at org.testng.SuiteRunner.runTest(SuiteRunner.java:377)
at org.testng.SuiteRunner.runSequentially(SuiteRunner.java:371)
at org.testng.SuiteRunner.privateRun(SuiteRunner.java:332)
at org.testng.SuiteRunner.run(SuiteRunner.java:276)
at org.testng.SuiteRunnerWorker.runSuite(SuiteRunnerWorker.java:53)
at org.testng.SuiteRunnerWorker.run(SuiteRunnerWorker.java:96)
at org.testng.TestNG.runSuitesSequentially(TestNG.java:1212)
at org.testng.TestNG.runSuitesLocally(TestNG.java:1134)
at org.testng.TestNG.runSuites(TestNG.java:1063)
at org.testng.TestNG.run(TestNG.java:1031)
at org.testng.remote.AbstractRemoteTestNG.run(AbstractRemoteTestNG.java:115)
at org.testng.remote.RemoteTestNG.initAndRun(RemoteTestNG.java:251)
at org.testng.remote.RemoteTestNG.main(RemoteTestNG.java:77)
]]>
            </full-stacktrace>
          </exception> <!-- io.testproject.sdk.internal.exceptions.AgentConnectException -->
          <reporter-output>
          </reporter-output>
        </test-method> <!-- Diary_Estimate_Reject -->
        <test-method signature="Diary_Job_Final_Invoiced()[pri:8, instance:testcase.Case1@4efbca5a]" started-at="2022-03-22T18:22:22 IST" name="Diary_Job_Final_Invoiced" finished-at="2022-03-22T18:22:22 IST" duration-ms="0" status="SKIP">
          <exception class="io.testproject.sdk.internal.exceptions.AgentConnectException">
            <message>
              <![CDATA[Agent responded with status 500: [org.openqa.selenium.SessionNotCreatedException: Unable to create a new remote session. Please check the server log for more details. Original error: All non-standard capabilities should have a vendor prefix. The following capabilities did not have one: applicationName
Build info: version: '3.141.59', revision: 'e82be7d358', time: '2018-11-14T08:17:03'
System info: host: 'KARNAN-LENOVO', ip: '192.168.137.1', os.name: 'Windows 10', os.arch: 'amd64', os.version: '10.0', java.version: '13.0.1'
Driver info: driver.version: IOSDriver
remote stacktrace: InvalidArgumentError: All non-standard capabilities should have a vendor prefix. The following capabilities did not have one: applicationName
    at parseCaps (C:\snapshot\appium\node_modules\@appium\base-driver\lib\basedriver\capabilities.js:155:11)
    at processCapabilities (C:\snapshot\appium\node_modules\@appium\base-driver\lib\basedriver\capabilities.js:212:43)
    at parseCapsForInnerDriver (C:\snapshot\appium\lib\utils.js:161:21)
    at AppiumDriver.createSession (C:\snapshot\appium\lib\appium.js:161:26)
    at commandExecutor (C:\snapshot\appium\node_modules\@appium\base-driver\lib\basedriver\driver.js:361:7)
    at AppiumDriver.executeCommand (C:\snapshot\appium\node_modules\@appium\base-driver\lib\basedriver\driver.js:375:15)
    at wrappedCmd (C:\snapshot\appium\lib\appium.js:504:28)
    at AppiumDriver.executeWrappedCommand (C:\snapshot\appium\lib\appium.js:571:22)
    at AppiumDriver.executeCommand (C:\snapshot\appium\lib\appium.js:515:28)
    at asyncHandler (C:\snapshot\appium\node_modules\@appium\base-driver\lib\protocol\protocol.js:287:34)
    at C:\snapshot\appium\node_modules\@appium\base-driver\lib\protocol\protocol.js:413:15
    at Layer.handle [as handle_request] (C:\snapshot\appium\node_modules\@appium\base-driver\node_modules\express\lib\router\layer.js:95:5)
    at next (C:\snapshot\appium\node_modules\@appium\base-driver\node_modules\express\lib\router\route.js:137:13)
    at Route.dispatch (C:\snapshot\appium\node_modules\@appium\base-driver\node_modules\express\lib\router\route.js:112:3)
    at Layer.handle [as handle_request] (C:\snapshot\appium\node_modules\@appium\base-driver\node_modules\express\lib\router\layer.js:95:5)
    at C:\snapshot\appium\node_modules\@appium\base-driver\node_modules\express\lib\router\index.js:281:22
    at Function.process_params (C:\snapshot\appium\node_modules\@appium\base-driver\node_modules\express\lib\router\index.js:335:12)
    at next (C:\snapshot\appium\node_modules\@appium\base-driver\node_modules\express\lib\router\index.js:275:10)
    at logger (C:\snapshot\appium\node_modules\@appium\base-driver\node_modules\morgan\index.js:144:5)
    at Layer.handle [as handle_request] (C:\snapshot\appium\node_modules\@appium\base-driver\node_modules\express\lib\router\layer.js:95:5)
    at trim_prefix (C:\snapshot\appium\node_modules\@appium\base-driver\node_modules\express\lib\router\index.js:317:13)
    at C:\snapshot\appium\node_modules\@appium\base-driver\node_modules\express\lib\router\index.js:284:7
    at Function.process_params (C:\snapshot\appium\node_modules\@appium\base-driver\node_modules\express\lib\router\index.js:335:12)
    at next (C:\snapshot\appium\node_modules\@appium\base-driver\node_modules\express\lib\router\index.js:275:10)
    at C:\snapshot\appium\node_modules\@appium\base-driver\node_modules\body-parser\lib\read.js:130:5
    at invokeCallback (C:\snapshot\appium\node_modules\@appium\base-driver\node_modules\raw-body\index.js:224:16)
    at done (C:\snapshot\appium\node_modules\@appium\base-driver\node_modules\raw-body\index.js:213:7)
    at IncomingMessage.onEnd (C:\snapshot\appium\node_modules\@appium\base-driver\node_modules\raw-body\index.js:273:7)
    at IncomingMessage.emit (events.js:412:35)
    at endReadableNT (internal/streams/readable.js:1334:12)
    at processTicksAndRejections (internal/process/task_queues.js:82:21)
Build info: version: '3.141.59', revision: 'e82be7d358', time: '2018-11-14T08:17:03'
System info: host: 'KARNAN-LENOVO', ip: '192.168.137.1', os.name: 'Windows 10', os.arch: 'amd64', os.version: '10.0', java.version: '13.0.1'
Driver info: driver.version: IOSDriver]]]>
            </message>
            <full-stacktrace>
              <![CDATA[io.testproject.sdk.internal.exceptions.AgentConnectException: Agent responded with status 500: [org.openqa.selenium.SessionNotCreatedException: Unable to create a new remote session. Please check the server log for more details. Original error: All non-standard capabilities should have a vendor prefix. The following capabilities did not have one: applicationName
Build info: version: '3.141.59', revision: 'e82be7d358', time: '2018-11-14T08:17:03'
System info: host: 'KARNAN-LENOVO', ip: '192.168.137.1', os.name: 'Windows 10', os.arch: 'amd64', os.version: '10.0', java.version: '13.0.1'
Driver info: driver.version: IOSDriver
remote stacktrace: InvalidArgumentError: All non-standard capabilities should have a vendor prefix. The following capabilities did not have one: applicationName
    at parseCaps (C:\snapshot\appium\node_modules\@appium\base-driver\lib\basedriver\capabilities.js:155:11)
    at processCapabilities (C:\snapshot\appium\node_modules\@appium\base-driver\lib\basedriver\capabilities.js:212:43)
    at parseCapsForInnerDriver (C:\snapshot\appium\lib\utils.js:161:21)
    at AppiumDriver.createSession (C:\snapshot\appium\lib\appium.js:161:26)
    at commandExecutor (C:\snapshot\appium\node_modules\@appium\base-driver\lib\basedriver\driver.js:361:7)
    at AppiumDriver.executeCommand (C:\snapshot\appium\node_modules\@appium\base-driver\lib\basedriver\driver.js:375:15)
    at wrappedCmd (C:\snapshot\appium\lib\appium.js:504:28)
    at AppiumDriver.executeWrappedCommand (C:\snapshot\appium\lib\appium.js:571:22)
    at AppiumDriver.executeCommand (C:\snapshot\appium\lib\appium.js:515:28)
    at asyncHandler (C:\snapshot\appium\node_modules\@appium\base-driver\lib\protocol\protocol.js:287:34)
    at C:\snapshot\appium\node_modules\@appium\base-driver\lib\protocol\protocol.js:413:15
    at Layer.handle [as handle_request] (C:\snapshot\appium\node_modules\@appium\base-driver\node_modules\express\lib\router\layer.js:95:5)
    at next (C:\snapshot\appium\node_modules\@appium\base-driver\node_modules\express\lib\router\route.js:137:13)
    at Route.dispatch (C:\snapshot\appium\node_modules\@appium\base-driver\node_modules\express\lib\router\route.js:112:3)
    at Layer.handle [as handle_request] (C:\snapshot\appium\node_modules\@appium\base-driver\node_modules\express\lib\router\layer.js:95:5)
    at C:\snapshot\appium\node_modules\@appium\base-driver\node_modules\express\lib\router\index.js:281:22
    at Function.process_params (C:\snapshot\appium\node_modules\@appium\base-driver\node_modules\express\lib\router\index.js:335:12)
    at next (C:\snapshot\appium\node_modules\@appium\base-driver\node_modules\express\lib\router\index.js:275:10)
    at logger (C:\snapshot\appium\node_modules\@appium\base-driver\node_modules\morgan\index.js:144:5)
    at Layer.handle [as handle_request] (C:\snapshot\appium\node_modules\@appium\base-driver\node_modules\express\lib\router\layer.js:95:5)
    at trim_prefix (C:\snapshot\appium\node_modules\@appium\base-driver\node_modules\express\lib\router\index.js:317:13)
    at C:\snapshot\appium\node_modules\@appium\base-driver\node_modules\express\lib\router\index.js:284:7
    at Function.process_params (C:\snapshot\appium\node_modules\@appium\base-driver\node_modules\express\lib\router\index.js:335:12)
    at next (C:\snapshot\appium\node_modules\@appium\base-driver\node_modules\express\lib\router\index.js:275:10)
    at C:\snapshot\appium\node_modules\@appium\base-driver\node_modules\body-parser\lib\read.js:130:5
    at invokeCallback (C:\snapshot\appium\node_modules\@appium\base-driver\node_modules\raw-body\index.js:224:16)
    at done (C:\snapshot\appium\node_modules\@appium\base-driver\node_modules\raw-body\index.js:213:7)
    at IncomingMessage.onEnd (C:\snapshot\appium\node_modules\@appium\base-driver\node_modules\raw-body\index.js:273:7)
    at IncomingMessage.emit (events.js:412:35)
    at endReadableNT (internal/streams/readable.js:1334:12)
    at processTicksAndRejections (internal/process/task_queues.js:82:21)
Build info: version: '3.141.59', revision: 'e82be7d358', time: '2018-11-14T08:17:03'
System info: host: 'KARNAN-LENOVO', ip: '192.168.137.1', os.name: 'Windows 10', os.arch: 'amd64', os.version: '10.0', java.version: '13.0.1'
Driver info: driver.version: IOSDriver]
at io.testproject.sdk.internal.rest.AgentClient.handleSessionStartFailure(AgentClient.java:896)
at io.testproject.sdk.internal.rest.AgentClient.startSession(AgentClient.java:695)
at io.testproject.sdk.internal.rest.AgentClient.<init>(AgentClient.java:275)
at io.testproject.sdk.internal.rest.AgentClient.getClient(AgentClient.java:547)
at io.testproject.sdk.drivers.ios.IOSDriver.<init>(IOSDriver.java:727)
at io.testproject.sdk.drivers.ios.IOSDriver.<init>(IOSDriver.java:692)
at io.testproject.sdk.drivers.ios.IOSDriver.<init>(IOSDriver.java:339)
at action.iOS_Test_Report.setup(iOS_Test_Report.java:68)
at java.base/jdk.internal.reflect.NativeMethodAccessorImpl.invoke0(Native Method)
at java.base/jdk.internal.reflect.NativeMethodAccessorImpl.invoke(NativeMethodAccessorImpl.java:62)
at java.base/jdk.internal.reflect.DelegatingMethodAccessorImpl.invoke(DelegatingMethodAccessorImpl.java:43)
at java.base/java.lang.reflect.Method.invoke(Method.java:567)
at org.testng.internal.MethodInvocationHelper.invokeMethod(MethodInvocationHelper.java:133)
at org.testng.internal.MethodInvocationHelper.invokeMethodConsideringTimeout(MethodInvocationHelper.java:62)
at org.testng.internal.ConfigInvoker.invokeConfigurationMethod(ConfigInvoker.java:385)
at org.testng.internal.ConfigInvoker.invokeConfigurations(ConfigInvoker.java:321)
at org.testng.TestRunner.invokeTestConfigurations(TestRunner.java:637)
at org.testng.TestRunner.beforeRun(TestRunner.java:627)
at org.testng.TestRunner.run(TestRunner.java:589)
at org.testng.SuiteRunner.runTest(SuiteRunner.java:377)
at org.testng.SuiteRunner.runSequentially(SuiteRunner.java:371)
at org.testng.SuiteRunner.privateRun(SuiteRunner.java:332)
at org.testng.SuiteRunner.run(SuiteRunner.java:276)
at org.testng.SuiteRunnerWorker.runSuite(SuiteRunnerWorker.java:53)
at org.testng.SuiteRunnerWorker.run(SuiteRunnerWorker.java:96)
at org.testng.TestNG.runSuitesSequentially(TestNG.java:1212)
at org.testng.TestNG.runSuitesLocally(TestNG.java:1134)
at org.testng.TestNG.runSuites(TestNG.java:1063)
at org.testng.TestNG.run(TestNG.java:1031)
at org.testng.remote.AbstractRemoteTestNG.run(AbstractRemoteTestNG.java:115)
at org.testng.remote.RemoteTestNG.initAndRun(RemoteTestNG.java:251)
at org.testng.remote.RemoteTestNG.main(RemoteTestNG.java:77)
]]>
            </full-stacktrace>
          </exception> <!-- io.testproject.sdk.internal.exceptions.AgentConnectException -->
          <reporter-output>
          </reporter-output>
        </test-method> <!-- Diary_Job_Final_Invoiced -->
        <test-method signature="Diary_Job_FOC()[pri:9, instance:testcase.Case1@4efbca5a]" started-at="2022-03-22T18:22:22 IST" name="Diary_Job_FOC" finished-at="2022-03-22T18:22:22 IST" duration-ms="0" status="SKIP">
          <exception class="io.testproject.sdk.internal.exceptions.AgentConnectException">
            <message>
              <![CDATA[Agent responded with status 500: [org.openqa.selenium.SessionNotCreatedException: Unable to create a new remote session. Please check the server log for more details. Original error: All non-standard capabilities should have a vendor prefix. The following capabilities did not have one: applicationName
Build info: version: '3.141.59', revision: 'e82be7d358', time: '2018-11-14T08:17:03'
System info: host: 'KARNAN-LENOVO', ip: '192.168.137.1', os.name: 'Windows 10', os.arch: 'amd64', os.version: '10.0', java.version: '13.0.1'
Driver info: driver.version: IOSDriver
remote stacktrace: InvalidArgumentError: All non-standard capabilities should have a vendor prefix. The following capabilities did not have one: applicationName
    at parseCaps (C:\snapshot\appium\node_modules\@appium\base-driver\lib\basedriver\capabilities.js:155:11)
    at processCapabilities (C:\snapshot\appium\node_modules\@appium\base-driver\lib\basedriver\capabilities.js:212:43)
    at parseCapsForInnerDriver (C:\snapshot\appium\lib\utils.js:161:21)
    at AppiumDriver.createSession (C:\snapshot\appium\lib\appium.js:161:26)
    at commandExecutor (C:\snapshot\appium\node_modules\@appium\base-driver\lib\basedriver\driver.js:361:7)
    at AppiumDriver.executeCommand (C:\snapshot\appium\node_modules\@appium\base-driver\lib\basedriver\driver.js:375:15)
    at wrappedCmd (C:\snapshot\appium\lib\appium.js:504:28)
    at AppiumDriver.executeWrappedCommand (C:\snapshot\appium\lib\appium.js:571:22)
    at AppiumDriver.executeCommand (C:\snapshot\appium\lib\appium.js:515:28)
    at asyncHandler (C:\snapshot\appium\node_modules\@appium\base-driver\lib\protocol\protocol.js:287:34)
    at C:\snapshot\appium\node_modules\@appium\base-driver\lib\protocol\protocol.js:413:15
    at Layer.handle [as handle_request] (C:\snapshot\appium\node_modules\@appium\base-driver\node_modules\express\lib\router\layer.js:95:5)
    at next (C:\snapshot\appium\node_modules\@appium\base-driver\node_modules\express\lib\router\route.js:137:13)
    at Route.dispatch (C:\snapshot\appium\node_modules\@appium\base-driver\node_modules\express\lib\router\route.js:112:3)
    at Layer.handle [as handle_request] (C:\snapshot\appium\node_modules\@appium\base-driver\node_modules\express\lib\router\layer.js:95:5)
    at C:\snapshot\appium\node_modules\@appium\base-driver\node_modules\express\lib\router\index.js:281:22
    at Function.process_params (C:\snapshot\appium\node_modules\@appium\base-driver\node_modules\express\lib\router\index.js:335:12)
    at next (C:\snapshot\appium\node_modules\@appium\base-driver\node_modules\express\lib\router\index.js:275:10)
    at logger (C:\snapshot\appium\node_modules\@appium\base-driver\node_modules\morgan\index.js:144:5)
    at Layer.handle [as handle_request] (C:\snapshot\appium\node_modules\@appium\base-driver\node_modules\express\lib\router\layer.js:95:5)
    at trim_prefix (C:\snapshot\appium\node_modules\@appium\base-driver\node_modules\express\lib\router\index.js:317:13)
    at C:\snapshot\appium\node_modules\@appium\base-driver\node_modules\express\lib\router\index.js:284:7
    at Function.process_params (C:\snapshot\appium\node_modules\@appium\base-driver\node_modules\express\lib\router\index.js:335:12)
    at next (C:\snapshot\appium\node_modules\@appium\base-driver\node_modules\express\lib\router\index.js:275:10)
    at C:\snapshot\appium\node_modules\@appium\base-driver\node_modules\body-parser\lib\read.js:130:5
    at invokeCallback (C:\snapshot\appium\node_modules\@appium\base-driver\node_modules\raw-body\index.js:224:16)
    at done (C:\snapshot\appium\node_modules\@appium\base-driver\node_modules\raw-body\index.js:213:7)
    at IncomingMessage.onEnd (C:\snapshot\appium\node_modules\@appium\base-driver\node_modules\raw-body\index.js:273:7)
    at IncomingMessage.emit (events.js:412:35)
    at endReadableNT (internal/streams/readable.js:1334:12)
    at processTicksAndRejections (internal/process/task_queues.js:82:21)
Build info: version: '3.141.59', revision: 'e82be7d358', time: '2018-11-14T08:17:03'
System info: host: 'KARNAN-LENOVO', ip: '192.168.137.1', os.name: 'Windows 10', os.arch: 'amd64', os.version: '10.0', java.version: '13.0.1'
Driver info: driver.version: IOSDriver]]]>
            </message>
            <full-stacktrace>
              <![CDATA[io.testproject.sdk.internal.exceptions.AgentConnectException: Agent responded with status 500: [org.openqa.selenium.SessionNotCreatedException: Unable to create a new remote session. Please check the server log for more details. Original error: All non-standard capabilities should have a vendor prefix. The following capabilities did not have one: applicationName
Build info: version: '3.141.59', revision: 'e82be7d358', time: '2018-11-14T08:17:03'
System info: host: 'KARNAN-LENOVO', ip: '192.168.137.1', os.name: 'Windows 10', os.arch: 'amd64', os.version: '10.0', java.version: '13.0.1'
Driver info: driver.version: IOSDriver
remote stacktrace: InvalidArgumentError: All non-standard capabilities should have a vendor prefix. The following capabilities did not have one: applicationName
    at parseCaps (C:\snapshot\appium\node_modules\@appium\base-driver\lib\basedriver\capabilities.js:155:11)
    at processCapabilities (C:\snapshot\appium\node_modules\@appium\base-driver\lib\basedriver\capabilities.js:212:43)
    at parseCapsForInnerDriver (C:\snapshot\appium\lib\utils.js:161:21)
    at AppiumDriver.createSession (C:\snapshot\appium\lib\appium.js:161:26)
    at commandExecutor (C:\snapshot\appium\node_modules\@appium\base-driver\lib\basedriver\driver.js:361:7)
    at AppiumDriver.executeCommand (C:\snapshot\appium\node_modules\@appium\base-driver\lib\basedriver\driver.js:375:15)
    at wrappedCmd (C:\snapshot\appium\lib\appium.js:504:28)
    at AppiumDriver.executeWrappedCommand (C:\snapshot\appium\lib\appium.js:571:22)
    at AppiumDriver.executeCommand (C:\snapshot\appium\lib\appium.js:515:28)
    at asyncHandler (C:\snapshot\appium\node_modules\@appium\base-driver\lib\protocol\protocol.js:287:34)
    at C:\snapshot\appium\node_modules\@appium\base-driver\lib\protocol\protocol.js:413:15
    at Layer.handle [as handle_request] (C:\snapshot\appium\node_modules\@appium\base-driver\node_modules\express\lib\router\layer.js:95:5)
    at next (C:\snapshot\appium\node_modules\@appium\base-driver\node_modules\express\lib\router\route.js:137:13)
    at Route.dispatch (C:\snapshot\appium\node_modules\@appium\base-driver\node_modules\express\lib\router\route.js:112:3)
    at Layer.handle [as handle_request] (C:\snapshot\appium\node_modules\@appium\base-driver\node_modules\express\lib\router\layer.js:95:5)
    at C:\snapshot\appium\node_modules\@appium\base-driver\node_modules\express\lib\router\index.js:281:22
    at Function.process_params (C:\snapshot\appium\node_modules\@appium\base-driver\node_modules\express\lib\router\index.js:335:12)
    at next (C:\snapshot\appium\node_modules\@appium\base-driver\node_modules\express\lib\router\index.js:275:10)
    at logger (C:\snapshot\appium\node_modules\@appium\base-driver\node_modules\morgan\index.js:144:5)
    at Layer.handle [as handle_request] (C:\snapshot\appium\node_modules\@appium\base-driver\node_modules\express\lib\router\layer.js:95:5)
    at trim_prefix (C:\snapshot\appium\node_modules\@appium\base-driver\node_modules\express\lib\router\index.js:317:13)
    at C:\snapshot\appium\node_modules\@appium\base-driver\node_modules\express\lib\router\index.js:284:7
    at Function.process_params (C:\snapshot\appium\node_modules\@appium\base-driver\node_modules\express\lib\router\index.js:335:12)
    at next (C:\snapshot\appium\node_modules\@appium\base-driver\node_modules\express\lib\router\index.js:275:10)
    at C:\snapshot\appium\node_modules\@appium\base-driver\node_modules\body-parser\lib\read.js:130:5
    at invokeCallback (C:\snapshot\appium\node_modules\@appium\base-driver\node_modules\raw-body\index.js:224:16)
    at done (C:\snapshot\appium\node_modules\@appium\base-driver\node_modules\raw-body\index.js:213:7)
    at IncomingMessage.onEnd (C:\snapshot\appium\node_modules\@appium\base-driver\node_modules\raw-body\index.js:273:7)
    at IncomingMessage.emit (events.js:412:35)
    at endReadableNT (internal/streams/readable.js:1334:12)
    at processTicksAndRejections (internal/process/task_queues.js:82:21)
Build info: version: '3.141.59', revision: 'e82be7d358', time: '2018-11-14T08:17:03'
System info: host: 'KARNAN-LENOVO', ip: '192.168.137.1', os.name: 'Windows 10', os.arch: 'amd64', os.version: '10.0', java.version: '13.0.1'
Driver info: driver.version: IOSDriver]
at io.testproject.sdk.internal.rest.AgentClient.handleSessionStartFailure(AgentClient.java:896)
at io.testproject.sdk.internal.rest.AgentClient.startSession(AgentClient.java:695)
at io.testproject.sdk.internal.rest.AgentClient.<init>(AgentClient.java:275)
at io.testproject.sdk.internal.rest.AgentClient.getClient(AgentClient.java:547)
at io.testproject.sdk.drivers.ios.IOSDriver.<init>(IOSDriver.java:727)
at io.testproject.sdk.drivers.ios.IOSDriver.<init>(IOSDriver.java:692)
at io.testproject.sdk.drivers.ios.IOSDriver.<init>(IOSDriver.java:339)
at action.iOS_Test_Report.setup(iOS_Test_Report.java:68)
at java.base/jdk.internal.reflect.NativeMethodAccessorImpl.invoke0(Native Method)
at java.base/jdk.internal.reflect.NativeMethodAccessorImpl.invoke(NativeMethodAccessorImpl.java:62)
at java.base/jdk.internal.reflect.DelegatingMethodAccessorImpl.invoke(DelegatingMethodAccessorImpl.java:43)
at java.base/java.lang.reflect.Method.invoke(Method.java:567)
at org.testng.internal.MethodInvocationHelper.invokeMethod(MethodInvocationHelper.java:133)
at org.testng.internal.MethodInvocationHelper.invokeMethodConsideringTimeout(MethodInvocationHelper.java:62)
at org.testng.internal.ConfigInvoker.invokeConfigurationMethod(ConfigInvoker.java:385)
at org.testng.internal.ConfigInvoker.invokeConfigurations(ConfigInvoker.java:321)
at org.testng.TestRunner.invokeTestConfigurations(TestRunner.java:637)
at org.testng.TestRunner.beforeRun(TestRunner.java:627)
at org.testng.TestRunner.run(TestRunner.java:589)
at org.testng.SuiteRunner.runTest(SuiteRunner.java:377)
at org.testng.SuiteRunner.runSequentially(SuiteRunner.java:371)
at org.testng.SuiteRunner.privateRun(SuiteRunner.java:332)
at org.testng.SuiteRunner.run(SuiteRunner.java:276)
at org.testng.SuiteRunnerWorker.runSuite(SuiteRunnerWorker.java:53)
at org.testng.SuiteRunnerWorker.run(SuiteRunnerWorker.java:96)
at org.testng.TestNG.runSuitesSequentially(TestNG.java:1212)
at org.testng.TestNG.runSuitesLocally(TestNG.java:1134)
at org.testng.TestNG.runSuites(TestNG.java:1063)
at org.testng.TestNG.run(TestNG.java:1031)
at org.testng.remote.AbstractRemoteTestNG.run(AbstractRemoteTestNG.java:115)
at org.testng.remote.RemoteTestNG.initAndRun(RemoteTestNG.java:251)
at org.testng.remote.RemoteTestNG.main(RemoteTestNG.java:77)
]]>
            </full-stacktrace>
          </exception> <!-- io.testproject.sdk.internal.exceptions.AgentConnectException -->
          <reporter-output>
          </reporter-output>
        </test-method> <!-- Diary_Job_FOC -->
      </class> <!-- testcase.Case1 -->
    </test> <!-- Default test -->
  </suite> <!-- Default suite -->
</testng-results>
